IQ-TREE multicore version 2.1.2 COVID-edition for Mac OS X 64-bit built Mar 30 2021
Developed by Bui Quang Minh, James Barbetti, Nguyen Lam Tung,
Olga Chernomor, Heiko Schmidt, Dominik Schrempf, Michael Woodhams.

Host:    Alexs-MacBook-Pro-2.local (SSE4.2, 16 GB RAM)
Command: iqtree -s /Users/alex/Documents/AutomatedOrthologCharacterization/results/PrimateTP53/PrimateTP53.RD.SA.codons.cln.fa -T AUTO -B 1000 --redo-tree
Seed:    661093 (Using SPRNG - Scalable Parallel Random Number Generator)
Time:    Mon Mar 10 08:44:20 2025
Kernel:  SSE2 - auto-detect threads (10 CPU cores detected)

Reading alignment file /Users/alex/Documents/AutomatedOrthologCharacterization/results/PrimateTP53/PrimateTP53.RD.SA.codons.cln.fa ... Fasta format detected
Alignment most likely contains DNA/RNA sequences
Alignment has 34 sequences with 1773 columns, 435 distinct patterns
305 parsimony-informative, 187 singleton sites, 1281 constant sites
                                                                                                            Gap/Ambiguity  Composition  p-value
   1  NM_000546_6_Homo_sapiens_tumor_protein_p53_TP53_transcript_variant_1_mRNA                                    33.50%    passed     97.65%
   2  XM_063700589_1_PREDICTED_Gorilla_gorilla_gorilla_tumor_protein_p53_TP53_transcript_variant_X1_mRNA           30.96%    passed     98.12%
   3  XM_030800485_1_PREDICTED_Nomascus_leucogenys_tumor_protein_p53_TP53_mRNA                                     33.50%    passed     98.83%
   4  XM_055256596_2_PREDICTED_Symphalangus_syndactylus_tumor_protein_p53_TP53_transcript_variant_X1_mRNA          33.50%    passed     97.80%
   5  XM_032139337_3_PREDICTED_Hylobates_moloch_tumor_protein_p53_TP53_mRNA                                        33.50%    passed     98.03%
   6  XM_002826974_6_PREDICTED_Pongo_abelii_tumor_protein_p53_TP53_mRNA                                            33.50%    passed     96.61%
   7  XM_054457336_2_PREDICTED_Pongo_pygmaeus_tumor_protein_p53_TP53_mRNA                                          33.50%    passed     97.89%
   8  XM_016931470_3_PREDICTED_Pan_troglodytes_tumor_protein_p53_TP53_transcript_variant_X1_mRNA                   30.46%    passed     95.63%
   9  XM_057300362_2_PREDICTED_Pan_paniscus_tumor_protein_p53_TP53_transcript_variant_X1_mRNA                      30.46%    passed     96.74%
  10  NM_001047151_2_Macaca_mulatta_tumor_protein_p53_TP53_mRNA                                                    33.50%    passed     95.77%
  11  XM_003912272_5_PREDICTED_Papio_anubis_tumor_protein_p53_TP53_mRNA                                            33.50%    passed     95.23%
  12  XM_011994540_1_PREDICTED_Mandrillus_leucophaeus_tumor_protein_p53_TP53_transcript_variant_X1_mRNA            33.50%    passed     95.68%
  13  XM_050765346_1_PREDICTED_Macaca_thibetana_thibetana_tumor_protein_p53_TP53_transcript_variant_X1_mRNA        17.09%    passed     55.67%
  14  XM_012052423_1_PREDICTED_Cercocebus_atys_tumor_protein_p53_TP53_transcript_variant_X1_mRNA                   33.50%    passed     96.89%
  15  XM_025363515_1_PREDICTED_Theropithecus_gelada_tumor_protein_p53_TP53_transcript_variant_X1_mRNA              33.33%    passed     93.10%
  16  XM_010362387_1_PREDICTED_Rhinopithecus_roxellana_tumor_protein_p53_TP53_mRNA                                 33.50%    passed     99.87%
  17  XM_033184717_1_PREDICTED_Trachypithecus_francoisi_tumor_protein_p53_TP53_transcript_variant_X1_mRNA          33.50%    passed     99.10%
  18  XM_017850544_1_PREDICTED_Rhinopithecus_bieti_tumor_protein_p53_TP53_transcript_variant_X1_mRNA               30.29%    passed     97.53%
  19  XM_071082299_1_PREDICTED_Macaca_nemestrina_tumor_protein_p53_LOC105473688_mRNA                               33.50%    passed     96.10%
  20  XM_023193314_2_PREDICTED_Piliocolobus_tephrosceles_tumor_protein_p53_TP53_transcript_variant_X1_mRNA         33.50%    passed     94.45%
  21  XM_011958558_1_PREDICTED_Colobus_angolensis_palliatus_tumor_protein_p53_TP53_transcript_variant_X1_mRNA      33.50%    passed     96.83%
  22  XM_008010192_2_PREDICTED_Chlorocebus_sabaeus_tumor_protein_p53_TP53_transcript_variant_X1_mRNA               30.46%    passed     97.66%
  23  XM_002747948_5_PREDICTED_Callithrix_jacchus_tumor_protein_p53_TP53_transcript_variant_X1_mRNA                33.16%    passed     95.47%
  24  XM_032280430_1_PREDICTED_Sapajus_apella_tumor_protein_p53_TP53_transcript_variant_X1_mRNA                    30.29%    passed     99.22%
  25  XM_017531594_2_PREDICTED_Cebus_imitator_tumor_protein_p53_TP53_transcript_variant_X1_mRNA                    33.16%    passed     99.46%
  26  XM_039476036_1_PREDICTED_Saimiri_boliviensis_boliviensis_tumor_protein_p53_TP53_transcript_variant_X1_mRNA   29.61%    passed     84.15%
  27  XM_064378361_1_PREDICTED_Aotus_nancymaae_tumor_protein_p53_TP53_transcript_variant_X1_mRNA                   23.52%    passed      5.32%
  28  XM_008062341_2_PREDICTED_Carlito_syrichta_tumor_protein_p53_TP53_mRNA                                        34.35%    passed     91.28%
  29  XM_012776058_2_PREDICTED_Microcebus_murinus_tumor_protein_p53_TP53_transcript_variant_X1_mRNA                34.86%    passed     91.46%
  30  XM_045570131_1_PREDICTED_Lemur_catta_tumor_protein_p53_TP53_mRNA                                             34.86%    passed     96.83%
  31  XM_069482023_1_PREDICTED_Eulemur_rufifrons_tumor_protein_p53_TP53_transcript_variant_X1_mRNA                 35.03%    passed     77.25%
  32  XM_012655616_1_PREDICTED_Propithecus_coquereli_tumor_protein_p53_TP53_mRNA                                   34.86%    passed     97.00%
  33  XM_053569948_1_PREDICTED_Nycticebus_coucang_tumor_protein_p53_TP53_transcript_variant_X1_mRNA                33.84%    passed     15.46%
  34  XM_012806041_2_PREDICTED_Otolemur_garnettii_tumor_protein_p53_TP53_mRNA                                      34.01%    passed     12.31%
****  TOTAL                                                                                                        32.27%  0 sequences failed composition chi2 test (p-value<5%; df=3)


Create initial parsimony tree by phylogenetic likelihood library (PLL)... 0.002 seconds
Measuring multi-threading efficiency up to 10 CPU cores
Increase to 10 rounds for branch lengths
380 trees examined
Threads: 1 / Time: 10.016 sec / Speedup: 1.000 / Efficiency: 100% / LogL: -10204
Threads: 2 / Time: 37.708 sec / Speedup: 0.266 / Efficiency: 13% / LogL: -10204
BEST NUMBER OF THREADS: 1

Perform fast likelihood tree search using GTR+I+G model...
Estimate model parameters (epsilon = 5.000)
Perform nearest neighbor interchange...
Estimate model parameters (epsilon = 1.000)
1. Initial log-likelihood: -7051.667
Optimal log-likelihood: -7051.576
Rate parameters:  A-C: 1.38691  A-G: 4.12789  A-T: 1.31111  C-G: 1.10617  C-T: 4.69581  G-T: 1.00000
Base frequencies:  A: 0.236  C: 0.306  G: 0.257  T: 0.201
Proportion of invariable sites: 0.344
Gamma shape alpha: 1.567
Parameters optimization took 1 rounds (0.014 sec)
Time for fast ML tree search: 0.134 seconds

NOTE: ModelFinder requires 6 MB RAM!
ModelFinder will test up to 286 DNA models (sample size: 1773) ...
 No. Model         -LnL         df  AIC          AICc         BIC
  1  GTR+F         7179.534     73  14505.068    14511.427    14905.139
  2  GTR+F+I       7070.618     74  14289.236    14295.773    14694.787
  3  GTR+F+G4      7050.691     74  14249.381    14255.918    14654.933
  4  GTR+F+I+G4    7051.432     75  14252.863    14259.581    14663.895
  5  GTR+F+R2      7048.001     75  14246.001    14252.719    14657.033
  6  GTR+F+R3      7047.281     77  14248.562    14255.649    14670.555
 16  SYM+G4        7056.928     71  14255.857    14261.867    14644.967
 17  SYM+I+G4      7057.954     72  14259.908    14266.091    14654.498
 18  SYM+R2        7053.808     72  14251.616    14257.799    14646.207
 29  TVM+F+G4      7051.489     73  14248.979    14255.338    14649.050
 30  TVM+F+I+G4    7052.087     74  14252.173    14258.710    14657.725
 31  TVM+F+R2      7049.152     74  14246.305    14252.842    14651.857
 42  TVMe+G4       7057.488     70  14254.975    14260.815    14638.605
 43  TVMe+I+G4     7058.394     71  14258.788    14264.798    14647.898
 44  TVMe+R2       7054.673     71  14251.346    14257.357    14640.457
 55  TIM3+F+G4     7052.457     72  14248.915    14255.098    14643.506
 56  TIM3+F+I+G4   7053.234     73  14252.467    14258.826    14652.539
 57  TIM3+F+R2     7049.709     73  14245.418    14251.777    14645.489
 68  TIM3e+G4      7057.833     69  14253.666    14259.338    14631.815
 69  TIM3e+I+G4    7058.888     70  14257.775    14263.615    14641.405
 70  TIM3e+R2      7054.600     70  14249.201    14255.041    14632.831
 81  TIM2+F+G4     7050.873     72  14245.747    14251.930    14640.338
 82  TIM2+F+I+G4   7051.591     73  14249.181    14255.540    14649.252
 83  TIM2+F+R2     7048.187     73  14242.374    14248.733    14642.445
 94  TIM2e+G4      7061.305     69  14260.610    14266.282    14638.760
 95  TIM2e+I+G4    7062.205     70  14264.410    14270.250    14648.040
 96  TIM2e+R2      7058.326     70  14256.652    14262.493    14640.282
107  TIM+F+G4      7052.570     72  14249.141    14255.324    14643.731
108  TIM+F+I+G4    7053.332     73  14252.665    14259.024    14652.736
109  TIM+F+R2      7049.825     73  14245.650    14252.009    14645.721
120  TIMe+G4       7062.191     69  14262.382    14268.055    14640.532
121  TIMe+I+G4     7063.127     70  14266.255    14272.095    14649.885
122  TIMe+R2       7059.179     70  14258.359    14264.199    14641.989
133  TPM3u+F+G4    7053.252     71  14248.503    14254.514    14637.614
134  TPM3u+F+I+G4  7053.902     72  14251.805    14257.988    14646.396
135  TPM3u+F+R2    7050.847     72  14245.694    14251.878    14640.285
146  TPM3+F+G4     7053.252     71  14248.503    14254.514    14637.614
147  TPM3+F+I+G4   7053.902     72  14251.805    14257.988    14646.396
148  TPM3+F+R2     7050.847     72  14245.694    14251.878    14640.285
159  TPM2u+F+G4    7051.675     71  14245.350    14251.361    14634.460
160  TPM2u+F+I+G4  7052.270     72  14248.539    14254.723    14643.130
161  TPM2u+F+R2    7049.334     72  14242.667    14248.851    14637.258
172  TPM2+F+G4     7051.675     71  14245.350    14251.361    14634.460
173  TPM2+F+I+G4   7052.270     72  14248.539    14254.723    14643.130
174  TPM2+F+R2     7049.334     72  14242.667    14248.851    14637.258
185  K3Pu+F+G4     7053.368     71  14248.735    14254.746    14637.846
186  K3Pu+F+I+G4   7054.013     72  14252.026    14258.209    14646.617
187  K3Pu+F+R2     7050.964     72  14245.928    14252.111    14640.519
198  K3P+G4        7062.652     68  14261.304    14266.811    14633.973
199  K3P+I+G4      7063.488     69  14264.977    14270.649    14643.126
200  K3P+R2        7059.905     69  14257.811    14263.483    14635.960
211  TN+F+G4       7052.625     71  14247.251    14253.261    14636.361
212  TN+F+I+G4     7053.397     72  14250.795    14256.979    14645.386
213  TN+F+R2       7049.879     72  14243.757    14249.941    14638.348
224  TNe+G4        7062.191     68  14260.381    14265.888    14633.050
225  TNe+I+G4      7063.127     69  14264.254    14269.926    14642.404
226  TNe+R2        7059.177     69  14256.355    14262.027    14634.504
237  HKY+F+G4      7053.428     70  14246.856    14252.697    14630.486
238  HKY+F+I+G4    7054.089     71  14250.178    14256.189    14639.289
239  HKY+F+R2      7051.018     71  14244.036    14250.047    14633.147
250  K2P+G4        7062.652     67  14259.304    14264.648    14626.492
251  K2P+I+G4      7063.492     68  14262.984    14268.491    14635.653
252  K2P+R2        7059.905     68  14255.811    14261.318    14628.480
263  F81+F+G4      7212.167     69  14562.334    14568.007    14940.484
264  F81+F+I+G4    7212.993     70  14565.987    14571.827    14949.617
265  F81+F+R2      7210.255     70  14560.511    14566.351    14944.141
276  JC+G4         7212.873     66  14557.746    14562.930    14919.454
277  JC+I+G4       7213.810     67  14561.619    14566.964    14928.808
278  JC+R2         7210.813     67  14555.627    14560.971    14922.816
Akaike Information Criterion:           TIM2+F+R2
Corrected Akaike Information Criterion: TIM2+F+R2
Bayesian Information Criterion:         K2P+G4
Best-fit model: K2P+G4 chosen according to BIC

All model information printed to /Users/alex/Documents/AutomatedOrthologCharacterization/results/PrimateTP53/PrimateTP53.RD.SA.codons.cln.fa.model.gz
CPU time for ModelFinder: 28.774 seconds (0h:0m:28s)
Wall-clock time for ModelFinder: 53.900 seconds (0h:0m:53s)
Generating 1000 samples for ultrafast bootstrap (seed: 661093)...

NOTE: 3 MB RAM (0 GB) is required!
Estimate model parameters (epsilon = 0.100)
1. Initial log-likelihood: -7062.652
Optimal log-likelihood: -7062.651
Rate parameters:  A-C: 1.00000  A-G: 3.53722  A-T: 1.00000  C-G: 1.00000  C-T: 3.53722  G-T: 1.00000
Base frequencies:  A: 0.250  C: 0.250  G: 0.250  T: 0.250
Gamma shape alpha: 0.550
Parameters optimization took 1 rounds (0.009 sec)
Computing ML distances based on estimated model parameters...
Computing ML distances took 0.010985 sec (of wall-clock time) 0.010234 sec(of CPU time)
Computing RapidNJ tree took 0.000111 sec (of wall-clock time) 0.000146 sec (of CPU time)
Log-likelihood of RapidNJ tree: -7113.192
--------------------------------------------------------------------
|             INITIALIZING CANDIDATE TREE SET                      |
--------------------------------------------------------------------
Generating 98 parsimony trees... 0.134 second
Computing log-likelihood of 98 initial trees ... 0.308 seconds
Current best score: -7062.651

Do NNI search on 20 best initial trees
Estimate model parameters (epsilon = 0.100)
BETTER TREE FOUND at iteration 1: -7062.651
Iteration 10 / LogL: -7062.653 / Time: 0h:0m:1s
Iteration 20 / LogL: -7062.653 / Time: 0h:0m:1s
Finish initializing candidate tree set (3)
Current best tree score: -7062.651 / CPU time: 1.874
Number of iterations: 20
--------------------------------------------------------------------
|               OPTIMIZING CANDIDATE TREE SET                      |
--------------------------------------------------------------------
UPDATE BEST LOG-LIKELIHOOD: -7062.650
Iteration 30 / LogL: -7074.893 / Time: 0h:0m:2s (0h:0m:6s left)
Iteration 40 / LogL: -7073.494 / Time: 0h:0m:3s (0h:0m:5s left)
Iteration 50 / LogL: -7064.423 / Time: 0h:0m:4s (0h:0m:4s left)
Log-likelihood cutoff on original alignment: -7091.437
Iteration 60 / LogL: -7064.277 / Time: 0h:0m:5s (0h:0m:3s left)
Iteration 70 / LogL: -7062.651 / Time: 0h:0m:6s (0h:0m:2s left)
Iteration 80 / LogL: -7062.650 / Time: 0h:0m:7s (0h:0m:1s left)
Iteration 90 / LogL: -7062.652 / Time: 0h:0m:7s (0h:0m:0s left)
UPDATE BEST LOG-LIKELIHOOD: -7062.650
UPDATE BEST LOG-LIKELIHOOD: -7062.650
Iteration 100 / LogL: -7064.273 / Time: 0h:0m:8s (0h:0m:0s left)
Log-likelihood cutoff on original alignment: -7092.698
NOTE: Bootstrap correlation coefficient of split occurrence frequencies: 0.998
TREE SEARCH COMPLETED AFTER 102 ITERATIONS / Time: 0h:0m:8s

--------------------------------------------------------------------
|                    FINALIZING TREE SEARCH                        |
--------------------------------------------------------------------
Performs final model parameters optimization
Estimate model parameters (epsilon = 0.010)
1. Initial log-likelihood: -7062.650
Optimal log-likelihood: -7062.650
Rate parameters:  A-C: 1.00000  A-G: 3.53591  A-T: 1.00000  C-G: 1.00000  C-T: 3.53591  G-T: 1.00000
Base frequencies:  A: 0.250  C: 0.250  G: 0.250  T: 0.250
Gamma shape alpha: 0.550
Parameters optimization took 1 rounds (0.009 sec)
BEST SCORE FOUND : -7062.650
Creating bootstrap support values...
Split supports printed to NEXUS file /Users/alex/Documents/AutomatedOrthologCharacterization/results/PrimateTP53/PrimateTP53.RD.SA.codons.cln.fa.splits.nex
Total tree length: 0.798

Total number of iterations: 102
CPU time used for tree search: 8.757 sec (0h:0m:8s)
Wall-clock time used for tree search: 8.915 sec (0h:0m:8s)
Total CPU time used: 8.920 sec (0h:0m:8s)
Total wall-clock time used: 9.082 sec (0h:0m:9s)

Computing bootstrap consensus tree...
Reading input file /Users/alex/Documents/AutomatedOrthologCharacterization/results/PrimateTP53/PrimateTP53.RD.SA.codons.cln.fa.splits.nex...
34 taxa and 128 splits.
Consensus tree written to /Users/alex/Documents/AutomatedOrthologCharacterization/results/PrimateTP53/PrimateTP53.RD.SA.codons.cln.fa.contree
Reading input trees file /Users/alex/Documents/AutomatedOrthologCharacterization/results/PrimateTP53/PrimateTP53.RD.SA.codons.cln.fa.contree
Log-likelihood of consensus tree: -7062.657

Analysis results written to: 
  IQ-TREE report:                /Users/alex/Documents/AutomatedOrthologCharacterization/results/PrimateTP53/PrimateTP53.RD.SA.codons.cln.fa.iqtree
  Maximum-likelihood tree:       /Users/alex/Documents/AutomatedOrthologCharacterization/results/PrimateTP53/PrimateTP53.RD.SA.codons.cln.fa.treefile
  Likelihood distances:          /Users/alex/Documents/AutomatedOrthologCharacterization/results/PrimateTP53/PrimateTP53.RD.SA.codons.cln.fa.mldist

Ultrafast bootstrap approximation results written to:
  Split support values:          /Users/alex/Documents/AutomatedOrthologCharacterization/results/PrimateTP53/PrimateTP53.RD.SA.codons.cln.fa.splits.nex
  Consensus tree:                /Users/alex/Documents/AutomatedOrthologCharacterization/results/PrimateTP53/PrimateTP53.RD.SA.codons.cln.fa.contree
  Screen log file:               /Users/alex/Documents/AutomatedOrthologCharacterization/results/PrimateTP53/PrimateTP53.RD.SA.codons.cln.fa.log

Date and Time: Mon Mar 10 08:45:23 2025
