
# Average sequence length is (PROTEIN AA ungapped): 400.0857142857143
# Average sequence length is (NUCLEOTIDE NUC): 1200.2571428571428


# Processing: NP_000537.3 cellular tumor antigen p53 isoform a [Homo sapiens]
# Species: Homo sapiens
# Match: NM_000546.6 Homo sapiens tumor protein p53 (TP53), transcript variant 1, mRNA 



# Processing: XP_016786959.2 cellular tumor antigen p53 isoform X1 [Pan troglodytes]
# Species: Pan troglodytes
# Match: XM_016931470.3 PREDICTED: Pan troglodytes tumor protein p53 (TP53), transcript variant X1, mRNA 



# Processing: NP_001040616.1 cellular tumor antigen p53 [Macaca mulatta]
# Species: Macaca mulatta
# Match: NM_001047151.2 Macaca mulatta tumor protein p53 (TP53), mRNA 



# Processing: XP_002747994.1 cellular tumor antigen p53 isoform X1 [Callithrix jacchus]
# Species: Callithrix jacchus
# Match: XM_002747948.5 PREDICTED: Callithrix jacchus tumor protein p53 (TP53), transcript variant X1, mRNA 



# Processing: XP_002827020.3 cellular tumor antigen p53 [Pongo abelii]
# Species: Pongo abelii
# Match: XM_002826974.6 PREDICTED: Pongo abelii tumor protein p53 (TP53), mRNA 



# Processing: XP_030656345.1 cellular tumor antigen p53 [Nomascus leucogenys]
# Species: Nomascus leucogenys
# Match: XM_030800485.1 PREDICTED: Nomascus leucogenys tumor protein p53 (TP53), mRNA 



# Processing: XP_012661495.1 cellular tumor antigen p53 [Otolemur garnettii]
# Species: Otolemur garnettii
# Match: XM_012806041.2 PREDICTED: Otolemur garnettii tumor protein p53 (TP53), mRNA 



# Processing: XP_057156345.1 cellular tumor antigen p53 isoform X1 [Pan paniscus]
# Species: Pan paniscus
# Match: XM_057300362.2 PREDICTED: Pan paniscus tumor protein p53 (TP53), transcript variant X1, mRNA 



# Processing: XP_003912321.1 cellular tumor antigen p53 [Papio anubis]
# Species: Papio anubis
# Match: XM_003912272.5 PREDICTED: Papio anubis tumor protein p53 (TP53), mRNA 



# Processing: XP_039331970.1 cellular tumor antigen p53 isoform X1 [Saimiri boliviensis boliviensis]
# Species: Saimiri boliviensis boliviensis
# Match: XM_039476036.1 PREDICTED: Saimiri boliviensis boliviensis tumor protein p53 (TP53), transcript variant X1, mRNA 



# Processing: XP_063556659.1 cellular tumor antigen p53 isoform X1 [Gorilla gorilla gorilla]
# Species: Gorilla gorilla gorilla
# Match: XM_063700589.1 PREDICTED: Gorilla gorilla gorilla tumor protein p53 (TP53), transcript variant X1, mRNA 



# Processing: XP_005582844.1 cellular tumor antigen p53 [Macaca fascicularis]
# Species: Macaca fascicularis
# Match: XM_005582787.4 PREDICTED: Macaca fascicularis tumor protein p53 (TP53), transcript variant X1, mRNA 



# Processing: XP_008008383.2 cellular tumor antigen p53 isoform X1 [Chlorocebus sabaeus]
# Species: Chlorocebus sabaeus
# Match: XM_008010192.2 PREDICTED: Chlorocebus sabaeus tumor protein p53 (TP53), transcript variant X1, mRNA 



# Processing: XP_008060532.1 cellular tumor antigen p53 [Carlito syrichta]
# Species: Carlito syrichta
# Match: XM_008062341.2 PREDICTED: Carlito syrichta tumor protein p53 (TP53), mRNA 



# Processing: XP_010360689.1 cellular tumor antigen p53 [Rhinopithecus roxellana]
# Species: Rhinopithecus roxellana
# Match: XM_010362387.1 PREDICTED: Rhinopithecus roxellana tumor protein p53 (TP53), mRNA 



# Processing: XP_070938400.1 cellular tumor antigen p53 [Macaca nemestrina]
# Species: Macaca nemestrina
# Match: XM_071082299.1 PREDICTED: Macaca nemestrina tumor protein p53 (LOC105473688), mRNA 



# Processing: XP_011813948.1 PREDICTED: cellular tumor antigen p53 isoform X1 [Colobus angolensis palliatus]
# Species: Colobus angolensis palliatus
# Match: XM_011958558.1 PREDICTED: Colobus angolensis palliatus tumor protein p53 (TP53), transcript variant X1, mRNA 



# Processing: XP_011849930.1 PREDICTED: cellular tumor antigen p53 isoform X1 [Mandrillus leucophaeus]
# Species: Mandrillus leucophaeus
# Match: XM_011994540.1 PREDICTED: Mandrillus leucophaeus tumor protein p53 (TP53), transcript variant X1, mRNA 



# Processing: XP_011907813.1 PREDICTED: cellular tumor antigen p53 isoform X1 [Cercocebus atys]
# Species: Cercocebus atys
# Match: XM_012052423.1 PREDICTED: Cercocebus atys tumor protein p53 (TP53), transcript variant X1, mRNA 



# Processing: XP_064234431.1 cellular tumor antigen p53 isoform X1 [Aotus nancymaae]
# Species: Aotus nancymaae
# Match: XM_064378361.1 PREDICTED: Aotus nancymaae tumor protein p53 (TP53), transcript variant X1, mRNA 



# Processing: XP_012511070.1 PREDICTED: cellular tumor antigen p53 [Propithecus coquereli]
# Species: Propithecus coquereli
# Match: XM_012655616.1 PREDICTED: Propithecus coquereli tumor protein p53 (TP53), mRNA 



# Processing: XP_012631512.1 cellular tumor antigen p53 [Microcebus murinus]
# Species: Microcebus murinus
# Match: XM_012776058.2 PREDICTED: Microcebus murinus tumor protein p53 (TP53), transcript variant X1, mRNA 



# Processing: XP_017387083.1 cellular tumor antigen p53 isoform X1 [Cebus imitator]
# Species: Cebus imitator
# Match: XM_017531594.2 PREDICTED: Cebus imitator tumor protein p53 (TP53), transcript variant X1, mRNA 



# Processing: XP_017706033.1 PREDICTED: cellular tumor antigen p53 isoform X1 [Rhinopithecus bieti]
# Species: Rhinopithecus bieti
# Match: XM_017850544.1 PREDICTED: Rhinopithecus bieti tumor protein p53 (TP53), transcript variant X1, mRNA 



# Processing: XP_023049082.1 cellular tumor antigen p53 isoform X1 [Piliocolobus tephrosceles]
# Species: Piliocolobus tephrosceles
# Match: XM_023193314.2 PREDICTED: Piliocolobus tephrosceles tumor protein p53 (TP53), transcript variant X1, mRNA 



# Processing: XP_025219300.1 cellular tumor antigen p53 isoform X1 [Theropithecus gelada]
# Species: Theropithecus gelada
# Match: XM_025363515.1 PREDICTED: Theropithecus gelada tumor protein p53 (TP53), transcript variant X1, mRNA 



# Processing: XP_031995228.1 cellular tumor antigen p53 [Hylobates moloch]
# Species: Hylobates moloch
# Match: XM_032139337.3 PREDICTED: Hylobates moloch tumor protein p53 (TP53), mRNA 



# Processing: XP_032136321.1 cellular tumor antigen p53 isoform X1 [Sapajus apella]
# Species: Sapajus apella
# Match: XM_032280430.1 PREDICTED: Sapajus apella tumor protein p53 (TP53), transcript variant X1, mRNA 



# Processing: XP_033040608.1 cellular tumor antigen p53 isoform X1 [Trachypithecus francoisi]
# Species: Trachypithecus francoisi
# Match: XM_033184717.1 PREDICTED: Trachypithecus francoisi tumor protein p53 (TP53), transcript variant X1, mRNA 



# Processing: XP_045426087.1 cellular tumor antigen p53 [Lemur catta]
# Species: Lemur catta
# Match: XM_045570131.1 PREDICTED: Lemur catta tumor protein p53 (TP53), mRNA 



# Processing: XP_050621303.1 cellular tumor antigen p53 isoform X1 [Macaca thibetana thibetana]
# Species: Macaca thibetana thibetana
# Match: XM_050765346.1 PREDICTED: Macaca thibetana thibetana tumor protein p53 (TP53), transcript variant X1, mRNA 



# Processing: XP_053425923.1 cellular tumor antigen p53 [Nycticebus coucang]
# Species: Nycticebus coucang
# Match: XM_053569948.1 PREDICTED: Nycticebus coucang tumor protein p53 (TP53), transcript variant X1, mRNA 



# Processing: XP_054313311.2 cellular tumor antigen p53 [Pongo pygmaeus]
# Species: Pongo pygmaeus
# Match: XM_054457336.2 PREDICTED: Pongo pygmaeus tumor protein p53 (TP53), mRNA 



# Processing: XP_055112571.1 cellular tumor antigen p53 isoform X1 [Symphalangus syndactylus]
# Species: Symphalangus syndactylus
# Match: XM_055256596.2 PREDICTED: Symphalangus syndactylus tumor protein p53 (TP53), transcript variant X1, mRNA 



# Processing: XP_069338124.1 cellular tumor antigen p53 isoform X1 [Eulemur rufifrons]
# Species: Eulemur rufifrons
# Match: XM_069482023.1 PREDICTED: Eulemur rufifrons tumor protein p53 (TP53), transcript variant X1, mRNA 

# Writing data to: /Users/alex/Documents/AutomatedOrthologCharacterization/results/PrimateTP53/PrimateTP53
--- The following had no matches
