IQ-TREE multicore version 2.2.0.3 COVID-edition for Linux 64-bit built May 11 2022
Developed by Bui Quang Minh, James Barbetti, Nguyen Lam Tung,
Olga Chernomor, Heiko Schmidt, Dominik Schrempf, Michael Woodhams, Ly Trong Nhan.

Host:    n7 (AVX2, FMA3, 251 GB RAM)
Command: iqtree -s /home/aglucaci/AOC-REV3L/results/mammalian_REV3L/mammalian_REV3L.12.codon.fas -T AUTO --redo
Seed:    821630 (Using SPRNG - Scalable Parallel Random Number Generator)
Time:    Tue Oct 11 17:45:23 2022
Kernel:  AVX+FMA - auto-detect threads (8 CPU cores detected)

Reading alignment file /home/aglucaci/AOC-REV3L/results/mammalian_REV3L/mammalian_REV3L.12.codon.fas ... Fasta format detected
Reading fasta file: done in 0.00188787 secs using 53.66% CPU
Alignment most likely contains DNA/RNA sequences
Constructing alignment: done in 0.0005965 secs using 87.85% CPU
WARNING: 3 sites contain only gaps or ambiguous characters.
Alignment has 152 sequences with 450 columns, 233 distinct patterns
176 parsimony-informative, 41 singleton sites, 233 constant sites
                                                                                                                                                            Gap/Ambiguity  Composition  p-value
Analyzing sequences: done in 6.86697e-05 secs
   1  NM_001372078_1_Homo_sapiens_REV3_like_DNA_directed_polymerase_zeta_catalytic_subunit_REV3L_transcript_variant_4_mRNA_1                                        0.67%    passed     97.89%
   2  NM_011264_3_Mus_musculus_REV3_like_DNA_directed_polymerase_zeta_catalytic_subunit_Rev3l_mRNA_1                                                                0.67%    passed     91.58%
   3  XM_006256524_2_PREDICTED_Rattus_norvegicus_REV3_like_DNA_directed_polymerase_zeta_catalytic_subunit_Rev3l_transcript_variant_X1_mRNA_1                        0.67%    passed     24.29%
   4  XM_028847034_1_PREDICTED_Macaca_mulatta_REV3_like_DNA_directed_polymerase_zeta_catalytic_subunit_REV3L_transcript_variant_X1_mRNA_1                           0.67%    passed     98.63%
   5  XM_024996589_1_PREDICTED_Bos_taurus_REV3_like_DNA_directed_polymerase_zeta_catalytic_subunit_REV3L_transcript_variant_X1_mRNA_1                               0.67%    passed     96.98%
   6  XM_014118216_3_PREDICTED_Canis_lupus_familiaris_REV3_like_DNA_directed_polymerase_zeta_catalytic_subunit_REV3L_transcript_variant_X1_mRNA_1                   0.67%    passed     99.90%
   7  XM_016956167_2_PREDICTED_Pan_troglodytes_REV3_like_DNA_directed_polymerase_zeta_catalytic_subunit_REV3L_transcript_variant_X1_mRNA_1                          0.67%    passed     98.26%
   8  XM_021091238_1_PREDICTED_Sus_scrofa_REV3_like_DNA_directed_polymerase_zeta_catalytic_subunit_REV3L_transcript_variant_X1_mRNA_1                               0.67%    passed     99.37%
   9  XM_040758199_1_PREDICTED_Mesocricetus_auratus_REV3_like_DNA_directed_polymerase_zeta_catalytic_subunit_Rev3l_transcript_variant_X1_mRNA_1                     0.67%    passed     96.19%
  10  XM_015448392_1_PREDICTED_Macaca_fascicularis_REV3_like_DNA_directed_polymerase_zeta_catalytic_subunit_REV3L_transcript_variant_X1_mRNA_1                      0.67%    passed     98.63%
  11  XM_004753515_2_PREDICTED_Mustela_putorius_furo_REV3_like_polymerase_DNA_directed_zeta_catalytic_subunit_REV3L_transcript_variant_X1_mRNA_1                    0.67%    passed     97.96%
  12  XM_034668992_1_PREDICTED_Ailuropoda_melanoleuca_REV3_like_DNA_directed_polymerase_zeta_catalytic_subunit_REV3L_transcript_variant_X1_mRNA_1                   0.67%    passed     97.46%
  13  XM_015600069_2_PREDICTED_Pteropus_alecto_REV3_like_DNA_directed_polymerase_zeta_catalytic_subunit_REV3L_transcript_variant_X1_mRNA_1                          0.67%    passed     99.60%
  14  XM_005883745_2_PREDICTED_Myotis_brandtii_REV3_like_polymerase_DNA_directed_zeta_catalytic_subunit_REV3L_transcript_variant_X1_mRNA_1                          0.67%    passed     96.44%
  15  XM_006157005_3_PREDICTED_Tupaia_chinensis_REV3_like_DNA_directed_polymerase_zeta_catalytic_subunit_REV3L_transcript_variant_X3_mRNA_1                         0.67%    passed     94.75%
  16  XM_027402162_2_PREDICTED_Cricetulus_griseus_REV3_like_DNA_directed_polymerase_zeta_catalytic_subunit_Rev3l_transcript_variant_X5_mRNA_1                       0.67%    passed     90.27%
  17  XM_013069186_2_PREDICTED_Heterocephalus_glaber_REV3_like_DNA_directed_polymerase_zeta_catalytic_subunit_Rev3l_transcript_variant_X1_mRNA_1                    0.67%    passed     93.48%
  18  XM_008852401_2_PREDICTED_Nannospalax_galili_REV3_like_DNA_directed_polymerase_zeta_catalytic_subunit_Rev3l_transcript_variant_X1_mRNA_1                       0.67%    passed     86.02%
  19  XM_023650934_1_PREDICTED_Equus_caballus_REV3_like_DNA_directed_polymerase_zeta_catalytic_subunit_REV3L_transcript_variant_X1_mRNA_1                           0.67%    passed     98.91%
  20  XM_035296530_1_PREDICTED_Callithrix_jacchus_REV3_like_DNA_directed_polymerase_zeta_catalytic_subunit_REV3L_transcript_variant_X1_mRNA_1                       0.67%    passed     91.83%
  21  XM_007484437_2_PREDICTED_Monodelphis_domestica_REV3_like_DNA_directed_polymerase_zeta_catalytic_subunit_REV3L_transcript_variant_X1_mRNA_1                    0.67%    passed     80.37%
  22  XM_031964400_1_PREDICTED_Sarcophilus_harrisii_REV3_like_DNA_directed_polymerase_zeta_catalytic_subunit_REV3L_transcript_variant_X1_mRNA_1                     0.67%    passed     86.33%
  23  XM_036766364_1_PREDICTED_Trichosurus_vulpecula_REV3_like_DNA_directed_polymerase_zeta_catalytic_subunit_REV3L_transcript_variant_X1_mRNA_1                    0.67%    passed     91.19%
  24  XM_027848601_1_PREDICTED_Vombatus_ursinus_REV3_like_DNA_directed_polymerase_zeta_catalytic_subunit_REV3L_transcript_variant_X1_mRNA_1                         0.67%    passed     96.03%
  25  XM_040983897_1_PREDICTED_Ochotona_curzoniae_REV3_like_DNA_directed_polymerase_zeta_catalytic_subunit_REV3L_transcript_variant_X1_mRNA_1                       0.67%    passed     76.64%
  26  XM_004580498_1_PREDICTED_Ochotona_princeps_REV3_like_DNA_directed_polymerase_zeta_catalytic_subunit_REV3L_mRNA_1                                              0.67%    passed     66.93%
  27  XM_008263376_2_PREDICTED_Oryctolagus_cuniculus_REV3_like_DNA_directed_polymerase_zeta_catalytic_subunit_REV3L_transcript_variant_X1_mRNA_1                    0.67%    passed     90.39%
  28  XM_029482641_1_PREDICTED_Mus_caroli_REV3_like_DNA_directed_polymerase_zeta_catalytic_subunit_Rev3l_mRNA_1                                                    97.33%    passed     15.09%
  29  XM_020168699_1_PREDICTED_Castor_canadensis_REV3_like_DNA_directed_polymerase_zeta_catalytic_subunit_Rev3l_mRNA_1                                              0.67%    passed     85.56%
  30  XM_013032823_1_PREDICTED_Dipodomys_ordii_REV3_like_polymerase_DNA_directed_zeta_catalytic_subunit_Rev3l_mRNA_1                                                0.67%    passed     82.28%
  31  XM_029542499_1_PREDICTED_Mus_pahari_REV3_like_DNA_directed_polymerase_zeta_catalytic_subunit_Rev3l_transcript_variant_X1_mRNA_1                               0.67%    passed     79.87%
  32  XM_016002785_1_PREDICTED_Peromyscus_maniculatus_bairdii_REV3_like_DNA_directed_polymerase_zeta_catalytic_subunit_Rev3l_transcript_variant_X1_mRNA_1           0.67%    passed     95.28%
  33  XM_004660637_2_PREDICTED_Jaculus_jaculus_REV3_like_polymerase_DNA_directed_zeta_catalytic_subunit_Rev3l_transcript_variant_X1_mRNA_1                          0.67%    passed     95.80%
  34  XM_032888520_1_PREDICTED_Rattus_rattus_REV3_like_DNA_directed_polymerase_zeta_catalytic_subunit_Rev3l_mRNA_1                                                  0.67%    passed     46.72%
  35  XM_028768990_1_PREDICTED_Grammomys_surdaster_REV3_like_DNA_directed_polymerase_zeta_catalytic_subunit_Rev3l_mRNA_1                                            0.67%    passed     77.08%
  36  XM_031347764_1_PREDICTED_Mastomys_coucha_REV3_like_DNA_directed_polymerase_zeta_catalytic_subunit_Rev3l_transcript_variant_X1_mRNA_1                          0.67%    passed     37.99%
  37  XM_034524021_1_PREDICTED_Arvicanthis_niloticus_REV3_like_DNA_directed_polymerase_zeta_catalytic_subunit_Rev3l_mRNA_1                                          0.67%    passed     94.84%
  38  XM_036169236_1_PREDICTED_Onychomys_torridus_REV3_like_DNA_directed_polymerase_zeta_catalytic_subunit_Rev3l_transcript_variant_X1_mRNA_1                       0.67%    passed     99.26%
  39  XM_041654071_1_PREDICTED_Microtus_oregoni_REV3_like_DNA_directed_polymerase_zeta_catalytic_subunit_Rev3l_transcript_variant_X1_mRNA_1                         0.67%    passed     99.43%
  40  XM_005363542_3_PREDICTED_Microtus_ochrogaster_REV3_like_DNA_directed_polymerase_zeta_catalytic_subunit_Rev3l_transcript_variant_X1_mRNA_1                     0.67%    passed     99.41%
  41  XM_005377901_2_PREDICTED_Chinchilla_lanigera_REV3_like_polymerase_DNA_directed_zeta_catalytic_subunit_Rev3l_transcript_variant_X1_mRNA_1                      0.67%    passed     89.88%
  42  XM_023722299_1_PREDICTED_Octodon_degus_REV3_like_DNA_directed_polymerase_zeta_catalytic_subunit_Rev3l_transcript_variant_X1_mRNA_1                            0.67%    passed     80.56%
  43  XM_010630829_3_PREDICTED_Fukomys_damarensis_REV3_like_DNA_directed_polymerase_zeta_catalytic_subunit_Rev3l_transcript_variant_X1_mRNA_1                       0.67%    passed     73.57%
  44  XM_015497401_1_PREDICTED_Marmota_marmota_marmota_REV3_like_DNA_directed_polymerase_zeta_catalytic_subunit_Rev3l_mRNA_1                                       60.67%    passed     12.51%
  45  XM_040283216_1_PREDICTED_Ictidomys_tridecemlineatus_REV3_like_DNA_directed_polymerase_zeta_catalytic_subunit_Rev3l_transcript_variant_X1_mRNA_1               0.67%    passed     88.25%
  46  XM_026395080_1_PREDICTED_Urocitellus_parryii_REV3_like_DNA_directed_polymerase_zeta_catalytic_subunit_Rev3l_mRNA_1                                            0.67%    passed     89.27%
  47  XM_027928308_2_PREDICTED_Marmota_flaviventris_REV3_like_DNA_directed_polymerase_zeta_catalytic_subunit_Rev3l_mRNA_1                                           0.67%    passed     88.01%
  48  XM_007078726_2_PREDICTED_Panthera_tigris_altaica_REV3_like_DNA_directed_polymerase_zeta_catalytic_subunit_REV3L_transcript_variant_X1_mRNA_1                  0.67%    passed     99.85%
  49  XM_027057077_1_PREDICTED_Acinonyx_jubatus_REV3_like_DNA_directed_polymerase_zeta_catalytic_subunit_REV3L_transcript_variant_X1_mRNA_1                         0.67%    passed     99.80%
  50  XM_030316171_1_PREDICTED_Lynx_canadensis_REV3_like_DNA_directed_polymerase_zeta_catalytic_subunit_REV3L_transcript_variant_X2_mRNA_1                          0.67%    passed     99.80%
  51  XM_040474393_1_PREDICTED_Puma_yagouaroundi_REV3_like_DNA_directed_polymerase_zeta_catalytic_subunit_REV3L_transcript_variant_X1_mRNA_1                        0.67%    passed     99.80%
  52  XM_025925204_1_PREDICTED_Puma_concolor_REV3_like_DNA_directed_polymerase_zeta_catalytic_subunit_REV3L_mRNA_1                                                  0.67%    passed     99.14%
  53  XM_023254263_1_PREDICTED_Felis_catus_REV3_like_DNA_directed_polymerase_zeta_catalytic_subunit_REV3L_transcript_variant_X1_mRNA_1                              0.67%    passed     99.80%
  54  XM_019443107_1_PREDICTED_Panthera_pardus_REV3_like_DNA_directed_polymerase_zeta_catalytic_subunit_REV3L_transcript_variant_X1_mRNA_1                          0.67%    passed     99.85%
  55  XM_025444797_2_PREDICTED_Canis_lupus_dingo_REV3_like_DNA_directed_polymerase_zeta_catalytic_subunit_REV3L_transcript_variant_X1_mRNA_1                        0.67%    passed     99.95%
  56  XM_026511625_1_PREDICTED_Ursus_arctos_horribilis_REV3_like_DNA_directed_polymerase_zeta_catalytic_subunit_REV3L_transcript_variant_X1_mRNA_1                  0.67%    passed     98.07%
  57  XM_032858328_1_PREDICTED_Lontra_canadensis_REV3_like_DNA_directed_polymerase_zeta_catalytic_subunit_REV3L_transcript_variant_X1_mRNA_1                        0.67%    passed     99.09%
  58  XM_032337983_1_PREDICTED_Mustela_erminea_REV3_like_DNA_directed_polymerase_zeta_catalytic_subunit_REV3L_transcript_variant_X1_mRNA_1                          0.67%    passed     99.09%
  59  XM_004406717_2_PREDICTED_Odobenus_rosmarus_divergens_REV3_like_polymerase_DNA_directed_zeta_catalytic_subunit_REV3L_mRNA_1                                    0.67%    passed     99.99%
  60  XM_039252205_1_PREDICTED_Hyaena_hyaena_REV3_like_DNA_directed_polymerase_zeta_catalytic_subunit_REV3L_mRNA_1                                                  0.67%    passed     99.95%
  61  XM_029945420_1_PREDICTED_Suricata_suricatta_REV3_like_DNA_directed_polymerase_zeta_catalytic_subunit_REV3L_transcript_variant_X1_mRNA_1                       0.67%    passed     99.26%
  62  XM_041738555_1_PREDICTED_Vulpes_lagopus_REV3_like_DNA_directed_polymerase_zeta_catalytic_subunit_REV3L_transcript_variant_X1_mRNA_1                           0.67%    passed     99.43%
  63  XM_026005811_1_PREDICTED_Vulpes_vulpes_REV3_like_DNA_directed_polymerase_zeta_catalytic_subunit_REV3L_transcript_variant_X1_mRNA_1                            0.67%    passed     99.90%
  64  XM_040627642_1_PREDICTED_Ursus_maritimus_REV3_like_DNA_directed_polymerase_zeta_catalytic_subunit_REV3L_mRNA_1                                                0.67%    passed     98.07%
  65  XM_025864219_1_PREDICTED_Callorhinus_ursinus_REV3_like_DNA_directed_polymerase_zeta_catalytic_subunit_REV3L_transcript_variant_X1_mRNA_1                      0.67%    passed     99.61%
  66  XM_028104162_1_PREDICTED_Eumetopias_jubatus_REV3_like_DNA_directed_polymerase_zeta_catalytic_subunit_REV3L_transcript_variant_X1_mRNA_1                       0.67%    passed     99.61%
  67  XM_027601333_2_PREDICTED_Zalophus_californianus_REV3_like_DNA_directed_polymerase_zeta_catalytic_subunit_REV3L_transcript_variant_X1_mRNA_1                   0.67%    passed     99.88%
  68  XM_021693690_1_PREDICTED_Neomonachus_schauinslandi_REV3_like_DNA_directed_polymerase_zeta_catalytic_subunit_REV3L_mRNA_1                                      0.67%    passed     99.85%
  69  XM_006735481_2_PREDICTED_Leptonychotes_weddellii_REV3_like_DNA_directed_polymerase_zeta_catalytic_subunit_REV3L_mRNA_1                                        0.67%    passed     99.63%
  70  XM_034991838_1_PREDICTED_Mirounga_leonina_REV3_like_DNA_directed_polymerase_zeta_catalytic_subunit_REV3L_transcript_variant_X1_mRNA_1                         0.67%    passed     99.63%
  71  XM_032408054_1_PREDICTED_Phoca_vitulina_REV3_like_DNA_directed_polymerase_zeta_catalytic_subunit_REV3L_transcript_variant_X5_mRNA_1                           0.67%    passed     99.89%
  72  XM_020890382_1_PREDICTED_Odocoileus_virginianus_texanus_REV3_like_DNA_directed_polymerase_zeta_catalytic_subunit_REV3L_transcript_variant_X1_mRNA_1           0.67%    passed     81.59%
  73  XM_010856597_1_PREDICTED_Bison_bison_bison_REV3_like_polymerase_DNA_directed_zeta_catalytic_subunit_REV3L_transcript_variant_X1_mRNA_1                        0.67%    passed     92.43%
  74  XM_027551194_1_PREDICTED_Bos_indicus_x_Bos_taurus_REV3_like_DNA_directed_polymerase_zeta_catalytic_subunit_REV3L_transcript_variant_X1_mRNA_1                 0.67%    passed     96.98%
  75  XM_005890218_2_PREDICTED_Bos_mutus_REV3_like_polymerase_DNA_directed_zeta_catalytic_subunit_REV3L_mRNA_1                                                      0.67%    passed     95.35%
  76  XM_019967201_1_PREDICTED_Bos_indicus_REV3_like_DNA_directed_polymerase_zeta_catalytic_subunit_REV3L_transcript_variant_X1_mRNA_1                              1.33%    passed     96.42%
  77  XM_025295021_1_PREDICTED_Bubalus_bubalis_REV3_like_DNA_directed_polymerase_zeta_catalytic_subunit_REV3L_transcript_variant_X1_mRNA_1                          0.67%    passed     92.91%
  78  XM_040238480_1_PREDICTED_Oryx_dammah_REV3_like_DNA_directed_polymerase_zeta_catalytic_subunit_REV3L_transcript_variant_X1_mRNA_1                              0.67%    passed     95.66%
  79  XM_018053060_1_PREDICTED_Capra_hircus_REV3_like_DNA_directed_polymerase_zeta_catalytic_subunit_REV3L_transcript_variant_X1_mRNA_1                             0.67%    passed     95.99%
  80  XM_027972360_2_PREDICTED_Ovis_aries_REV3_like_DNA_directed_polymerase_zeta_catalytic_subunit_REV3L_transcript_variant_X1_mRNA_1                               0.67%    passed     95.99%
  81  XM_031680135_1_PREDICTED_Vicugna_pacos_REV3_like_DNA_directed_polymerase_zeta_catalytic_subunit_REV3L_transcript_variant_X1_mRNA_1                            0.67%    passed     99.22%
  82  XM_032484707_1_PREDICTED_Camelus_ferus_REV3_like_DNA_directed_polymerase_zeta_catalytic_subunit_REV3L_transcript_variant_X1_mRNA_1                            0.67%    passed     98.69%
  83  XM_010965426_1_PREDICTED_Camelus_bactrianus_REV3_like_polymerase_DNA_directed_zeta_catalytic_subunit_REV3L_mRNA_1                                             0.67%    passed     98.69%
  84  XM_031456165_1_PREDICTED_Camelus_dromedarius_REV3_like_DNA_directed_polymerase_zeta_catalytic_subunit_REV3L_transcript_variant_X1_mRNA_1                      0.67%    passed     99.22%
  85  XM_024740937_1_PREDICTED_Neophocaena_asiaeorientalis_asiaeorientalis_REV3_like_DNA_directed_polymerase_zeta_catalytic_subunit_REV3L_mRNA_1                    0.67%    passed     98.22%
  86  XM_007190708_2_PREDICTED_Balaenoptera_acutorostrata_scammoni_REV3_like_DNA_directed_polymerase_zeta_catalytic_subunit_REV3L_transcript_variant_X1_mRNA_1      0.67%    passed     96.39%
  87  XM_007451747_1_PREDICTED_Lipotes_vexillifer_REV3_like_polymerase_DNA_directed_zeta_catalytic_subunit_REV3L_transcript_variant_X1_mRNA_1                       0.67%    passed     97.71%
  88  XM_027088475_1_PREDICTED_Lagenorhynchus_obliquidens_REV3_like_DNA_directed_polymerase_zeta_catalytic_subunit_REV3L_transcript_variant_X1_mRNA_1               0.67%    passed     99.37%
  89  XM_030882819_1_PREDICTED_Globicephala_melas_REV3_like_DNA_directed_polymerase_zeta_catalytic_subunit_REV3L_transcript_variant_X1_mRNA_1                       0.67%    passed     98.98%
  90  XM_033418640_1_PREDICTED_Orcinus_orca_REV3_like_DNA_directed_polymerase_zeta_catalytic_subunit_REV3L_transcript_variant_X1_mRNA_1                             0.67%    passed     99.37%
  91  XM_019929582_1_PREDICTED_Tursiops_truncatus_REV3_like_DNA_directed_polymerase_zeta_catalytic_subunit_REV3L_transcript_variant_X1_mRNA_1                       0.67%    passed     99.37%
  92  XM_032650682_1_PREDICTED_Phocoena_sinus_REV3_like_DNA_directed_polymerase_zeta_catalytic_subunit_REV3L_transcript_variant_X1_mRNA_1                           0.67%    passed     98.22%
  93  XM_029223581_1_PREDICTED_Monodon_monoceros_REV3_like_DNA_directed_polymerase_zeta_catalytic_subunit_REV3L_transcript_variant_X1_mRNA_1                        0.67%    passed     98.05%
  94  XM_022554510_2_PREDICTED_Delphinapterus_leucas_REV3_like_DNA_directed_polymerase_zeta_catalytic_subunit_REV3L_transcript_variant_X1_mRNA_1                    0.67%    passed     98.05%
  95  XM_024115547_2_PREDICTED_Physeter_catodon_REV3_like_DNA_directed_polymerase_zeta_catalytic_subunit_REV3L_transcript_variant_X1_mRNA_1                         0.67%    passed     99.47%
  96  XM_036871281_1_PREDICTED_Balaenoptera_musculus_REV3_like_DNA_directed_polymerase_zeta_catalytic_subunit_REV3L_transcript_variant_X1_mRNA_1                    0.67%    passed     96.39%
  97  XM_007528140_2_PREDICTED_Erinaceus_europaeus_REV3_like_DNA_directed_polymerase_zeta_catalytic_subunit_REV3L_mRNA_1                                            0.67%    passed     91.89%
  98  XM_004605780_2_PREDICTED_Sorex_araneus_REV3_like_polymerase_DNA_directed_zeta_catalytic_subunit_REV3L_mRNA_1                                                  0.67%    passed     98.25%
  99  XM_012722936_1_PREDICTED_Condylura_cristata_REV3_like_polymerase_DNA_directed_zeta_catalytic_subunit_REV3L_transcript_variant_X1_mRNA_1                       0.67%    passed     99.86%
 100  XM_037520237_1_PREDICTED_Talpa_occidentalis_REV3_like_DNA_directed_polymerase_zeta_catalytic_subunit_REV3L_transcript_variant_X2_mRNA_1                       0.67%    passed     93.05%
 101  XM_011364805_2_PREDICTED_Pteropus_vampyrus_REV3_like_DNA_directed_polymerase_zeta_catalytic_subunit_REV3L_transcript_variant_X1_mRNA_1                        0.67%    passed     99.36%
 102  XM_016136994_2_PREDICTED_Rousettus_aegyptiacus_REV3_like_DNA_directed_polymerase_zeta_catalytic_subunit_REV3L_transcript_variant_X1_mRNA_1                    0.67%    passed     98.30%
 103  XM_033102881_1_PREDICTED_Rhinolophus_ferrumequinum_REV3_like_DNA_directed_polymerase_zeta_catalytic_subunit_REV3L_transcript_variant_X1_mRNA_1                0.67%    passed     97.72%
 104  XM_037065055_1_PREDICTED_Sturnira_hondurensis_REV3_like_DNA_directed_polymerase_zeta_catalytic_subunit_REV3L_transcript_variant_X1_mRNA_1                     0.67%    passed     90.56%
 105  XM_037159015_1_PREDICTED_Artibeus_jamaicensis_REV3_like_DNA_directed_polymerase_zeta_catalytic_subunit_REV3L_transcript_variant_X1_mRNA_1                     0.67%    passed     99.55%
 106  XM_024551816_1_PREDICTED_Desmodus_rotundus_REV3_like_DNA_directed_polymerase_zeta_catalytic_subunit_REV3L_mRNA_1                                              0.67%    passed     99.34%
 107  XM_036024572_1_PREDICTED_Phyllostomus_discolor_REV3_like_DNA_directed_polymerase_zeta_catalytic_subunit_REV3L_transcript_variant_X1_mRNA_1                    0.67%    passed     93.27%
 108  XM_016217489_1_PREDICTED_Miniopterus_natalensis_REV3_like_DNA_directed_polymerase_zeta_catalytic_subunit_REV3L_transcript_variant_X5_mRNA_1                   0.67%    passed     99.52%
 109  XM_019646344_1_PREDICTED_Hipposideros_armiger_REV3_like_DNA_directed_polymerase_zeta_catalytic_subunit_REV3L_mRNA_1                                           0.67%    passed     96.15%
 110  XM_036414528_1_PREDICTED_Pipistrellus_kuhlii_REV3_like_DNA_directed_polymerase_zeta_catalytic_subunit_REV3L_transcript_variant_X1_mRNA_1                      0.67%    passed     99.81%
 111  XM_028140115_1_PREDICTED_Eptesicus_fuscus_REV3_like_DNA_directed_polymerase_zeta_catalytic_subunit_REV3L_transcript_variant_X1_mRNA_1                         0.67%    passed     98.30%
 112  XM_015561632_1_PREDICTED_Myotis_davidii_REV3_like_DNA_directed_polymerase_zeta_catalytic_subunit_REV3L_transcript_variant_X1_mRNA_1                           0.67%    passed     97.87%
 113  XM_036318154_1_PREDICTED_Myotis_myotis_REV3_like_DNA_directed_polymerase_zeta_catalytic_subunit_REV3L_transcript_variant_X1_mRNA_1                            0.67%    passed     96.44%
 114  XM_023750109_1_PREDICTED_Myotis_lucifugus_REV3_like_DNA_directed_polymerase_zeta_catalytic_subunit_REV3L_transcript_variant_X1_mRNA_1                         0.67%    passed     96.44%
 115  XM_036247698_1_PREDICTED_Molossus_molossus_REV3_like_DNA_directed_polymerase_zeta_catalytic_subunit_REV3L_transcript_variant_X1_mRNA_1                        0.67%    passed     98.72%
 116  XM_014866179_1_PREDICTED_Equus_asinus_REV3_like_DNA_directed_polymerase_zeta_catalytic_subunit_REV3L_transcript_variant_X1_mRNA_1                             0.67%    passed     99.02%
 117  XM_036902980_1_PREDICTED_Manis_pentadactyla_REV3_like_DNA_directed_polymerase_zeta_catalytic_subunit_REV3L_transcript_variant_X1_mRNA_1                       0.67%    passed     79.44%
 118  XM_008584529_1_PREDICTED_Galeopterus_variegatus_REV3_like_polymerase_DNA_directed_zeta_catalytic_subunit_REV3L_mRNA_1                                         0.67%    passed     98.54%
 119  XM_037012273_1_PREDICTED_Manis_javanica_REV3_like_DNA_directed_polymerase_zeta_catalytic_subunit_REV3L_mRNA_1                                                 0.67%    passed     77.80%
 120  XM_011935019_1_PREDICTED_Colobus_angolensis_palliatus_REV3_like_polymerase_DNA_directed_zeta_catalytic_subunit_REV3L_transcript_variant_X1_mRNA_1             0.67%    passed     96.61%
 121  XM_008007323_2_PREDICTED_Chlorocebus_sabaeus_REV3_like_DNA_directed_polymerase_zeta_catalytic_subunit_REV3L_transcript_variant_X1_mRNA_1                      0.67%    passed     98.50%
 122  XM_011758974_1_PREDICTED_Macaca_nemestrina_REV3_like_DNA_directed_polymerase_zeta_catalytic_subunit_REV3L_transcript_variant_X1_mRNA_1                        0.67%    passed     98.63%
 123  XM_031667490_1_PREDICTED_Papio_anubis_REV3_like_DNA_directed_polymerase_zeta_catalytic_subunit_REV3L_transcript_variant_X1_mRNA_1                             0.67%    passed     99.36%
 124  XM_025381340_1_PREDICTED_Theropithecus_gelada_REV3_like_DNA_directed_polymerase_zeta_catalytic_subunit_REV3L_transcript_variant_X1_mRNA_1                     0.67%    passed     99.36%
 125  XM_011970618_1_PREDICTED_Mandrillus_leucophaeus_REV3_like_polymerase_DNA_directed_zeta_catalytic_subunit_REV3L_transcript_variant_X1_mRNA_1                   0.67%    passed     99.36%
 126  XM_033234306_1_PREDICTED_Trachypithecus_francoisi_REV3_like_DNA_directed_polymerase_zeta_catalytic_subunit_REV3L_transcript_variant_X1_mRNA_1                 0.67%    passed     96.61%
 127  XM_010371650_2_PREDICTED_Rhinopithecus_roxellana_REV3_like_DNA_directed_polymerase_zeta_catalytic_subunit_REV3L_transcript_variant_X1_mRNA_1                  0.67%    passed     96.61%
 128  XM_026456416_1_PREDICTED_Piliocolobus_tephrosceles_REV3_like_DNA_directed_polymerase_zeta_catalytic_subunit_REV3L_transcript_variant_X1_mRNA_1                0.67%    passed     98.63%
 129  XM_031011917_1_PREDICTED_Gorilla_gorilla_gorilla_REV3_like_DNA_directed_polymerase_zeta_catalytic_subunit_REV3L_transcript_variant_X2_mRNA_1                  0.67%    passed     98.26%
 130  XM_008975749_3_PREDICTED_Pan_paniscus_REV3_like_DNA_directed_polymerase_zeta_catalytic_subunit_REV3L_transcript_variant_X1_mRNA_1                             0.67%    passed     98.26%
 131  XM_024248979_1_PREDICTED_Pongo_abelii_REV3_like_DNA_directed_polymerase_zeta_catalytic_subunit_REV3L_transcript_variant_X1_mRNA_1                             0.67%    passed     98.13%
 132  XM_030809566_1_PREDICTED_Nomascus_leucogenys_REV3_like_DNA_directed_polymerase_zeta_catalytic_subunit_REV3L_transcript_variant_X1_mRNA_1                      0.67%    passed     99.06%
 133  XM_032156758_1_PREDICTED_Hylobates_moloch_REV3_like_DNA_directed_polymerase_zeta_catalytic_subunit_REV3L_transcript_variant_X1_mRNA_1                         0.67%    passed     97.45%
 134  XM_039464970_1_PREDICTED_Saimiri_boliviensis_boliviensis_REV3_like_DNA_directed_polymerase_zeta_catalytic_subunit_REV3L_mRNA_1                                0.67%    passed     99.90%
 135  XM_017509257_2_PREDICTED_Cebus_imitator_REV3_like_DNA_directed_polymerase_zeta_catalytic_subunit_REV3L_transcript_variant_X1_mRNA_1                          49.33%    passed     76.48%
 136  XM_032275008_1_PREDICTED_Sapajus_apella_REV3_like_DNA_directed_polymerase_zeta_catalytic_subunit_REV3L_transcript_variant_X1_mRNA_1                           0.67%    passed     92.32%
 137  XM_012438367_2_PREDICTED_Aotus_nancymaae_REV3_like_DNA_directed_polymerase_zeta_catalytic_subunit_REV3L_transcript_variant_X1_mRNA_1                          0.67%    passed     95.92%
 138  XM_008058987_1_PREDICTED_Carlito_syrichta_REV3_like_DNA_directed_polymerase_zeta_catalytic_subunit_REV3L_transcript_variant_X1_mRNA_1                         0.67%    passed     76.40%
 139  XM_012642842_1_PREDICTED_Propithecus_coquereli_REV3_like_polymerase_DNA_directed_zeta_catalytic_subunit_REV3L_mRNA_1                                          0.67%    passed     99.46%
 140  XM_012753062_2_PREDICTED_Microcebus_murinus_REV3_like_DNA_directed_polymerase_zeta_catalytic_subunit_REV3L_transcript_variant_X1_mRNA_1                       0.67%    passed     99.80%
 141  XM_023512479_1_PREDICTED_Otolemur_garnettii_REV3_like_DNA_directed_polymerase_zeta_catalytic_subunit_REV3L_mRNA_1                                             0.67%    passed     99.37%
 142  XM_007940793_1_PREDICTED_Orycteropus_afer_afer_REV3_like_DNA_directed_polymerase_zeta_catalytic_subunit_REV3L_mRNA_1                                          0.67%    passed     84.34%
 143  XM_004702008_2_PREDICTED_Echinops_telfairi_REV3_like_DNA_directed_polymerase_zeta_catalytic_subunit_REV3L_mRNA_1                                              0.67%    passed     68.88%
 144  XM_006839926_1_PREDICTED_Chrysochloris_asiatica_REV3_like_polymerase_DNA_directed_zeta_catalytic_subunit_REV3L_mRNA_1                                         0.67%    passed     97.80%
 145  XM_010598962_2_PREDICTED_Loxodonta_africana_REV3_like_DNA_directed_polymerase_zeta_catalytic_subunit_REV3L_transcript_variant_X1_mRNA_1                       0.67%    passed     99.63%
 146  XM_037843746_1_PREDICTED_Choloepus_didactylus_REV3_like_DNA_directed_polymerase_zeta_catalytic_subunit_REV3L_transcript_variant_X1_mRNA_1                     0.67%    passed     97.45%
 147  XM_023589592_1_PREDICTED_Dasypus_novemcinctus_REV3_like_DNA_directed_polymerase_zeta_catalytic_subunit_REV3L_mRNA_1                                           0.67%    passed     95.16%
 148  XM_029047173_2_PREDICTED_Ornithorhynchus_anatinus_REV3_like_DNA_directed_polymerase_zeta_catalytic_subunit_REV3L_transcript_variant_X1_mRNA_1                 0.67%    passed     40.97%
 149  XM_038761479_1_PREDICTED_Tachyglossus_aculeatus_REV3_like_DNA_directed_polymerase_zeta_catalytic_subunit_REV3L_mRNA_1                                         0.67%    passed     51.80%
 150  XM_022520135_1_PREDICTED_Enhydra_lutris_kenyoni_REV3_like_DNA_directed_polymerase_zeta_catalytic_subunit_LOC111158218_transcript_variant_X1_mRNA_1            0.67%    passed     99.68%
 151  XM_014781164_1_PREDICTED_Ceratotherium_simum_simum_REV3_like_DNA_directed_polymerase_zeta_catalytic_subunit_LOC101399622_transcript_variant_X1_mRNA_1         0.67%    passed     99.37%
 152  XM_004372470_3_PREDICTED_Trichechus_manatus_latirostris_REV3_like_DNA_directed_polymerase_zeta_catalytic_subunit_LOC101361167_transcript_variant_X1_mRNA_1    0.67%    passed     96.11%
WARNING: 2 sequences contain more than 50% gaps/ambiguity
****  TOTAL                                                                                                                                                         2.02%  0 sequences failed composition chi2 test (p-value<5%; df=3)
NOTE: XM_015448392_1_PREDICTED_Macaca_fascicularis_REV3_like_DNA_directed_polymerase_zeta_catalytic_subunit_REV3L_transcript_variant_X1_mRNA_1 is identical to XM_028847034_1_PREDICTED_Macaca_mulatta_REV3_like_DNA_directed_polymerase_zeta_catalytic_subunit_REV3L_transcript_variant_X1_mRNA_1 but kept for subsequent analysis
NOTE: XM_027551194_1_PREDICTED_Bos_indicus_x_Bos_taurus_REV3_like_DNA_directed_polymerase_zeta_catalytic_subunit_REV3L_transcript_variant_X1_mRNA_1 is identical to XM_024996589_1_PREDICTED_Bos_taurus_REV3_like_DNA_directed_polymerase_zeta_catalytic_subunit_REV3L_transcript_variant_X1_mRNA_1 but kept for subsequent analysis
NOTE: XM_026005811_1_PREDICTED_Vulpes_vulpes_REV3_like_DNA_directed_polymerase_zeta_catalytic_subunit_REV3L_transcript_variant_X1_mRNA_1 is identical to XM_014118216_3_PREDICTED_Canis_lupus_familiaris_REV3_like_DNA_directed_polymerase_zeta_catalytic_subunit_REV3L_transcript_variant_X1_mRNA_1 but kept for subsequent analysis
NOTE: XM_031011917_1_PREDICTED_Gorilla_gorilla_gorilla_REV3_like_DNA_directed_polymerase_zeta_catalytic_subunit_REV3L_transcript_variant_X2_mRNA_1 is identical to XM_016956167_2_PREDICTED_Pan_troglodytes_REV3_like_DNA_directed_polymerase_zeta_catalytic_subunit_REV3L_transcript_variant_X1_mRNA_1 but kept for subsequent analysis
NOTE: XM_023750109_1_PREDICTED_Myotis_lucifugus_REV3_like_DNA_directed_polymerase_zeta_catalytic_subunit_REV3L_transcript_variant_X1_mRNA_1 is identical to XM_005883745_2_PREDICTED_Myotis_brandtii_REV3_like_polymerase_DNA_directed_zeta_catalytic_subunit_REV3L_transcript_variant_X1_mRNA_1 but kept for subsequent analysis
NOTE: XM_019443107_1_PREDICTED_Panthera_pardus_REV3_like_DNA_directed_polymerase_zeta_catalytic_subunit_REV3L_transcript_variant_X1_mRNA_1 is identical to XM_007078726_2_PREDICTED_Panthera_tigris_altaica_REV3_like_DNA_directed_polymerase_zeta_catalytic_subunit_REV3L_transcript_variant_X1_mRNA_1 but kept for subsequent analysis
NOTE: XM_030316171_1_PREDICTED_Lynx_canadensis_REV3_like_DNA_directed_polymerase_zeta_catalytic_subunit_REV3L_transcript_variant_X2_mRNA_1 is identical to XM_027057077_1_PREDICTED_Acinonyx_jubatus_REV3_like_DNA_directed_polymerase_zeta_catalytic_subunit_REV3L_transcript_variant_X1_mRNA_1 but kept for subsequent analysis
NOTE: XM_040627642_1_PREDICTED_Ursus_maritimus_REV3_like_DNA_directed_polymerase_zeta_catalytic_subunit_REV3L_mRNA_1 is identical to XM_026511625_1_PREDICTED_Ursus_arctos_horribilis_REV3_like_DNA_directed_polymerase_zeta_catalytic_subunit_REV3L_transcript_variant_X1_mRNA_1 but kept for subsequent analysis
NOTE: XM_032337983_1_PREDICTED_Mustela_erminea_REV3_like_DNA_directed_polymerase_zeta_catalytic_subunit_REV3L_transcript_variant_X1_mRNA_1 is identical to XM_032858328_1_PREDICTED_Lontra_canadensis_REV3_like_DNA_directed_polymerase_zeta_catalytic_subunit_REV3L_transcript_variant_X1_mRNA_1 but kept for subsequent analysis
NOTE: XM_028104162_1_PREDICTED_Eumetopias_jubatus_REV3_like_DNA_directed_polymerase_zeta_catalytic_subunit_REV3L_transcript_variant_X1_mRNA_1 is identical to XM_025864219_1_PREDICTED_Callorhinus_ursinus_REV3_like_DNA_directed_polymerase_zeta_catalytic_subunit_REV3L_transcript_variant_X1_mRNA_1 but kept for subsequent analysis
NOTE: XM_034991838_1_PREDICTED_Mirounga_leonina_REV3_like_DNA_directed_polymerase_zeta_catalytic_subunit_REV3L_transcript_variant_X1_mRNA_1 is identical to XM_006735481_2_PREDICTED_Leptonychotes_weddellii_REV3_like_DNA_directed_polymerase_zeta_catalytic_subunit_REV3L_mRNA_1 but kept for subsequent analysis
NOTE: XM_027972360_2_PREDICTED_Ovis_aries_REV3_like_DNA_directed_polymerase_zeta_catalytic_subunit_REV3L_transcript_variant_X1_mRNA_1 is identical to XM_018053060_1_PREDICTED_Capra_hircus_REV3_like_DNA_directed_polymerase_zeta_catalytic_subunit_REV3L_transcript_variant_X1_mRNA_1 but kept for subsequent analysis
NOTE: XM_031456165_1_PREDICTED_Camelus_dromedarius_REV3_like_DNA_directed_polymerase_zeta_catalytic_subunit_REV3L_transcript_variant_X1_mRNA_1 is identical to XM_031680135_1_PREDICTED_Vicugna_pacos_REV3_like_DNA_directed_polymerase_zeta_catalytic_subunit_REV3L_transcript_variant_X1_mRNA_1 but kept for subsequent analysis
NOTE: XM_010965426_1_PREDICTED_Camelus_bactrianus_REV3_like_polymerase_DNA_directed_zeta_catalytic_subunit_REV3L_mRNA_1 is identical to XM_032484707_1_PREDICTED_Camelus_ferus_REV3_like_DNA_directed_polymerase_zeta_catalytic_subunit_REV3L_transcript_variant_X1_mRNA_1 but kept for subsequent analysis
NOTE: XM_032650682_1_PREDICTED_Phocoena_sinus_REV3_like_DNA_directed_polymerase_zeta_catalytic_subunit_REV3L_transcript_variant_X1_mRNA_1 is identical to XM_024740937_1_PREDICTED_Neophocaena_asiaeorientalis_asiaeorientalis_REV3_like_DNA_directed_polymerase_zeta_catalytic_subunit_REV3L_mRNA_1 but kept for subsequent analysis
NOTE: XM_036871281_1_PREDICTED_Balaenoptera_musculus_REV3_like_DNA_directed_polymerase_zeta_catalytic_subunit_REV3L_transcript_variant_X1_mRNA_1 is identical to XM_007190708_2_PREDICTED_Balaenoptera_acutorostrata_scammoni_REV3_like_DNA_directed_polymerase_zeta_catalytic_subunit_REV3L_transcript_variant_X1_mRNA_1 but kept for subsequent analysis
NOTE: XM_033418640_1_PREDICTED_Orcinus_orca_REV3_like_DNA_directed_polymerase_zeta_catalytic_subunit_REV3L_transcript_variant_X1_mRNA_1 is identical to XM_027088475_1_PREDICTED_Lagenorhynchus_obliquidens_REV3_like_DNA_directed_polymerase_zeta_catalytic_subunit_REV3L_transcript_variant_X1_mRNA_1 but kept for subsequent analysis
NOTE: XM_022554510_2_PREDICTED_Delphinapterus_leucas_REV3_like_DNA_directed_polymerase_zeta_catalytic_subunit_REV3L_transcript_variant_X1_mRNA_1 is identical to XM_029223581_1_PREDICTED_Monodon_monoceros_REV3_like_DNA_directed_polymerase_zeta_catalytic_subunit_REV3L_transcript_variant_X1_mRNA_1 but kept for subsequent analysis
NOTE: XM_033234306_1_PREDICTED_Trachypithecus_francoisi_REV3_like_DNA_directed_polymerase_zeta_catalytic_subunit_REV3L_transcript_variant_X1_mRNA_1 is identical to XM_011935019_1_PREDICTED_Colobus_angolensis_palliatus_REV3_like_polymerase_DNA_directed_zeta_catalytic_subunit_REV3L_transcript_variant_X1_mRNA_1 but kept for subsequent analysis
NOTE: XM_025381340_1_PREDICTED_Theropithecus_gelada_REV3_like_DNA_directed_polymerase_zeta_catalytic_subunit_REV3L_transcript_variant_X1_mRNA_1 is identical to XM_031667490_1_PREDICTED_Papio_anubis_REV3_like_DNA_directed_polymerase_zeta_catalytic_subunit_REV3L_transcript_variant_X1_mRNA_1 but kept for subsequent analysis
Checking for duplicate sequences: done in 0.00038269 secs using 76.3% CPU
Identifying sites to remove: done in 0.00064486 secs using 100% CPU
NOTE: 6 identical sequences (see below) will be ignored for subsequent analysis
NOTE: XM_011758974_1_PREDICTED_Macaca_nemestrina_REV3_like_DNA_directed_polymerase_zeta_catalytic_subunit_REV3L_transcript_variant_X1_mRNA_1 (identical to XM_028847034_1_PREDICTED_Macaca_mulatta_REV3_like_DNA_directed_polymerase_zeta_catalytic_subunit_REV3L_transcript_variant_X1_mRNA_1) is ignored but added at the end
NOTE: XM_008975749_3_PREDICTED_Pan_paniscus_REV3_like_DNA_directed_polymerase_zeta_catalytic_subunit_REV3L_transcript_variant_X1_mRNA_1 (identical to XM_016956167_2_PREDICTED_Pan_troglodytes_REV3_like_DNA_directed_polymerase_zeta_catalytic_subunit_REV3L_transcript_variant_X1_mRNA_1) is ignored but added at the end
NOTE: XM_040474393_1_PREDICTED_Puma_yagouaroundi_REV3_like_DNA_directed_polymerase_zeta_catalytic_subunit_REV3L_transcript_variant_X1_mRNA_1 (identical to XM_027057077_1_PREDICTED_Acinonyx_jubatus_REV3_like_DNA_directed_polymerase_zeta_catalytic_subunit_REV3L_transcript_variant_X1_mRNA_1) is ignored but added at the end
NOTE: XM_023254263_1_PREDICTED_Felis_catus_REV3_like_DNA_directed_polymerase_zeta_catalytic_subunit_REV3L_transcript_variant_X1_mRNA_1 (identical to XM_027057077_1_PREDICTED_Acinonyx_jubatus_REV3_like_DNA_directed_polymerase_zeta_catalytic_subunit_REV3L_transcript_variant_X1_mRNA_1) is ignored but added at the end
NOTE: XM_019929582_1_PREDICTED_Tursiops_truncatus_REV3_like_DNA_directed_polymerase_zeta_catalytic_subunit_REV3L_transcript_variant_X1_mRNA_1 (identical to XM_027088475_1_PREDICTED_Lagenorhynchus_obliquidens_REV3_like_DNA_directed_polymerase_zeta_catalytic_subunit_REV3L_transcript_variant_X1_mRNA_1) is ignored but added at the end
NOTE: XM_010371650_2_PREDICTED_Rhinopithecus_roxellana_REV3_like_DNA_directed_polymerase_zeta_catalytic_subunit_REV3L_transcript_variant_X1_mRNA_1 (identical to XM_011935019_1_PREDICTED_Colobus_angolensis_palliatus_REV3_like_polymerase_DNA_directed_zeta_catalytic_subunit_REV3L_transcript_variant_X1_mRNA_1) is ignored but added at the end
Alignment was printed to /home/aglucaci/AOC-REV3L/results/mammalian_REV3L/mammalian_REV3L.12.codon.fas.uniqueseq.phy

For your convenience alignment with unique sequences printed to /home/aglucaci/AOC-REV3L/results/mammalian_REV3L/mammalian_REV3L.12.codon.fas.uniqueseq.phy


Create initial parsimony tree by phylogenetic likelihood library (PLL)... 0.008 seconds
Measuring multi-threading efficiency up to 8 CPU cores
Increase to 10 rounds for branch lengths
133 trees examined
Threads: 1 / Time: 8.056 sec / Speedup: 1.000 / Efficiency: 100% / LogL: -10841
Threads: 2 / Time: 6.141 sec / Speedup: 1.312 / Efficiency: 66% / LogL: -10841
Threads: 3 / Time: 5.344 sec / Speedup: 1.508 / Efficiency: 50% / LogL: -10841
Threads: 4 / Time: 5.144 sec / Speedup: 1.566 / Efficiency: 39% / LogL: -10841
Determining AUTO threadcount: done in 24.6854 secs using 225.9% CPU
BEST NUMBER OF THREADS: 3

Perform fast likelihood tree search using GTR+I+G model...
Estimate model parameters (epsilon = 5.000)
Perform nearest neighbor interchange...
Optimizing NNI: done in 0.0872873 secs using 295.4% CPU
Estimate model parameters (epsilon = 1.000)
1. Initial log-likelihood: -5874.933
Optimal log-likelihood: -5874.409
Rate parameters:  A-C: 2.30031  A-G: 5.44483  A-T: 0.94478  C-G: 0.75787  C-T: 8.67448  G-T: 1.00000
Base frequencies:  A: 0.315  C: 0.170  G: 0.254  T: 0.261
Proportion of invariable sites: 0.304
Gamma shape alpha: 0.612
Parameters optimization took 1 rounds (0.028 sec)
Time for fast ML tree search: 0.271 seconds

NOTE: ModelFinder requires 11 MB RAM!
ModelFinder will test up to 484 DNA models (sample size: 450) ...
 No. Model         -LnL         df  AIC          AICc         BIC
Measuring multi-threading efficiency up to 8 CPU cores
Increase to 10 rounds for branch lengths
363 trees examined
Threads: 1 / Time: 8.012 sec / Speedup: 1.000 / Efficiency: 100% / LogL: -12715
Threads: 2 / Time: 6.567 sec / Speedup: 1.220 / Efficiency: 61% / LogL: -12715
Threads: 3 / Time: 6.152 sec / Speedup: 1.302 / Efficiency: 43% / LogL: -12715
Determining AUTO threadcount: done in 20.7312 secs using 184.8% CPU
BEST NUMBER OF THREADS: 2

  1  GTR+F         6472.600     297 13539.200    14703.753    14759.646
Measuring multi-threading efficiency up to 8 CPU cores
Increase to 10 rounds for branch lengths
338 trees examined
Threads: 1 / Time: 8.018 sec / Speedup: 1.000 / Efficiency: 100% / LogL: -11221
Threads: 2 / Time: 6.646 sec / Speedup: 1.207 / Efficiency: 60% / LogL: -11221
Threads: 3 / Time: 6.217 sec / Speedup: 1.290 / Efficiency: 43% / LogL: -11221
Determining AUTO threadcount: done in 20.8807 secs using 185.4% CPU
BEST NUMBER OF THREADS: 2

  2  GTR+F+I       6017.804     298 12631.608    13811.767    13856.164
Measuring multi-threading efficiency up to 8 CPU cores
Increase to 10 rounds for branch lengths
139 trees examined
Threads: 1 / Time: 8.011 sec / Speedup: 1.000 / Efficiency: 100% / LogL: -10486
Threads: 2 / Time: 5.977 sec / Speedup: 1.340 / Efficiency: 67% / LogL: -10486
Threads: 3 / Time: 5.289 sec / Speedup: 1.515 / Efficiency: 50% / LogL: -10486
Threads: 4 / Time: 7.960 sec / Speedup: 1.006 / Efficiency: 25% / LogL: -10486
Determining AUTO threadcount: done in 27.2387 secs using 243.7% CPU
BEST NUMBER OF THREADS: 3

  3  GTR+F+G4      5884.724     298 12365.448    13545.607    13590.003
Measuring multi-threading efficiency up to 8 CPU cores
Increase to 10 rounds for branch lengths
128 trees examined
Threads: 1 / Time: 8.009 sec / Speedup: 1.000 / Efficiency: 100% / LogL: -10053
Threads: 2 / Time: 6.066 sec / Speedup: 1.320 / Efficiency: 66% / LogL: -10053
Threads: 3 / Time: 5.233 sec / Speedup: 1.530 / Efficiency: 51% / LogL: -10053
Threads: 4 / Time: 4.909 sec / Speedup: 1.632 / Efficiency: 41% / LogL: -10053
Determining AUTO threadcount: done in 24.2176 secs using 224.7% CPU
BEST NUMBER OF THREADS: 3

  4  GTR+F+I+G4    5872.005     299 12342.010    13538.010    13570.675
Measuring multi-threading efficiency up to 8 CPU cores
Increase to 10 rounds for branch lengths
232 trees examined
Threads: 1 / Time: 8.022 sec / Speedup: 1.000 / Efficiency: 100% / LogL: -11114
Threads: 2 / Time: 6.237 sec / Speedup: 1.286 / Efficiency: 64% / LogL: -11114
Threads: 3 / Time: 5.624 sec / Speedup: 1.426 / Efficiency: 48% / LogL: -11114
Determining AUTO threadcount: done in 19.8826 secs using 182.8% CPU
BEST NUMBER OF THREADS: 2

  5  GTR+F+R2      5923.365     299 12444.730    13640.730    13673.395
Measuring multi-threading efficiency up to 8 CPU cores
Increase to 10 rounds for branch lengths
178 trees examined
Threads: 1 / Time: 8.022 sec / Speedup: 1.000 / Efficiency: 100% / LogL: -10739
Threads: 2 / Time: 5.988 sec / Speedup: 1.340 / Efficiency: 67% / LogL: -10739
Threads: 3 / Time: 5.484 sec / Speedup: 1.463 / Efficiency: 49% / LogL: -10739
Determining AUTO threadcount: done in 19.4931 secs using 182.2% CPU
BEST NUMBER OF THREADS: 2

  6  GTR+F+R3      5864.537     301 12331.073    13559.478    13567.957
Measuring multi-threading efficiency up to 8 CPU cores
Increase to 10 rounds for branch lengths
138 trees examined
Threads: 1 / Time: 8.059 sec / Speedup: 1.000 / Efficiency: 100% / LogL: -10530
Threads: 2 / Time: 5.901 sec / Speedup: 1.366 / Efficiency: 68% / LogL: -10530
Threads: 3 / Time: 8.651 sec / Speedup: 0.932 / Efficiency: 31% / LogL: -10530
Determining AUTO threadcount: done in 22.6108 secs using 198.3% CPU
BEST NUMBER OF THREADS: 2

  7  GTR+F+R4      5864.435     303 12334.871    13596.679    13579.973
Measuring multi-threading efficiency up to 8 CPU cores
Increase to 10 rounds for branch lengths
198 trees examined
Threads: 1 / Time: 8.007 sec / Speedup: 1.000 / Efficiency: 100% / LogL: -10377
Threads: 2 / Time: 6.220 sec / Speedup: 1.287 / Efficiency: 64% / LogL: -10377
Threads: 3 / Time: 9.629 sec / Speedup: 0.832 / Efficiency: 28% / LogL: -10377
Determining AUTO threadcount: done in 23.8559 secs using 200.7% CPU
BEST NUMBER OF THREADS: 2

 14  GTR+F+I+I+R2  5886.272     300 12372.544    13584.625    13605.318
Measuring multi-threading efficiency up to 8 CPU cores
Increase to 10 rounds for branch lengths
158 trees examined
Threads: 1 / Time: 8.047 sec / Speedup: 1.000 / Efficiency: 100% / LogL: -10255
Threads: 2 / Time: 6.195 sec / Speedup: 1.299 / Efficiency: 65% / LogL: -10255
Threads: 3 / Time: 9.090 sec / Speedup: 0.885 / Efficiency: 30% / LogL: -10255
Determining AUTO threadcount: done in 23.3325 secs using 199.6% CPU
BEST NUMBER OF THREADS: 2

 15  GTR+F+I+I+R3  5861.756     302 12327.513    13572.492    13568.506
Measuring multi-threading efficiency up to 8 CPU cores
Increase to 10 rounds for branch lengths
130 trees examined
Threads: 1 / Time: 8.042 sec / Speedup: 1.000 / Efficiency: 100% / LogL: -10108
Threads: 2 / Time: 6.018 sec / Speedup: 1.336 / Efficiency: 67% / LogL: -10108
Threads: 3 / Time: 8.308 sec / Speedup: 0.968 / Efficiency: 32% / LogL: -10108
Determining AUTO threadcount: done in 22.3678 secs using 197% CPU
BEST NUMBER OF THREADS: 2

 16  GTR+F+I+I+R4  5861.476     304 12330.953    13609.849    13580.164
Measuring multi-threading efficiency up to 8 CPU cores
Increase to 10 rounds for branch lengths
130 trees examined
Threads: 1 / Time: 8.047 sec / Speedup: 1.000 / Efficiency: 100% / LogL: -10187
Threads: 2 / Time: 5.959 sec / Speedup: 1.350 / Efficiency: 68% / LogL: -10187
Threads: 3 / Time: 5.206 sec / Speedup: 1.546 / Efficiency: 52% / LogL: -10187
Threads: 4 / Time: 4.991 sec / Speedup: 1.612 / Efficiency: 40% / LogL: -10187
Determining AUTO threadcount: done in 24.2028 secs using 225% CPU
BEST NUMBER OF THREADS: 3

 26  SYM+I+G4      5886.499     296 12364.999    13514.175    13581.336
Measuring multi-threading efficiency up to 8 CPU cores
Increase to 10 rounds for branch lengths
180 trees examined
Threads: 1 / Time: 8.036 sec / Speedup: 1.000 / Efficiency: 100% / LogL: -10332
Threads: 2 / Time: 5.930 sec / Speedup: 1.355 / Efficiency: 68% / LogL: -10332
Threads: 3 / Time: 5.251 sec / Speedup: 1.530 / Efficiency: 51% / LogL: -10332
Threads: 4 / Time: 5.156 sec / Speedup: 1.558 / Efficiency: 39% / LogL: -10332
Determining AUTO threadcount: done in 24.3738 secs using 226.3% CPU
BEST NUMBER OF THREADS: 3

 28  SYM+R3        5883.149     298 12362.298    13542.457    13586.854
Measuring multi-threading efficiency up to 8 CPU cores
Increase to 10 rounds for branch lengths
156 trees examined
Threads: 1 / Time: 8.007 sec / Speedup: 1.000 / Efficiency: 100% / LogL: -10320
Threads: 2 / Time: 6.053 sec / Speedup: 1.323 / Efficiency: 66% / LogL: -10320
Threads: 3 / Time: 9.673 sec / Speedup: 0.828 / Efficiency: 28% / LogL: -10320
Determining AUTO threadcount: done in 23.7335 secs using 202% CPU
BEST NUMBER OF THREADS: 2

 37  SYM+I+I+R3    5875.786     299 12349.571    13545.571    13578.236
Measuring multi-threading efficiency up to 8 CPU cores
Increase to 10 rounds for branch lengths
128 trees examined
Threads: 1 / Time: 8.031 sec / Speedup: 1.000 / Efficiency: 100% / LogL: -10028
Threads: 2 / Time: 6.060 sec / Speedup: 1.325 / Efficiency: 66% / LogL: -10028
Threads: 3 / Time: 8.848 sec / Speedup: 0.908 / Efficiency: 30% / LogL: -10028
Determining AUTO threadcount: done in 22.9391 secs using 199.2% CPU
BEST NUMBER OF THREADS: 2

 48  TVM+F+I+G4    5879.744     298 12355.489    13535.648    13580.044
Measuring multi-threading efficiency up to 8 CPU cores
Increase to 10 rounds for branch lengths
183 trees examined
Threads: 1 / Time: 8.046 sec / Speedup: 1.000 / Efficiency: 100% / LogL: -10115
Threads: 2 / Time: 6.219 sec / Speedup: 1.294 / Efficiency: 65% / LogL: -10115
Threads: 3 / Time: 5.350 sec / Speedup: 1.504 / Efficiency: 50% / LogL: -10115
Threads: 4 / Time: 8.919 sec / Speedup: 0.902 / Efficiency: 23% / LogL: -10115
Determining AUTO threadcount: done in 28.5346 secs using 247.6% CPU
BEST NUMBER OF THREADS: 3

 50  TVM+F+R3      5872.559     300 12345.118    13557.199    13577.892
Measuring multi-threading efficiency up to 8 CPU cores
Increase to 10 rounds for branch lengths
161 trees examined
Threads: 1 / Time: 8.024 sec / Speedup: 1.000 / Efficiency: 100% / LogL: -10199
Threads: 2 / Time: 6.007 sec / Speedup: 1.336 / Efficiency: 67% / LogL: -10199
Threads: 3 / Time: 9.331 sec / Speedup: 0.860 / Efficiency: 29% / LogL: -10199
Determining AUTO threadcount: done in 23.3629 secs using 200.7% CPU
BEST NUMBER OF THREADS: 2

 59  TVM+F+I+I+R3  5867.400     301 12336.800    13565.205    13573.684
Measuring multi-threading efficiency up to 8 CPU cores
Increase to 10 rounds for branch lengths
129 trees examined
Threads: 1 / Time: 8.043 sec / Speedup: 1.000 / Efficiency: 100% / LogL: -10082
Threads: 2 / Time: 6.018 sec / Speedup: 1.336 / Efficiency: 67% / LogL: -10082
Threads: 3 / Time: 5.341 sec / Speedup: 1.506 / Efficiency: 50% / LogL: -10082
Threads: 4 / Time: 5.103 sec / Speedup: 1.576 / Efficiency: 39% / LogL: -10082
Determining AUTO threadcount: done in 24.5053 secs using 225.9% CPU
BEST NUMBER OF THREADS: 3

 70  TVMe+I+G4     5886.636     295 12363.271    13497.297    13575.499
Measuring multi-threading efficiency up to 8 CPU cores
Increase to 10 rounds for branch lengths
181 trees examined
Threads: 1 / Time: 8.012 sec / Speedup: 1.000 / Efficiency: 100% / LogL: -10174
Threads: 2 / Time: 5.949 sec / Speedup: 1.347 / Efficiency: 67% / LogL: -10174
Threads: 3 / Time: 5.441 sec / Speedup: 1.473 / Efficiency: 49% / LogL: -10174
Determining AUTO threadcount: done in 19.4015 secs using 182.5% CPU
BEST NUMBER OF THREADS: 2

 72  TVMe+R3       5883.274     297 12360.548    13525.100    13580.994
Measuring multi-threading efficiency up to 8 CPU cores
Increase to 10 rounds for branch lengths
156 trees examined
Threads: 1 / Time: 8.001 sec / Speedup: 1.000 / Efficiency: 100% / LogL: -10237
Threads: 2 / Time: 5.993 sec / Speedup: 1.335 / Efficiency: 67% / LogL: -10237
Threads: 3 / Time: 5.447 sec / Speedup: 1.469 / Efficiency: 49% / LogL: -10237
Determining AUTO threadcount: done in 19.4407 secs using 182.5% CPU
BEST NUMBER OF THREADS: 2

 81  TVMe+I+I+R3   5876.831     298 12349.662    13529.820    13574.217
Measuring multi-threading efficiency up to 8 CPU cores
Increase to 10 rounds for branch lengths
130 trees examined
Threads: 1 / Time: 8.059 sec / Speedup: 1.000 / Efficiency: 100% / LogL: -10073
Threads: 2 / Time: 5.954 sec / Speedup: 1.354 / Efficiency: 68% / LogL: -10073
Threads: 3 / Time: 5.181 sec / Speedup: 1.555 / Efficiency: 52% / LogL: -10073
Threads: 4 / Time: 7.969 sec / Speedup: 1.011 / Efficiency: 25% / LogL: -10073
Determining AUTO threadcount: done in 27.1628 secs using 243.5% CPU
BEST NUMBER OF THREADS: 3

 92  TIM3+F+I+G4   5883.004     297 12360.007    13524.560    13580.454
Measuring multi-threading efficiency up to 8 CPU cores
Increase to 10 rounds for branch lengths
180 trees examined
Threads: 1 / Time: 8.041 sec / Speedup: 1.000 / Efficiency: 100% / LogL: -10086
Threads: 2 / Time: 5.895 sec / Speedup: 1.364 / Efficiency: 68% / LogL: -10086
Threads: 3 / Time: 5.379 sec / Speedup: 1.495 / Efficiency: 50% / LogL: -10086
Determining AUTO threadcount: done in 19.3153 secs using 182.1% CPU
BEST NUMBER OF THREADS: 2

 94  TIM3+F+R3     5874.299     299 12346.599    13542.599    13575.264
Measuring multi-threading efficiency up to 8 CPU cores
Increase to 10 rounds for branch lengths
155 trees examined
Threads: 1 / Time: 8.040 sec / Speedup: 1.000 / Efficiency: 100% / LogL: -10127
Threads: 2 / Time: 6.057 sec / Speedup: 1.327 / Efficiency: 66% / LogL: -10127
Threads: 3 / Time: 5.433 sec / Speedup: 1.480 / Efficiency: 49% / LogL: -10127
Determining AUTO threadcount: done in 19.5298 secs using 182.3% CPU
BEST NUMBER OF THREADS: 2

103  TIM3+F+I+I+R3 5871.833     300 12343.665    13555.746    13576.440
Measuring multi-threading efficiency up to 8 CPU cores
Increase to 10 rounds for branch lengths
131 trees examined
Threads: 1 / Time: 8.055 sec / Speedup: 1.000 / Efficiency: 100% / LogL: -10214
Threads: 2 / Time: 5.977 sec / Speedup: 1.348 / Efficiency: 67% / LogL: -10214
Threads: 3 / Time: 8.383 sec / Speedup: 0.961 / Efficiency: 32% / LogL: -10214
Determining AUTO threadcount: done in 22.4159 secs using 197% CPU
BEST NUMBER OF THREADS: 2

114  TIM3e+I+G4    5901.998     294 12391.996    13511.093    13600.115
Measuring multi-threading efficiency up to 8 CPU cores
Increase to 10 rounds for branch lengths
180 trees examined
Threads: 1 / Time: 8.037 sec / Speedup: 1.000 / Efficiency: 100% / LogL: -10293
Threads: 2 / Time: 6.112 sec / Speedup: 1.315 / Efficiency: 66% / LogL: -10293
Threads: 3 / Time: 5.442 sec / Speedup: 1.477 / Efficiency: 49% / LogL: -10293
Determining AUTO threadcount: done in 19.5909 secs using 182.4% CPU
BEST NUMBER OF THREADS: 2

116  TIM3e+R3      5896.783     296 12385.565    13534.742    13601.903
Measuring multi-threading efficiency up to 8 CPU cores
Increase to 10 rounds for branch lengths
152 trees examined
Threads: 1 / Time: 8.045 sec / Speedup: 1.000 / Efficiency: 100% / LogL: -10239
Threads: 2 / Time: 6.053 sec / Speedup: 1.329 / Efficiency: 66% / LogL: -10239
Threads: 3 / Time: 5.290 sec / Speedup: 1.521 / Efficiency: 51% / LogL: -10239
Threads: 4 / Time: 8.984 sec / Speedup: 0.895 / Efficiency: 22% / LogL: -10239
Determining AUTO threadcount: done in 28.3715 secs using 247.9% CPU
BEST NUMBER OF THREADS: 3

125  TIM3e+I+I+R3  5890.789     297 12375.578    13540.131    13596.025
Measuring multi-threading efficiency up to 8 CPU cores
Increase to 10 rounds for branch lengths
131 trees examined
Threads: 1 / Time: 8.020 sec / Speedup: 1.000 / Efficiency: 100% / LogL: -10041
Threads: 2 / Time: 5.935 sec / Speedup: 1.351 / Efficiency: 68% / LogL: -10041
Threads: 3 / Time: 8.515 sec / Speedup: 0.942 / Efficiency: 31% / LogL: -10041
Determining AUTO threadcount: done in 22.4714 secs using 198.1% CPU
BEST NUMBER OF THREADS: 2

136  TIM2+F+I+G4   5885.044     297 12364.089    13528.641    13584.535
Measuring multi-threading efficiency up to 8 CPU cores
Increase to 10 rounds for branch lengths
180 trees examined
Threads: 1 / Time: 8.005 sec / Speedup: 1.000 / Efficiency: 100% / LogL: -10279
Threads: 2 / Time: 5.933 sec / Speedup: 1.349 / Efficiency: 67% / LogL: -10279
Threads: 3 / Time: 9.044 sec / Speedup: 0.885 / Efficiency: 30% / LogL: -10279
Determining AUTO threadcount: done in 22.9828 secs using 199.3% CPU
BEST NUMBER OF THREADS: 2

138  TIM2+F+R3     5877.232     299 12352.464    13548.464    13581.129
Measuring multi-threading efficiency up to 8 CPU cores
Increase to 10 rounds for branch lengths
152 trees examined
Threads: 1 / Time: 8.018 sec / Speedup: 1.000 / Efficiency: 100% / LogL: -10124
Threads: 2 / Time: 5.958 sec / Speedup: 1.346 / Efficiency: 67% / LogL: -10124
Threads: 3 / Time: 8.847 sec / Speedup: 0.906 / Efficiency: 30% / LogL: -10124
Determining AUTO threadcount: done in 22.8234 secs using 198.5% CPU
BEST NUMBER OF THREADS: 2

147  TIM2+F+I+I+R3 5874.445     300 12348.890    13560.970    13581.664
Measuring multi-threading efficiency up to 8 CPU cores
Increase to 10 rounds for branch lengths
128 trees examined
Threads: 1 / Time: 8.061 sec / Speedup: 1.000 / Efficiency: 100% / LogL: -10176
Threads: 2 / Time: 5.907 sec / Speedup: 1.365 / Efficiency: 68% / LogL: -10176
Threads: 3 / Time: 5.201 sec / Speedup: 1.550 / Efficiency: 52% / LogL: -10176
Threads: 4 / Time: 5.035 sec / Speedup: 1.601 / Efficiency: 40% / LogL: -10176
Determining AUTO threadcount: done in 24.2038 secs using 225.5% CPU
BEST NUMBER OF THREADS: 3

158  TIM2e+I+G4    5893.885     294 12375.770    13494.867    13583.889
Measuring multi-threading efficiency up to 8 CPU cores
Increase to 10 rounds for branch lengths
180 trees examined
Threads: 1 / Time: 8.048 sec / Speedup: 1.000 / Efficiency: 100% / LogL: -10229
Threads: 2 / Time: 5.886 sec / Speedup: 1.367 / Efficiency: 68% / LogL: -10229
Threads: 3 / Time: 5.273 sec / Speedup: 1.526 / Efficiency: 51% / LogL: -10229
Threads: 4 / Time: 8.372 sec / Speedup: 0.961 / Efficiency: 24% / LogL: -10229
Determining AUTO threadcount: done in 27.5789 secs using 245.2% CPU
BEST NUMBER OF THREADS: 3

160  TIM2e+R3      5890.230     296 12372.460    13521.637    13588.797
Measuring multi-threading efficiency up to 8 CPU cores
Increase to 10 rounds for branch lengths
154 trees examined
Threads: 1 / Time: 8.000 sec / Speedup: 1.000 / Efficiency: 100% / LogL: -10291
Threads: 2 / Time: 5.940 sec / Speedup: 1.347 / Efficiency: 67% / LogL: -10291
Threads: 3 / Time: 8.965 sec / Speedup: 0.892 / Efficiency: 30% / LogL: -10291
Determining AUTO threadcount: done in 22.9057 secs using 199.1% CPU
BEST NUMBER OF THREADS: 2

169  TIM2e+I+I+R3  5882.969     297 12359.938    13524.490    13580.384
Measuring multi-threading efficiency up to 8 CPU cores
Increase to 10 rounds for branch lengths
130 trees examined
Threads: 1 / Time: 8.050 sec / Speedup: 1.000 / Efficiency: 100% / LogL: -10016
Threads: 2 / Time: 5.902 sec / Speedup: 1.364 / Efficiency: 68% / LogL: -10016
Threads: 3 / Time: 5.113 sec / Speedup: 1.575 / Efficiency: 52% / LogL: -10016
Threads: 4 / Time: 8.034 sec / Speedup: 1.002 / Efficiency: 25% / LogL: -10016
Determining AUTO threadcount: done in 27.0988 secs using 243.8% CPU
BEST NUMBER OF THREADS: 3

180  TIM+F+I+G4    5882.289     297 12358.577    13523.130    13579.024
Measuring multi-threading efficiency up to 8 CPU cores
Increase to 10 rounds for branch lengths
186 trees examined
Threads: 1 / Time: 8.004 sec / Speedup: 1.000 / Efficiency: 100% / LogL: -10208
Threads: 2 / Time: 5.829 sec / Speedup: 1.373 / Efficiency: 69% / LogL: -10208
Threads: 3 / Time: 8.836 sec / Speedup: 0.906 / Efficiency: 30% / LogL: -10208
Determining AUTO threadcount: done in 22.6694 secs using 198.7% CPU
BEST NUMBER OF THREADS: 2

182  TIM+F+R3      5873.493     299 12344.986    13540.986    13573.651
Measuring multi-threading efficiency up to 8 CPU cores
Increase to 10 rounds for branch lengths
155 trees examined
Threads: 1 / Time: 8.039 sec / Speedup: 1.000 / Efficiency: 100% / LogL: -10149
Threads: 2 / Time: 6.058 sec / Speedup: 1.327 / Efficiency: 66% / LogL: -10149
Threads: 3 / Time: 9.239 sec / Speedup: 0.870 / Efficiency: 29% / LogL: -10149
Determining AUTO threadcount: done in 23.3361 secs using 199.9% CPU
BEST NUMBER OF THREADS: 2

191  TIM+F+I+I+R3  5870.893     300 12341.786    13553.867    13574.561
Measuring multi-threading efficiency up to 8 CPU cores
Increase to 10 rounds for branch lengths
134 trees examined
Threads: 1 / Time: 8.016 sec / Speedup: 1.000 / Efficiency: 100% / LogL: -10111
Threads: 2 / Time: 5.970 sec / Speedup: 1.343 / Efficiency: 67% / LogL: -10111
Threads: 3 / Time: 8.670 sec / Speedup: 0.925 / Efficiency: 31% / LogL: -10111
Determining AUTO threadcount: done in 22.6564 secs using 198.7% CPU
BEST NUMBER OF THREADS: 2

202  TIMe+I+G4     5897.800     294 12383.599    13502.696    13591.718
Measuring multi-threading efficiency up to 8 CPU cores
Increase to 10 rounds for branch lengths
182 trees examined
Threads: 1 / Time: 8.008 sec / Speedup: 1.000 / Efficiency: 100% / LogL: -10291
Threads: 2 / Time: 5.933 sec / Speedup: 1.350 / Efficiency: 67% / LogL: -10291
Threads: 3 / Time: 5.316 sec / Speedup: 1.506 / Efficiency: 50% / LogL: -10291
Threads: 4 / Time: 5.213 sec / Speedup: 1.536 / Efficiency: 38% / LogL: -10291
Determining AUTO threadcount: done in 24.4704 secs using 226.7% CPU
BEST NUMBER OF THREADS: 3

204  TIMe+R3       5892.687     296 12377.374    13526.551    13593.711
Measuring multi-threading efficiency up to 8 CPU cores
Increase to 10 rounds for branch lengths
155 trees examined
Threads: 1 / Time: 8.009 sec / Speedup: 1.000 / Efficiency: 100% / LogL: -10170
Threads: 2 / Time: 6.057 sec / Speedup: 1.322 / Efficiency: 66% / LogL: -10170
Threads: 3 / Time: 5.426 sec / Speedup: 1.476 / Efficiency: 49% / LogL: -10170
Determining AUTO threadcount: done in 19.4932 secs using 182.5% CPU
BEST NUMBER OF THREADS: 2

213  TIMe+I+I+R3   5886.789     297 12367.579    13532.131    13588.025
Measuring multi-threading efficiency up to 8 CPU cores
Increase to 10 rounds for branch lengths
126 trees examined
Threads: 1 / Time: 8.050 sec / Speedup: 1.000 / Efficiency: 100% / LogL: -10171
Threads: 2 / Time: 5.929 sec / Speedup: 1.358 / Efficiency: 68% / LogL: -10171
Threads: 3 / Time: 5.186 sec / Speedup: 1.552 / Efficiency: 52% / LogL: -10171
Threads: 4 / Time: 7.983 sec / Speedup: 1.008 / Efficiency: 25% / LogL: -10171
Determining AUTO threadcount: done in 27.1473 secs using 243.1% CPU
BEST NUMBER OF THREADS: 3

224  TPM3u+F+I+G4  5890.228     296 12372.456    13521.632    13588.793
Measuring multi-threading efficiency up to 8 CPU cores
Increase to 10 rounds for branch lengths
181 trees examined
Threads: 1 / Time: 8.031 sec / Speedup: 1.000 / Efficiency: 100% / LogL: -10285
Threads: 2 / Time: 5.817 sec / Speedup: 1.381 / Efficiency: 69% / LogL: -10285
Threads: 3 / Time: 9.121 sec / Speedup: 0.880 / Efficiency: 29% / LogL: -10285
Determining AUTO threadcount: done in 22.9686 secs using 199.8% CPU
BEST NUMBER OF THREADS: 2

226  TPM3u+F+R3    5882.249     298 12360.497    13540.656    13585.053
Measuring multi-threading efficiency up to 8 CPU cores
Increase to 10 rounds for branch lengths
155 trees examined
Threads: 1 / Time: 8.010 sec / Speedup: 1.000 / Efficiency: 100% / LogL: -10276
Threads: 2 / Time: 5.934 sec / Speedup: 1.350 / Efficiency: 67% / LogL: -10276
Threads: 3 / Time: 5.280 sec / Speedup: 1.517 / Efficiency: 51% / LogL: -10276
Threads: 4 / Time: 5.170 sec / Speedup: 1.549 / Efficiency: 39% / LogL: -10276
Determining AUTO threadcount: done in 24.3946 secs using 226.2% CPU
BEST NUMBER OF THREADS: 3

235  TPM3u+F+I+I+R3 5877.824     299 12353.648    13549.648    13582.313
Measuring multi-threading efficiency up to 8 CPU cores
Increase to 10 rounds for branch lengths
126 trees examined
Threads: 1 / Time: 8.025 sec / Speedup: 1.000 / Efficiency: 100% / LogL: -10186
Threads: 2 / Time: 5.942 sec / Speedup: 1.351 / Efficiency: 68% / LogL: -10186
Threads: 3 / Time: 5.170 sec / Speedup: 1.552 / Efficiency: 52% / LogL: -10186
Threads: 4 / Time: 4.977 sec / Speedup: 1.613 / Efficiency: 40% / LogL: -10186
Determining AUTO threadcount: done in 24.1137 secs using 225% CPU
BEST NUMBER OF THREADS: 3

246  TPM3+I+G4     5902.176     293 12390.351    13494.736    13594.361
Measuring multi-threading efficiency up to 8 CPU cores
Increase to 10 rounds for branch lengths
179 trees examined
Threads: 1 / Time: 8.021 sec / Speedup: 1.000 / Efficiency: 100% / LogL: -10319
Threads: 2 / Time: 5.927 sec / Speedup: 1.353 / Efficiency: 68% / LogL: -10319
Threads: 3 / Time: 8.882 sec / Speedup: 0.903 / Efficiency: 30% / LogL: -10319
Determining AUTO threadcount: done in 22.8307 secs using 198.7% CPU
BEST NUMBER OF THREADS: 2

248  TPM3+R3       5896.913     295 12383.826    13517.852    13596.055
Measuring multi-threading efficiency up to 8 CPU cores
Increase to 10 rounds for branch lengths
154 trees examined
Threads: 1 / Time: 8.014 sec / Speedup: 1.000 / Efficiency: 100% / LogL: -10219
Threads: 2 / Time: 5.990 sec / Speedup: 1.338 / Efficiency: 67% / LogL: -10219
Threads: 3 / Time: 8.819 sec / Speedup: 0.909 / Efficiency: 30% / LogL: -10219
Determining AUTO threadcount: done in 22.8228 secs using 198.5% CPU
BEST NUMBER OF THREADS: 2

257  TPM3+I+I+R3   5891.533     296 12375.066    13524.242    13591.403
Measuring multi-threading efficiency up to 8 CPU cores
Increase to 10 rounds for branch lengths
126 trees examined
Threads: 1 / Time: 8.007 sec / Speedup: 1.000 / Efficiency: 100% / LogL: -10006
Threads: 2 / Time: 5.920 sec / Speedup: 1.352 / Efficiency: 68% / LogL: -10006
Threads: 3 / Time: 5.179 sec / Speedup: 1.546 / Efficiency: 52% / LogL: -10006
Threads: 4 / Time: 4.994 sec / Speedup: 1.603 / Efficiency: 40% / LogL: -10006
Determining AUTO threadcount: done in 24.1008 secs using 224.9% CPU
BEST NUMBER OF THREADS: 3

268  TPM2u+F+I+G4  5893.160     296 12378.319    13527.496    13594.656
Measuring multi-threading efficiency up to 8 CPU cores
Increase to 10 rounds for branch lengths
176 trees examined
Threads: 1 / Time: 8.029 sec / Speedup: 1.000 / Efficiency: 100% / LogL: -10257
Threads: 2 / Time: 5.982 sec / Speedup: 1.342 / Efficiency: 67% / LogL: -10257
Threads: 3 / Time: 5.258 sec / Speedup: 1.527 / Efficiency: 51% / LogL: -10257
Threads: 4 / Time: 5.154 sec / Speedup: 1.558 / Efficiency: 39% / LogL: -10257
Determining AUTO threadcount: done in 24.4239 secs using 226.1% CPU
BEST NUMBER OF THREADS: 3

270  TPM2u+F+R3    5885.696     298 12367.392    13547.551    13591.948
Measuring multi-threading efficiency up to 8 CPU cores
Increase to 10 rounds for branch lengths
158 trees examined
Threads: 1 / Time: 8.006 sec / Speedup: 1.000 / Efficiency: 100% / LogL: -10256
Threads: 2 / Time: 5.941 sec / Speedup: 1.348 / Efficiency: 67% / LogL: -10256
Threads: 3 / Time: 8.997 sec / Speedup: 0.890 / Efficiency: 30% / LogL: -10256
Determining AUTO threadcount: done in 22.9441 secs using 199.2% CPU
BEST NUMBER OF THREADS: 2

279  TPM2u+F+I+I+R3 5880.419     299 12358.839    13554.839    13587.504
Measuring multi-threading efficiency up to 8 CPU cores
Increase to 10 rounds for branch lengths
127 trees examined
Threads: 1 / Time: 8.053 sec / Speedup: 1.000 / Efficiency: 100% / LogL: -10084
Threads: 2 / Time: 5.891 sec / Speedup: 1.367 / Efficiency: 68% / LogL: -10084
Threads: 3 / Time: 8.555 sec / Speedup: 0.941 / Efficiency: 31% / LogL: -10084
Determining AUTO threadcount: done in 22.4988 secs using 197.8% CPU
BEST NUMBER OF THREADS: 2

290  TPM2+I+G4     5894.082     293 12374.164    13478.549    13578.173
Measuring multi-threading efficiency up to 8 CPU cores
Increase to 10 rounds for branch lengths
177 trees examined
Threads: 1 / Time: 8.026 sec / Speedup: 1.000 / Efficiency: 100% / LogL: -10293
Threads: 2 / Time: 5.919 sec / Speedup: 1.356 / Efficiency: 68% / LogL: -10293
Threads: 3 / Time: 5.179 sec / Speedup: 1.550 / Efficiency: 52% / LogL: -10293
Threads: 4 / Time: 8.240 sec / Speedup: 0.974 / Efficiency: 24% / LogL: -10293
Determining AUTO threadcount: done in 27.364 secs using 244.5% CPU
BEST NUMBER OF THREADS: 3

292  TPM2+R3       5890.389     295 12370.778    13504.804    13583.006
Measuring multi-threading efficiency up to 8 CPU cores
Increase to 10 rounds for branch lengths
151 trees examined
Threads: 1 / Time: 8.030 sec / Speedup: 1.000 / Efficiency: 100% / LogL: -10251
Threads: 2 / Time: 5.951 sec / Speedup: 1.349 / Efficiency: 67% / LogL: -10251
Threads: 3 / Time: 8.991 sec / Speedup: 0.893 / Efficiency: 30% / LogL: -10251
Determining AUTO threadcount: done in 22.9725 secs using 199.2% CPU
BEST NUMBER OF THREADS: 2

301  TPM2+I+I+R3   5883.978     296 12359.957    13509.133    13576.294
Measuring multi-threading efficiency up to 8 CPU cores
Increase to 10 rounds for branch lengths
126 trees examined
Threads: 1 / Time: 8.017 sec / Speedup: 1.000 / Efficiency: 100% / LogL: -9979
Threads: 2 / Time: 5.900 sec / Speedup: 1.359 / Efficiency: 68% / LogL: -9979
Threads: 3 / Time: 5.235 sec / Speedup: 1.531 / Efficiency: 51% / LogL: -9979
Threads: 4 / Time: 8.506 sec / Speedup: 0.943 / Efficiency: 24% / LogL: -9979
Determining AUTO threadcount: done in 27.6589 secs using 246.4% CPU
BEST NUMBER OF THREADS: 3

312  K3Pu+F+I+G4   5889.746     296 12371.493    13520.669    13587.830
Measuring multi-threading efficiency up to 8 CPU cores
Increase to 10 rounds for branch lengths
176 trees examined
Threads: 1 / Time: 8.044 sec / Speedup: 1.000 / Efficiency: 100% / LogL: -10207
Threads: 2 / Time: 5.919 sec / Speedup: 1.359 / Efficiency: 68% / LogL: -10207
Threads: 3 / Time: 8.893 sec / Speedup: 0.905 / Efficiency: 30% / LogL: -10207
Determining AUTO threadcount: done in 22.8559 secs using 199% CPU
BEST NUMBER OF THREADS: 2

314  K3Pu+F+R3     5881.767     298 12359.535    13539.694    13584.090
Measuring multi-threading efficiency up to 8 CPU cores
Increase to 10 rounds for branch lengths
152 trees examined
Threads: 1 / Time: 8.004 sec / Speedup: 1.000 / Efficiency: 100% / LogL: -10181
Threads: 2 / Time: 5.979 sec / Speedup: 1.339 / Efficiency: 67% / LogL: -10181
Threads: 3 / Time: 5.350 sec / Speedup: 1.496 / Efficiency: 50% / LogL: -10181
Determining AUTO threadcount: done in 19.3334 secs using 181.8% CPU
BEST NUMBER OF THREADS: 2

323  K3Pu+F+I+I+R3 5877.252     299 12352.503    13548.503    13581.168
Measuring multi-threading efficiency up to 8 CPU cores
Increase to 10 rounds for branch lengths
127 trees examined
Threads: 1 / Time: 8.060 sec / Speedup: 1.000 / Efficiency: 100% / LogL: -10068
Threads: 2 / Time: 6.002 sec / Speedup: 1.343 / Efficiency: 67% / LogL: -10068
Threads: 3 / Time: 5.213 sec / Speedup: 1.546 / Efficiency: 52% / LogL: -10068
Threads: 4 / Time: 5.001 sec / Speedup: 1.612 / Efficiency: 40% / LogL: -10068
Determining AUTO threadcount: done in 24.2755 secs using 225.2% CPU
BEST NUMBER OF THREADS: 3

334  K3P+I+G4      5898.004     293 12382.008    13486.393    13586.018
Measuring multi-threading efficiency up to 8 CPU cores
Increase to 10 rounds for branch lengths
184 trees examined
Threads: 1 / Time: 8.042 sec / Speedup: 1.000 / Efficiency: 100% / LogL: -10244
Threads: 2 / Time: 5.873 sec / Speedup: 1.369 / Efficiency: 68% / LogL: -10244
Threads: 3 / Time: 8.920 sec / Speedup: 0.902 / Efficiency: 30% / LogL: -10244
Determining AUTO threadcount: done in 22.8354 secs using 199% CPU
BEST NUMBER OF THREADS: 2

336  K3P+R3        5892.793     295 12375.587    13509.613    13587.815
Measuring multi-threading efficiency up to 8 CPU cores
Increase to 10 rounds for branch lengths
153 trees examined
Threads: 1 / Time: 8.014 sec / Speedup: 1.000 / Efficiency: 100% / LogL: -10199
Threads: 2 / Time: 5.940 sec / Speedup: 1.349 / Efficiency: 67% / LogL: -10199
Threads: 3 / Time: 9.356 sec / Speedup: 0.857 / Efficiency: 29% / LogL: -10199
Determining AUTO threadcount: done in 23.3105 secs using 200.8% CPU
BEST NUMBER OF THREADS: 2

345  K3P+I+I+R3    5887.508     296 12367.016    13516.192    13583.353
Measuring multi-threading efficiency up to 8 CPU cores
Increase to 10 rounds for branch lengths
131 trees examined
Threads: 1 / Time: 8.013 sec / Speedup: 1.000 / Efficiency: 100% / LogL: -10042
Threads: 2 / Time: 5.877 sec / Speedup: 1.363 / Efficiency: 68% / LogL: -10042
Threads: 3 / Time: 5.158 sec / Speedup: 1.553 / Efficiency: 52% / LogL: -10042
Threads: 4 / Time: 5.058 sec / Speedup: 1.584 / Efficiency: 40% / LogL: -10042
Determining AUTO threadcount: done in 24.1064 secs using 226% CPU
BEST NUMBER OF THREADS: 3

356  TN+F+I+G4     5888.520     296 12369.041    13518.217    13585.378
Measuring multi-threading efficiency up to 8 CPU cores
Increase to 10 rounds for branch lengths
181 trees examined
Threads: 1 / Time: 8.005 sec / Speedup: 1.000 / Efficiency: 100% / LogL: -10231
Threads: 2 / Time: 5.915 sec / Speedup: 1.353 / Efficiency: 68% / LogL: -10231
Threads: 3 / Time: 5.274 sec / Speedup: 1.518 / Efficiency: 51% / LogL: -10231
Threads: 4 / Time: 5.222 sec / Speedup: 1.533 / Efficiency: 38% / LogL: -10231
Determining AUTO threadcount: done in 24.4162 secs using 226.7% CPU
BEST NUMBER OF THREADS: 3

358  TN+F+R3       5879.936     298 12355.873    13536.032    13580.429
Measuring multi-threading efficiency up to 8 CPU cores
Increase to 10 rounds for branch lengths
151 trees examined
Threads: 1 / Time: 8.049 sec / Speedup: 1.000 / Efficiency: 100% / LogL: -10192
Threads: 2 / Time: 5.992 sec / Speedup: 1.343 / Efficiency: 67% / LogL: -10192
Threads: 3 / Time: 9.339 sec / Speedup: 0.862 / Efficiency: 29% / LogL: -10192
Determining AUTO threadcount: done in 23.3806 secs using 200.4% CPU
BEST NUMBER OF THREADS: 2

367  TN+F+I+I+R3   5877.288     299 12352.577    13548.577    13581.242
Measuring multi-threading efficiency up to 8 CPU cores
Increase to 10 rounds for branch lengths
130 trees examined
Threads: 1 / Time: 8.003 sec / Speedup: 1.000 / Efficiency: 100% / LogL: -10146
Threads: 2 / Time: 5.945 sec / Speedup: 1.346 / Efficiency: 67% / LogL: -10146
Threads: 3 / Time: 8.635 sec / Speedup: 0.927 / Efficiency: 31% / LogL: -10146
Determining AUTO threadcount: done in 22.5833 secs using 198.8% CPU
BEST NUMBER OF THREADS: 2

378  TNe+I+G4      5902.047     293 12390.094    13494.479    13594.104
Measuring multi-threading efficiency up to 8 CPU cores
Increase to 10 rounds for branch lengths
180 trees examined
Threads: 1 / Time: 8.003 sec / Speedup: 1.000 / Efficiency: 100% / LogL: -10237
Threads: 2 / Time: 5.860 sec / Speedup: 1.366 / Efficiency: 68% / LogL: -10237
Threads: 3 / Time: 5.257 sec / Speedup: 1.522 / Efficiency: 51% / LogL: -10237
Threads: 4 / Time: 5.152 sec / Speedup: 1.553 / Efficiency: 39% / LogL: -10237
Determining AUTO threadcount: done in 24.273 secs using 226.5% CPU
BEST NUMBER OF THREADS: 3

380  TNe+R3        5896.910     295 12383.820    13517.846    13596.048
Measuring multi-threading efficiency up to 8 CPU cores
Increase to 10 rounds for branch lengths
153 trees examined
Threads: 1 / Time: 8.020 sec / Speedup: 1.000 / Efficiency: 100% / LogL: -10173
Threads: 2 / Time: 5.993 sec / Speedup: 1.338 / Efficiency: 67% / LogL: -10173
Threads: 3 / Time: 5.360 sec / Speedup: 1.496 / Efficiency: 50% / LogL: -10173
Determining AUTO threadcount: done in 19.3733 secs using 182% CPU
BEST NUMBER OF THREADS: 2

389  TNe+I+I+R3    5890.946     296 12373.892    13523.068    13590.229
Measuring multi-threading efficiency up to 8 CPU cores
Increase to 10 rounds for branch lengths
124 trees examined
Threads: 1 / Time: 8.030 sec / Speedup: 1.000 / Efficiency: 100% / LogL: -10028
Threads: 2 / Time: 5.947 sec / Speedup: 1.350 / Efficiency: 68% / LogL: -10028
Threads: 3 / Time: 5.128 sec / Speedup: 1.566 / Efficiency: 52% / LogL: -10028
Threads: 4 / Time: 8.129 sec / Speedup: 0.988 / Efficiency: 25% / LogL: -10028
Determining AUTO threadcount: done in 27.2344 secs using 244.2% CPU
BEST NUMBER OF THREADS: 3

400  HKY+F+I+G4    5896.277     295 12382.553    13516.579    13594.781
Measuring multi-threading efficiency up to 8 CPU cores
Increase to 10 rounds for branch lengths
177 trees examined
Threads: 1 / Time: 8.026 sec / Speedup: 1.000 / Efficiency: 100% / LogL: -10275
Threads: 2 / Time: 6.048 sec / Speedup: 1.327 / Efficiency: 66% / LogL: -10275
Threads: 3 / Time: 9.096 sec / Speedup: 0.882 / Efficiency: 29% / LogL: -10275
Determining AUTO threadcount: done in 23.1704 secs using 200.1% CPU
BEST NUMBER OF THREADS: 2

402  HKY+F+R3      5888.338     297 12370.675    13535.228    13591.122
Measuring multi-threading efficiency up to 8 CPU cores
Increase to 10 rounds for branch lengths
153 trees examined
Threads: 1 / Time: 8.054 sec / Speedup: 1.000 / Efficiency: 100% / LogL: -10198
Threads: 2 / Time: 6.114 sec / Speedup: 1.317 / Efficiency: 66% / LogL: -10198
Threads: 3 / Time: 5.432 sec / Speedup: 1.483 / Efficiency: 49% / LogL: -10198
Determining AUTO threadcount: done in 19.5996 secs using 182.2% CPU
BEST NUMBER OF THREADS: 2

411  HKY+F+I+I+R3  5883.619     298 12363.238    13543.397    13587.794
Measuring multi-threading efficiency up to 8 CPU cores
Increase to 10 rounds for branch lengths
125 trees examined
Threads: 1 / Time: 8.026 sec / Speedup: 1.000 / Efficiency: 100% / LogL: -10159
Threads: 2 / Time: 5.953 sec / Speedup: 1.348 / Efficiency: 67% / LogL: -10159
Threads: 3 / Time: 5.247 sec / Speedup: 1.530 / Efficiency: 51% / LogL: -10159
Threads: 4 / Time: 5.124 sec / Speedup: 1.566 / Efficiency: 39% / LogL: -10159
Determining AUTO threadcount: done in 24.3501 secs using 226.2% CPU
BEST NUMBER OF THREADS: 3

422  K2P+I+G4      5902.240     292 12388.481    13478.366    13588.381
Measuring multi-threading efficiency up to 8 CPU cores
Increase to 10 rounds for branch lengths
177 trees examined
Threads: 1 / Time: 8.039 sec / Speedup: 1.000 / Efficiency: 100% / LogL: -10225
Threads: 2 / Time: 5.976 sec / Speedup: 1.345 / Efficiency: 67% / LogL: -10225
Threads: 3 / Time: 5.346 sec / Speedup: 1.504 / Efficiency: 50% / LogL: -10225
Threads: 4 / Time: 8.528 sec / Speedup: 0.943 / Efficiency: 24% / LogL: -10225
Determining AUTO threadcount: done in 27.8901 secs using 246.3% CPU
BEST NUMBER OF THREADS: 3

424  K2P+R3        5897.014     294 12382.027    13501.124    13590.146
Measuring multi-threading efficiency up to 8 CPU cores
Increase to 10 rounds for branch lengths
150 trees examined
Threads: 1 / Time: 8.043 sec / Speedup: 1.000 / Efficiency: 100% / LogL: -10303
Threads: 2 / Time: 6.075 sec / Speedup: 1.324 / Efficiency: 66% / LogL: -10303
Threads: 3 / Time: 9.345 sec / Speedup: 0.861 / Efficiency: 29% / LogL: -10303
Determining AUTO threadcount: done in 23.463 secs using 200.8% CPU
BEST NUMBER OF THREADS: 2

433  K2P+I+I+R3    5891.656     295 12373.311    13507.337    13585.539
Measuring multi-threading efficiency up to 8 CPU cores
Increase to 10 rounds for branch lengths
127 trees examined
Threads: 1 / Time: 8.049 sec / Speedup: 1.000 / Efficiency: 100% / LogL: -10809
Threads: 2 / Time: 5.888 sec / Speedup: 1.367 / Efficiency: 68% / LogL: -10809
Threads: 3 / Time: 5.177 sec / Speedup: 1.555 / Efficiency: 52% / LogL: -10809
Threads: 4 / Time: 5.032 sec / Speedup: 1.599 / Efficiency: 40% / LogL: -10809
Determining AUTO threadcount: done in 24.1469 secs using 225.6% CPU
BEST NUMBER OF THREADS: 3

444  F81+F+I+G4    6229.286     294 13046.572    14165.669    14254.691
Measuring multi-threading efficiency up to 8 CPU cores
Increase to 10 rounds for branch lengths
179 trees examined
Threads: 1 / Time: 8.024 sec / Speedup: 1.000 / Efficiency: 100% / LogL: -10917
Threads: 2 / Time: 5.932 sec / Speedup: 1.353 / Efficiency: 68% / LogL: -10917
Threads: 3 / Time: 5.322 sec / Speedup: 1.508 / Efficiency: 50% / LogL: -10917
Threads: 4 / Time: 5.379 sec / Speedup: 1.492 / Efficiency: 37% / LogL: -10917
Determining AUTO threadcount: done in 24.6572 secs using 227.9% CPU
BEST NUMBER OF THREADS: 3

446  F81+F+R3      6221.812     296 13035.625    14184.801    14251.962
Measuring multi-threading efficiency up to 8 CPU cores
Increase to 10 rounds for branch lengths
145 trees examined
Threads: 1 / Time: 8.025 sec / Speedup: 1.000 / Efficiency: 100% / LogL: -10821
Threads: 2 / Time: 6.000 sec / Speedup: 1.338 / Efficiency: 67% / LogL: -10821
Threads: 3 / Time: 9.296 sec / Speedup: 0.863 / Efficiency: 29% / LogL: -10821
Determining AUTO threadcount: done in 23.3212 secs using 200.3% CPU
BEST NUMBER OF THREADS: 2

455  F81+F+I+I+R3  6218.588     297 13031.177    14195.729    14251.623
Measuring multi-threading efficiency up to 8 CPU cores
Increase to 10 rounds for branch lengths
124 trees examined
Threads: 1 / Time: 8.028 sec / Speedup: 1.000 / Efficiency: 100% / LogL: -10770
Threads: 2 / Time: 5.982 sec / Speedup: 1.342 / Efficiency: 67% / LogL: -10770
Threads: 3 / Time: 8.714 sec / Speedup: 0.921 / Efficiency: 31% / LogL: -10770
Determining AUTO threadcount: done in 22.7241 secs using 198.8% CPU
BEST NUMBER OF THREADS: 2

466  JC+I+G4       6213.724     291 13009.449    14085.044    14205.240
Measuring multi-threading efficiency up to 8 CPU cores
Increase to 10 rounds for branch lengths
178 trees examined
Threads: 1 / Time: 8.032 sec / Speedup: 1.000 / Efficiency: 100% / LogL: -10951
Threads: 2 / Time: 5.974 sec / Speedup: 1.345 / Efficiency: 67% / LogL: -10951
Threads: 3 / Time: 5.354 sec / Speedup: 1.500 / Efficiency: 50% / LogL: -10951
Threads: 4 / Time: 5.215 sec / Speedup: 1.540 / Efficiency: 39% / LogL: -10951
Determining AUTO threadcount: done in 24.5751 secs using 226.8% CPU
BEST NUMBER OF THREADS: 3

468  JC+R3         6208.080     293 13002.161    14106.545    14206.170
Measuring multi-threading efficiency up to 8 CPU cores
Increase to 10 rounds for branch lengths
145 trees examined
Threads: 1 / Time: 8.023 sec / Speedup: 1.000 / Efficiency: 100% / LogL: -10820
Threads: 2 / Time: 6.023 sec / Speedup: 1.332 / Efficiency: 67% / LogL: -10820
Threads: 3 / Time: 5.378 sec / Speedup: 1.492 / Efficiency: 50% / LogL: -10820
Determining AUTO threadcount: done in 19.4247 secs using 182% CPU
BEST NUMBER OF THREADS: 2

477  JC+I+I+R3     6203.477     294 12994.953    14114.050    14203.072
Akaike Information Criterion:           GTR+F+I+I+R3
Corrected Akaike Information Criterion: K2P+I+G4
Bayesian Information Criterion:         GTR+F+R3
Best-fit model: GTR+F+R3 chosen according to BIC

All model information printed to /home/aglucaci/AOC-REV3L/results/mammalian_REV3L/mammalian_REV3L.12.codon.fas.model.gz
CPU time for ModelFinder: 3702.554 seconds (1h:1m:42s)
Wall-clock time for ModelFinder: 1747.609 seconds (0h:29m:7s)

NOTE: 3 MB RAM (0 GB) is required!
Measuring multi-threading efficiency up to 8 CPU cores
Increase to 10 rounds for branch lengths
178 trees examined
Threads: 1 / Time: 8.036 sec / Speedup: 1.000 / Efficiency: 100% / LogL: -11429
Threads: 2 / Time: 5.982 sec / Speedup: 1.343 / Efficiency: 67% / LogL: -11429
Threads: 3 / Time: 5.374 sec / Speedup: 1.495 / Efficiency: 50% / LogL: -11429
Determining AUTO threadcount: done in 19.3915 secs using 181.9% CPU
BEST NUMBER OF THREADS: 2

Estimate model parameters (epsilon = 0.100)
1. Initial log-likelihood: -5864.537
Optimal log-likelihood: -5864.438
Rate parameters:  A-C: 2.09123  A-G: 5.29411  A-T: 0.88204  C-G: 0.75214  C-T: 8.13035  G-T: 1.00000
Base frequencies:  A: 0.315  C: 0.170  G: 0.254  T: 0.261
Site proportion and rates:  (0.649,0.103) (0.276,1.945) (0.075,5.293)
Parameters optimization took 1 rounds (0.044 sec)
Wrote distance file to... 
Computing ML distances based on estimated model parameters...
Calculating distance matrix: done in 0.0321261 secs using 200% CPU
Computing ML distances took 0.032228 sec (of wall-clock time) 0.064425 sec (of CPU time)
Setting up auxiliary I and S matrices: done in 0.00125272 secs using 186.5% CPU
Constructing RapidNJ tree: done in 0.116695 secs using 12.48% CPU
Computing RapidNJ tree took 0.117980 sec (of wall-clock time) 0.016966 sec (of CPU time)
Log-likelihood of RapidNJ tree: -5889.185
--------------------------------------------------------------------
|             INITIALIZING CANDIDATE TREE SET                      |
--------------------------------------------------------------------
Generating 98 parsimony trees... 1.218 second
Computing log-likelihood of 98 initial trees ... 0.590 seconds
Current best score: -5829.619

Do NNI search on 20 best initial trees
Optimizing NNI: done in 0.0838275 secs using 192.8% CPU
Estimate model parameters (epsilon = 0.100)
BETTER TREE FOUND at iteration 1: -5823.932
Optimizing NNI: done in 0.0999637 secs using 192% CPU
Estimate model parameters (epsilon = 0.100)
BETTER TREE FOUND at iteration 2: -5821.595
Optimizing NNI: done in 0.103021 secs using 193.2% CPU
Optimizing NNI: done in 0.110657 secs using 195.5% CPU
Optimizing NNI: done in 0.105254 secs using 189.5% CPU
Optimizing NNI: done in 0.0676298 secs using 195.6% CPU
Optimizing NNI: done in 0.115096 secs using 198.2% CPU
Optimizing NNI: done in 0.0909623 secs using 192.6% CPU
Optimizing NNI: done in 0.12835 secs using 192.2% CPU
Optimizing NNI: done in 0.13138 secs using 194.7% CPU
Iteration 10 / LogL: -5834.621 / Time: 0h:0m:22s
Optimizing NNI: done in 0.113165 secs using 192% CPU
Optimizing NNI: done in 0.101745 secs using 190.2% CPU
Optimizing NNI: done in 0.105781 secs using 190.6% CPU
Optimizing NNI: done in 0.137299 secs using 192.7% CPU
Optimizing NNI: done in 0.133033 secs using 194% CPU
Optimizing NNI: done in 0.116253 secs using 188% CPU
Optimizing NNI: done in 0.0988345 secs using 190.9% CPU
Optimizing NNI: done in 0.103492 secs using 191.3% CPU
Optimizing NNI: done in 0.142683 secs using 190.2% CPU
Optimizing NNI: done in 0.0811981 secs using 189% CPU
Iteration 20 / LogL: -5824.746 / Time: 0h:0m:23s
Finish initializing candidate tree set (20)
Current best tree score: -5821.595 / CPU time: 4.169
Number of iterations: 20
--------------------------------------------------------------------
|               OPTIMIZING CANDIDATE TREE SET                      |
--------------------------------------------------------------------
Optimizing NNI: done in 0.143446 secs using 191.6% CPU
Estimate model parameters (epsilon = 0.100)
BETTER TREE FOUND at iteration 21: -5821.483
Optimizing NNI: done in 0.154808 secs using 188.4% CPU
Optimizing NNI: done in 0.149181 secs using 196.6% CPU
Estimate model parameters (epsilon = 0.100)
BETTER TREE FOUND at iteration 23: -5820.487
Optimizing NNI: done in 0.153185 secs using 194.8% CPU
Optimizing NNI: done in 0.160626 secs using 190% CPU
Optimizing NNI: done in 0.135406 secs using 189.7% CPU
Estimate model parameters (epsilon = 0.100)
BETTER TREE FOUND at iteration 26: -5819.645
Optimizing NNI: done in 0.14887 secs using 191.3% CPU
Estimate model parameters (epsilon = 0.100)
BETTER TREE FOUND at iteration 27: -5817.561
Optimizing NNI: done in 0.176785 secs using 190.4% CPU
Estimate model parameters (epsilon = 0.100)
BETTER TREE FOUND at iteration 28: -5816.207
Optimizing NNI: done in 0.156746 secs using 191.1% CPU
Optimizing NNI: done in 0.16275 secs using 190.2% CPU
Iteration 30 / LogL: -5831.117 / Time: 0h:0m:25s (0h:1m:26s left)
Optimizing NNI: done in 0.137424 secs using 195.6% CPU
Optimizing NNI: done in 0.143794 secs using 195.1% CPU
Optimizing NNI: done in 0.154841 secs using 191% CPU
Optimizing NNI: done in 0.116288 secs using 188.8% CPU
Optimizing NNI: done in 0.137978 secs using 194.9% CPU
Optimizing NNI: done in 0.160876 secs using 191.9% CPU
Optimizing NNI: done in 0.115126 secs using 193.1% CPU
Optimizing NNI: done in 0.156811 secs using 194.9% CPU
Optimizing NNI: done in 0.119151 secs using 193.3% CPU
Optimizing NNI: done in 0.140475 secs using 192.9% CPU
Iteration 40 / LogL: -5821.718 / Time: 0h:0m:27s (0h:1m:1s left)
Optimizing NNI: done in 0.157015 secs using 191.1% CPU
Optimizing NNI: done in 0.172271 secs using 193.6% CPU
Optimizing NNI: done in 0.126478 secs using 192.9% CPU
Optimizing NNI: done in 0.116823 secs using 193.2% CPU
Optimizing NNI: done in 0.112231 secs using 194.6% CPU
Optimizing NNI: done in 0.11964 secs using 192.5% CPU
Optimizing NNI: done in 0.144227 secs using 188.9% CPU
Optimizing NNI: done in 0.144502 secs using 195.2% CPU
Optimizing NNI: done in 0.12992 secs using 192.3% CPU
Optimizing NNI: done in 0.130417 secs using 188.5% CPU
Iteration 50 / LogL: -5817.637 / Time: 0h:0m:28s (0h:0m:45s left)
Optimizing NNI: done in 0.126302 secs using 192.1% CPU
Optimizing NNI: done in 0.165554 secs using 192.1% CPU
Optimizing NNI: done in 0.122083 secs using 193.5% CPU
Optimizing NNI: done in 0.151456 secs using 190.1% CPU
Optimizing NNI: done in 0.162796 secs using 188.9% CPU
Optimizing NNI: done in 0.150959 secs using 193.4% CPU
Optimizing NNI: done in 0.139456 secs using 189.2% CPU
Optimizing NNI: done in 0.160956 secs using 196.3% CPU
Optimizing NNI: done in 0.179262 secs using 195% CPU
Optimizing NNI: done in 0.14771 secs using 191.2% CPU
Iteration 60 / LogL: -5817.743 / Time: 0h:0m:30s (0h:0m:34s left)
Optimizing NNI: done in 0.111809 secs using 191.9% CPU
Optimizing NNI: done in 0.143569 secs using 193% CPU
Optimizing NNI: done in 0.153054 secs using 196.1% CPU
Optimizing NNI: done in 0.113702 secs using 190.3% CPU
Optimizing NNI: done in 0.15016 secs using 190.7% CPU
Optimizing NNI: done in 0.135136 secs using 194.1% CPU
Optimizing NNI: done in 0.116242 secs using 190.5% CPU
Optimizing NNI: done in 0.136969 secs using 189% CPU
Optimizing NNI: done in 0.116823 secs using 194.8% CPU
Optimizing NNI: done in 0.150225 secs using 188.7% CPU
Iteration 70 / LogL: -5816.920 / Time: 0h:0m:31s (0h:0m:26s left)
Optimizing NNI: done in 0.144943 secs using 190.3% CPU
Optimizing NNI: done in 0.167443 secs using 190.5% CPU
Optimizing NNI: done in 0.156699 secs using 193% CPU
Optimizing NNI: done in 0.159077 secs using 192.5% CPU
Optimizing NNI: done in 0.126132 secs using 194.4% CPU
Optimizing NNI: done in 0.135031 secs using 193.3% CPU
Optimizing NNI: done in 0.13738 secs using 193.4% CPU
Optimizing NNI: done in 0.149768 secs using 196% CPU
Optimizing NNI: done in 0.158489 secs using 189.9% CPU
Optimizing NNI: done in 0.144519 secs using 190.3% CPU
Iteration 80 / LogL: -5817.744 / Time: 0h:0m:32s (0h:0m:20s left)
Optimizing NNI: done in 0.148035 secs using 193.9% CPU
Optimizing NNI: done in 0.129744 secs using 195.4% CPU
Optimizing NNI: done in 0.161638 secs using 195.7% CPU
Optimizing NNI: done in 0.156576 secs using 192.3% CPU
Optimizing NNI: done in 0.151975 secs using 194.7% CPU
Optimizing NNI: done in 0.121931 secs using 192.6% CPU
Optimizing NNI: done in 0.137952 secs using 190.6% CPU
Optimizing NNI: done in 0.15969 secs using 192.5% CPU
Optimizing NNI: done in 0.135564 secs using 193.4% CPU
Optimizing NNI: done in 0.111872 secs using 188.4% CPU
Iteration 90 / LogL: -5817.768 / Time: 0h:0m:34s (0h:0m:14s left)
Optimizing NNI: done in 0.141363 secs using 193.6% CPU
Optimizing NNI: done in 0.150328 secs using 190% CPU
Optimizing NNI: done in 0.113382 secs using 193.8% CPU
BETTER TREE FOUND at iteration 93: -5816.206
Optimizing NNI: done in 0.133115 secs using 194.8% CPU
Optimizing NNI: done in 0.126729 secs using 192.1% CPU
Optimizing NNI: done in 0.170477 secs using 195.3% CPU
Optimizing NNI: done in 0.132805 secs using 194.7% CPU
Optimizing NNI: done in 0.154928 secs using 194.2% CPU
Optimizing NNI: done in 0.167611 secs using 192.3% CPU
Optimizing NNI: done in 0.141813 secs using 194.3% CPU
Iteration 100 / LogL: -5847.227 / Time: 0h:0m:35s (0h:0m:33s left)
Optimizing NNI: done in 0.159868 secs using 189.4% CPU
Optimizing NNI: done in 0.149845 secs using 190.7% CPU
Optimizing NNI: done in 0.131155 secs using 191.6% CPU
Optimizing NNI: done in 0.135516 secs using 185.3% CPU
Optimizing NNI: done in 0.153581 secs using 187% CPU
Optimizing NNI: done in 0.164132 secs using 190.9% CPU
Optimizing NNI: done in 0.127166 secs using 193.7% CPU
Optimizing NNI: done in 0.176926 secs using 194.3% CPU
Optimizing NNI: done in 0.137591 secs using 195.6% CPU
Optimizing NNI: done in 0.146889 secs using 191.2% CPU
Iteration 110 / LogL: -5817.045 / Time: 0h:0m:37s (0h:0m:28s left)
Optimizing NNI: done in 0.140878 secs using 190.8% CPU
Optimizing NNI: done in 0.146213 secs using 196.6% CPU
Optimizing NNI: done in 0.120902 secs using 196.7% CPU
Optimizing NNI: done in 0.128011 secs using 189.9% CPU
Optimizing NNI: done in 0.149433 secs using 194.6% CPU
Optimizing NNI: done in 0.149623 secs using 193.3% CPU
Optimizing NNI: done in 0.177894 secs using 192.1% CPU
Optimizing NNI: done in 0.132978 secs using 191% CPU
Optimizing NNI: done in 0.149843 secs using 194% CPU
Optimizing NNI: done in 0.151381 secs using 190.1% CPU
Iteration 120 / LogL: -5816.210 / Time: 0h:0m:38s (0h:0m:23s left)
Optimizing NNI: done in 0.123854 secs using 196% CPU
Optimizing NNI: done in 0.141978 secs using 191.5% CPU
Optimizing NNI: done in 0.151567 secs using 192.1% CPU
Optimizing NNI: done in 0.153947 secs using 195.5% CPU
Optimizing NNI: done in 0.145295 secs using 193.8% CPU
Optimizing NNI: done in 0.131013 secs using 194.7% CPU
Optimizing NNI: done in 0.141892 secs using 190.2% CPU
Optimizing NNI: done in 0.149233 secs using 191.3% CPU
Optimizing NNI: done in 0.164925 secs using 191.5% CPU
Optimizing NNI: done in 0.174798 secs using 192% CPU
Iteration 130 / LogL: -5823.303 / Time: 0h:0m:40s (0h:0m:19s left)
Optimizing NNI: done in 0.170431 secs using 189.4% CPU
Optimizing NNI: done in 0.121448 secs using 190.1% CPU
Optimizing NNI: done in 0.140264 secs using 190% CPU
Optimizing NNI: done in 0.157356 secs using 193.6% CPU
Optimizing NNI: done in 0.184136 secs using 194% CPU
Optimizing NNI: done in 0.133395 secs using 192.5% CPU
Optimizing NNI: done in 0.130849 secs using 192.4% CPU
Optimizing NNI: done in 0.187056 secs using 193% CPU
Optimizing NNI: done in 0.166751 secs using 192.2% CPU
Optimizing NNI: done in 0.139404 secs using 193.5% CPU
Iteration 140 / LogL: -5816.209 / Time: 0h:0m:42s (0h:0m:16s left)
Optimizing NNI: done in 0.160937 secs using 191.3% CPU
Optimizing NNI: done in 0.143544 secs using 191.6% CPU
Optimizing NNI: done in 0.129716 secs using 192.3% CPU
Optimizing NNI: done in 0.149494 secs using 193.3% CPU
Optimizing NNI: done in 0.134857 secs using 191.8% CPU
Optimizing NNI: done in 0.0995678 secs using 188% CPU
Optimizing NNI: done in 0.129204 secs using 193% CPU
Optimizing NNI: done in 0.139067 secs using 193.5% CPU
Optimizing NNI: done in 0.159469 secs using 192.5% CPU
Optimizing NNI: done in 0.140336 secs using 190% CPU
Iteration 150 / LogL: -5822.684 / Time: 0h:0m:43s (0h:0m:12s left)
Optimizing NNI: done in 0.218337 secs using 193.1% CPU
Optimizing NNI: done in 0.11564 secs using 188.8% CPU
Optimizing NNI: done in 0.117343 secs using 188.1% CPU
Optimizing NNI: done in 0.122082 secs using 185.2% CPU
Optimizing NNI: done in 0.12839 secs using 194.5% CPU
Optimizing NNI: done in 0.166388 secs using 194% CPU
Optimizing NNI: done in 0.114313 secs using 191.3% CPU
Optimizing NNI: done in 0.12006 secs using 196.7% CPU
Optimizing NNI: done in 0.152084 secs using 193.4% CPU
Optimizing NNI: done in 0.14997 secs using 194% CPU
Iteration 160 / LogL: -5898.853 / Time: 0h:0m:44s (0h:0m:9s left)
Optimizing NNI: done in 0.134336 secs using 193.3% CPU
Optimizing NNI: done in 0.167874 secs using 193.4% CPU
Optimizing NNI: done in 0.143926 secs using 195.1% CPU
Optimizing NNI: done in 0.138704 secs using 194.2% CPU
Optimizing NNI: done in 0.161142 secs using 193.2% CPU
Optimizing NNI: done in 0.136624 secs using 193.4% CPU
Optimizing NNI: done in 0.13029 secs using 191.6% CPU
Optimizing NNI: done in 0.111847 secs using 193.7% CPU
Optimizing NNI: done in 0.13149 secs using 190.9% CPU
Optimizing NNI: done in 0.134013 secs using 193.3% CPU
Iteration 170 / LogL: -5819.648 / Time: 0h:0m:46s (0h:0m:6s left)
Optimizing NNI: done in 0.134855 secs using 197% CPU
Optimizing NNI: done in 0.136215 secs using 189% CPU
Optimizing NNI: done in 0.147018 secs using 195.2% CPU
Optimizing NNI: done in 0.164738 secs using 195.7% CPU
Optimizing NNI: done in 0.154501 secs using 196.8% CPU
Optimizing NNI: done in 0.154715 secs using 192.2% CPU
Optimizing NNI: done in 0.142473 secs using 194.4% CPU
Optimizing NNI: done in 0.128542 secs using 193.8% CPU
Optimizing NNI: done in 0.125977 secs using 196.8% CPU
Optimizing NNI: done in 0.130693 secs using 190% CPU
Iteration 180 / LogL: -5825.099 / Time: 0h:0m:47s (0h:0m:3s left)
Optimizing NNI: done in 0.157599 secs using 187.9% CPU
Optimizing NNI: done in 0.189332 secs using 191% CPU
Optimizing NNI: done in 0.147718 secs using 195.3% CPU
Optimizing NNI: done in 0.149526 secs using 189.3% CPU
Optimizing NNI: done in 0.145873 secs using 189.7% CPU
Optimizing NNI: done in 0.153288 secs using 193.5% CPU
Optimizing NNI: done in 0.104615 secs using 192.4% CPU
Optimizing NNI: done in 0.124709 secs using 192% CPU
Optimizing NNI: done in 0.181479 secs using 190.6% CPU
Optimizing NNI: done in 0.164789 secs using 190.9% CPU
Iteration 190 / LogL: -5816.209 / Time: 0h:0m:49s (0h:0m:0s left)
Optimizing NNI: done in 0.16805 secs using 195.8% CPU
Optimizing NNI: done in 0.143306 secs using 191.6% CPU
Optimizing NNI: done in 0.142946 secs using 190.9% CPU
Optimizing NNI: done in 0.15407 secs using 196.1% CPU
TREE SEARCH COMPLETED AFTER 194 ITERATIONS / Time: 0h:0m:49s

--------------------------------------------------------------------
|                    FINALIZING TREE SEARCH                        |
--------------------------------------------------------------------
Performs final model parameters optimization
Estimate model parameters (epsilon = 0.010)
1. Initial log-likelihood: -5816.206
2. Current log-likelihood: -5816.192
Optimal log-likelihood: -5816.184
Rate parameters:  A-C: 2.14549  A-G: 5.57978  A-T: 0.88795  C-G: 0.94119  C-T: 8.83469  G-T: 1.00000
Base frequencies:  A: 0.315  C: 0.170  G: 0.254  T: 0.261
Site proportion and rates:  (0.653,0.100) (0.286,2.036) (0.061,5.756)
Parameters optimization took 2 rounds (0.084 sec)
BEST SCORE FOUND : -5816.184
Total tree length: 3.783

Total number of iterations: 194
CPU time used for tree search: 57.321 sec (0h:0m:57s)
Wall-clock time used for tree search: 30.329 sec (0h:0m:30s)
Total CPU time used: 93.042 sec (0h:1m:33s)
Total wall-clock time used: 50.075 sec (0h:0m:50s)

Analysis results written to: 
  IQ-TREE report:                /home/aglucaci/AOC-REV3L/results/mammalian_REV3L/mammalian_REV3L.12.codon.fas.iqtree
  Maximum-likelihood tree:       /home/aglucaci/AOC-REV3L/results/mammalian_REV3L/mammalian_REV3L.12.codon.fas.treefile
  Likelihood distances:          /home/aglucaci/AOC-REV3L/results/mammalian_REV3L/mammalian_REV3L.12.codon.fas.mldist
  Screen log file:               /home/aglucaci/AOC-REV3L/results/mammalian_REV3L/mammalian_REV3L.12.codon.fas.log

ALISIM COMMAND
--------------
--alisim simulated_MSA -t /home/aglucaci/AOC-REV3L/results/mammalian_REV3L/mammalian_REV3L.12.codon.fas.treefile -m "GTR{2.14549,5.57978,0.887954,0.941187,8.83469}+F{0.315349,0.17011,0.253905,0.260636}+R3{0.653038,0.0997275,0.285528,2.03565,0.0614338,5.75641}" --length 450

Date and Time: Tue Oct 11 18:15:21 2022
