IQ-TREE multicore version 2.2.0.3 COVID-edition for Linux 64-bit built May 11 2022
Developed by Bui Quang Minh, James Barbetti, Nguyen Lam Tung,
Olga Chernomor, Heiko Schmidt, Dominik Schrempf, Michael Woodhams, Ly Trong Nhan.

Host:    s019 (AVX512, FMA3, 92 GB RAM)
Command: iqtree -s /gpfs/work/tuk13147/AOC-patch-GARD-3/results/mammalian_REV3L/mammalian_REV3L.9.codon.fas -T 16 -redo
Seed:    777010 (Using SPRNG - Scalable Parallel Random Number Generator)
Time:    Tue Aug  9 11:46:02 2022
Kernel:  AVX+FMA - 16 threads (16 CPU cores detected)

Reading alignment file /gpfs/work/tuk13147/AOC-patch-GARD-3/results/mammalian_REV3L/mammalian_REV3L.9.codon.fas ... Fasta format detected
Reading fasta file: done in 0.00252961 secs using 79.06% CPU
Alignment most likely contains DNA/RNA sequences
Constructing alignment: done in 0.00212282 secs using 1444% CPU
WARNING: 3 sites contain only gaps or ambiguous characters.
Alignment has 150 sequences with 153 columns, 72 distinct patterns
64 parsimony-informative, 3 singleton sites, 86 constant sites
                                                                                                                                                            Gap/Ambiguity  Composition  p-value
Analyzing sequences: done in 0.000105496 secs using 796.2% CPU
   1  NM_011264_3_Mus_musculus_REV3_like_DNA_directed_polymerase_zeta_catalytic_subunit_Rev3l_mRNA_1                                                                1.96%    passed     96.58%
   2  XM_028847034_1_PREDICTED_Macaca_mulatta_REV3_like_DNA_directed_polymerase_zeta_catalytic_subunit_REV3L_transcript_variant_X1_mRNA_1                           1.96%    passed     99.84%
   3  XM_014118216_3_PREDICTED_Canis_lupus_familiaris_REV3_like_DNA_directed_polymerase_zeta_catalytic_subunit_REV3L_transcript_variant_X1_mRNA_1                   1.96%    passed     97.42%
   4  XM_021091238_1_PREDICTED_Sus_scrofa_REV3_like_DNA_directed_polymerase_zeta_catalytic_subunit_REV3L_transcript_variant_X1_mRNA_1                               1.96%    passed     96.58%
   5  NM_001372078_1_Homo_sapiens_REV3_like_DNA_directed_polymerase_zeta_catalytic_subunit_REV3L_transcript_variant_4_mRNA_1                                        1.96%    passed     99.84%
   6  XM_024996589_1_PREDICTED_Bos_taurus_REV3_like_DNA_directed_polymerase_zeta_catalytic_subunit_REV3L_transcript_variant_X1_mRNA_1                               1.96%    passed     99.72%
   7  XM_040758199_1_PREDICTED_Mesocricetus_auratus_REV3_like_DNA_directed_polymerase_zeta_catalytic_subunit_Rev3l_transcript_variant_X1_mRNA_1                     1.96%    passed     94.88%
   8  XM_004753515_2_PREDICTED_Mustela_putorius_furo_REV3_like_polymerase_DNA_directed_zeta_catalytic_subunit_REV3L_transcript_variant_X1_mRNA_1                    1.96%    passed     96.49%
   9  XM_015600069_2_PREDICTED_Pteropus_alecto_REV3_like_DNA_directed_polymerase_zeta_catalytic_subunit_REV3L_transcript_variant_X1_mRNA_1                          1.96%    passed     99.05%
  10  XM_016956167_2_PREDICTED_Pan_troglodytes_REV3_like_DNA_directed_polymerase_zeta_catalytic_subunit_REV3L_transcript_variant_X1_mRNA_1                          1.96%    passed     99.84%
  11  XM_034668992_1_PREDICTED_Ailuropoda_melanoleuca_REV3_like_DNA_directed_polymerase_zeta_catalytic_subunit_REV3L_transcript_variant_X1_mRNA_1                   1.96%    passed     96.85%
  12  XM_006157005_3_PREDICTED_Tupaia_chinensis_REV3_like_DNA_directed_polymerase_zeta_catalytic_subunit_REV3L_transcript_variant_X3_mRNA_1                         1.96%    passed     98.52%
  13  XM_013069186_2_PREDICTED_Heterocephalus_glaber_REV3_like_DNA_directed_polymerase_zeta_catalytic_subunit_Rev3l_transcript_variant_X1_mRNA_1                    1.96%    passed     95.96%
  14  XM_006256524_2_PREDICTED_Rattus_norvegicus_REV3_like_DNA_directed_polymerase_zeta_catalytic_subunit_Rev3l_transcript_variant_X1_mRNA_1                        1.96%    passed     90.01%
  15  XM_005883745_2_PREDICTED_Myotis_brandtii_REV3_like_polymerase_DNA_directed_zeta_catalytic_subunit_REV3L_transcript_variant_X1_mRNA_1                          1.96%    passed     98.76%
  16  XM_008852401_2_PREDICTED_Nannospalax_galili_REV3_like_DNA_directed_polymerase_zeta_catalytic_subunit_Rev3l_transcript_variant_X1_mRNA_1                       1.96%    passed     97.18%
  17  XM_035296530_1_PREDICTED_Callithrix_jacchus_REV3_like_DNA_directed_polymerase_zeta_catalytic_subunit_REV3L_transcript_variant_X1_mRNA_1                       1.96%    passed     97.53%
  18  XM_031964400_1_PREDICTED_Sarcophilus_harrisii_REV3_like_DNA_directed_polymerase_zeta_catalytic_subunit_REV3L_transcript_variant_X1_mRNA_1                     1.96%    passed     99.83%
  19  XM_015448392_1_PREDICTED_Macaca_fascicularis_REV3_like_DNA_directed_polymerase_zeta_catalytic_subunit_REV3L_transcript_variant_X1_mRNA_1                      1.96%    passed     99.84%
  20  XM_023650934_1_PREDICTED_Equus_caballus_REV3_like_DNA_directed_polymerase_zeta_catalytic_subunit_REV3L_transcript_variant_X1_mRNA_1                           1.96%    passed     97.53%
  21  XM_036766364_1_PREDICTED_Trichosurus_vulpecula_REV3_like_DNA_directed_polymerase_zeta_catalytic_subunit_REV3L_transcript_variant_X1_mRNA_1                    1.96%    passed     96.55%
  22  XM_040983897_1_PREDICTED_Ochotona_curzoniae_REV3_like_DNA_directed_polymerase_zeta_catalytic_subunit_REV3L_transcript_variant_X1_mRNA_1                       1.96%    passed     96.18%
  23  XM_008263376_2_PREDICTED_Oryctolagus_cuniculus_REV3_like_DNA_directed_polymerase_zeta_catalytic_subunit_REV3L_transcript_variant_X1_mRNA_1                    1.96%    passed     87.36%
  24  XM_020168699_1_PREDICTED_Castor_canadensis_REV3_like_DNA_directed_polymerase_zeta_catalytic_subunit_Rev3l_mRNA_1                                              1.96%    passed     99.95%
  25  XM_027402162_2_PREDICTED_Cricetulus_griseus_REV3_like_DNA_directed_polymerase_zeta_catalytic_subunit_Rev3l_transcript_variant_X5_mRNA_1                       1.96%    passed     89.20%
  26  XM_027848601_1_PREDICTED_Vombatus_ursinus_REV3_like_DNA_directed_polymerase_zeta_catalytic_subunit_REV3L_transcript_variant_X1_mRNA_1                         1.96%    passed     96.33%
  27  XM_016002785_1_PREDICTED_Peromyscus_maniculatus_bairdii_REV3_like_DNA_directed_polymerase_zeta_catalytic_subunit_Rev3l_transcript_variant_X1_mRNA_1           1.96%    passed     96.05%
  28  XM_007484437_2_PREDICTED_Monodelphis_domestica_REV3_like_DNA_directed_polymerase_zeta_catalytic_subunit_REV3L_transcript_variant_X1_mRNA_1                    1.96%    passed     93.66%
  29  XM_013032823_1_PREDICTED_Dipodomys_ordii_REV3_like_polymerase_DNA_directed_zeta_catalytic_subunit_Rev3l_mRNA_1                                                1.96%    passed     98.76%
  30  XM_029542499_1_PREDICTED_Mus_pahari_REV3_like_DNA_directed_polymerase_zeta_catalytic_subunit_Rev3l_transcript_variant_X1_mRNA_1                               1.96%    passed     90.51%
  31  XM_028768990_1_PREDICTED_Grammomys_surdaster_REV3_like_DNA_directed_polymerase_zeta_catalytic_subunit_Rev3l_mRNA_1                                            1.96%    passed     93.93%
  32  XM_031347764_1_PREDICTED_Mastomys_coucha_REV3_like_DNA_directed_polymerase_zeta_catalytic_subunit_Rev3l_transcript_variant_X1_mRNA_1                          1.96%    passed     18.58%
  33  XM_004660637_2_PREDICTED_Jaculus_jaculus_REV3_like_polymerase_DNA_directed_zeta_catalytic_subunit_Rev3l_transcript_variant_X1_mRNA_1                          1.96%    passed     98.51%
  34  XM_032888520_1_PREDICTED_Rattus_rattus_REV3_like_DNA_directed_polymerase_zeta_catalytic_subunit_Rev3l_mRNA_1                                                  1.96%    passed     90.01%
  35  XM_041654071_1_PREDICTED_Microtus_oregoni_REV3_like_DNA_directed_polymerase_zeta_catalytic_subunit_Rev3l_transcript_variant_X1_mRNA_1                         1.96%    passed     94.38%
  36  XM_004580498_1_PREDICTED_Ochotona_princeps_REV3_like_DNA_directed_polymerase_zeta_catalytic_subunit_REV3L_mRNA_1                                              1.96%    passed     99.55%
  37  XM_034524021_1_PREDICTED_Arvicanthis_niloticus_REV3_like_DNA_directed_polymerase_zeta_catalytic_subunit_Rev3l_mRNA_1                                          1.96%    passed     90.51%
  38  XM_023722299_1_PREDICTED_Octodon_degus_REV3_like_DNA_directed_polymerase_zeta_catalytic_subunit_Rev3l_transcript_variant_X1_mRNA_1                            1.96%    passed     88.19%
  39  XM_010630829_3_PREDICTED_Fukomys_damarensis_REV3_like_DNA_directed_polymerase_zeta_catalytic_subunit_Rev3l_transcript_variant_X1_mRNA_1                       1.96%    passed     93.93%
  40  XM_040283216_1_PREDICTED_Ictidomys_tridecemlineatus_REV3_like_DNA_directed_polymerase_zeta_catalytic_subunit_Rev3l_transcript_variant_X1_mRNA_1               1.96%    passed     99.85%
  41  XM_026395080_1_PREDICTED_Urocitellus_parryii_REV3_like_DNA_directed_polymerase_zeta_catalytic_subunit_Rev3l_mRNA_1                                            1.96%    passed     99.85%
  42  XM_005363542_3_PREDICTED_Microtus_ochrogaster_REV3_like_DNA_directed_polymerase_zeta_catalytic_subunit_Rev3l_transcript_variant_X1_mRNA_1                     1.96%    passed     95.43%
  43  XM_015497401_1_PREDICTED_Marmota_marmota_marmota_REV3_like_DNA_directed_polymerase_zeta_catalytic_subunit_Rev3l_mRNA_1                                        1.96%    passed     99.43%
  44  XM_027057077_1_PREDICTED_Acinonyx_jubatus_REV3_like_DNA_directed_polymerase_zeta_catalytic_subunit_REV3L_transcript_variant_X1_mRNA_1                         1.96%    passed     98.07%
  45  XM_005377901_2_PREDICTED_Chinchilla_lanigera_REV3_like_polymerase_DNA_directed_zeta_catalytic_subunit_Rev3l_transcript_variant_X1_mRNA_1                      1.96%    passed     88.69%
  46  XM_036169236_1_PREDICTED_Onychomys_torridus_REV3_like_DNA_directed_polymerase_zeta_catalytic_subunit_Rev3l_transcript_variant_X1_mRNA_1                       1.96%    passed     32.80%
  47  XM_027928308_2_PREDICTED_Marmota_flaviventris_REV3_like_DNA_directed_polymerase_zeta_catalytic_subunit_Rev3l_mRNA_1                                           1.96%    passed     99.04%
  48  XM_023254263_1_PREDICTED_Felis_catus_REV3_like_DNA_directed_polymerase_zeta_catalytic_subunit_REV3L_transcript_variant_X1_mRNA_1                              1.96%    passed     98.07%
  49  XM_019443107_1_PREDICTED_Panthera_pardus_REV3_like_DNA_directed_polymerase_zeta_catalytic_subunit_REV3L_transcript_variant_X1_mRNA_1                          1.96%    passed     98.07%
  50  XM_025444797_2_PREDICTED_Canis_lupus_dingo_REV3_like_DNA_directed_polymerase_zeta_catalytic_subunit_REV3L_transcript_variant_X1_mRNA_1                        1.96%    passed     97.42%
  51  XM_026511625_1_PREDICTED_Ursus_arctos_horribilis_REV3_like_DNA_directed_polymerase_zeta_catalytic_subunit_REV3L_transcript_variant_X1_mRNA_1                  1.96%    passed     96.85%
  52  XM_030316171_1_PREDICTED_Lynx_canadensis_REV3_like_DNA_directed_polymerase_zeta_catalytic_subunit_REV3L_transcript_variant_X2_mRNA_1                          1.96%    passed     98.07%
  53  XM_040474393_1_PREDICTED_Puma_yagouaroundi_REV3_like_DNA_directed_polymerase_zeta_catalytic_subunit_REV3L_transcript_variant_X1_mRNA_1                        1.96%    passed     98.07%
  54  XM_004406717_2_PREDICTED_Odobenus_rosmarus_divergens_REV3_like_polymerase_DNA_directed_zeta_catalytic_subunit_REV3L_mRNA_1                                    1.96%    passed     97.42%
  55  XM_025925204_1_PREDICTED_Puma_concolor_REV3_like_DNA_directed_polymerase_zeta_catalytic_subunit_REV3L_mRNA_1                                                  1.96%    passed     98.07%
  56  XM_032858328_1_PREDICTED_Lontra_canadensis_REV3_like_DNA_directed_polymerase_zeta_catalytic_subunit_REV3L_transcript_variant_X1_mRNA_1                        1.96%    passed     98.79%
  57  XM_032337983_1_PREDICTED_Mustela_erminea_REV3_like_DNA_directed_polymerase_zeta_catalytic_subunit_REV3L_transcript_variant_X1_mRNA_1                          1.96%    passed     98.79%
  58  XM_039252205_1_PREDICTED_Hyaena_hyaena_REV3_like_DNA_directed_polymerase_zeta_catalytic_subunit_REV3L_mRNA_1                                                  1.96%    passed     97.42%
  59  XM_007078726_2_PREDICTED_Panthera_tigris_altaica_REV3_like_DNA_directed_polymerase_zeta_catalytic_subunit_REV3L_transcript_variant_X1_mRNA_1                  1.96%    passed     98.07%
  60  XM_029945420_1_PREDICTED_Suricata_suricatta_REV3_like_DNA_directed_polymerase_zeta_catalytic_subunit_REV3L_transcript_variant_X1_mRNA_1                       1.96%    passed     97.42%
  61  XM_041738555_1_PREDICTED_Vulpes_lagopus_REV3_like_DNA_directed_polymerase_zeta_catalytic_subunit_REV3L_transcript_variant_X1_mRNA_1                           1.96%    passed     97.42%
  62  XM_026005811_1_PREDICTED_Vulpes_vulpes_REV3_like_DNA_directed_polymerase_zeta_catalytic_subunit_REV3L_transcript_variant_X1_mRNA_1                            1.96%    passed     97.42%
  63  XM_021693690_1_PREDICTED_Neomonachus_schauinslandi_REV3_like_DNA_directed_polymerase_zeta_catalytic_subunit_REV3L_mRNA_1                                      1.96%    passed     99.43%
  64  XM_025864219_1_PREDICTED_Callorhinus_ursinus_REV3_like_DNA_directed_polymerase_zeta_catalytic_subunit_REV3L_transcript_variant_X1_mRNA_1                      1.96%    passed     99.83%
  65  XM_028104162_1_PREDICTED_Eumetopias_jubatus_REV3_like_DNA_directed_polymerase_zeta_catalytic_subunit_REV3L_transcript_variant_X1_mRNA_1                       1.96%    passed     99.43%
  66  XM_027601333_2_PREDICTED_Zalophus_californianus_REV3_like_DNA_directed_polymerase_zeta_catalytic_subunit_REV3L_transcript_variant_X1_mRNA_1                   1.96%    passed     99.83%
  67  XM_020890382_1_PREDICTED_Odocoileus_virginianus_texanus_REV3_like_DNA_directed_polymerase_zeta_catalytic_subunit_REV3L_transcript_variant_X1_mRNA_1           1.96%    passed     99.07%
  68  XM_010856597_1_PREDICTED_Bison_bison_bison_REV3_like_polymerase_DNA_directed_zeta_catalytic_subunit_REV3L_transcript_variant_X1_mRNA_1                        1.96%    passed     99.72%
  69  XM_027551194_1_PREDICTED_Bos_indicus_x_Bos_taurus_REV3_like_DNA_directed_polymerase_zeta_catalytic_subunit_REV3L_transcript_variant_X1_mRNA_1                 1.96%    passed     99.72%
  70  XM_005890218_2_PREDICTED_Bos_mutus_REV3_like_polymerase_DNA_directed_zeta_catalytic_subunit_REV3L_mRNA_1                                                      1.96%    passed     99.72%
  71  XM_019967201_1_PREDICTED_Bos_indicus_REV3_like_DNA_directed_polymerase_zeta_catalytic_subunit_REV3L_transcript_variant_X1_mRNA_1                              1.96%    passed     99.72%
  72  XM_025295021_1_PREDICTED_Bubalus_bubalis_REV3_like_DNA_directed_polymerase_zeta_catalytic_subunit_REV3L_transcript_variant_X1_mRNA_1                          1.96%    passed     99.72%
  73  XM_006735481_2_PREDICTED_Leptonychotes_weddellii_REV3_like_DNA_directed_polymerase_zeta_catalytic_subunit_REV3L_mRNA_1                                        1.96%    passed     99.43%
  74  XM_032408054_1_PREDICTED_Phoca_vitulina_REV3_like_DNA_directed_polymerase_zeta_catalytic_subunit_REV3L_transcript_variant_X5_mRNA_1                           1.96%    passed     99.83%
  75  XM_040627642_1_PREDICTED_Ursus_maritimus_REV3_like_DNA_directed_polymerase_zeta_catalytic_subunit_REV3L_mRNA_1                                                1.96%    passed     96.85%
  76  XM_031680135_1_PREDICTED_Vicugna_pacos_REV3_like_DNA_directed_polymerase_zeta_catalytic_subunit_REV3L_transcript_variant_X1_mRNA_1                            1.96%    passed     99.71%
  77  XM_032484707_1_PREDICTED_Camelus_ferus_REV3_like_DNA_directed_polymerase_zeta_catalytic_subunit_REV3L_transcript_variant_X1_mRNA_1                            1.96%    passed     99.85%
  78  XM_034991838_1_PREDICTED_Mirounga_leonina_REV3_like_DNA_directed_polymerase_zeta_catalytic_subunit_REV3L_transcript_variant_X1_mRNA_1                         1.96%    passed     99.43%
  79  XM_027972360_2_PREDICTED_Ovis_aries_REV3_like_DNA_directed_polymerase_zeta_catalytic_subunit_REV3L_transcript_variant_X1_mRNA_1                               1.96%    passed     99.24%
  80  XM_040238480_1_PREDICTED_Oryx_dammah_REV3_like_DNA_directed_polymerase_zeta_catalytic_subunit_REV3L_transcript_variant_X1_mRNA_1                              1.96%    passed     99.24%
  81  XM_007190708_2_PREDICTED_Balaenoptera_acutorostrata_scammoni_REV3_like_DNA_directed_polymerase_zeta_catalytic_subunit_REV3L_transcript_variant_X1_mRNA_1      1.96%    passed     98.77%
  82  XM_018053060_1_PREDICTED_Capra_hircus_REV3_like_DNA_directed_polymerase_zeta_catalytic_subunit_REV3L_transcript_variant_X1_mRNA_1                             1.96%    passed     99.24%
  83  XM_031456165_1_PREDICTED_Camelus_dromedarius_REV3_like_DNA_directed_polymerase_zeta_catalytic_subunit_REV3L_transcript_variant_X1_mRNA_1                      1.96%    passed     99.85%
  84  XM_024740937_1_PREDICTED_Neophocaena_asiaeorientalis_asiaeorientalis_REV3_like_DNA_directed_polymerase_zeta_catalytic_subunit_REV3L_mRNA_1                    1.96%    passed     98.77%
  85  XM_033418640_1_PREDICTED_Orcinus_orca_REV3_like_DNA_directed_polymerase_zeta_catalytic_subunit_REV3L_transcript_variant_X1_mRNA_1                             1.96%    passed     98.77%
  86  XM_019929582_1_PREDICTED_Tursiops_truncatus_REV3_like_DNA_directed_polymerase_zeta_catalytic_subunit_REV3L_transcript_variant_X1_mRNA_1                       1.96%    passed     98.77%
  87  XM_027088475_1_PREDICTED_Lagenorhynchus_obliquidens_REV3_like_DNA_directed_polymerase_zeta_catalytic_subunit_REV3L_transcript_variant_X1_mRNA_1               1.96%    passed     98.77%
  88  XM_030882819_1_PREDICTED_Globicephala_melas_REV3_like_DNA_directed_polymerase_zeta_catalytic_subunit_REV3L_transcript_variant_X1_mRNA_1                       1.96%    passed     98.77%
  89  XM_010965426_1_PREDICTED_Camelus_bactrianus_REV3_like_polymerase_DNA_directed_zeta_catalytic_subunit_REV3L_mRNA_1                                             1.96%    passed     99.85%
  90  XM_007451747_1_PREDICTED_Lipotes_vexillifer_REV3_like_polymerase_DNA_directed_zeta_catalytic_subunit_REV3L_transcript_variant_X1_mRNA_1                       1.96%    passed     98.77%
  91  XM_036871281_1_PREDICTED_Balaenoptera_musculus_REV3_like_DNA_directed_polymerase_zeta_catalytic_subunit_REV3L_transcript_variant_X1_mRNA_1                    1.96%    passed     98.77%
  92  XM_007528140_2_PREDICTED_Erinaceus_europaeus_REV3_like_DNA_directed_polymerase_zeta_catalytic_subunit_REV3L_mRNA_1                                            1.96%    passed     94.56%
  93  XM_022554510_2_PREDICTED_Delphinapterus_leucas_REV3_like_DNA_directed_polymerase_zeta_catalytic_subunit_REV3L_transcript_variant_X1_mRNA_1                    1.96%    passed     98.77%
  94  XM_012722936_1_PREDICTED_Condylura_cristata_REV3_like_polymerase_DNA_directed_zeta_catalytic_subunit_REV3L_transcript_variant_X1_mRNA_1                       1.96%    passed     93.66%
  95  XM_037520237_1_PREDICTED_Talpa_occidentalis_REV3_like_DNA_directed_polymerase_zeta_catalytic_subunit_REV3L_transcript_variant_X2_mRNA_1                       1.96%    passed     99.43%
  96  XM_011364805_2_PREDICTED_Pteropus_vampyrus_REV3_like_DNA_directed_polymerase_zeta_catalytic_subunit_REV3L_transcript_variant_X1_mRNA_1                        1.96%    passed     99.05%
  97  XM_004605780_2_PREDICTED_Sorex_araneus_REV3_like_polymerase_DNA_directed_zeta_catalytic_subunit_REV3L_mRNA_1                                                  1.96%    passed     87.96%
  98  XM_024115547_2_PREDICTED_Physeter_catodon_REV3_like_DNA_directed_polymerase_zeta_catalytic_subunit_REV3L_transcript_variant_X1_mRNA_1                         1.96%    passed     98.77%
  99  XM_037065055_1_PREDICTED_Sturnira_hondurensis_REV3_like_DNA_directed_polymerase_zeta_catalytic_subunit_REV3L_transcript_variant_X1_mRNA_1                     1.96%    passed     93.41%
 100  XM_037159015_1_PREDICTED_Artibeus_jamaicensis_REV3_like_DNA_directed_polymerase_zeta_catalytic_subunit_REV3L_transcript_variant_X1_mRNA_1                     1.96%    passed     98.71%
 101  XM_024551816_1_PREDICTED_Desmodus_rotundus_REV3_like_DNA_directed_polymerase_zeta_catalytic_subunit_REV3L_mRNA_1                                              1.96%    passed     92.17%
 102  XM_033102881_1_PREDICTED_Rhinolophus_ferrumequinum_REV3_like_DNA_directed_polymerase_zeta_catalytic_subunit_REV3L_transcript_variant_X1_mRNA_1                1.96%    passed     99.04%
 103  XM_016217489_1_PREDICTED_Miniopterus_natalensis_REV3_like_DNA_directed_polymerase_zeta_catalytic_subunit_REV3L_transcript_variant_X5_mRNA_1                   1.96%    passed     98.52%
 104  XM_019646344_1_PREDICTED_Hipposideros_armiger_REV3_like_DNA_directed_polymerase_zeta_catalytic_subunit_REV3L_mRNA_1                                           1.96%    passed     99.24%
 105  XM_016136994_2_PREDICTED_Rousettus_aegyptiacus_REV3_like_DNA_directed_polymerase_zeta_catalytic_subunit_REV3L_transcript_variant_X1_mRNA_1                    1.96%    passed     99.04%
 106  XM_036024572_1_PREDICTED_Phyllostomus_discolor_REV3_like_DNA_directed_polymerase_zeta_catalytic_subunit_REV3L_transcript_variant_X1_mRNA_1                    1.96%    passed     92.56%
 107  XM_032650682_1_PREDICTED_Phocoena_sinus_REV3_like_DNA_directed_polymerase_zeta_catalytic_subunit_REV3L_transcript_variant_X1_mRNA_1                           1.96%    passed     98.77%
 108  XM_029223581_1_PREDICTED_Monodon_monoceros_REV3_like_DNA_directed_polymerase_zeta_catalytic_subunit_REV3L_transcript_variant_X1_mRNA_1                        1.96%    passed     98.77%
 109  XM_036414528_1_PREDICTED_Pipistrellus_kuhlii_REV3_like_DNA_directed_polymerase_zeta_catalytic_subunit_REV3L_transcript_variant_X1_mRNA_1                      1.96%    passed     99.72%
 110  XM_028140115_1_PREDICTED_Eptesicus_fuscus_REV3_like_DNA_directed_polymerase_zeta_catalytic_subunit_REV3L_transcript_variant_X1_mRNA_1                         1.96%    passed     98.51%
 111  XM_015561632_1_PREDICTED_Myotis_davidii_REV3_like_DNA_directed_polymerase_zeta_catalytic_subunit_REV3L_transcript_variant_X1_mRNA_1                           1.96%    passed     98.76%
 112  XM_036318154_1_PREDICTED_Myotis_myotis_REV3_like_DNA_directed_polymerase_zeta_catalytic_subunit_REV3L_transcript_variant_X1_mRNA_1                            1.96%    passed     96.24%
 113  XM_023750109_1_PREDICTED_Myotis_lucifugus_REV3_like_DNA_directed_polymerase_zeta_catalytic_subunit_REV3L_transcript_variant_X1_mRNA_1                         1.96%    passed     98.76%
 114  XM_008584529_1_PREDICTED_Galeopterus_variegatus_REV3_like_polymerase_DNA_directed_zeta_catalytic_subunit_REV3L_mRNA_1                                         1.96%    passed     96.67%
 115  XM_014866179_1_PREDICTED_Equus_asinus_REV3_like_DNA_directed_polymerase_zeta_catalytic_subunit_REV3L_transcript_variant_X1_mRNA_1                             1.96%    passed     97.53%
 116  XM_036902980_1_PREDICTED_Manis_pentadactyla_REV3_like_DNA_directed_polymerase_zeta_catalytic_subunit_REV3L_transcript_variant_X1_mRNA_1                       1.96%    passed     97.48%
 117  XM_037012273_1_PREDICTED_Manis_javanica_REV3_like_DNA_directed_polymerase_zeta_catalytic_subunit_REV3L_mRNA_1                                                 1.96%    passed     51.00%
 118  XM_031667490_1_PREDICTED_Papio_anubis_REV3_like_DNA_directed_polymerase_zeta_catalytic_subunit_REV3L_transcript_variant_X1_mRNA_1                             1.96%    passed     99.95%
 119  XM_025381340_1_PREDICTED_Theropithecus_gelada_REV3_like_DNA_directed_polymerase_zeta_catalytic_subunit_REV3L_transcript_variant_X1_mRNA_1                     1.96%    passed     99.84%
 120  XM_008007323_2_PREDICTED_Chlorocebus_sabaeus_REV3_like_DNA_directed_polymerase_zeta_catalytic_subunit_REV3L_transcript_variant_X1_mRNA_1                      1.96%    passed     99.95%
 121  XM_011758974_1_PREDICTED_Macaca_nemestrina_REV3_like_DNA_directed_polymerase_zeta_catalytic_subunit_REV3L_transcript_variant_X1_mRNA_1                        1.96%    passed     99.84%
 122  XM_010371650_2_PREDICTED_Rhinopithecus_roxellana_REV3_like_DNA_directed_polymerase_zeta_catalytic_subunit_REV3L_transcript_variant_X1_mRNA_1                  1.96%    passed     99.24%
 123  XM_026456416_1_PREDICTED_Piliocolobus_tephrosceles_REV3_like_DNA_directed_polymerase_zeta_catalytic_subunit_REV3L_transcript_variant_X1_mRNA_1                1.96%    passed     99.95%
 124  XM_031011917_1_PREDICTED_Gorilla_gorilla_gorilla_REV3_like_DNA_directed_polymerase_zeta_catalytic_subunit_REV3L_transcript_variant_X2_mRNA_1                  1.96%    passed     99.84%
 125  XM_033234306_1_PREDICTED_Trachypithecus_francoisi_REV3_like_DNA_directed_polymerase_zeta_catalytic_subunit_REV3L_transcript_variant_X1_mRNA_1                 1.96%    passed     99.24%
 126  XM_036247698_1_PREDICTED_Molossus_molossus_REV3_like_DNA_directed_polymerase_zeta_catalytic_subunit_REV3L_transcript_variant_X1_mRNA_1                        1.96%    passed     99.30%
 127  XM_011935019_1_PREDICTED_Colobus_angolensis_palliatus_REV3_like_polymerase_DNA_directed_zeta_catalytic_subunit_REV3L_transcript_variant_X1_mRNA_1             1.96%    passed     99.95%
 128  XM_008975749_3_PREDICTED_Pan_paniscus_REV3_like_DNA_directed_polymerase_zeta_catalytic_subunit_REV3L_transcript_variant_X1_mRNA_1                             1.96%    passed     99.84%
 129  XM_011970618_1_PREDICTED_Mandrillus_leucophaeus_REV3_like_polymerase_DNA_directed_zeta_catalytic_subunit_REV3L_transcript_variant_X1_mRNA_1                   1.96%    passed     99.84%
 130  XM_024248979_1_PREDICTED_Pongo_abelii_REV3_like_DNA_directed_polymerase_zeta_catalytic_subunit_REV3L_transcript_variant_X1_mRNA_1                             1.96%    passed     99.84%
 131  XM_030809566_1_PREDICTED_Nomascus_leucogenys_REV3_like_DNA_directed_polymerase_zeta_catalytic_subunit_REV3L_transcript_variant_X1_mRNA_1                      1.96%    passed     99.84%
 132  XM_032156758_1_PREDICTED_Hylobates_moloch_REV3_like_DNA_directed_polymerase_zeta_catalytic_subunit_REV3L_transcript_variant_X1_mRNA_1                         1.96%    passed     99.20%
 133  XM_039464970_1_PREDICTED_Saimiri_boliviensis_boliviensis_REV3_like_DNA_directed_polymerase_zeta_catalytic_subunit_REV3L_mRNA_1                                1.96%    passed     99.24%
 134  XM_032275008_1_PREDICTED_Sapajus_apella_REV3_like_DNA_directed_polymerase_zeta_catalytic_subunit_REV3L_transcript_variant_X1_mRNA_1                           1.96%    passed     99.24%
 135  XM_012438367_2_PREDICTED_Aotus_nancymaae_REV3_like_DNA_directed_polymerase_zeta_catalytic_subunit_REV3L_transcript_variant_X1_mRNA_1                          1.96%    passed     99.04%
 136  XM_008058987_1_PREDICTED_Carlito_syrichta_REV3_like_DNA_directed_polymerase_zeta_catalytic_subunit_REV3L_transcript_variant_X1_mRNA_1                         1.96%    passed     77.11%
 137  XM_012642842_1_PREDICTED_Propithecus_coquereli_REV3_like_polymerase_DNA_directed_zeta_catalytic_subunit_REV3L_mRNA_1                                          1.96%    passed     99.95%
 138  XM_012753062_2_PREDICTED_Microcebus_murinus_REV3_like_DNA_directed_polymerase_zeta_catalytic_subunit_REV3L_transcript_variant_X1_mRNA_1                       1.96%    passed     98.76%
 139  XM_023512479_1_PREDICTED_Otolemur_garnettii_REV3_like_DNA_directed_polymerase_zeta_catalytic_subunit_REV3L_mRNA_1                                             1.96%    passed     93.93%
 140  XM_007940793_1_PREDICTED_Orycteropus_afer_afer_REV3_like_DNA_directed_polymerase_zeta_catalytic_subunit_REV3L_mRNA_1                                          1.96%    passed     98.71%
 141  XM_004702008_2_PREDICTED_Echinops_telfairi_REV3_like_DNA_directed_polymerase_zeta_catalytic_subunit_REV3L_mRNA_1                                              1.96%    passed     90.30%
 142  XM_006839926_1_PREDICTED_Chrysochloris_asiatica_REV3_like_polymerase_DNA_directed_zeta_catalytic_subunit_REV3L_mRNA_1                                         1.96%    passed     98.97%
 143  XM_010598962_2_PREDICTED_Loxodonta_africana_REV3_like_DNA_directed_polymerase_zeta_catalytic_subunit_REV3L_transcript_variant_X1_mRNA_1                       1.96%    passed     94.56%
 144  XM_037843746_1_PREDICTED_Choloepus_didactylus_REV3_like_DNA_directed_polymerase_zeta_catalytic_subunit_REV3L_transcript_variant_X1_mRNA_1                     1.96%    passed     99.84%
 145  XM_023589592_1_PREDICTED_Dasypus_novemcinctus_REV3_like_DNA_directed_polymerase_zeta_catalytic_subunit_REV3L_mRNA_1                                           1.96%    passed     92.17%
 146  XM_029047173_2_PREDICTED_Ornithorhynchus_anatinus_REV3_like_DNA_directed_polymerase_zeta_catalytic_subunit_REV3L_transcript_variant_X1_mRNA_1                 1.96%    passed     52.44%
 147  XM_038761479_1_PREDICTED_Tachyglossus_aculeatus_REV3_like_DNA_directed_polymerase_zeta_catalytic_subunit_REV3L_mRNA_1                                         1.96%    passed     32.44%
 148  XM_022520135_1_PREDICTED_Enhydra_lutris_kenyoni_REV3_like_DNA_directed_polymerase_zeta_catalytic_subunit_LOC111158218_transcript_variant_X1_mRNA_1            1.96%    passed     99.55%
 149  XM_014781164_1_PREDICTED_Ceratotherium_simum_simum_REV3_like_DNA_directed_polymerase_zeta_catalytic_subunit_LOC101399622_transcript_variant_X1_mRNA_1         1.96%    passed     98.76%
 150  XM_004372470_3_PREDICTED_Trichechus_manatus_latirostris_REV3_like_DNA_directed_polymerase_zeta_catalytic_subunit_LOC101361167_transcript_variant_X1_mRNA_1    1.96%    passed     99.95%
****  TOTAL                                                                                                                                                         1.96%  0 sequences failed composition chi2 test (p-value<5%; df=3)
NOTE: NM_001372078_1_Homo_sapiens_REV3_like_DNA_directed_polymerase_zeta_catalytic_subunit_REV3L_transcript_variant_4_mRNA_1 is identical to XM_028847034_1_PREDICTED_Macaca_mulatta_REV3_like_DNA_directed_polymerase_zeta_catalytic_subunit_REV3L_transcript_variant_X1_mRNA_1 but kept for subsequent analysis
NOTE: XM_025444797_2_PREDICTED_Canis_lupus_dingo_REV3_like_DNA_directed_polymerase_zeta_catalytic_subunit_REV3L_transcript_variant_X1_mRNA_1 is identical to XM_014118216_3_PREDICTED_Canis_lupus_familiaris_REV3_like_DNA_directed_polymerase_zeta_catalytic_subunit_REV3L_transcript_variant_X1_mRNA_1 but kept for subsequent analysis
NOTE: XM_010856597_1_PREDICTED_Bison_bison_bison_REV3_like_polymerase_DNA_directed_zeta_catalytic_subunit_REV3L_transcript_variant_X1_mRNA_1 is identical to XM_024996589_1_PREDICTED_Bos_taurus_REV3_like_DNA_directed_polymerase_zeta_catalytic_subunit_REV3L_transcript_variant_X1_mRNA_1 but kept for subsequent analysis
NOTE: XM_011364805_2_PREDICTED_Pteropus_vampyrus_REV3_like_DNA_directed_polymerase_zeta_catalytic_subunit_REV3L_transcript_variant_X1_mRNA_1 is identical to XM_015600069_2_PREDICTED_Pteropus_alecto_REV3_like_DNA_directed_polymerase_zeta_catalytic_subunit_REV3L_transcript_variant_X1_mRNA_1 but kept for subsequent analysis
NOTE: XM_026511625_1_PREDICTED_Ursus_arctos_horribilis_REV3_like_DNA_directed_polymerase_zeta_catalytic_subunit_REV3L_transcript_variant_X1_mRNA_1 is identical to XM_034668992_1_PREDICTED_Ailuropoda_melanoleuca_REV3_like_DNA_directed_polymerase_zeta_catalytic_subunit_REV3L_transcript_variant_X1_mRNA_1 but kept for subsequent analysis
NOTE: XM_032888520_1_PREDICTED_Rattus_rattus_REV3_like_DNA_directed_polymerase_zeta_catalytic_subunit_Rev3l_mRNA_1 is identical to XM_006256524_2_PREDICTED_Rattus_norvegicus_REV3_like_DNA_directed_polymerase_zeta_catalytic_subunit_Rev3l_transcript_variant_X1_mRNA_1 but kept for subsequent analysis
NOTE: XM_015561632_1_PREDICTED_Myotis_davidii_REV3_like_DNA_directed_polymerase_zeta_catalytic_subunit_REV3L_transcript_variant_X1_mRNA_1 is identical to XM_005883745_2_PREDICTED_Myotis_brandtii_REV3_like_polymerase_DNA_directed_zeta_catalytic_subunit_REV3L_transcript_variant_X1_mRNA_1 but kept for subsequent analysis
NOTE: XM_014866179_1_PREDICTED_Equus_asinus_REV3_like_DNA_directed_polymerase_zeta_catalytic_subunit_REV3L_transcript_variant_X1_mRNA_1 is identical to XM_023650934_1_PREDICTED_Equus_caballus_REV3_like_DNA_directed_polymerase_zeta_catalytic_subunit_REV3L_transcript_variant_X1_mRNA_1 but kept for subsequent analysis
NOTE: XM_026395080_1_PREDICTED_Urocitellus_parryii_REV3_like_DNA_directed_polymerase_zeta_catalytic_subunit_Rev3l_mRNA_1 is identical to XM_040283216_1_PREDICTED_Ictidomys_tridecemlineatus_REV3_like_DNA_directed_polymerase_zeta_catalytic_subunit_Rev3l_transcript_variant_X1_mRNA_1 but kept for subsequent analysis
NOTE: XM_023254263_1_PREDICTED_Felis_catus_REV3_like_DNA_directed_polymerase_zeta_catalytic_subunit_REV3L_transcript_variant_X1_mRNA_1 is identical to XM_027057077_1_PREDICTED_Acinonyx_jubatus_REV3_like_DNA_directed_polymerase_zeta_catalytic_subunit_REV3L_transcript_variant_X1_mRNA_1 but kept for subsequent analysis
NOTE: XM_032337983_1_PREDICTED_Mustela_erminea_REV3_like_DNA_directed_polymerase_zeta_catalytic_subunit_REV3L_transcript_variant_X1_mRNA_1 is identical to XM_032858328_1_PREDICTED_Lontra_canadensis_REV3_like_DNA_directed_polymerase_zeta_catalytic_subunit_REV3L_transcript_variant_X1_mRNA_1 but kept for subsequent analysis
NOTE: XM_029945420_1_PREDICTED_Suricata_suricatta_REV3_like_DNA_directed_polymerase_zeta_catalytic_subunit_REV3L_transcript_variant_X1_mRNA_1 is identical to XM_039252205_1_PREDICTED_Hyaena_hyaena_REV3_like_DNA_directed_polymerase_zeta_catalytic_subunit_REV3L_mRNA_1 but kept for subsequent analysis
NOTE: XM_028104162_1_PREDICTED_Eumetopias_jubatus_REV3_like_DNA_directed_polymerase_zeta_catalytic_subunit_REV3L_transcript_variant_X1_mRNA_1 is identical to XM_021693690_1_PREDICTED_Neomonachus_schauinslandi_REV3_like_DNA_directed_polymerase_zeta_catalytic_subunit_REV3L_mRNA_1 but kept for subsequent analysis
NOTE: XM_031456165_1_PREDICTED_Camelus_dromedarius_REV3_like_DNA_directed_polymerase_zeta_catalytic_subunit_REV3L_transcript_variant_X1_mRNA_1 is identical to XM_032484707_1_PREDICTED_Camelus_ferus_REV3_like_DNA_directed_polymerase_zeta_catalytic_subunit_REV3L_transcript_variant_X1_mRNA_1 but kept for subsequent analysis
NOTE: XM_040238480_1_PREDICTED_Oryx_dammah_REV3_like_DNA_directed_polymerase_zeta_catalytic_subunit_REV3L_transcript_variant_X1_mRNA_1 is identical to XM_027972360_2_PREDICTED_Ovis_aries_REV3_like_DNA_directed_polymerase_zeta_catalytic_subunit_REV3L_transcript_variant_X1_mRNA_1 but kept for subsequent analysis
NOTE: XM_024740937_1_PREDICTED_Neophocaena_asiaeorientalis_asiaeorientalis_REV3_like_DNA_directed_polymerase_zeta_catalytic_subunit_REV3L_mRNA_1 is identical to XM_007190708_2_PREDICTED_Balaenoptera_acutorostrata_scammoni_REV3_like_DNA_directed_polymerase_zeta_catalytic_subunit_REV3L_transcript_variant_X1_mRNA_1 but kept for subsequent analysis
NOTE: XM_008007323_2_PREDICTED_Chlorocebus_sabaeus_REV3_like_DNA_directed_polymerase_zeta_catalytic_subunit_REV3L_transcript_variant_X1_mRNA_1 is identical to XM_031667490_1_PREDICTED_Papio_anubis_REV3_like_DNA_directed_polymerase_zeta_catalytic_subunit_REV3L_transcript_variant_X1_mRNA_1 but kept for subsequent analysis
NOTE: XM_033234306_1_PREDICTED_Trachypithecus_francoisi_REV3_like_DNA_directed_polymerase_zeta_catalytic_subunit_REV3L_transcript_variant_X1_mRNA_1 is identical to XM_010371650_2_PREDICTED_Rhinopithecus_roxellana_REV3_like_DNA_directed_polymerase_zeta_catalytic_subunit_REV3L_transcript_variant_X1_mRNA_1 but kept for subsequent analysis
NOTE: XM_032275008_1_PREDICTED_Sapajus_apella_REV3_like_DNA_directed_polymerase_zeta_catalytic_subunit_REV3L_transcript_variant_X1_mRNA_1 is identical to XM_039464970_1_PREDICTED_Saimiri_boliviensis_boliviensis_REV3_like_DNA_directed_polymerase_zeta_catalytic_subunit_REV3L_mRNA_1 but kept for subsequent analysis
Checking for duplicate sequences: done in 0.00421908 secs using 1424% CPU
Identifying sites to remove: done in 0.000633657 secs using 1509% CPU
NOTE: 38 identical sequences (see below) will be ignored for subsequent analysis
NOTE: XM_016956167_2_PREDICTED_Pan_troglodytes_REV3_like_DNA_directed_polymerase_zeta_catalytic_subunit_REV3L_transcript_variant_X1_mRNA_1 (identical to XM_028847034_1_PREDICTED_Macaca_mulatta_REV3_like_DNA_directed_polymerase_zeta_catalytic_subunit_REV3L_transcript_variant_X1_mRNA_1) is ignored but added at the end
NOTE: XM_015448392_1_PREDICTED_Macaca_fascicularis_REV3_like_DNA_directed_polymerase_zeta_catalytic_subunit_REV3L_transcript_variant_X1_mRNA_1 (identical to XM_028847034_1_PREDICTED_Macaca_mulatta_REV3_like_DNA_directed_polymerase_zeta_catalytic_subunit_REV3L_transcript_variant_X1_mRNA_1) is ignored but added at the end
NOTE: XM_025381340_1_PREDICTED_Theropithecus_gelada_REV3_like_DNA_directed_polymerase_zeta_catalytic_subunit_REV3L_transcript_variant_X1_mRNA_1 (identical to XM_028847034_1_PREDICTED_Macaca_mulatta_REV3_like_DNA_directed_polymerase_zeta_catalytic_subunit_REV3L_transcript_variant_X1_mRNA_1) is ignored but added at the end
NOTE: XM_011758974_1_PREDICTED_Macaca_nemestrina_REV3_like_DNA_directed_polymerase_zeta_catalytic_subunit_REV3L_transcript_variant_X1_mRNA_1 (identical to XM_028847034_1_PREDICTED_Macaca_mulatta_REV3_like_DNA_directed_polymerase_zeta_catalytic_subunit_REV3L_transcript_variant_X1_mRNA_1) is ignored but added at the end
NOTE: XM_031011917_1_PREDICTED_Gorilla_gorilla_gorilla_REV3_like_DNA_directed_polymerase_zeta_catalytic_subunit_REV3L_transcript_variant_X2_mRNA_1 (identical to XM_028847034_1_PREDICTED_Macaca_mulatta_REV3_like_DNA_directed_polymerase_zeta_catalytic_subunit_REV3L_transcript_variant_X1_mRNA_1) is ignored but added at the end
NOTE: XM_008975749_3_PREDICTED_Pan_paniscus_REV3_like_DNA_directed_polymerase_zeta_catalytic_subunit_REV3L_transcript_variant_X1_mRNA_1 (identical to XM_028847034_1_PREDICTED_Macaca_mulatta_REV3_like_DNA_directed_polymerase_zeta_catalytic_subunit_REV3L_transcript_variant_X1_mRNA_1) is ignored but added at the end
NOTE: XM_011970618_1_PREDICTED_Mandrillus_leucophaeus_REV3_like_polymerase_DNA_directed_zeta_catalytic_subunit_REV3L_transcript_variant_X1_mRNA_1 (identical to XM_028847034_1_PREDICTED_Macaca_mulatta_REV3_like_DNA_directed_polymerase_zeta_catalytic_subunit_REV3L_transcript_variant_X1_mRNA_1) is ignored but added at the end
NOTE: XM_024248979_1_PREDICTED_Pongo_abelii_REV3_like_DNA_directed_polymerase_zeta_catalytic_subunit_REV3L_transcript_variant_X1_mRNA_1 (identical to XM_028847034_1_PREDICTED_Macaca_mulatta_REV3_like_DNA_directed_polymerase_zeta_catalytic_subunit_REV3L_transcript_variant_X1_mRNA_1) is ignored but added at the end
NOTE: XM_030809566_1_PREDICTED_Nomascus_leucogenys_REV3_like_DNA_directed_polymerase_zeta_catalytic_subunit_REV3L_transcript_variant_X1_mRNA_1 (identical to XM_028847034_1_PREDICTED_Macaca_mulatta_REV3_like_DNA_directed_polymerase_zeta_catalytic_subunit_REV3L_transcript_variant_X1_mRNA_1) is ignored but added at the end
NOTE: XM_041738555_1_PREDICTED_Vulpes_lagopus_REV3_like_DNA_directed_polymerase_zeta_catalytic_subunit_REV3L_transcript_variant_X1_mRNA_1 (identical to XM_014118216_3_PREDICTED_Canis_lupus_familiaris_REV3_like_DNA_directed_polymerase_zeta_catalytic_subunit_REV3L_transcript_variant_X1_mRNA_1) is ignored but added at the end
NOTE: XM_026005811_1_PREDICTED_Vulpes_vulpes_REV3_like_DNA_directed_polymerase_zeta_catalytic_subunit_REV3L_transcript_variant_X1_mRNA_1 (identical to XM_014118216_3_PREDICTED_Canis_lupus_familiaris_REV3_like_DNA_directed_polymerase_zeta_catalytic_subunit_REV3L_transcript_variant_X1_mRNA_1) is ignored but added at the end
NOTE: XM_027551194_1_PREDICTED_Bos_indicus_x_Bos_taurus_REV3_like_DNA_directed_polymerase_zeta_catalytic_subunit_REV3L_transcript_variant_X1_mRNA_1 (identical to XM_024996589_1_PREDICTED_Bos_taurus_REV3_like_DNA_directed_polymerase_zeta_catalytic_subunit_REV3L_transcript_variant_X1_mRNA_1) is ignored but added at the end
NOTE: XM_005890218_2_PREDICTED_Bos_mutus_REV3_like_polymerase_DNA_directed_zeta_catalytic_subunit_REV3L_mRNA_1 (identical to XM_024996589_1_PREDICTED_Bos_taurus_REV3_like_DNA_directed_polymerase_zeta_catalytic_subunit_REV3L_transcript_variant_X1_mRNA_1) is ignored but added at the end
NOTE: XM_019967201_1_PREDICTED_Bos_indicus_REV3_like_DNA_directed_polymerase_zeta_catalytic_subunit_REV3L_transcript_variant_X1_mRNA_1 (identical to XM_024996589_1_PREDICTED_Bos_taurus_REV3_like_DNA_directed_polymerase_zeta_catalytic_subunit_REV3L_transcript_variant_X1_mRNA_1) is ignored but added at the end
NOTE: XM_025295021_1_PREDICTED_Bubalus_bubalis_REV3_like_DNA_directed_polymerase_zeta_catalytic_subunit_REV3L_transcript_variant_X1_mRNA_1 (identical to XM_024996589_1_PREDICTED_Bos_taurus_REV3_like_DNA_directed_polymerase_zeta_catalytic_subunit_REV3L_transcript_variant_X1_mRNA_1) is ignored but added at the end
NOTE: XM_040627642_1_PREDICTED_Ursus_maritimus_REV3_like_DNA_directed_polymerase_zeta_catalytic_subunit_REV3L_mRNA_1 (identical to XM_034668992_1_PREDICTED_Ailuropoda_melanoleuca_REV3_like_DNA_directed_polymerase_zeta_catalytic_subunit_REV3L_transcript_variant_X1_mRNA_1) is ignored but added at the end
NOTE: XM_023750109_1_PREDICTED_Myotis_lucifugus_REV3_like_DNA_directed_polymerase_zeta_catalytic_subunit_REV3L_transcript_variant_X1_mRNA_1 (identical to XM_005883745_2_PREDICTED_Myotis_brandtii_REV3_like_polymerase_DNA_directed_zeta_catalytic_subunit_REV3L_transcript_variant_X1_mRNA_1) is ignored but added at the end
NOTE: XM_019443107_1_PREDICTED_Panthera_pardus_REV3_like_DNA_directed_polymerase_zeta_catalytic_subunit_REV3L_transcript_variant_X1_mRNA_1 (identical to XM_027057077_1_PREDICTED_Acinonyx_jubatus_REV3_like_DNA_directed_polymerase_zeta_catalytic_subunit_REV3L_transcript_variant_X1_mRNA_1) is ignored but added at the end
NOTE: XM_030316171_1_PREDICTED_Lynx_canadensis_REV3_like_DNA_directed_polymerase_zeta_catalytic_subunit_REV3L_transcript_variant_X2_mRNA_1 (identical to XM_027057077_1_PREDICTED_Acinonyx_jubatus_REV3_like_DNA_directed_polymerase_zeta_catalytic_subunit_REV3L_transcript_variant_X1_mRNA_1) is ignored but added at the end
NOTE: XM_040474393_1_PREDICTED_Puma_yagouaroundi_REV3_like_DNA_directed_polymerase_zeta_catalytic_subunit_REV3L_transcript_variant_X1_mRNA_1 (identical to XM_027057077_1_PREDICTED_Acinonyx_jubatus_REV3_like_DNA_directed_polymerase_zeta_catalytic_subunit_REV3L_transcript_variant_X1_mRNA_1) is ignored but added at the end
NOTE: XM_025925204_1_PREDICTED_Puma_concolor_REV3_like_DNA_directed_polymerase_zeta_catalytic_subunit_REV3L_mRNA_1 (identical to XM_027057077_1_PREDICTED_Acinonyx_jubatus_REV3_like_DNA_directed_polymerase_zeta_catalytic_subunit_REV3L_transcript_variant_X1_mRNA_1) is ignored but added at the end
NOTE: XM_007078726_2_PREDICTED_Panthera_tigris_altaica_REV3_like_DNA_directed_polymerase_zeta_catalytic_subunit_REV3L_transcript_variant_X1_mRNA_1 (identical to XM_027057077_1_PREDICTED_Acinonyx_jubatus_REV3_like_DNA_directed_polymerase_zeta_catalytic_subunit_REV3L_transcript_variant_X1_mRNA_1) is ignored but added at the end
NOTE: XM_006735481_2_PREDICTED_Leptonychotes_weddellii_REV3_like_DNA_directed_polymerase_zeta_catalytic_subunit_REV3L_mRNA_1 (identical to XM_021693690_1_PREDICTED_Neomonachus_schauinslandi_REV3_like_DNA_directed_polymerase_zeta_catalytic_subunit_REV3L_mRNA_1) is ignored but added at the end
NOTE: XM_034991838_1_PREDICTED_Mirounga_leonina_REV3_like_DNA_directed_polymerase_zeta_catalytic_subunit_REV3L_transcript_variant_X1_mRNA_1 (identical to XM_021693690_1_PREDICTED_Neomonachus_schauinslandi_REV3_like_DNA_directed_polymerase_zeta_catalytic_subunit_REV3L_mRNA_1) is ignored but added at the end
NOTE: XM_010965426_1_PREDICTED_Camelus_bactrianus_REV3_like_polymerase_DNA_directed_zeta_catalytic_subunit_REV3L_mRNA_1 (identical to XM_032484707_1_PREDICTED_Camelus_ferus_REV3_like_DNA_directed_polymerase_zeta_catalytic_subunit_REV3L_transcript_variant_X1_mRNA_1) is ignored but added at the end
NOTE: XM_018053060_1_PREDICTED_Capra_hircus_REV3_like_DNA_directed_polymerase_zeta_catalytic_subunit_REV3L_transcript_variant_X1_mRNA_1 (identical to XM_027972360_2_PREDICTED_Ovis_aries_REV3_like_DNA_directed_polymerase_zeta_catalytic_subunit_REV3L_transcript_variant_X1_mRNA_1) is ignored but added at the end
NOTE: XM_033418640_1_PREDICTED_Orcinus_orca_REV3_like_DNA_directed_polymerase_zeta_catalytic_subunit_REV3L_transcript_variant_X1_mRNA_1 (identical to XM_007190708_2_PREDICTED_Balaenoptera_acutorostrata_scammoni_REV3_like_DNA_directed_polymerase_zeta_catalytic_subunit_REV3L_transcript_variant_X1_mRNA_1) is ignored but added at the end
NOTE: XM_019929582_1_PREDICTED_Tursiops_truncatus_REV3_like_DNA_directed_polymerase_zeta_catalytic_subunit_REV3L_transcript_variant_X1_mRNA_1 (identical to XM_007190708_2_PREDICTED_Balaenoptera_acutorostrata_scammoni_REV3_like_DNA_directed_polymerase_zeta_catalytic_subunit_REV3L_transcript_variant_X1_mRNA_1) is ignored but added at the end
NOTE: XM_027088475_1_PREDICTED_Lagenorhynchus_obliquidens_REV3_like_DNA_directed_polymerase_zeta_catalytic_subunit_REV3L_transcript_variant_X1_mRNA_1 (identical to XM_007190708_2_PREDICTED_Balaenoptera_acutorostrata_scammoni_REV3_like_DNA_directed_polymerase_zeta_catalytic_subunit_REV3L_transcript_variant_X1_mRNA_1) is ignored but added at the end
NOTE: XM_030882819_1_PREDICTED_Globicephala_melas_REV3_like_DNA_directed_polymerase_zeta_catalytic_subunit_REV3L_transcript_variant_X1_mRNA_1 (identical to XM_007190708_2_PREDICTED_Balaenoptera_acutorostrata_scammoni_REV3_like_DNA_directed_polymerase_zeta_catalytic_subunit_REV3L_transcript_variant_X1_mRNA_1) is ignored but added at the end
NOTE: XM_007451747_1_PREDICTED_Lipotes_vexillifer_REV3_like_polymerase_DNA_directed_zeta_catalytic_subunit_REV3L_transcript_variant_X1_mRNA_1 (identical to XM_007190708_2_PREDICTED_Balaenoptera_acutorostrata_scammoni_REV3_like_DNA_directed_polymerase_zeta_catalytic_subunit_REV3L_transcript_variant_X1_mRNA_1) is ignored but added at the end
NOTE: XM_036871281_1_PREDICTED_Balaenoptera_musculus_REV3_like_DNA_directed_polymerase_zeta_catalytic_subunit_REV3L_transcript_variant_X1_mRNA_1 (identical to XM_007190708_2_PREDICTED_Balaenoptera_acutorostrata_scammoni_REV3_like_DNA_directed_polymerase_zeta_catalytic_subunit_REV3L_transcript_variant_X1_mRNA_1) is ignored but added at the end
NOTE: XM_022554510_2_PREDICTED_Delphinapterus_leucas_REV3_like_DNA_directed_polymerase_zeta_catalytic_subunit_REV3L_transcript_variant_X1_mRNA_1 (identical to XM_007190708_2_PREDICTED_Balaenoptera_acutorostrata_scammoni_REV3_like_DNA_directed_polymerase_zeta_catalytic_subunit_REV3L_transcript_variant_X1_mRNA_1) is ignored but added at the end
NOTE: XM_024115547_2_PREDICTED_Physeter_catodon_REV3_like_DNA_directed_polymerase_zeta_catalytic_subunit_REV3L_transcript_variant_X1_mRNA_1 (identical to XM_007190708_2_PREDICTED_Balaenoptera_acutorostrata_scammoni_REV3_like_DNA_directed_polymerase_zeta_catalytic_subunit_REV3L_transcript_variant_X1_mRNA_1) is ignored but added at the end
NOTE: XM_032650682_1_PREDICTED_Phocoena_sinus_REV3_like_DNA_directed_polymerase_zeta_catalytic_subunit_REV3L_transcript_variant_X1_mRNA_1 (identical to XM_007190708_2_PREDICTED_Balaenoptera_acutorostrata_scammoni_REV3_like_DNA_directed_polymerase_zeta_catalytic_subunit_REV3L_transcript_variant_X1_mRNA_1) is ignored but added at the end
NOTE: XM_029223581_1_PREDICTED_Monodon_monoceros_REV3_like_DNA_directed_polymerase_zeta_catalytic_subunit_REV3L_transcript_variant_X1_mRNA_1 (identical to XM_007190708_2_PREDICTED_Balaenoptera_acutorostrata_scammoni_REV3_like_DNA_directed_polymerase_zeta_catalytic_subunit_REV3L_transcript_variant_X1_mRNA_1) is ignored but added at the end
NOTE: XM_026456416_1_PREDICTED_Piliocolobus_tephrosceles_REV3_like_DNA_directed_polymerase_zeta_catalytic_subunit_REV3L_transcript_variant_X1_mRNA_1 (identical to XM_031667490_1_PREDICTED_Papio_anubis_REV3_like_DNA_directed_polymerase_zeta_catalytic_subunit_REV3L_transcript_variant_X1_mRNA_1) is ignored but added at the end
NOTE: XM_011935019_1_PREDICTED_Colobus_angolensis_palliatus_REV3_like_polymerase_DNA_directed_zeta_catalytic_subunit_REV3L_transcript_variant_X1_mRNA_1 (identical to XM_031667490_1_PREDICTED_Papio_anubis_REV3_like_DNA_directed_polymerase_zeta_catalytic_subunit_REV3L_transcript_variant_X1_mRNA_1) is ignored but added at the end
Alignment was printed to /gpfs/work/tuk13147/AOC-patch-GARD-3/results/mammalian_REV3L/mammalian_REV3L.9.codon.fas.uniqueseq.phy

For your convenience alignment with unique sequences printed to /gpfs/work/tuk13147/AOC-patch-GARD-3/results/mammalian_REV3L/mammalian_REV3L.9.codon.fas.uniqueseq.phy

WARNING: 16 threads for alignment length 72 will slow down analysis

Create initial parsimony tree by phylogenetic likelihood library (PLL)... 0.012 seconds
WARNING: Number of threads seems too high for short alignments. Use -T AUTO to determine best number of threads.
Perform fast likelihood tree search using GTR+I+G model...
Estimate model parameters (epsilon = 5.000)
Perform nearest neighbor interchange...
Optimizing NNI: done in 0.252539 secs using 908.5% CPU
Estimate model parameters (epsilon = 1.000)
1. Initial log-likelihood: -1602.897
Optimal log-likelihood: -1602.625
Rate parameters:  A-C: 3.94074  A-G: 10.86715  A-T: 1.29218  C-G: 1.41041  C-T: 15.16023  G-T: 1.00000
Base frequencies:  A: 0.357  C: 0.156  G: 0.216  T: 0.271
Proportion of invariable sites: 0.308
Gamma shape alpha: 0.604
Parameters optimization took 1 rounds (0.039 sec)
Time for fast ML tree search: 0.568 seconds

NOTE: ModelFinder requires 2 MB RAM!
ModelFinder will test up to 484 DNA models (sample size: 153) ...
 No. Model         -LnL         df  AIC          AICc         BIC
WARNING: 16 threads for alignment length 72 will slow down analysis
WARNING: Number of threads seems too high for short alignments. Use -T AUTO to determine best number of threads.
  1  GTR+F         1745.258     229 3948.517     109288.517   4642.487
WARNING: 16 threads for alignment length 72 will slow down analysis
WARNING: Number of threads seems too high for short alignments. Use -T AUTO to determine best number of threads.
  2  GTR+F+I       1617.701     230 3695.403     109955.403   4392.403
WARNING: 16 threads for alignment length 72 will slow down analysis
WARNING: Number of threads seems too high for short alignments. Use -T AUTO to determine best number of threads.
  3  GTR+F+G4      1605.735     230 3671.469     109931.469   4368.470
WARNING: 16 threads for alignment length 72 will slow down analysis
WARNING: Number of threads seems too high for short alignments. Use -T AUTO to determine best number of threads.
  4  GTR+F+I+G4    1602.459     231 3666.918     110850.918   4366.949
WARNING: 16 threads for alignment length 72 will slow down analysis
WARNING: Number of threads seems too high for short alignments. Use -T AUTO to determine best number of threads.
  5  GTR+F+R2      1619.001     231 3700.002     110884.002   4400.034
WARNING: 16 threads for alignment length 72 will slow down analysis
WARNING: Number of threads seems too high for short alignments. Use -T AUTO to determine best number of threads.
  6  GTR+F+R3      1608.691     233 3683.382     112727.382   4389.474
WARNING: 16 threads for alignment length 72 will slow down analysis
WARNING: Number of threads seems too high for short alignments. Use -T AUTO to determine best number of threads.
  7  GTR+F+R4      1605.934     235 3681.868     114601.868   4394.021
WARNING: 16 threads for alignment length 72 will slow down analysis
WARNING: Number of threads seems too high for short alignments. Use -T AUTO to determine best number of threads.
 14  GTR+F+I+I+R2  1599.533     232 3663.066     111775.066   4366.127
WARNING: 16 threads for alignment length 72 will slow down analysis
WARNING: Number of threads seems too high for short alignments. Use -T AUTO to determine best number of threads.
 15  GTR+F+I+I+R3  1599.626     234 3667.253     113647.253   4376.375
WARNING: 16 threads for alignment length 72 will slow down analysis
WARNING: Number of threads seems too high for short alignments. Use -T AUTO to determine best number of threads.
 25  SYM+G4        1606.022     227 3666.044     107178.044   4353.954
WARNING: 16 threads for alignment length 72 will slow down analysis
WARNING: Number of threads seems too high for short alignments. Use -T AUTO to determine best number of threads.
 26  SYM+I+G4      1600.175     228 3656.351     108080.351   4347.290
WARNING: 16 threads for alignment length 72 will slow down analysis
WARNING: Number of threads seems too high for short alignments. Use -T AUTO to determine best number of threads.
 36  SYM+I+I+R2    1600.032     229 3658.064     108998.064   4352.035
WARNING: 16 threads for alignment length 72 will slow down analysis
WARNING: Number of threads seems too high for short alignments. Use -T AUTO to determine best number of threads.
 47  TVM+F+G4      1606.806     229 3671.613     109011.613   4365.583
WARNING: 16 threads for alignment length 72 will slow down analysis
WARNING: Number of threads seems too high for short alignments. Use -T AUTO to determine best number of threads.
 48  TVM+F+I+G4    1601.721     230 3663.442     109923.442   4360.442
WARNING: 16 threads for alignment length 72 will slow down analysis
WARNING: Number of threads seems too high for short alignments. Use -T AUTO to determine best number of threads.
 58  TVM+F+I+I+R2  1600.833     231 3663.667     110847.667   4363.698
WARNING: 16 threads for alignment length 72 will slow down analysis
WARNING: Number of threads seems too high for short alignments. Use -T AUTO to determine best number of threads.
 69  TVMe+G4       1606.969     226 3665.938     106269.938   4350.817
WARNING: 16 threads for alignment length 72 will slow down analysis
WARNING: Number of threads seems too high for short alignments. Use -T AUTO to determine best number of threads.
 70  TVMe+I+G4     1600.532     227 3655.064     107167.064   4342.973
WARNING: 16 threads for alignment length 72 will slow down analysis
WARNING: Number of threads seems too high for short alignments. Use -T AUTO to determine best number of threads.
 80  TVMe+I+I+R2   1600.424     228 3656.847     108080.847   4347.787
WARNING: 16 threads for alignment length 72 will slow down analysis
WARNING: Number of threads seems too high for short alignments. Use -T AUTO to determine best number of threads.
 91  TIM3+F+G4     1608.484     228 3672.968     108096.968   4363.907
WARNING: 16 threads for alignment length 72 will slow down analysis
WARNING: Number of threads seems too high for short alignments. Use -T AUTO to determine best number of threads.
 92  TIM3+F+I+G4   1603.607     229 3665.213     109005.213   4359.184
WARNING: 16 threads for alignment length 72 will slow down analysis
WARNING: Number of threads seems too high for short alignments. Use -T AUTO to determine best number of threads.
102  TIM3+F+I+I+R2 1602.551     230 3665.102     109925.102   4362.103
WARNING: 16 threads for alignment length 72 will slow down analysis
WARNING: Number of threads seems too high for short alignments. Use -T AUTO to determine best number of threads.
113  TIM3e+G4      1612.284     225 3674.568     105374.568   4356.417
WARNING: 16 threads for alignment length 72 will slow down analysis
WARNING: Number of threads seems too high for short alignments. Use -T AUTO to determine best number of threads.
114  TIM3e+I+G4    1606.610     226 3665.219     106269.219   4350.098
WARNING: 16 threads for alignment length 72 will slow down analysis
WARNING: Number of threads seems too high for short alignments. Use -T AUTO to determine best number of threads.
124  TIM3e+I+I+R2  1606.403     227 3666.806     107178.806   4354.716
WARNING: 16 threads for alignment length 72 will slow down analysis
WARNING: Number of threads seems too high for short alignments. Use -T AUTO to determine best number of threads.
135  TIM2+F+G4     1611.039     228 3678.079     108102.079   4369.018
WARNING: 16 threads for alignment length 72 will slow down analysis
WARNING: Number of threads seems too high for short alignments. Use -T AUTO to determine best number of threads.
136  TIM2+F+I+G4   1605.456     229 3668.912     109008.912   4362.882
WARNING: 16 threads for alignment length 72 will slow down analysis
WARNING: Number of threads seems too high for short alignments. Use -T AUTO to determine best number of threads.
146  TIM2+F+I+I+R2 1604.859     230 3669.718     109929.718   4366.719
WARNING: 16 threads for alignment length 72 will slow down analysis
WARNING: Number of threads seems too high for short alignments. Use -T AUTO to determine best number of threads.
157  TIM2e+G4      1606.989     225 3663.978     105363.978   4345.826
WARNING: 16 threads for alignment length 72 will slow down analysis
WARNING: Number of threads seems too high for short alignments. Use -T AUTO to determine best number of threads.
158  TIM2e+I+G4    1601.223     226 3654.446     106258.446   4339.325
WARNING: 16 threads for alignment length 72 will slow down analysis
WARNING: Number of threads seems too high for short alignments. Use -T AUTO to determine best number of threads.
168  TIM2e+I+I+R2  1601.140     227 3656.279     107168.279   4344.189
WARNING: 16 threads for alignment length 72 will slow down analysis
WARNING: Number of threads seems too high for short alignments. Use -T AUTO to determine best number of threads.
179  TIM+F+G4      1611.777     228 3679.554     108103.554   4370.494
WARNING: 16 threads for alignment length 72 will slow down analysis
WARNING: Number of threads seems too high for short alignments. Use -T AUTO to determine best number of threads.
180  TIM+F+I+G4    1606.361     229 3670.721     109010.721   4364.692
WARNING: 16 threads for alignment length 72 will slow down analysis
WARNING: Number of threads seems too high for short alignments. Use -T AUTO to determine best number of threads.
190  TIM+F+I+I+R2  1605.800     230 3671.600     109931.600   4368.601
WARNING: 16 threads for alignment length 72 will slow down analysis
WARNING: Number of threads seems too high for short alignments. Use -T AUTO to determine best number of threads.
201  TIMe+G4       1612.335     225 3674.671     105374.671   4356.519
WARNING: 16 threads for alignment length 72 will slow down analysis
WARNING: Number of threads seems too high for short alignments. Use -T AUTO to determine best number of threads.
202  TIMe+I+G4     1606.625     226 3665.250     106269.250   4350.129
WARNING: 16 threads for alignment length 72 will slow down analysis
WARNING: Number of threads seems too high for short alignments. Use -T AUTO to determine best number of threads.
212  TIMe+I+I+R2   1606.516     227 3667.033     107179.033   4354.942
WARNING: 16 threads for alignment length 72 will slow down analysis
WARNING: Number of threads seems too high for short alignments. Use -T AUTO to determine best number of threads.
223  TPM3u+F+G4    1609.476     227 3672.953     107184.953   4360.862
WARNING: 16 threads for alignment length 72 will slow down analysis
WARNING: Number of threads seems too high for short alignments. Use -T AUTO to determine best number of threads.
224  TPM3u+F+I+G4  1604.612     228 3665.224     108089.224   4356.164
WARNING: 16 threads for alignment length 72 will slow down analysis
WARNING: Number of threads seems too high for short alignments. Use -T AUTO to determine best number of threads.
234  TPM3u+F+I+I+R2 1603.859     229 3665.718     109005.718   4359.688
WARNING: 16 threads for alignment length 72 will slow down analysis
WARNING: Number of threads seems too high for short alignments. Use -T AUTO to determine best number of threads.
245  TPM3+G4       1613.101     224 3674.201     104474.201   4353.020
WARNING: 16 threads for alignment length 72 will slow down analysis
WARNING: Number of threads seems too high for short alignments. Use -T AUTO to determine best number of threads.
246  TPM3+I+G4     1606.897     225 3663.793     105363.793   4345.642
WARNING: 16 threads for alignment length 72 will slow down analysis
WARNING: Number of threads seems too high for short alignments. Use -T AUTO to determine best number of threads.
256  TPM3+I+I+R2   1606.733     226 3665.466     106269.466   4350.345
WARNING: 16 threads for alignment length 72 will slow down analysis
WARNING: Number of threads seems too high for short alignments. Use -T AUTO to determine best number of threads.
267  TPM2u+F+G4    1611.738     227 3677.475     107189.475   4365.384
WARNING: 16 threads for alignment length 72 will slow down analysis
WARNING: Number of threads seems too high for short alignments. Use -T AUTO to determine best number of threads.
268  TPM2u+F+I+G4  1606.443     228 3668.886     108092.886   4359.826
WARNING: 16 threads for alignment length 72 will slow down analysis
WARNING: Number of threads seems too high for short alignments. Use -T AUTO to determine best number of threads.
278  TPM2u+F+I+I+R2 1605.975     229 3669.951     109009.951   4363.921
WARNING: 16 threads for alignment length 72 will slow down analysis
WARNING: Number of threads seems too high for short alignments. Use -T AUTO to determine best number of threads.
289  TPM2+G4       1607.958     224 3663.915     104463.915   4342.733
WARNING: 16 threads for alignment length 72 will slow down analysis
WARNING: Number of threads seems too high for short alignments. Use -T AUTO to determine best number of threads.
290  TPM2+I+G4     1601.555     225 3653.111     105353.111   4334.959
WARNING: 16 threads for alignment length 72 will slow down analysis
WARNING: Number of threads seems too high for short alignments. Use -T AUTO to determine best number of threads.
300  TPM2+I+I+R2   1601.514     226 3655.029     106259.029   4339.908
WARNING: 16 threads for alignment length 72 will slow down analysis
WARNING: Number of threads seems too high for short alignments. Use -T AUTO to determine best number of threads.
311  K3Pu+F+G4     1612.444     227 3678.887     107190.887   4366.797
WARNING: 16 threads for alignment length 72 will slow down analysis
WARNING: Number of threads seems too high for short alignments. Use -T AUTO to determine best number of threads.
312  K3Pu+F+I+G4   1607.279     228 3670.558     108094.558   4361.498
WARNING: 16 threads for alignment length 72 will slow down analysis
WARNING: Number of threads seems too high for short alignments. Use -T AUTO to determine best number of threads.
322  K3Pu+F+I+I+R2 1606.920     229 3671.841     109011.841   4365.811
WARNING: 16 threads for alignment length 72 will slow down analysis
WARNING: Number of threads seems too high for short alignments. Use -T AUTO to determine best number of threads.
333  K3P+G4        1613.198     224 3674.396     104474.396   4353.214
WARNING: 16 threads for alignment length 72 will slow down analysis
WARNING: Number of threads seems too high for short alignments. Use -T AUTO to determine best number of threads.
334  K3P+I+G4      1606.886     225 3663.772     105363.772   4345.620
WARNING: 16 threads for alignment length 72 will slow down analysis
WARNING: Number of threads seems too high for short alignments. Use -T AUTO to determine best number of threads.
344  K3P+I+I+R2    1606.766     226 3665.531     106269.531   4350.410
WARNING: 16 threads for alignment length 72 will slow down analysis
WARNING: Number of threads seems too high for short alignments. Use -T AUTO to determine best number of threads.
355  TN+F+G4       1613.176     227 3680.352     107192.352   4368.261
WARNING: 16 threads for alignment length 72 will slow down analysis
WARNING: Number of threads seems too high for short alignments. Use -T AUTO to determine best number of threads.
356  TN+F+I+G4     1607.761     228 3671.521     108095.521   4362.461
WARNING: 16 threads for alignment length 72 will slow down analysis
WARNING: Number of threads seems too high for short alignments. Use -T AUTO to determine best number of threads.
366  TN+F+I+I+R2   1607.249     229 3672.498     109012.498   4366.469
WARNING: 16 threads for alignment length 72 will slow down analysis
WARNING: Number of threads seems too high for short alignments. Use -T AUTO to determine best number of threads.
377  TNe+G4        1612.846     224 3673.692     104473.692   4352.510
WARNING: 16 threads for alignment length 72 will slow down analysis
WARNING: Number of threads seems too high for short alignments. Use -T AUTO to determine best number of threads.
378  TNe+I+G4      1607.174     225 3664.349     105364.349   4346.197
WARNING: 16 threads for alignment length 72 will slow down analysis
WARNING: Number of threads seems too high for short alignments. Use -T AUTO to determine best number of threads.
388  TNe+I+I+R2    1607.056     226 3666.112     106270.112   4350.991
WARNING: 16 threads for alignment length 72 will slow down analysis
WARNING: Number of threads seems too high for short alignments. Use -T AUTO to determine best number of threads.
399  HKY+F+G4      1613.829     226 3679.657     106283.657   4364.536
WARNING: 16 threads for alignment length 72 will slow down analysis
WARNING: Number of threads seems too high for short alignments. Use -T AUTO to determine best number of threads.
400  HKY+F+I+G4    1608.703     227 3671.406     107183.406   4359.316
WARNING: 16 threads for alignment length 72 will slow down analysis
WARNING: Number of threads seems too high for short alignments. Use -T AUTO to determine best number of threads.
410  HKY+F+I+I+R2  1608.345     228 3672.691     108096.691   4363.631
WARNING: 16 threads for alignment length 72 will slow down analysis
WARNING: Number of threads seems too high for short alignments. Use -T AUTO to determine best number of threads.
421  K2P+G4        1613.696     223 3673.393     103577.393   4349.181
WARNING: 16 threads for alignment length 72 will slow down analysis
WARNING: Number of threads seems too high for short alignments. Use -T AUTO to determine best number of threads.
422  K2P+I+G4      1607.433     224 3662.867     104462.867   4341.685
WARNING: 16 threads for alignment length 72 will slow down analysis
WARNING: Number of threads seems too high for short alignments. Use -T AUTO to determine best number of threads.
432  K2P+I+I+R2    1607.353     225 3664.705     105364.705   4346.554
WARNING: 16 threads for alignment length 72 will slow down analysis
WARNING: Number of threads seems too high for short alignments. Use -T AUTO to determine best number of threads.
443  F81+F+G4      1722.857     225 3895.714     105595.714   4577.563
WARNING: 16 threads for alignment length 72 will slow down analysis
WARNING: Number of threads seems too high for short alignments. Use -T AUTO to determine best number of threads.
444  F81+F+I+G4    1716.587     226 3885.174     106489.174   4570.053
WARNING: 16 threads for alignment length 72 will slow down analysis
WARNING: Number of threads seems too high for short alignments. Use -T AUTO to determine best number of threads.
454  F81+F+I+I+R2  1716.381     227 3886.762     107398.762   4574.671
WARNING: 16 threads for alignment length 72 will slow down analysis
WARNING: Number of threads seems too high for short alignments. Use -T AUTO to determine best number of threads.
465  JC+G4         1717.262     222 3878.525     102890.525   4551.282
WARNING: 16 threads for alignment length 72 will slow down analysis
WARNING: Number of threads seems too high for short alignments. Use -T AUTO to determine best number of threads.
466  JC+I+G4       1711.168     223 3868.337     103772.337   4544.124
WARNING: 16 threads for alignment length 72 will slow down analysis
WARNING: Number of threads seems too high for short alignments. Use -T AUTO to determine best number of threads.
476  JC+I+I+R2     1711.110     224 3870.220     104670.220   4549.038
Akaike Information Criterion:           TPM2+I+G4
Corrected Akaike Information Criterion: JC+G4
Bayesian Information Criterion:         TPM2+I+G4
Best-fit model: TPM2+I+G4 chosen according to BIC

All model information printed to /gpfs/work/tuk13147/AOC-patch-GARD-3/results/mammalian_REV3L/mammalian_REV3L.9.codon.fas.model.gz
CPU time for ModelFinder: 74.074 seconds (0h:1m:14s)
Wall-clock time for ModelFinder: 7.740 seconds (0h:0m:7s)
WARNING: 16 threads for alignment length 72 will slow down analysis

NOTE: 1 MB RAM (0 GB) is required!
WARNING: Number of threads seems too high for short alignments. Use -T AUTO to determine best number of threads.
Estimate model parameters (epsilon = 0.100)
Thoroughly optimizing +I+G parameters from 10 start values...
Init pinv, alpha: 0.000, 2.423 / Estimate: 0.000, 0.297 / LogL: -1607.961
Init pinv, alpha: 0.062, 2.423 / Estimate: 0.079, 0.346 / LogL: -1607.540
Init pinv, alpha: 0.125, 2.423 / Estimate: 0.174, 0.427 / LogL: -1606.972
Init pinv, alpha: 0.187, 2.423 / Estimate: 0.513, 2.296 / LogL: -1601.566
Init pinv, alpha: 0.250, 2.423 / Estimate: 0.514, 2.325 / LogL: -1601.560
Init pinv, alpha: 0.312, 2.423 / Estimate: 0.513, 2.297 / LogL: -1601.567
Init pinv, alpha: 0.375, 2.423 / Estimate: 0.512, 2.282 / LogL: -1601.572
Init pinv, alpha: 0.437, 2.423 / Estimate: 0.511, 2.260 / LogL: -1601.579
Init pinv, alpha: 0.500, 2.423 / Estimate: 0.515, 2.359 / LogL: -1601.559
Init pinv, alpha: 0.562, 2.423 / Estimate: 0.521, 2.518 / LogL: -1601.565
Optimal pinv,alpha: 0.515, 2.359 / LogL: -1601.559

Parameters optimization took 1.523 sec
Wrote distance file to... 
Computing ML distances based on estimated model parameters...
Calculating distance matrix: done in 0.00777753 secs using 1386% CPU
Computing ML distances took 0.050647 sec (of wall-clock time) 0.750485 sec (of CPU time)
Setting up auxiliary I and S matrices: done in 0.00184201 secs using 578.4% CPU
Constructing RapidNJ tree: done in 0.120964 secs using 149.6% CPU
Computing RapidNJ tree took 0.122947 sec (of wall-clock time) 0.191727 sec (of CPU time)
Log-likelihood of RapidNJ tree: -1601.840
--------------------------------------------------------------------
|             INITIALIZING CANDIDATE TREE SET                      |
--------------------------------------------------------------------
Generating 98 parsimony trees... 0.765 second
Computing log-likelihood of 98 initial trees ... 1.164 seconds
Current best score: -1591.470

Do NNI search on 20 best initial trees
Optimizing NNI: done in 0.355888 secs using 890.8% CPU
Estimate model parameters (epsilon = 0.100)
BETTER TREE FOUND at iteration 1: -1586.432
Optimizing NNI: done in 0.37426 secs using 892.6% CPU
Optimizing NNI: done in 0.237256 secs using 892.5% CPU
Optimizing NNI: done in 0.310939 secs using 891% CPU
Estimate model parameters (epsilon = 0.100)
BETTER TREE FOUND at iteration 4: -1581.178
Optimizing NNI: done in 0.310009 secs using 890.7% CPU
Optimizing NNI: done in 0.323005 secs using 892.6% CPU
Optimizing NNI: done in 0.270419 secs using 924.9% CPU
Optimizing NNI: done in 0.281111 secs using 889.4% CPU
Optimizing NNI: done in 0.232311 secs using 889.6% CPU
Optimizing NNI: done in 0.351477 secs using 892.6% CPU
Iteration 10 / LogL: -1592.531 / Time: 0h:0m:7s
Optimizing NNI: done in 0.284858 secs using 892.5% CPU
Optimizing NNI: done in 0.346449 secs using 892.3% CPU
Optimizing NNI: done in 0.253413 secs using 890.4% CPU
Optimizing NNI: done in 0.405603 secs using 892.3% CPU
Optimizing NNI: done in 0.30131 secs using 893.1% CPU
Optimizing NNI: done in 0.254515 secs using 883.8% CPU
Optimizing NNI: done in 0.244207 secs using 893.9% CPU
Optimizing NNI: done in 0.126994 secs using 891.4% CPU
Optimizing NNI: done in 0.386326 secs using 891% CPU
Optimizing NNI: done in 0.355443 secs using 891.7% CPU
Iteration 20 / LogL: -1589.442 / Time: 0h:0m:10s
Finish initializing candidate tree set (20)
Current best tree score: -1581.178 / CPU time: 8.374
Number of iterations: 20
--------------------------------------------------------------------
|               OPTIMIZING CANDIDATE TREE SET                      |
--------------------------------------------------------------------
Optimizing NNI: done in 0.65689 secs using 891.3% CPU
Optimizing NNI: done in 0.343869 secs using 892% CPU
Optimizing NNI: done in 0.49119 secs using 892.9% CPU
Optimizing NNI: done in 0.45415 secs using 891.6% CPU
Estimate model parameters (epsilon = 0.100)
BETTER TREE FOUND at iteration 24: -1579.987
Optimizing NNI: done in 0.727114 secs using 890.8% CPU
Optimizing NNI: done in 0.547401 secs using 890.3% CPU
Optimizing NNI: done in 0.466142 secs using 892.7% CPU
Optimizing NNI: done in 0.517795 secs using 890.7% CPU
Optimizing NNI: done in 0.421991 secs using 891.4% CPU
Optimizing NNI: done in 0.471986 secs using 889% CPU
Iteration 30 / LogL: -1603.404 / Time: 0h:0m:15s (0h:0m:50s left)
Optimizing NNI: done in 0.589954 secs using 890.7% CPU
Estimate model parameters (epsilon = 0.100)
BETTER TREE FOUND at iteration 31: -1579.170
Optimizing NNI: done in 0.472363 secs using 888.8% CPU
Optimizing NNI: done in 0.598118 secs using 890.8% CPU
Estimate model parameters (epsilon = 0.100)
BETTER TREE FOUND at iteration 33: -1576.307
Optimizing NNI: done in 0.334997 secs using 892.2% CPU
Optimizing NNI: done in 0.456815 secs using 892.5% CPU
Optimizing NNI: done in 0.523305 secs using 888.1% CPU
Optimizing NNI: done in 0.468589 secs using 891.8% CPU
Optimizing NNI: done in 0.554199 secs using 890.1% CPU
Optimizing NNI: done in 0.568556 secs using 892.2% CPU
Estimate model parameters (epsilon = 0.100)
BETTER TREE FOUND at iteration 39: -1574.235
Optimizing NNI: done in 0.537143 secs using 892.4% CPU
Iteration 40 / LogL: -1580.025 / Time: 0h:0m:20s (0h:0m:52s left)
Optimizing NNI: done in 0.444564 secs using 892.5% CPU
Optimizing NNI: done in 0.423435 secs using 891.7% CPU
Optimizing NNI: done in 0.474758 secs using 893.4% CPU
Optimizing NNI: done in 0.533884 secs using 890.8% CPU
Optimizing NNI: done in 0.410096 secs using 890.4% CPU
Optimizing NNI: done in 0.503209 secs using 892.3% CPU
Optimizing NNI: done in 0.437468 secs using 886.2% CPU
Optimizing NNI: done in 0.438654 secs using 892.5% CPU
Optimizing NNI: done in 0.571042 secs using 892.4% CPU
Optimizing NNI: done in 0.524173 secs using 890.7% CPU
Iteration 50 / LogL: -1580.940 / Time: 0h:0m:25s (0h:0m:46s left)
Optimizing NNI: done in 0.473032 secs using 891.7% CPU
Optimizing NNI: done in 0.456368 secs using 891.5% CPU
Optimizing NNI: done in 0.38969 secs using 893.3% CPU
Optimizing NNI: done in 0.464766 secs using 893.6% CPU
Optimizing NNI: done in 0.474563 secs using 889.9% CPU
Optimizing NNI: done in 0.589953 secs using 891.1% CPU
Optimizing NNI: done in 0.437328 secs using 891.9% CPU
Optimizing NNI: done in 0.560228 secs using 894.1% CPU
BETTER TREE FOUND at iteration 58: -1574.235
Optimizing NNI: done in 0.457709 secs using 891.2% CPU
Optimizing NNI: done in 0.521443 secs using 891.7% CPU
Iteration 60 / LogL: -1586.401 / Time: 0h:0m:30s (0h:0m:51s left)
Optimizing NNI: done in 0.528965 secs using 893.5% CPU
Optimizing NNI: done in 0.590953 secs using 892.7% CPU
Optimizing NNI: done in 0.398001 secs using 890.2% CPU
Optimizing NNI: done in 0.504934 secs using 892% CPU
Optimizing NNI: done in 0.374906 secs using 910.1% CPU
Optimizing NNI: done in 0.549972 secs using 905.5% CPU
Optimizing NNI: done in 0.398327 secs using 900.6% CPU
Optimizing NNI: done in 0.349784 secs using 892% CPU
Optimizing NNI: done in 0.469945 secs using 908.3% CPU
Optimizing NNI: done in 0.661486 secs using 901.9% CPU
Iteration 70 / LogL: -1574.729 / Time: 0h:0m:36s (0h:0m:45s left)
Optimizing NNI: done in 0.476388 secs using 893.5% CPU
Optimizing NNI: done in 0.462666 secs using 891.5% CPU
Optimizing NNI: done in 0.485055 secs using 893.2% CPU
Optimizing NNI: done in 0.367682 secs using 891% CPU
Optimizing NNI: done in 0.514594 secs using 906.6% CPU
Optimizing NNI: done in 0.516244 secs using 892.2% CPU
Optimizing NNI: done in 0.365754 secs using 887.6% CPU
Optimizing NNI: done in 0.49772 secs using 891.7% CPU
Optimizing NNI: done in 0.465747 secs using 908.8% CPU
Optimizing NNI: done in 0.537248 secs using 893% CPU
Iteration 80 / LogL: -1602.937 / Time: 0h:0m:41s (0h:0m:40s left)
Optimizing NNI: done in 0.4566 secs using 907.9% CPU
Estimate model parameters (epsilon = 0.100)
BETTER TREE FOUND at iteration 81: -1574.129
Optimizing NNI: done in 0.507703 secs using 904.5% CPU
Optimizing NNI: done in 0.464221 secs using 889.6% CPU
Optimizing NNI: done in 0.490892 secs using 891.6% CPU
Optimizing NNI: done in 0.468982 secs using 894.3% CPU
Optimizing NNI: done in 0.623555 secs using 906.1% CPU
Optimizing NNI: done in 0.422934 secs using 910.7% CPU
Optimizing NNI: done in 0.636962 secs using 890% CPU
Optimizing NNI: done in 0.377128 secs using 893.4% CPU
Optimizing NNI: done in 0.565221 secs using 892.9% CPU
Iteration 90 / LogL: -1574.129 / Time: 0h:0m:46s (0h:0m:47s left)
Optimizing NNI: done in 0.471239 secs using 890.8% CPU
Optimizing NNI: done in 0.460009 secs using 891.5% CPU
Optimizing NNI: done in 0.389775 secs using 891.8% CPU
Optimizing NNI: done in 0.453026 secs using 890.9% CPU
Optimizing NNI: done in 0.507638 secs using 893.7% CPU
Optimizing NNI: done in 0.590001 secs using 904.7% CPU
Optimizing NNI: done in 0.638026 secs using 891.1% CPU
Optimizing NNI: done in 0.405202 secs using 909.9% CPU
Optimizing NNI: done in 0.503889 secs using 907.6% CPU
BETTER TREE FOUND at iteration 99: -1574.129
Optimizing NNI: done in 0.604028 secs using 904.9% CPU
Iteration 100 / LogL: -1576.041 / Time: 0h:0m:51s (0h:0m:51s left)
Optimizing NNI: done in 0.459061 secs using 889.7% CPU
Optimizing NNI: done in 0.523711 secs using 892.5% CPU
Optimizing NNI: done in 0.399025 secs using 892.1% CPU
Optimizing NNI: done in 0.514522 secs using 892.4% CPU
Optimizing NNI: done in 0.466462 secs using 909.7% CPU
Optimizing NNI: done in 0.49975 secs using 908% CPU
Optimizing NNI: done in 0.448875 secs using 904.2% CPU
Optimizing NNI: done in 0.602231 secs using 905.5% CPU
Optimizing NNI: done in 0.512087 secs using 891.1% CPU
Optimizing NNI: done in 0.401576 secs using 890.6% CPU
BETTER TREE FOUND at iteration 110: -1574.129
Iteration 110 / LogL: -1574.129 / Time: 0h:0m:56s (0h:0m:52s left)
Optimizing NNI: done in 0.488697 secs using 907.2% CPU
Optimizing NNI: done in 0.489585 secs using 906.3% CPU
Optimizing NNI: done in 0.457607 secs using 908.6% CPU
Optimizing NNI: done in 0.480997 secs using 905.9% CPU
Optimizing NNI: done in 0.521949 secs using 907.4% CPU
Optimizing NNI: done in 0.419082 secs using 912.2% CPU
Optimizing NNI: done in 0.458865 secs using 907.9% CPU
Optimizing NNI: done in 0.926221 secs using 890.8% CPU
Optimizing NNI: done in 0.528125 secs using 890.1% CPU
Optimizing NNI: done in 0.636718 secs using 892.6% CPU
Iteration 120 / LogL: -1576.248 / Time: 0h:1m:2s (0h:0m:47s left)
Optimizing NNI: done in 0.409109 secs using 916.9% CPU
Optimizing NNI: done in 0.406721 secs using 910.9% CPU
Optimizing NNI: done in 0.400738 secs using 914.2% CPU
Optimizing NNI: done in 0.481938 secs using 888% CPU
Optimizing NNI: done in 0.482997 secs using 905.1% CPU
Optimizing NNI: done in 0.459658 secs using 906.4% CPU
Optimizing NNI: done in 0.309423 secs using 916.2% CPU
Optimizing NNI: done in 0.475381 secs using 906.6% CPU
Optimizing NNI: done in 0.466933 secs using 906.6% CPU
BETTER TREE FOUND at iteration 129: -1574.129
Optimizing NNI: done in 0.527558 secs using 906.5% CPU
Iteration 130 / LogL: -1583.147 / Time: 0h:1m:7s (0h:0m:52s left)
Optimizing NNI: done in 0.37898 secs using 892.2% CPU
Optimizing NNI: done in 0.447513 secs using 909.3% CPU
Optimizing NNI: done in 0.621656 secs using 905.1% CPU
Optimizing NNI: done in 0.628831 secs using 890.6% CPU
Optimizing NNI: done in 0.457442 secs using 902.7% CPU
Optimizing NNI: done in 0.516542 secs using 906.3% CPU
Optimizing NNI: done in 0.450185 secs using 906.2% CPU
Optimizing NNI: done in 0.467121 secs using 907.9% CPU
Optimizing NNI: done in 0.401917 secs using 910.2% CPU
Optimizing NNI: done in 0.485656 secs using 907.1% CPU
Iteration 140 / LogL: -1579.008 / Time: 0h:1m:13s (0h:0m:46s left)
Optimizing NNI: done in 0.496085 secs using 906.3% CPU
Optimizing NNI: done in 0.407405 secs using 911.8% CPU
Optimizing NNI: done in 0.396116 secs using 912.4% CPU
Optimizing NNI: done in 0.606331 secs using 905.9% CPU
Optimizing NNI: done in 0.477061 secs using 907% CPU
Optimizing NNI: done in 0.485124 secs using 906.4% CPU
Optimizing NNI: done in 0.453837 secs using 891.6% CPU
Optimizing NNI: done in 0.524883 secs using 891.9% CPU
Optimizing NNI: done in 0.522367 secs using 906% CPU
Optimizing NNI: done in 0.502273 secs using 892.2% CPU
Iteration 150 / LogL: -1576.156 / Time: 0h:1m:18s (0h:0m:41s left)
Optimizing NNI: done in 0.532786 secs using 891.6% CPU
Optimizing NNI: done in 0.558653 secs using 889.7% CPU
Optimizing NNI: done in 0.555021 secs using 891.7% CPU
Optimizing NNI: done in 0.443743 secs using 891.6% CPU
Optimizing NNI: done in 0.473014 secs using 891.5% CPU
Optimizing NNI: done in 0.550248 secs using 890.7% CPU
Optimizing NNI: done in 0.569539 secs using 892.4% CPU
Optimizing NNI: done in 0.537713 secs using 892.4% CPU
Optimizing NNI: done in 0.371601 secs using 887.5% CPU
Optimizing NNI: done in 0.378289 secs using 891.5% CPU
Iteration 160 / LogL: -1592.699 / Time: 0h:1m:23s (0h:0m:36s left)
Optimizing NNI: done in 0.471707 secs using 891.1% CPU
Optimizing NNI: done in 0.470705 secs using 892.7% CPU
Optimizing NNI: done in 0.458047 secs using 889.5% CPU
Optimizing NNI: done in 0.519978 secs using 891.9% CPU
Optimizing NNI: done in 0.335406 secs using 891.6% CPU
Optimizing NNI: done in 0.524787 secs using 893.5% CPU
Optimizing NNI: done in 0.540985 secs using 892.4% CPU
Optimizing NNI: done in 0.394593 secs using 892.2% CPU
Optimizing NNI: done in 0.451663 secs using 893.3% CPU
Optimizing NNI: done in 0.459383 secs using 891.3% CPU
Iteration 170 / LogL: -1576.478 / Time: 0h:1m:28s (0h:0m:30s left)
Optimizing NNI: done in 0.596181 secs using 889.4% CPU
Optimizing NNI: done in 0.541355 secs using 894.4% CPU
Optimizing NNI: done in 0.460396 secs using 891.3% CPU
Optimizing NNI: done in 0.433152 secs using 892.2% CPU
Optimizing NNI: done in 0.463345 secs using 894.4% CPU
Optimizing NNI: done in 0.543307 secs using 893.6% CPU
Optimizing NNI: done in 0.446075 secs using 892.8% CPU
Optimizing NNI: done in 0.455385 secs using 890.1% CPU
Optimizing NNI: done in 0.457446 secs using 888.8% CPU
Optimizing NNI: done in 0.559874 secs using 890.3% CPU
Iteration 180 / LogL: -1574.130 / Time: 0h:1m:33s (0h:0m:25s left)
Optimizing NNI: done in 0.459821 secs using 890.6% CPU
Optimizing NNI: done in 0.464673 secs using 890.9% CPU
Optimizing NNI: done in 0.48328 secs using 892.5% CPU
BETTER TREE FOUND at iteration 183: -1574.129
Optimizing NNI: done in 0.388443 secs using 892.8% CPU
Optimizing NNI: done in 0.587463 secs using 891.3% CPU
Optimizing NNI: done in 0.469508 secs using 889.4% CPU
Optimizing NNI: done in 0.322893 secs using 888.9% CPU
Optimizing NNI: done in 0.388929 secs using 892.8% CPU
Optimizing NNI: done in 0.367948 secs using 913.4% CPU
Optimizing NNI: done in 0.40558 secs using 889.2% CPU
Iteration 190 / LogL: -1581.379 / Time: 0h:1m:38s (0h:0m:48s left)
Optimizing NNI: done in 0.534649 secs using 891.2% CPU
Optimizing NNI: done in 0.503417 secs using 891.8% CPU
Optimizing NNI: done in 0.543914 secs using 891.9% CPU
Optimizing NNI: done in 0.407057 secs using 890.1% CPU
Optimizing NNI: done in 0.472719 secs using 890.7% CPU
Optimizing NNI: done in 0.289602 secs using 891.7% CPU
Optimizing NNI: done in 0.396241 secs using 889.9% CPU
Optimizing NNI: done in 0.494156 secs using 890.7% CPU
Optimizing NNI: done in 0.499007 secs using 892.7% CPU
Optimizing NNI: done in 0.447477 secs using 891.1% CPU
BETTER TREE FOUND at iteration 200: -1574.129
Iteration 200 / LogL: -1574.129 / Time: 0h:1m:42s (0h:0m:51s left)
Optimizing NNI: done in 0.465377 secs using 895% CPU
Optimizing NNI: done in 0.445509 secs using 892.6% CPU
Optimizing NNI: done in 0.528193 secs using 892% CPU
Optimizing NNI: done in 0.419914 secs using 909.3% CPU
Optimizing NNI: done in 0.559727 secs using 890.3% CPU
Optimizing NNI: done in 0.466144 secs using 892.3% CPU
Optimizing NNI: done in 0.585621 secs using 894.3% CPU
Optimizing NNI: done in 0.493042 secs using 892.5% CPU
Optimizing NNI: done in 0.449586 secs using 892% CPU
Optimizing NNI: done in 0.487065 secs using 893.2% CPU
Iteration 210 / LogL: -1607.552 / Time: 0h:1m:48s (0h:0m:46s left)
Optimizing NNI: done in 0.466646 secs using 890.2% CPU
Optimizing NNI: done in 0.389871 secs using 890.7% CPU
Optimizing NNI: done in 0.402386 secs using 910.7% CPU
Optimizing NNI: done in 0.477545 secs using 906.9% CPU
Optimizing NNI: done in 0.516358 secs using 907.9% CPU
Optimizing NNI: done in 0.488607 secs using 905.5% CPU
Optimizing NNI: done in 0.331633 secs using 916.6% CPU
Optimizing NNI: done in 0.514212 secs using 909.2% CPU
Optimizing NNI: done in 0.427714 secs using 890.2% CPU
Optimizing NNI: done in 0.452572 secs using 906.2% CPU
Iteration 220 / LogL: -1574.129 / Time: 0h:1m:52s (0h:0m:41s left)
Optimizing NNI: done in 0.463157 secs using 889.8% CPU
Optimizing NNI: done in 0.38739 secs using 889.7% CPU
Optimizing NNI: done in 0.449756 secs using 900.7% CPU
Optimizing NNI: done in 0.509549 secs using 908.3% CPU
BETTER TREE FOUND at iteration 224: -1574.129
Optimizing NNI: done in 0.486174 secs using 907.4% CPU
Optimizing NNI: done in 0.426606 secs using 898% CPU
Estimate model parameters (epsilon = 0.100)
BETTER TREE FOUND at iteration 226: -1573.972
Optimizing NNI: done in 0.483167 secs using 891.5% CPU
Optimizing NNI: done in 0.504622 secs using 889.6% CPU
Optimizing NNI: done in 0.610698 secs using 906.4% CPU
Optimizing NNI: done in 0.436826 secs using 904.5% CPU
Iteration 230 / LogL: -1578.998 / Time: 0h:1m:58s (0h:0m:49s left)
Optimizing NNI: done in 0.512915 secs using 893.7% CPU
Optimizing NNI: done in 0.468502 secs using 906% CPU
Optimizing NNI: done in 0.441336 secs using 890.5% CPU
Optimizing NNI: done in 0.455862 secs using 890.5% CPU
Optimizing NNI: done in 0.399589 secs using 911.6% CPU
Optimizing NNI: done in 0.569226 secs using 891.5% CPU
BETTER TREE FOUND at iteration 236: -1573.971
Optimizing NNI: done in 0.434386 secs using 910.6% CPU
Optimizing NNI: done in 0.521947 secs using 908.6% CPU
Optimizing NNI: done in 0.551961 secs using 905.5% CPU
Optimizing NNI: done in 0.500282 secs using 890.5% CPU
Iteration 240 / LogL: -1573.972 / Time: 0h:2m:3s (0h:0m:49s left)
Optimizing NNI: done in 0.462404 secs using 907.4% CPU
Optimizing NNI: done in 0.427535 secs using 909.1% CPU
Optimizing NNI: done in 0.515624 secs using 907.8% CPU
Optimizing NNI: done in 0.332866 secs using 915.1% CPU
Optimizing NNI: done in 0.494717 secs using 891.1% CPU
Optimizing NNI: done in 0.451513 secs using 891.3% CPU
Optimizing NNI: done in 0.497423 secs using 908.7% CPU
Optimizing NNI: done in 0.469446 secs using 910% CPU
Optimizing NNI: done in 0.417211 secs using 908.7% CPU
Optimizing NNI: done in 0.537874 secs using 906.5% CPU
Iteration 250 / LogL: -1578.026 / Time: 0h:2m:8s (0h:0m:44s left)
Optimizing NNI: done in 0.497285 secs using 905.7% CPU
Optimizing NNI: done in 0.515085 secs using 891.7% CPU
Optimizing NNI: done in 0.534218 secs using 891.8% CPU
Optimizing NNI: done in 0.53517 secs using 891.6% CPU
Optimizing NNI: done in 0.381607 secs using 893.5% CPU
Optimizing NNI: done in 0.608492 secs using 891.6% CPU
Optimizing NNI: done in 0.458912 secs using 892.6% CPU
Optimizing NNI: done in 0.601458 secs using 891.5% CPU
Optimizing NNI: done in 0.55645 secs using 890.9% CPU
Optimizing NNI: done in 0.455431 secs using 891.3% CPU
Iteration 260 / LogL: -1581.025 / Time: 0h:2m:13s (0h:0m:39s left)
Optimizing NNI: done in 0.382736 secs using 891.4% CPU
Optimizing NNI: done in 0.402535 secs using 891.3% CPU
Optimizing NNI: done in 0.517072 secs using 890.8% CPU
Optimizing NNI: done in 0.534915 secs using 887.5% CPU
Optimizing NNI: done in 0.618758 secs using 903.9% CPU
Optimizing NNI: done in 0.395773 secs using 889.4% CPU
Optimizing NNI: done in 0.396373 secs using 891.3% CPU
Optimizing NNI: done in 0.371218 secs using 890.6% CPU
Optimizing NNI: done in 0.608752 secs using 891.1% CPU
Optimizing NNI: done in 0.494693 secs using 907.9% CPU
Iteration 270 / LogL: -1574.356 / Time: 0h:2m:18s (0h:0m:34s left)
Optimizing NNI: done in 0.543346 secs using 890.4% CPU
Optimizing NNI: done in 0.571532 secs using 902% CPU
Optimizing NNI: done in 0.414038 secs using 909.2% CPU
Optimizing NNI: done in 0.467851 secs using 890.7% CPU
Optimizing NNI: done in 0.47561 secs using 898.6% CPU
Optimizing NNI: done in 0.726134 secs using 903.8% CPU
Optimizing NNI: done in 0.611116 secs using 891.1% CPU
Optimizing NNI: done in 0.468537 secs using 910.3% CPU
Optimizing NNI: done in 0.575984 secs using 890.4% CPU
Optimizing NNI: done in 0.507907 secs using 887.6% CPU
Iteration 280 / LogL: -1580.134 / Time: 0h:2m:24s (0h:0m:29s left)
Optimizing NNI: done in 0.639561 secs using 903.2% CPU
Optimizing NNI: done in 0.484714 secs using 892.4% CPU
Optimizing NNI: done in 0.525207 secs using 891% CPU
Optimizing NNI: done in 0.549927 secs using 907.8% CPU
Optimizing NNI: done in 0.540658 secs using 907.4% CPU
Optimizing NNI: done in 0.427155 secs using 911.9% CPU
Optimizing NNI: done in 0.45356 secs using 892% CPU
Optimizing NNI: done in 0.452394 secs using 891.4% CPU
Optimizing NNI: done in 0.342286 secs using 891.5% CPU
Optimizing NNI: done in 0.576897 secs using 892% CPU
Iteration 290 / LogL: -1574.160 / Time: 0h:2m:29s (0h:0m:23s left)
Optimizing NNI: done in 0.516049 secs using 890.3% CPU
Optimizing NNI: done in 0.467834 secs using 904.7% CPU
Optimizing NNI: done in 0.470746 secs using 892.7% CPU
Optimizing NNI: done in 0.457816 secs using 907.5% CPU
Optimizing NNI: done in 0.484216 secs using 890.5% CPU
Optimizing NNI: done in 0.470119 secs using 890.9% CPU
Optimizing NNI: done in 0.517152 secs using 892.8% CPU
Optimizing NNI: done in 0.413362 secs using 891.1% CPU
Optimizing NNI: done in 0.469481 secs using 907.1% CPU
Optimizing NNI: done in 0.57061 secs using 893% CPU
Iteration 300 / LogL: -1578.562 / Time: 0h:2m:35s (0h:0m:18s left)
Optimizing NNI: done in 0.45974 secs using 889.7% CPU
Optimizing NNI: done in 0.499103 secs using 891.2% CPU
Optimizing NNI: done in 0.536952 secs using 891.4% CPU
Optimizing NNI: done in 0.436087 secs using 908.5% CPU
Optimizing NNI: done in 0.422537 secs using 907.5% CPU
Optimizing NNI: done in 0.614574 secs using 889.7% CPU
Optimizing NNI: done in 0.625821 secs using 892.7% CPU
Optimizing NNI: done in 0.549367 secs using 907.3% CPU
Optimizing NNI: done in 0.528015 secs using 907% CPU
Optimizing NNI: done in 0.550602 secs using 890.5% CPU
Iteration 310 / LogL: -1580.162 / Time: 0h:2m:40s (0h:0m:13s left)
Optimizing NNI: done in 0.621963 secs using 902.7% CPU
Optimizing NNI: done in 0.508767 secs using 904.6% CPU
Optimizing NNI: done in 0.460439 secs using 889.1% CPU
Optimizing NNI: done in 0.496704 secs using 890.9% CPU
Optimizing NNI: done in 0.407223 secs using 891.4% CPU
Optimizing NNI: done in 0.414856 secs using 892.3% CPU
Optimizing NNI: done in 0.554976 secs using 891.5% CPU
Optimizing NNI: done in 0.63173 secs using 889.7% CPU
Optimizing NNI: done in 0.436212 secs using 891% CPU
Optimizing NNI: done in 0.469396 secs using 906.6% CPU
Iteration 320 / LogL: -1575.231 / Time: 0h:2m:46s (0h:0m:8s left)
Optimizing NNI: done in 0.47678 secs using 892.2% CPU
Optimizing NNI: done in 0.530431 secs using 890.5% CPU
Optimizing NNI: done in 0.519417 secs using 890.9% CPU
Optimizing NNI: done in 0.5211 secs using 894.2% CPU
Optimizing NNI: done in 0.450016 secs using 889.6% CPU
Optimizing NNI: done in 0.478314 secs using 892% CPU
Optimizing NNI: done in 0.427418 secs using 893.2% CPU
Optimizing NNI: done in 0.448199 secs using 892.8% CPU
Optimizing NNI: done in 0.404891 secs using 890.6% CPU
Optimizing NNI: done in 0.475509 secs using 892.2% CPU
Iteration 330 / LogL: -1588.280 / Time: 0h:2m:50s (0h:0m:3s left)
Optimizing NNI: done in 0.57131 secs using 891.9% CPU
Optimizing NNI: done in 0.573568 secs using 891.3% CPU
Optimizing NNI: done in 0.580506 secs using 891.6% CPU
Optimizing NNI: done in 0.426104 secs using 887.3% CPU
Optimizing NNI: done in 0.431854 secs using 907.9% CPU
Optimizing NNI: done in 0.40348 secs using 910% CPU
Optimizing NNI: done in 0.437517 secs using 890.4% CPU
TREE SEARCH COMPLETED AFTER 337 ITERATIONS / Time: 0h:2m:54s

--------------------------------------------------------------------
|                    FINALIZING TREE SEARCH                        |
--------------------------------------------------------------------
Performs final model parameters optimization
Estimate model parameters (epsilon = 0.010)
1. Initial log-likelihood: -1573.971
Optimal log-likelihood: -1573.968
Rate parameters:  A-C: 3.33020  A-G: 16.90174  A-T: 3.33020  C-G: 1.00000  C-T: 16.90174  G-T: 1.00000
Base frequencies:  A: 0.250  C: 0.250  G: 0.250  T: 0.250
Proportion of invariable sites: 0.496
Gamma shape alpha: 1.684
Parameters optimization took 1 rounds (0.035 sec)
BEST SCORE FOUND : -1573.968
Total tree length: 2.057

Total number of iterations: 337
CPU time used for tree search: 1596.340 sec (0h:26m:36s)
Wall-clock time used for tree search: 172.792 sec (0h:2m:52s)
Total CPU time used: 1613.168 sec (0h:26m:53s)
Total wall-clock time used: 174.680 sec (0h:2m:54s)

Analysis results written to: 
  IQ-TREE report:                /gpfs/work/tuk13147/AOC-patch-GARD-3/results/mammalian_REV3L/mammalian_REV3L.9.codon.fas.iqtree
  Maximum-likelihood tree:       /gpfs/work/tuk13147/AOC-patch-GARD-3/results/mammalian_REV3L/mammalian_REV3L.9.codon.fas.treefile
  Likelihood distances:          /gpfs/work/tuk13147/AOC-patch-GARD-3/results/mammalian_REV3L/mammalian_REV3L.9.codon.fas.mldist
  Screen log file:               /gpfs/work/tuk13147/AOC-patch-GARD-3/results/mammalian_REV3L/mammalian_REV3L.9.codon.fas.log

ALISIM COMMAND
--------------
--alisim simulated_MSA -t /gpfs/work/tuk13147/AOC-patch-GARD-3/results/mammalian_REV3L/mammalian_REV3L.9.codon.fas.treefile -m "TPM2{3.3302,16.9017}+FQ+I{0.495978}+G4{1.68369}" --length 153

Date and Time: Tue Aug  9 11:49:05 2022
