IQ-TREE multicore version 2.2.0.3 COVID-edition for Linux 64-bit built May 11 2022
Developed by Bui Quang Minh, James Barbetti, Nguyen Lam Tung,
Olga Chernomor, Heiko Schmidt, Dominik Schrempf, Michael Woodhams, Ly Trong Nhan.

Host:    s038 (AVX512, FMA3, 92 GB RAM)
Command: iqtree -s /gpfs/work/tuk13147/AOC-patch-GARD-3/results/mammalian_REV3L/mammalian_REV3L.1.codon.fas -T 16 -redo
Seed:    660417 (Using SPRNG - Scalable Parallel Random Number Generator)
Time:    Sun Aug  7 09:58:35 2022
Kernel:  AVX+FMA - 16 threads (16 CPU cores detected)

Reading alignment file /gpfs/work/tuk13147/AOC-patch-GARD-3/results/mammalian_REV3L/mammalian_REV3L.1.codon.fas ... Fasta format detected
Reading fasta file: done in 0.0041292 secs using 81.83% CPU
Alignment most likely contains DNA/RNA sequences
Constructing alignment: done in 0.00383495 secs using 1492% CPU
WARNING: 3 sites contain only gaps or ambiguous characters.
Alignment has 152 sequences with 315 columns, 165 distinct patterns
116 parsimony-informative, 36 singleton sites, 163 constant sites
                                                                                                                                                            Gap/Ambiguity  Composition  p-value
Analyzing sequences: done in 0.000107367 secs using 1157% CPU
   1  NM_011264_3_Mus_musculus_REV3_like_DNA_directed_polymerase_zeta_catalytic_subunit_Rev3l_mRNA_1                                                                7.62%    passed     97.75%
   2  XM_028847034_1_PREDICTED_Macaca_mulatta_REV3_like_DNA_directed_polymerase_zeta_catalytic_subunit_REV3L_transcript_variant_X1_mRNA_1                           7.62%    passed     99.22%
   3  XM_014118216_3_PREDICTED_Canis_lupus_familiaris_REV3_like_DNA_directed_polymerase_zeta_catalytic_subunit_REV3L_transcript_variant_X1_mRNA_1                   7.62%    passed     89.80%
   4  XM_021091238_1_PREDICTED_Sus_scrofa_REV3_like_DNA_directed_polymerase_zeta_catalytic_subunit_REV3L_transcript_variant_X1_mRNA_1                               7.62%    passed     99.77%
   5  NM_001372078_1_Homo_sapiens_REV3_like_DNA_directed_polymerase_zeta_catalytic_subunit_REV3L_transcript_variant_4_mRNA_1                                        7.62%    passed     99.22%
   6  XM_024996589_1_PREDICTED_Bos_taurus_REV3_like_DNA_directed_polymerase_zeta_catalytic_subunit_REV3L_transcript_variant_X1_mRNA_1                               7.62%    passed     99.84%
   7  XM_040758199_1_PREDICTED_Mesocricetus_auratus_REV3_like_DNA_directed_polymerase_zeta_catalytic_subunit_Rev3l_transcript_variant_X1_mRNA_1                     7.62%    passed     98.87%
   8  XM_004753515_2_PREDICTED_Mustela_putorius_furo_REV3_like_polymerase_DNA_directed_zeta_catalytic_subunit_REV3L_transcript_variant_X1_mRNA_1                    7.62%    passed     99.83%
   9  XM_015600069_2_PREDICTED_Pteropus_alecto_REV3_like_DNA_directed_polymerase_zeta_catalytic_subunit_REV3L_transcript_variant_X1_mRNA_1                          7.62%    passed     99.01%
  10  XM_016956167_2_PREDICTED_Pan_troglodytes_REV3_like_DNA_directed_polymerase_zeta_catalytic_subunit_REV3L_transcript_variant_X1_mRNA_1                          7.62%    passed     99.22%
  11  XM_034668992_1_PREDICTED_Ailuropoda_melanoleuca_REV3_like_DNA_directed_polymerase_zeta_catalytic_subunit_REV3L_transcript_variant_X1_mRNA_1                   7.62%    passed     99.92%
  12  XM_006157005_3_PREDICTED_Tupaia_chinensis_REV3_like_DNA_directed_polymerase_zeta_catalytic_subunit_REV3L_transcript_variant_X3_mRNA_1                        81.90%    passed     63.00%
  13  XM_013069186_2_PREDICTED_Heterocephalus_glaber_REV3_like_DNA_directed_polymerase_zeta_catalytic_subunit_Rev3l_transcript_variant_X1_mRNA_1                    7.62%    passed     68.87%
  14  XM_006256524_2_PREDICTED_Rattus_norvegicus_REV3_like_DNA_directed_polymerase_zeta_catalytic_subunit_Rev3l_transcript_variant_X1_mRNA_1                        7.62%    passed     88.04%
  15  XM_005883745_2_PREDICTED_Myotis_brandtii_REV3_like_polymerase_DNA_directed_zeta_catalytic_subunit_REV3L_transcript_variant_X1_mRNA_1                         31.43%    passed     23.13%
  16  XM_008852401_2_PREDICTED_Nannospalax_galili_REV3_like_DNA_directed_polymerase_zeta_catalytic_subunit_Rev3l_transcript_variant_X1_mRNA_1                       7.62%    passed     97.86%
  17  XM_035296530_1_PREDICTED_Callithrix_jacchus_REV3_like_DNA_directed_polymerase_zeta_catalytic_subunit_REV3L_transcript_variant_X1_mRNA_1                       7.62%    passed     97.27%
  18  XM_031964400_1_PREDICTED_Sarcophilus_harrisii_REV3_like_DNA_directed_polymerase_zeta_catalytic_subunit_REV3L_transcript_variant_X1_mRNA_1                     7.62%    passed     98.97%
  19  XM_015448392_1_PREDICTED_Macaca_fascicularis_REV3_like_DNA_directed_polymerase_zeta_catalytic_subunit_REV3L_transcript_variant_X1_mRNA_1                      7.62%    passed     99.22%
  20  XM_023650934_1_PREDICTED_Equus_caballus_REV3_like_DNA_directed_polymerase_zeta_catalytic_subunit_REV3L_transcript_variant_X1_mRNA_1                           7.62%    passed     96.21%
  21  XM_036766364_1_PREDICTED_Trichosurus_vulpecula_REV3_like_DNA_directed_polymerase_zeta_catalytic_subunit_REV3L_transcript_variant_X1_mRNA_1                    7.62%    passed     98.99%
  22  XM_040983897_1_PREDICTED_Ochotona_curzoniae_REV3_like_DNA_directed_polymerase_zeta_catalytic_subunit_REV3L_transcript_variant_X1_mRNA_1                       7.62%    passed     97.31%
  23  XM_008263376_2_PREDICTED_Oryctolagus_cuniculus_REV3_like_DNA_directed_polymerase_zeta_catalytic_subunit_REV3L_transcript_variant_X1_mRNA_1                    7.62%    passed     99.96%
  24  XM_020168699_1_PREDICTED_Castor_canadensis_REV3_like_DNA_directed_polymerase_zeta_catalytic_subunit_Rev3l_mRNA_1                                              7.62%    passed     99.95%
  25  XM_027402162_2_PREDICTED_Cricetulus_griseus_REV3_like_DNA_directed_polymerase_zeta_catalytic_subunit_Rev3l_transcript_variant_X5_mRNA_1                       7.62%    passed     99.57%
  26  XM_027848601_1_PREDICTED_Vombatus_ursinus_REV3_like_DNA_directed_polymerase_zeta_catalytic_subunit_REV3L_transcript_variant_X1_mRNA_1                         7.62%    passed     99.81%
  27  XM_016002785_1_PREDICTED_Peromyscus_maniculatus_bairdii_REV3_like_DNA_directed_polymerase_zeta_catalytic_subunit_Rev3l_transcript_variant_X1_mRNA_1           7.62%    passed     99.38%
  28  XM_029482641_1_PREDICTED_Mus_caroli_REV3_like_DNA_directed_polymerase_zeta_catalytic_subunit_Rev3l_mRNA_1                                                     7.62%    passed     91.75%
  29  XM_007484437_2_PREDICTED_Monodelphis_domestica_REV3_like_DNA_directed_polymerase_zeta_catalytic_subunit_REV3L_transcript_variant_X1_mRNA_1                    7.62%    passed     99.61%
  30  XM_013032823_1_PREDICTED_Dipodomys_ordii_REV3_like_polymerase_DNA_directed_zeta_catalytic_subunit_Rev3l_mRNA_1                                               81.90%    passed     63.00%
  31  XM_029542499_1_PREDICTED_Mus_pahari_REV3_like_DNA_directed_polymerase_zeta_catalytic_subunit_Rev3l_transcript_variant_X1_mRNA_1                               7.62%    passed     97.91%
  32  XM_028768990_1_PREDICTED_Grammomys_surdaster_REV3_like_DNA_directed_polymerase_zeta_catalytic_subunit_Rev3l_mRNA_1                                            7.62%    passed     98.06%
  33  XM_031347764_1_PREDICTED_Mastomys_coucha_REV3_like_DNA_directed_polymerase_zeta_catalytic_subunit_Rev3l_transcript_variant_X1_mRNA_1                          7.62%    passed     79.69%
  34  XM_004660637_2_PREDICTED_Jaculus_jaculus_REV3_like_polymerase_DNA_directed_zeta_catalytic_subunit_Rev3l_transcript_variant_X1_mRNA_1                          7.62%    passed     92.40%
  35  XM_032888520_1_PREDICTED_Rattus_rattus_REV3_like_DNA_directed_polymerase_zeta_catalytic_subunit_Rev3l_mRNA_1                                                  7.62%    passed     94.52%
  36  XM_041654071_1_PREDICTED_Microtus_oregoni_REV3_like_DNA_directed_polymerase_zeta_catalytic_subunit_Rev3l_transcript_variant_X1_mRNA_1                         7.62%    passed     93.77%
  37  XM_004580498_1_PREDICTED_Ochotona_princeps_REV3_like_DNA_directed_polymerase_zeta_catalytic_subunit_REV3L_mRNA_1                                              7.62%    passed     96.00%
  38  XM_034524021_1_PREDICTED_Arvicanthis_niloticus_REV3_like_DNA_directed_polymerase_zeta_catalytic_subunit_Rev3l_mRNA_1                                          7.62%    passed     96.86%
  39  XM_023722299_1_PREDICTED_Octodon_degus_REV3_like_DNA_directed_polymerase_zeta_catalytic_subunit_Rev3l_transcript_variant_X1_mRNA_1                            7.62%    passed     81.73%
  40  XM_010630829_3_PREDICTED_Fukomys_damarensis_REV3_like_DNA_directed_polymerase_zeta_catalytic_subunit_Rev3l_transcript_variant_X1_mRNA_1                      81.90%    passed     47.85%
  41  XM_040283216_1_PREDICTED_Ictidomys_tridecemlineatus_REV3_like_DNA_directed_polymerase_zeta_catalytic_subunit_Rev3l_transcript_variant_X1_mRNA_1              81.90%    passed     63.00%
  42  XM_026395080_1_PREDICTED_Urocitellus_parryii_REV3_like_DNA_directed_polymerase_zeta_catalytic_subunit_Rev3l_mRNA_1                                            7.62%    passed     97.54%
  43  XM_005363542_3_PREDICTED_Microtus_ochrogaster_REV3_like_DNA_directed_polymerase_zeta_catalytic_subunit_Rev3l_transcript_variant_X1_mRNA_1                     7.62%    passed     93.77%
  44  XM_015497401_1_PREDICTED_Marmota_marmota_marmota_REV3_like_DNA_directed_polymerase_zeta_catalytic_subunit_Rev3l_mRNA_1                                        7.62%    passed     97.54%
  45  XM_027057077_1_PREDICTED_Acinonyx_jubatus_REV3_like_DNA_directed_polymerase_zeta_catalytic_subunit_REV3L_transcript_variant_X1_mRNA_1                         7.62%    passed     99.89%
  46  XM_005377901_2_PREDICTED_Chinchilla_lanigera_REV3_like_polymerase_DNA_directed_zeta_catalytic_subunit_Rev3l_transcript_variant_X1_mRNA_1                      7.62%    passed     82.33%
  47  XM_036169236_1_PREDICTED_Onychomys_torridus_REV3_like_DNA_directed_polymerase_zeta_catalytic_subunit_Rev3l_transcript_variant_X1_mRNA_1                       7.62%    passed     97.83%
  48  XM_027928308_2_PREDICTED_Marmota_flaviventris_REV3_like_DNA_directed_polymerase_zeta_catalytic_subunit_Rev3l_mRNA_1                                           7.62%    passed     97.35%
  49  XM_023254263_1_PREDICTED_Felis_catus_REV3_like_DNA_directed_polymerase_zeta_catalytic_subunit_REV3L_transcript_variant_X1_mRNA_1                              7.62%    passed     99.89%
  50  XM_019443107_1_PREDICTED_Panthera_pardus_REV3_like_DNA_directed_polymerase_zeta_catalytic_subunit_REV3L_transcript_variant_X1_mRNA_1                          7.62%    passed     99.89%
  51  XM_025444797_2_PREDICTED_Canis_lupus_dingo_REV3_like_DNA_directed_polymerase_zeta_catalytic_subunit_REV3L_transcript_variant_X1_mRNA_1                        7.62%    passed     89.80%
  52  XM_026511625_1_PREDICTED_Ursus_arctos_horribilis_REV3_like_DNA_directed_polymerase_zeta_catalytic_subunit_REV3L_transcript_variant_X1_mRNA_1                  7.62%    passed     99.83%
  53  XM_030316171_1_PREDICTED_Lynx_canadensis_REV3_like_DNA_directed_polymerase_zeta_catalytic_subunit_REV3L_transcript_variant_X2_mRNA_1                          7.62%    passed     99.89%
  54  XM_040474393_1_PREDICTED_Puma_yagouaroundi_REV3_like_DNA_directed_polymerase_zeta_catalytic_subunit_REV3L_transcript_variant_X1_mRNA_1                        7.62%    passed     99.89%
  55  XM_004406717_2_PREDICTED_Odobenus_rosmarus_divergens_REV3_like_polymerase_DNA_directed_zeta_catalytic_subunit_REV3L_mRNA_1                                    7.62%    passed     99.83%
  56  XM_025925204_1_PREDICTED_Puma_concolor_REV3_like_DNA_directed_polymerase_zeta_catalytic_subunit_REV3L_mRNA_1                                                 81.90%    passed     63.00%
  57  XM_032858328_1_PREDICTED_Lontra_canadensis_REV3_like_DNA_directed_polymerase_zeta_catalytic_subunit_REV3L_transcript_variant_X1_mRNA_1                        7.62%    passed     99.92%
  58  XM_032337983_1_PREDICTED_Mustela_erminea_REV3_like_DNA_directed_polymerase_zeta_catalytic_subunit_REV3L_transcript_variant_X1_mRNA_1                          7.62%    passed     99.83%
  59  XM_039252205_1_PREDICTED_Hyaena_hyaena_REV3_like_DNA_directed_polymerase_zeta_catalytic_subunit_REV3L_mRNA_1                                                  7.62%    passed    100.00%
  60  XM_007078726_2_PREDICTED_Panthera_tigris_altaica_REV3_like_DNA_directed_polymerase_zeta_catalytic_subunit_REV3L_transcript_variant_X1_mRNA_1                 81.90%    passed     63.00%
  61  XM_029945420_1_PREDICTED_Suricata_suricatta_REV3_like_DNA_directed_polymerase_zeta_catalytic_subunit_REV3L_transcript_variant_X1_mRNA_1                       7.62%    passed    100.00%
  62  XM_041738555_1_PREDICTED_Vulpes_lagopus_REV3_like_DNA_directed_polymerase_zeta_catalytic_subunit_REV3L_transcript_variant_X1_mRNA_1                           7.62%    passed     90.46%
  63  XM_026005811_1_PREDICTED_Vulpes_vulpes_REV3_like_DNA_directed_polymerase_zeta_catalytic_subunit_REV3L_transcript_variant_X1_mRNA_1                            7.62%    passed     90.46%
  64  XM_021693690_1_PREDICTED_Neomonachus_schauinslandi_REV3_like_DNA_directed_polymerase_zeta_catalytic_subunit_REV3L_mRNA_1                                      7.62%    passed    100.00%
  65  XM_025864219_1_PREDICTED_Callorhinus_ursinus_REV3_like_DNA_directed_polymerase_zeta_catalytic_subunit_REV3L_transcript_variant_X1_mRNA_1                      7.62%    passed     99.80%
  66  XM_028104162_1_PREDICTED_Eumetopias_jubatus_REV3_like_DNA_directed_polymerase_zeta_catalytic_subunit_REV3L_transcript_variant_X1_mRNA_1                       7.62%    passed     99.80%
  67  XM_027601333_2_PREDICTED_Zalophus_californianus_REV3_like_DNA_directed_polymerase_zeta_catalytic_subunit_REV3L_transcript_variant_X1_mRNA_1                   7.62%    passed     99.80%
  68  XM_020890382_1_PREDICTED_Odocoileus_virginianus_texanus_REV3_like_DNA_directed_polymerase_zeta_catalytic_subunit_REV3L_transcript_variant_X1_mRNA_1           7.62%    passed     99.84%
  69  XM_010856597_1_PREDICTED_Bison_bison_bison_REV3_like_polymerase_DNA_directed_zeta_catalytic_subunit_REV3L_transcript_variant_X1_mRNA_1                        7.62%    passed     99.84%
  70  XM_027551194_1_PREDICTED_Bos_indicus_x_Bos_taurus_REV3_like_DNA_directed_polymerase_zeta_catalytic_subunit_REV3L_transcript_variant_X1_mRNA_1                 7.62%    passed     99.84%
  71  XM_005890218_2_PREDICTED_Bos_mutus_REV3_like_polymerase_DNA_directed_zeta_catalytic_subunit_REV3L_mRNA_1                                                     81.90%    passed     63.00%
  72  XM_019967201_1_PREDICTED_Bos_indicus_REV3_like_DNA_directed_polymerase_zeta_catalytic_subunit_REV3L_transcript_variant_X1_mRNA_1                              7.62%    passed     99.84%
  73  XM_025295021_1_PREDICTED_Bubalus_bubalis_REV3_like_DNA_directed_polymerase_zeta_catalytic_subunit_REV3L_transcript_variant_X1_mRNA_1                          7.62%    passed     99.84%
  74  XM_006735481_2_PREDICTED_Leptonychotes_weddellii_REV3_like_DNA_directed_polymerase_zeta_catalytic_subunit_REV3L_mRNA_1                                        7.62%    passed     99.09%
  75  XM_032408054_1_PREDICTED_Phoca_vitulina_REV3_like_DNA_directed_polymerase_zeta_catalytic_subunit_REV3L_transcript_variant_X5_mRNA_1                           7.62%    passed     99.89%
  76  XM_040627642_1_PREDICTED_Ursus_maritimus_REV3_like_DNA_directed_polymerase_zeta_catalytic_subunit_REV3L_mRNA_1                                                7.62%    passed     99.83%
  77  XM_031680135_1_PREDICTED_Vicugna_pacos_REV3_like_DNA_directed_polymerase_zeta_catalytic_subunit_REV3L_transcript_variant_X1_mRNA_1                            7.62%    passed     98.94%
  78  XM_032484707_1_PREDICTED_Camelus_ferus_REV3_like_DNA_directed_polymerase_zeta_catalytic_subunit_REV3L_transcript_variant_X1_mRNA_1                            7.62%    passed     96.73%
  79  XM_034991838_1_PREDICTED_Mirounga_leonina_REV3_like_DNA_directed_polymerase_zeta_catalytic_subunit_REV3L_transcript_variant_X1_mRNA_1                         7.62%    passed     99.89%
  80  XM_027972360_2_PREDICTED_Ovis_aries_REV3_like_DNA_directed_polymerase_zeta_catalytic_subunit_REV3L_transcript_variant_X1_mRNA_1                               7.62%    passed     99.72%
  81  XM_040238480_1_PREDICTED_Oryx_dammah_REV3_like_DNA_directed_polymerase_zeta_catalytic_subunit_REV3L_transcript_variant_X1_mRNA_1                              7.62%    passed     97.64%
  82  XM_007190708_2_PREDICTED_Balaenoptera_acutorostrata_scammoni_REV3_like_DNA_directed_polymerase_zeta_catalytic_subunit_REV3L_transcript_variant_X1_mRNA_1      7.62%    passed     98.58%
  83  XM_018053060_1_PREDICTED_Capra_hircus_REV3_like_DNA_directed_polymerase_zeta_catalytic_subunit_REV3L_transcript_variant_X1_mRNA_1                             7.62%    passed     99.72%
  84  XM_031456165_1_PREDICTED_Camelus_dromedarius_REV3_like_DNA_directed_polymerase_zeta_catalytic_subunit_REV3L_transcript_variant_X1_mRNA_1                      7.62%    passed     98.94%
  85  XM_024740937_1_PREDICTED_Neophocaena_asiaeorientalis_asiaeorientalis_REV3_like_DNA_directed_polymerase_zeta_catalytic_subunit_REV3L_mRNA_1                    7.62%    passed     98.94%
  86  XM_033418640_1_PREDICTED_Orcinus_orca_REV3_like_DNA_directed_polymerase_zeta_catalytic_subunit_REV3L_transcript_variant_X1_mRNA_1                             7.62%    passed     98.94%
  87  XM_019929582_1_PREDICTED_Tursiops_truncatus_REV3_like_DNA_directed_polymerase_zeta_catalytic_subunit_REV3L_transcript_variant_X1_mRNA_1                       7.62%    passed     99.14%
  88  XM_027088475_1_PREDICTED_Lagenorhynchus_obliquidens_REV3_like_DNA_directed_polymerase_zeta_catalytic_subunit_REV3L_transcript_variant_X1_mRNA_1               7.62%    passed     98.03%
  89  XM_030882819_1_PREDICTED_Globicephala_melas_REV3_like_DNA_directed_polymerase_zeta_catalytic_subunit_REV3L_transcript_variant_X1_mRNA_1                       7.62%    passed     98.03%
  90  XM_010965426_1_PREDICTED_Camelus_bactrianus_REV3_like_polymerase_DNA_directed_zeta_catalytic_subunit_REV3L_mRNA_1                                            81.90%    passed     63.00%
  91  XM_007451747_1_PREDICTED_Lipotes_vexillifer_REV3_like_polymerase_DNA_directed_zeta_catalytic_subunit_REV3L_transcript_variant_X1_mRNA_1                       7.62%    passed     99.81%
  92  XM_036871281_1_PREDICTED_Balaenoptera_musculus_REV3_like_DNA_directed_polymerase_zeta_catalytic_subunit_REV3L_transcript_variant_X1_mRNA_1                    7.62%    passed     98.58%
  93  XM_007528140_2_PREDICTED_Erinaceus_europaeus_REV3_like_DNA_directed_polymerase_zeta_catalytic_subunit_REV3L_mRNA_1                                            7.62%    passed     84.06%
  94  XM_022554510_2_PREDICTED_Delphinapterus_leucas_REV3_like_DNA_directed_polymerase_zeta_catalytic_subunit_REV3L_transcript_variant_X1_mRNA_1                    7.62%    passed     98.94%
  95  XM_012722936_1_PREDICTED_Condylura_cristata_REV3_like_polymerase_DNA_directed_zeta_catalytic_subunit_REV3L_transcript_variant_X1_mRNA_1                       7.62%    passed     98.04%
  96  XM_037520237_1_PREDICTED_Talpa_occidentalis_REV3_like_DNA_directed_polymerase_zeta_catalytic_subunit_REV3L_transcript_variant_X2_mRNA_1                       7.62%    passed     94.08%
  97  XM_011364805_2_PREDICTED_Pteropus_vampyrus_REV3_like_DNA_directed_polymerase_zeta_catalytic_subunit_REV3L_transcript_variant_X1_mRNA_1                        7.62%    passed     99.53%
  98  XM_004605780_2_PREDICTED_Sorex_araneus_REV3_like_polymerase_DNA_directed_zeta_catalytic_subunit_REV3L_mRNA_1                                                 81.90%    passed     60.12%
  99  XM_024115547_2_PREDICTED_Physeter_catodon_REV3_like_DNA_directed_polymerase_zeta_catalytic_subunit_REV3L_transcript_variant_X1_mRNA_1                         7.62%    passed     99.81%
 100  XM_037065055_1_PREDICTED_Sturnira_hondurensis_REV3_like_DNA_directed_polymerase_zeta_catalytic_subunit_REV3L_transcript_variant_X1_mRNA_1                     7.62%    passed     99.77%
 101  XM_037159015_1_PREDICTED_Artibeus_jamaicensis_REV3_like_DNA_directed_polymerase_zeta_catalytic_subunit_REV3L_transcript_variant_X1_mRNA_1                     7.62%    passed     97.90%
 102  XM_024551816_1_PREDICTED_Desmodus_rotundus_REV3_like_DNA_directed_polymerase_zeta_catalytic_subunit_REV3L_mRNA_1                                              7.62%    passed     94.90%
 103  XM_033102881_1_PREDICTED_Rhinolophus_ferrumequinum_REV3_like_DNA_directed_polymerase_zeta_catalytic_subunit_REV3L_transcript_variant_X1_mRNA_1                7.62%    passed     99.11%
 104  XM_016217489_1_PREDICTED_Miniopterus_natalensis_REV3_like_DNA_directed_polymerase_zeta_catalytic_subunit_REV3L_transcript_variant_X5_mRNA_1                   7.62%    passed     94.00%
 105  XM_019646344_1_PREDICTED_Hipposideros_armiger_REV3_like_DNA_directed_polymerase_zeta_catalytic_subunit_REV3L_mRNA_1                                           7.62%    passed     99.76%
 106  XM_016136994_2_PREDICTED_Rousettus_aegyptiacus_REV3_like_DNA_directed_polymerase_zeta_catalytic_subunit_REV3L_transcript_variant_X1_mRNA_1                    7.62%    passed     99.84%
 107  XM_036024572_1_PREDICTED_Phyllostomus_discolor_REV3_like_DNA_directed_polymerase_zeta_catalytic_subunit_REV3L_transcript_variant_X1_mRNA_1                    7.62%    passed     98.55%
 108  XM_032650682_1_PREDICTED_Phocoena_sinus_REV3_like_DNA_directed_polymerase_zeta_catalytic_subunit_REV3L_transcript_variant_X1_mRNA_1                           7.62%    passed     98.94%
 109  XM_029223581_1_PREDICTED_Monodon_monoceros_REV3_like_DNA_directed_polymerase_zeta_catalytic_subunit_REV3L_transcript_variant_X1_mRNA_1                        7.62%    passed     98.94%
 110  XM_036414528_1_PREDICTED_Pipistrellus_kuhlii_REV3_like_DNA_directed_polymerase_zeta_catalytic_subunit_REV3L_transcript_variant_X1_mRNA_1                      7.62%    passed     99.80%
 111  XM_028140115_1_PREDICTED_Eptesicus_fuscus_REV3_like_DNA_directed_polymerase_zeta_catalytic_subunit_REV3L_transcript_variant_X1_mRNA_1                         7.62%    passed     96.34%
 112  XM_015561632_1_PREDICTED_Myotis_davidii_REV3_like_DNA_directed_polymerase_zeta_catalytic_subunit_REV3L_transcript_variant_X1_mRNA_1                          31.43%    passed     10.89%
 113  XM_036318154_1_PREDICTED_Myotis_myotis_REV3_like_DNA_directed_polymerase_zeta_catalytic_subunit_REV3L_transcript_variant_X1_mRNA_1                            7.62%    passed     95.72%
 114  XM_023750109_1_PREDICTED_Myotis_lucifugus_REV3_like_DNA_directed_polymerase_zeta_catalytic_subunit_REV3L_transcript_variant_X1_mRNA_1                        81.90%    passed     73.81%
 115  XM_008584529_1_PREDICTED_Galeopterus_variegatus_REV3_like_polymerase_DNA_directed_zeta_catalytic_subunit_REV3L_mRNA_1                                        81.90%    passed     47.85%
 116  XM_014866179_1_PREDICTED_Equus_asinus_REV3_like_DNA_directed_polymerase_zeta_catalytic_subunit_REV3L_transcript_variant_X1_mRNA_1                             7.62%    passed     96.00%
 117  XM_036902980_1_PREDICTED_Manis_pentadactyla_REV3_like_DNA_directed_polymerase_zeta_catalytic_subunit_REV3L_transcript_variant_X1_mRNA_1                       7.62%    passed     30.33%
 118  XM_037012273_1_PREDICTED_Manis_javanica_REV3_like_DNA_directed_polymerase_zeta_catalytic_subunit_REV3L_mRNA_1                                                 7.62%    passed     27.73%
 119  XM_031667490_1_PREDICTED_Papio_anubis_REV3_like_DNA_directed_polymerase_zeta_catalytic_subunit_REV3L_transcript_variant_X1_mRNA_1                             7.62%    passed     97.61%
 120  XM_025381340_1_PREDICTED_Theropithecus_gelada_REV3_like_DNA_directed_polymerase_zeta_catalytic_subunit_REV3L_transcript_variant_X1_mRNA_1                     7.62%    passed     97.61%
 121  XM_008007323_2_PREDICTED_Chlorocebus_sabaeus_REV3_like_DNA_directed_polymerase_zeta_catalytic_subunit_REV3L_transcript_variant_X1_mRNA_1                      7.62%    passed     99.22%
 122  XM_011758974_1_PREDICTED_Macaca_nemestrina_REV3_like_DNA_directed_polymerase_zeta_catalytic_subunit_REV3L_transcript_variant_X1_mRNA_1                        7.62%    passed     99.22%
 123  XM_010371650_2_PREDICTED_Rhinopithecus_roxellana_REV3_like_DNA_directed_polymerase_zeta_catalytic_subunit_REV3L_transcript_variant_X1_mRNA_1                  7.62%    passed     99.22%
 124  XM_026456416_1_PREDICTED_Piliocolobus_tephrosceles_REV3_like_DNA_directed_polymerase_zeta_catalytic_subunit_REV3L_transcript_variant_X1_mRNA_1                7.62%    passed     99.22%
 125  XM_031011917_1_PREDICTED_Gorilla_gorilla_gorilla_REV3_like_DNA_directed_polymerase_zeta_catalytic_subunit_REV3L_transcript_variant_X2_mRNA_1                  7.62%    passed     99.22%
 126  XM_033234306_1_PREDICTED_Trachypithecus_francoisi_REV3_like_DNA_directed_polymerase_zeta_catalytic_subunit_REV3L_transcript_variant_X1_mRNA_1                 7.62%    passed     99.76%
 127  XM_036247698_1_PREDICTED_Molossus_molossus_REV3_like_DNA_directed_polymerase_zeta_catalytic_subunit_REV3L_transcript_variant_X1_mRNA_1                        7.62%    passed    100.00%
 128  XM_011935019_1_PREDICTED_Colobus_angolensis_palliatus_REV3_like_polymerase_DNA_directed_zeta_catalytic_subunit_REV3L_transcript_variant_X1_mRNA_1             7.62%    passed     99.22%
 129  XM_008975749_3_PREDICTED_Pan_paniscus_REV3_like_DNA_directed_polymerase_zeta_catalytic_subunit_REV3L_transcript_variant_X1_mRNA_1                             7.62%    passed     99.22%
 130  XM_011970618_1_PREDICTED_Mandrillus_leucophaeus_REV3_like_polymerase_DNA_directed_zeta_catalytic_subunit_REV3L_transcript_variant_X1_mRNA_1                   7.62%    passed     97.61%
 131  XM_024248979_1_PREDICTED_Pongo_abelii_REV3_like_DNA_directed_polymerase_zeta_catalytic_subunit_REV3L_transcript_variant_X1_mRNA_1                             7.62%    passed     99.22%
 132  XM_030809566_1_PREDICTED_Nomascus_leucogenys_REV3_like_DNA_directed_polymerase_zeta_catalytic_subunit_REV3L_transcript_variant_X1_mRNA_1                      7.62%    passed     97.27%
 133  XM_032156758_1_PREDICTED_Hylobates_moloch_REV3_like_DNA_directed_polymerase_zeta_catalytic_subunit_REV3L_transcript_variant_X1_mRNA_1                         7.62%    passed     99.40%
 134  XM_017509257_2_PREDICTED_Cebus_imitator_REV3_like_DNA_directed_polymerase_zeta_catalytic_subunit_REV3L_transcript_variant_X1_mRNA_1                           7.62%    passed     99.77%
 135  XM_039464970_1_PREDICTED_Saimiri_boliviensis_boliviensis_REV3_like_DNA_directed_polymerase_zeta_catalytic_subunit_REV3L_mRNA_1                                7.62%    passed     99.22%
 136  XM_032275008_1_PREDICTED_Sapajus_apella_REV3_like_DNA_directed_polymerase_zeta_catalytic_subunit_REV3L_transcript_variant_X1_mRNA_1                           7.62%    passed     99.89%
 137  XM_012438367_2_PREDICTED_Aotus_nancymaae_REV3_like_DNA_directed_polymerase_zeta_catalytic_subunit_REV3L_transcript_variant_X1_mRNA_1                          7.62%    passed     99.22%
 138  XM_008058987_1_PREDICTED_Carlito_syrichta_REV3_like_DNA_directed_polymerase_zeta_catalytic_subunit_REV3L_transcript_variant_X1_mRNA_1                        40.95%    passed     76.50%
 139  XM_012642842_1_PREDICTED_Propithecus_coquereli_REV3_like_polymerase_DNA_directed_zeta_catalytic_subunit_REV3L_mRNA_1                                          7.62%    passed     99.81%
 140  XM_012753062_2_PREDICTED_Microcebus_murinus_REV3_like_DNA_directed_polymerase_zeta_catalytic_subunit_REV3L_transcript_variant_X1_mRNA_1                       7.62%    passed     96.73%
 141  XM_023512479_1_PREDICTED_Otolemur_garnettii_REV3_like_DNA_directed_polymerase_zeta_catalytic_subunit_REV3L_mRNA_1                                             7.62%    passed     99.81%
 142  XM_007940793_1_PREDICTED_Orycteropus_afer_afer_REV3_like_DNA_directed_polymerase_zeta_catalytic_subunit_REV3L_mRNA_1                                          7.62%    passed     99.69%
 143  XM_004702008_2_PREDICTED_Echinops_telfairi_REV3_like_DNA_directed_polymerase_zeta_catalytic_subunit_REV3L_mRNA_1                                             81.90%    passed     74.23%
 144  XM_006839926_1_PREDICTED_Chrysochloris_asiatica_REV3_like_polymerase_DNA_directed_zeta_catalytic_subunit_REV3L_mRNA_1                                         7.62%    passed     99.17%
 145  XM_010598962_2_PREDICTED_Loxodonta_africana_REV3_like_DNA_directed_polymerase_zeta_catalytic_subunit_REV3L_transcript_variant_X1_mRNA_1                      81.90%    passed     77.39%
 146  XM_037843746_1_PREDICTED_Choloepus_didactylus_REV3_like_DNA_directed_polymerase_zeta_catalytic_subunit_REV3L_transcript_variant_X1_mRNA_1                     7.62%    passed     90.17%
 147  XM_023589592_1_PREDICTED_Dasypus_novemcinctus_REV3_like_DNA_directed_polymerase_zeta_catalytic_subunit_REV3L_mRNA_1                                           7.62%    passed     97.04%
 148  XM_029047173_2_PREDICTED_Ornithorhynchus_anatinus_REV3_like_DNA_directed_polymerase_zeta_catalytic_subunit_REV3L_transcript_variant_X1_mRNA_1                 7.62%    passed      6.36%
 149  XM_038761479_1_PREDICTED_Tachyglossus_aculeatus_REV3_like_DNA_directed_polymerase_zeta_catalytic_subunit_REV3L_mRNA_1                                         7.62%    passed      8.70%
 150  XM_022520135_1_PREDICTED_Enhydra_lutris_kenyoni_REV3_like_DNA_directed_polymerase_zeta_catalytic_subunit_LOC111158218_transcript_variant_X1_mRNA_1            7.62%    passed     99.83%
 151  XM_014781164_1_PREDICTED_Ceratotherium_simum_simum_REV3_like_DNA_directed_polymerase_zeta_catalytic_subunit_LOC101399622_transcript_variant_X1_mRNA_1         7.62%    passed     97.42%
 152  XM_004372470_3_PREDICTED_Trichechus_manatus_latirostris_REV3_like_DNA_directed_polymerase_zeta_catalytic_subunit_LOC101361167_transcript_variant_X1_mRNA_1    7.62%    passed     99.01%
WARNING: 13 sequences contain more than 50% gaps/ambiguity
****  TOTAL                                                                                                                                                        14.51%  0 sequences failed composition chi2 test (p-value<5%; df=3)
NOTE: XM_015448392_1_PREDICTED_Macaca_fascicularis_REV3_like_DNA_directed_polymerase_zeta_catalytic_subunit_REV3L_transcript_variant_X1_mRNA_1 is identical to XM_028847034_1_PREDICTED_Macaca_mulatta_REV3_like_DNA_directed_polymerase_zeta_catalytic_subunit_REV3L_transcript_variant_X1_mRNA_1 but kept for subsequent analysis
NOTE: XM_025444797_2_PREDICTED_Canis_lupus_dingo_REV3_like_DNA_directed_polymerase_zeta_catalytic_subunit_REV3L_transcript_variant_X1_mRNA_1 is identical to XM_014118216_3_PREDICTED_Canis_lupus_familiaris_REV3_like_DNA_directed_polymerase_zeta_catalytic_subunit_REV3L_transcript_variant_X1_mRNA_1 but kept for subsequent analysis
NOTE: XM_016956167_2_PREDICTED_Pan_troglodytes_REV3_like_DNA_directed_polymerase_zeta_catalytic_subunit_REV3L_transcript_variant_X1_mRNA_1 is identical to NM_001372078_1_Homo_sapiens_REV3_like_DNA_directed_polymerase_zeta_catalytic_subunit_REV3L_transcript_variant_4_mRNA_1 but kept for subsequent analysis
NOTE: XM_020890382_1_PREDICTED_Odocoileus_virginianus_texanus_REV3_like_DNA_directed_polymerase_zeta_catalytic_subunit_REV3L_transcript_variant_X1_mRNA_1 is identical to XM_024996589_1_PREDICTED_Bos_taurus_REV3_like_DNA_directed_polymerase_zeta_catalytic_subunit_REV3L_transcript_variant_X1_mRNA_1 but kept for subsequent analysis
NOTE: XM_032337983_1_PREDICTED_Mustela_erminea_REV3_like_DNA_directed_polymerase_zeta_catalytic_subunit_REV3L_transcript_variant_X1_mRNA_1 is identical to XM_004753515_2_PREDICTED_Mustela_putorius_furo_REV3_like_polymerase_DNA_directed_zeta_catalytic_subunit_REV3L_transcript_variant_X1_mRNA_1 but kept for subsequent analysis
NOTE: XM_013032823_1_PREDICTED_Dipodomys_ordii_REV3_like_polymerase_DNA_directed_zeta_catalytic_subunit_Rev3l_mRNA_1 is identical to XM_006157005_3_PREDICTED_Tupaia_chinensis_REV3_like_DNA_directed_polymerase_zeta_catalytic_subunit_REV3L_transcript_variant_X3_mRNA_1 but kept for subsequent analysis
NOTE: XM_005363542_3_PREDICTED_Microtus_ochrogaster_REV3_like_DNA_directed_polymerase_zeta_catalytic_subunit_Rev3l_transcript_variant_X1_mRNA_1 is identical to XM_041654071_1_PREDICTED_Microtus_oregoni_REV3_like_DNA_directed_polymerase_zeta_catalytic_subunit_Rev3l_transcript_variant_X1_mRNA_1 but kept for subsequent analysis
NOTE: XM_008584529_1_PREDICTED_Galeopterus_variegatus_REV3_like_polymerase_DNA_directed_zeta_catalytic_subunit_REV3L_mRNA_1 is identical to XM_010630829_3_PREDICTED_Fukomys_damarensis_REV3_like_DNA_directed_polymerase_zeta_catalytic_subunit_Rev3l_transcript_variant_X1_mRNA_1 but kept for subsequent analysis
NOTE: XM_023254263_1_PREDICTED_Felis_catus_REV3_like_DNA_directed_polymerase_zeta_catalytic_subunit_REV3L_transcript_variant_X1_mRNA_1 is identical to XM_027057077_1_PREDICTED_Acinonyx_jubatus_REV3_like_DNA_directed_polymerase_zeta_catalytic_subunit_REV3L_transcript_variant_X1_mRNA_1 but kept for subsequent analysis
NOTE: XM_040627642_1_PREDICTED_Ursus_maritimus_REV3_like_DNA_directed_polymerase_zeta_catalytic_subunit_REV3L_mRNA_1 is identical to XM_026511625_1_PREDICTED_Ursus_arctos_horribilis_REV3_like_DNA_directed_polymerase_zeta_catalytic_subunit_REV3L_transcript_variant_X1_mRNA_1 but kept for subsequent analysis
NOTE: XM_029945420_1_PREDICTED_Suricata_suricatta_REV3_like_DNA_directed_polymerase_zeta_catalytic_subunit_REV3L_transcript_variant_X1_mRNA_1 is identical to XM_039252205_1_PREDICTED_Hyaena_hyaena_REV3_like_DNA_directed_polymerase_zeta_catalytic_subunit_REV3L_mRNA_1 but kept for subsequent analysis
NOTE: XM_026005811_1_PREDICTED_Vulpes_vulpes_REV3_like_DNA_directed_polymerase_zeta_catalytic_subunit_REV3L_transcript_variant_X1_mRNA_1 is identical to XM_041738555_1_PREDICTED_Vulpes_lagopus_REV3_like_DNA_directed_polymerase_zeta_catalytic_subunit_REV3L_transcript_variant_X1_mRNA_1 but kept for subsequent analysis
NOTE: XM_028104162_1_PREDICTED_Eumetopias_jubatus_REV3_like_DNA_directed_polymerase_zeta_catalytic_subunit_REV3L_transcript_variant_X1_mRNA_1 is identical to XM_025864219_1_PREDICTED_Callorhinus_ursinus_REV3_like_DNA_directed_polymerase_zeta_catalytic_subunit_REV3L_transcript_variant_X1_mRNA_1 but kept for subsequent analysis
NOTE: XM_018053060_1_PREDICTED_Capra_hircus_REV3_like_DNA_directed_polymerase_zeta_catalytic_subunit_REV3L_transcript_variant_X1_mRNA_1 is identical to XM_027972360_2_PREDICTED_Ovis_aries_REV3_like_DNA_directed_polymerase_zeta_catalytic_subunit_REV3L_transcript_variant_X1_mRNA_1 but kept for subsequent analysis
NOTE: XM_033418640_1_PREDICTED_Orcinus_orca_REV3_like_DNA_directed_polymerase_zeta_catalytic_subunit_REV3L_transcript_variant_X1_mRNA_1 is identical to XM_024740937_1_PREDICTED_Neophocaena_asiaeorientalis_asiaeorientalis_REV3_like_DNA_directed_polymerase_zeta_catalytic_subunit_REV3L_mRNA_1 but kept for subsequent analysis
NOTE: XM_025381340_1_PREDICTED_Theropithecus_gelada_REV3_like_DNA_directed_polymerase_zeta_catalytic_subunit_REV3L_transcript_variant_X1_mRNA_1 is identical to XM_031667490_1_PREDICTED_Papio_anubis_REV3_like_DNA_directed_polymerase_zeta_catalytic_subunit_REV3L_transcript_variant_X1_mRNA_1 but kept for subsequent analysis
NOTE: XM_012438367_2_PREDICTED_Aotus_nancymaae_REV3_like_DNA_directed_polymerase_zeta_catalytic_subunit_REV3L_transcript_variant_X1_mRNA_1 is identical to XM_039464970_1_PREDICTED_Saimiri_boliviensis_boliviensis_REV3_like_DNA_directed_polymerase_zeta_catalytic_subunit_REV3L_mRNA_1 but kept for subsequent analysis
Checking for duplicate sequences: done in 0.00483991 secs using 1423% CPU
Identifying sites to remove: done in 0.00120971 secs using 1569% CPU
NOTE: 26 identical sequences (see below) will be ignored for subsequent analysis
NOTE: XM_008007323_2_PREDICTED_Chlorocebus_sabaeus_REV3_like_DNA_directed_polymerase_zeta_catalytic_subunit_REV3L_transcript_variant_X1_mRNA_1 (identical to XM_028847034_1_PREDICTED_Macaca_mulatta_REV3_like_DNA_directed_polymerase_zeta_catalytic_subunit_REV3L_transcript_variant_X1_mRNA_1) is ignored but added at the end
NOTE: XM_011758974_1_PREDICTED_Macaca_nemestrina_REV3_like_DNA_directed_polymerase_zeta_catalytic_subunit_REV3L_transcript_variant_X1_mRNA_1 (identical to XM_028847034_1_PREDICTED_Macaca_mulatta_REV3_like_DNA_directed_polymerase_zeta_catalytic_subunit_REV3L_transcript_variant_X1_mRNA_1) is ignored but added at the end
NOTE: XM_010371650_2_PREDICTED_Rhinopithecus_roxellana_REV3_like_DNA_directed_polymerase_zeta_catalytic_subunit_REV3L_transcript_variant_X1_mRNA_1 (identical to XM_028847034_1_PREDICTED_Macaca_mulatta_REV3_like_DNA_directed_polymerase_zeta_catalytic_subunit_REV3L_transcript_variant_X1_mRNA_1) is ignored but added at the end
NOTE: XM_026456416_1_PREDICTED_Piliocolobus_tephrosceles_REV3_like_DNA_directed_polymerase_zeta_catalytic_subunit_REV3L_transcript_variant_X1_mRNA_1 (identical to XM_028847034_1_PREDICTED_Macaca_mulatta_REV3_like_DNA_directed_polymerase_zeta_catalytic_subunit_REV3L_transcript_variant_X1_mRNA_1) is ignored but added at the end
NOTE: XM_011935019_1_PREDICTED_Colobus_angolensis_palliatus_REV3_like_polymerase_DNA_directed_zeta_catalytic_subunit_REV3L_transcript_variant_X1_mRNA_1 (identical to XM_028847034_1_PREDICTED_Macaca_mulatta_REV3_like_DNA_directed_polymerase_zeta_catalytic_subunit_REV3L_transcript_variant_X1_mRNA_1) is ignored but added at the end
NOTE: XM_031011917_1_PREDICTED_Gorilla_gorilla_gorilla_REV3_like_DNA_directed_polymerase_zeta_catalytic_subunit_REV3L_transcript_variant_X2_mRNA_1 (identical to NM_001372078_1_Homo_sapiens_REV3_like_DNA_directed_polymerase_zeta_catalytic_subunit_REV3L_transcript_variant_4_mRNA_1) is ignored but added at the end
NOTE: XM_008975749_3_PREDICTED_Pan_paniscus_REV3_like_DNA_directed_polymerase_zeta_catalytic_subunit_REV3L_transcript_variant_X1_mRNA_1 (identical to NM_001372078_1_Homo_sapiens_REV3_like_DNA_directed_polymerase_zeta_catalytic_subunit_REV3L_transcript_variant_4_mRNA_1) is ignored but added at the end
NOTE: XM_024248979_1_PREDICTED_Pongo_abelii_REV3_like_DNA_directed_polymerase_zeta_catalytic_subunit_REV3L_transcript_variant_X1_mRNA_1 (identical to NM_001372078_1_Homo_sapiens_REV3_like_DNA_directed_polymerase_zeta_catalytic_subunit_REV3L_transcript_variant_4_mRNA_1) is ignored but added at the end
NOTE: XM_010856597_1_PREDICTED_Bison_bison_bison_REV3_like_polymerase_DNA_directed_zeta_catalytic_subunit_REV3L_transcript_variant_X1_mRNA_1 (identical to XM_024996589_1_PREDICTED_Bos_taurus_REV3_like_DNA_directed_polymerase_zeta_catalytic_subunit_REV3L_transcript_variant_X1_mRNA_1) is ignored but added at the end
NOTE: XM_027551194_1_PREDICTED_Bos_indicus_x_Bos_taurus_REV3_like_DNA_directed_polymerase_zeta_catalytic_subunit_REV3L_transcript_variant_X1_mRNA_1 (identical to XM_024996589_1_PREDICTED_Bos_taurus_REV3_like_DNA_directed_polymerase_zeta_catalytic_subunit_REV3L_transcript_variant_X1_mRNA_1) is ignored but added at the end
NOTE: XM_019967201_1_PREDICTED_Bos_indicus_REV3_like_DNA_directed_polymerase_zeta_catalytic_subunit_REV3L_transcript_variant_X1_mRNA_1 (identical to XM_024996589_1_PREDICTED_Bos_taurus_REV3_like_DNA_directed_polymerase_zeta_catalytic_subunit_REV3L_transcript_variant_X1_mRNA_1) is ignored but added at the end
NOTE: XM_025295021_1_PREDICTED_Bubalus_bubalis_REV3_like_DNA_directed_polymerase_zeta_catalytic_subunit_REV3L_transcript_variant_X1_mRNA_1 (identical to XM_024996589_1_PREDICTED_Bos_taurus_REV3_like_DNA_directed_polymerase_zeta_catalytic_subunit_REV3L_transcript_variant_X1_mRNA_1) is ignored but added at the end
NOTE: XM_022520135_1_PREDICTED_Enhydra_lutris_kenyoni_REV3_like_DNA_directed_polymerase_zeta_catalytic_subunit_LOC111158218_transcript_variant_X1_mRNA_1 (identical to XM_004753515_2_PREDICTED_Mustela_putorius_furo_REV3_like_polymerase_DNA_directed_zeta_catalytic_subunit_REV3L_transcript_variant_X1_mRNA_1) is ignored but added at the end
NOTE: XM_040283216_1_PREDICTED_Ictidomys_tridecemlineatus_REV3_like_DNA_directed_polymerase_zeta_catalytic_subunit_Rev3l_transcript_variant_X1_mRNA_1 (identical to XM_006157005_3_PREDICTED_Tupaia_chinensis_REV3_like_DNA_directed_polymerase_zeta_catalytic_subunit_REV3L_transcript_variant_X3_mRNA_1) is ignored but added at the end
NOTE: XM_025925204_1_PREDICTED_Puma_concolor_REV3_like_DNA_directed_polymerase_zeta_catalytic_subunit_REV3L_mRNA_1 (identical to XM_006157005_3_PREDICTED_Tupaia_chinensis_REV3_like_DNA_directed_polymerase_zeta_catalytic_subunit_REV3L_transcript_variant_X3_mRNA_1) is ignored but added at the end
NOTE: XM_007078726_2_PREDICTED_Panthera_tigris_altaica_REV3_like_DNA_directed_polymerase_zeta_catalytic_subunit_REV3L_transcript_variant_X1_mRNA_1 (identical to XM_006157005_3_PREDICTED_Tupaia_chinensis_REV3_like_DNA_directed_polymerase_zeta_catalytic_subunit_REV3L_transcript_variant_X3_mRNA_1) is ignored but added at the end
NOTE: XM_005890218_2_PREDICTED_Bos_mutus_REV3_like_polymerase_DNA_directed_zeta_catalytic_subunit_REV3L_mRNA_1 (identical to XM_006157005_3_PREDICTED_Tupaia_chinensis_REV3_like_DNA_directed_polymerase_zeta_catalytic_subunit_REV3L_transcript_variant_X3_mRNA_1) is ignored but added at the end
NOTE: XM_010965426_1_PREDICTED_Camelus_bactrianus_REV3_like_polymerase_DNA_directed_zeta_catalytic_subunit_REV3L_mRNA_1 (identical to XM_006157005_3_PREDICTED_Tupaia_chinensis_REV3_like_DNA_directed_polymerase_zeta_catalytic_subunit_REV3L_transcript_variant_X3_mRNA_1) is ignored but added at the end
NOTE: XM_019443107_1_PREDICTED_Panthera_pardus_REV3_like_DNA_directed_polymerase_zeta_catalytic_subunit_REV3L_transcript_variant_X1_mRNA_1 (identical to XM_027057077_1_PREDICTED_Acinonyx_jubatus_REV3_like_DNA_directed_polymerase_zeta_catalytic_subunit_REV3L_transcript_variant_X1_mRNA_1) is ignored but added at the end
NOTE: XM_030316171_1_PREDICTED_Lynx_canadensis_REV3_like_DNA_directed_polymerase_zeta_catalytic_subunit_REV3L_transcript_variant_X2_mRNA_1 (identical to XM_027057077_1_PREDICTED_Acinonyx_jubatus_REV3_like_DNA_directed_polymerase_zeta_catalytic_subunit_REV3L_transcript_variant_X1_mRNA_1) is ignored but added at the end
NOTE: XM_040474393_1_PREDICTED_Puma_yagouaroundi_REV3_like_DNA_directed_polymerase_zeta_catalytic_subunit_REV3L_transcript_variant_X1_mRNA_1 (identical to XM_027057077_1_PREDICTED_Acinonyx_jubatus_REV3_like_DNA_directed_polymerase_zeta_catalytic_subunit_REV3L_transcript_variant_X1_mRNA_1) is ignored but added at the end
NOTE: XM_027601333_2_PREDICTED_Zalophus_californianus_REV3_like_DNA_directed_polymerase_zeta_catalytic_subunit_REV3L_transcript_variant_X1_mRNA_1 (identical to XM_025864219_1_PREDICTED_Callorhinus_ursinus_REV3_like_DNA_directed_polymerase_zeta_catalytic_subunit_REV3L_transcript_variant_X1_mRNA_1) is ignored but added at the end
NOTE: XM_022554510_2_PREDICTED_Delphinapterus_leucas_REV3_like_DNA_directed_polymerase_zeta_catalytic_subunit_REV3L_transcript_variant_X1_mRNA_1 (identical to XM_024740937_1_PREDICTED_Neophocaena_asiaeorientalis_asiaeorientalis_REV3_like_DNA_directed_polymerase_zeta_catalytic_subunit_REV3L_mRNA_1) is ignored but added at the end
NOTE: XM_032650682_1_PREDICTED_Phocoena_sinus_REV3_like_DNA_directed_polymerase_zeta_catalytic_subunit_REV3L_transcript_variant_X1_mRNA_1 (identical to XM_024740937_1_PREDICTED_Neophocaena_asiaeorientalis_asiaeorientalis_REV3_like_DNA_directed_polymerase_zeta_catalytic_subunit_REV3L_mRNA_1) is ignored but added at the end
NOTE: XM_029223581_1_PREDICTED_Monodon_monoceros_REV3_like_DNA_directed_polymerase_zeta_catalytic_subunit_REV3L_transcript_variant_X1_mRNA_1 (identical to XM_024740937_1_PREDICTED_Neophocaena_asiaeorientalis_asiaeorientalis_REV3_like_DNA_directed_polymerase_zeta_catalytic_subunit_REV3L_mRNA_1) is ignored but added at the end
NOTE: XM_011970618_1_PREDICTED_Mandrillus_leucophaeus_REV3_like_polymerase_DNA_directed_zeta_catalytic_subunit_REV3L_transcript_variant_X1_mRNA_1 (identical to XM_031667490_1_PREDICTED_Papio_anubis_REV3_like_DNA_directed_polymerase_zeta_catalytic_subunit_REV3L_transcript_variant_X1_mRNA_1) is ignored but added at the end
Alignment was printed to /gpfs/work/tuk13147/AOC-patch-GARD-3/results/mammalian_REV3L/mammalian_REV3L.1.codon.fas.uniqueseq.phy

For your convenience alignment with unique sequences printed to /gpfs/work/tuk13147/AOC-patch-GARD-3/results/mammalian_REV3L/mammalian_REV3L.1.codon.fas.uniqueseq.phy


Create initial parsimony tree by phylogenetic likelihood library (PLL)... 0.015 seconds
WARNING: Number of threads seems too high for short alignments. Use -T AUTO to determine best number of threads.
Perform fast likelihood tree search using GTR+I+G model...
Estimate model parameters (epsilon = 5.000)
Perform nearest neighbor interchange...
Optimizing NNI: done in 0.752133 secs using 1593% CPU
Estimate model parameters (epsilon = 1.000)
1. Initial log-likelihood: -2804.302
Optimal log-likelihood: -2804.164
Rate parameters:  A-C: 0.97043  A-G: 4.47564  A-T: 0.80077  C-G: 2.14222  C-T: 3.28438  G-T: 1.00000
Base frequencies:  A: 0.222  C: 0.282  G: 0.244  T: 0.252
Proportion of invariable sites: 0.230
Gamma shape alpha: 0.676
Parameters optimization took 1 rounds (0.037 sec)
Time for fast ML tree search: 0.935 seconds

NOTE: ModelFinder requires 7 MB RAM!
ModelFinder will test up to 484 DNA models (sample size: 315) ...
 No. Model         -LnL         df  AIC          AICc         BIC
WARNING: Number of threads seems too high for short alignments. Use -T AUTO to determine best number of threads.
  1  GTR+F         2972.606     257 6459.212     8785.738     7423.623
WARNING: Number of threads seems too high for short alignments. Use -T AUTO to determine best number of threads.
  2  GTR+F+I       2863.157     258 6242.315     8628.815     7210.479
WARNING: Number of threads seems too high for short alignments. Use -T AUTO to determine best number of threads.
  3  GTR+F+G4      2803.711     258 6123.421     8509.921     7091.585
WARNING: Number of threads seems too high for short alignments. Use -T AUTO to determine best number of threads.
  4  GTR+F+I+G4    2804.017     259 6126.034     8574.761     7097.950
WARNING: Number of threads seems too high for short alignments. Use -T AUTO to determine best number of threads.
  5  GTR+F+R2      2800.526     259 6119.052     8567.779     7090.968
WARNING: Number of threads seems too high for short alignments. Use -T AUTO to determine best number of threads.
  6  GTR+F+R3      2799.635     261 6121.270     8701.722     7100.691
WARNING: Number of threads seems too high for short alignments. Use -T AUTO to determine best number of threads.
 14  GTR+F+I+I+R2  2798.939     260 6117.879     8631.212     7093.548
WARNING: Number of threads seems too high for short alignments. Use -T AUTO to determine best number of threads.
 15  GTR+F+I+I+R3  2798.687     262 6121.375     8771.606     7104.549
WARNING: Number of threads seems too high for short alignments. Use -T AUTO to determine best number of threads.
 25  SYM+G4        2805.800     255 6121.601     8334.482     7078.507
WARNING: Number of threads seems too high for short alignments. Use -T AUTO to determine best number of threads.
 26  SYM+I+G4      2805.926     256 6123.852     8392.542     7084.511
WARNING: Number of threads seems too high for short alignments. Use -T AUTO to determine best number of threads.
 27  SYM+R2        2803.040     256 6118.080     8386.769     7078.738
WARNING: Number of threads seems too high for short alignments. Use -T AUTO to determine best number of threads.
 28  SYM+R3        2798.749     258 6113.497     8499.997     7081.661
WARNING: Number of threads seems too high for short alignments. Use -T AUTO to determine best number of threads.
 36  SYM+I+I+R2    2800.925     257 6115.850     8442.376     7080.261
WARNING: Number of threads seems too high for short alignments. Use -T AUTO to determine best number of threads.
 47  TVM+F+G4      2805.444     257 6124.889     8451.415     7089.300
WARNING: Number of threads seems too high for short alignments. Use -T AUTO to determine best number of threads.
 48  TVM+F+I+G4    2805.713     258 6127.426     8513.926     7095.589
WARNING: Number of threads seems too high for short alignments. Use -T AUTO to determine best number of threads.
 49  TVM+F+R2      2801.965     258 6119.930     8506.430     7088.094
WARNING: Number of threads seems too high for short alignments. Use -T AUTO to determine best number of threads.
 50  TVM+F+R3      2800.973     260 6121.947     8635.280     7097.616
WARNING: Number of threads seems too high for short alignments. Use -T AUTO to determine best number of threads.
 58  TVM+F+I+I+R2  2800.182     259 6118.364     8567.091     7090.280
WARNING: Number of threads seems too high for short alignments. Use -T AUTO to determine best number of threads.
 69  TVMe+G4       2806.082     254 6120.165     8279.165     7073.318
WARNING: Number of threads seems too high for short alignments. Use -T AUTO to determine best number of threads.
 70  TVMe+I+G4     2806.183     255 6122.367     8335.248     7079.273
WARNING: Number of threads seems too high for short alignments. Use -T AUTO to determine best number of threads.
 71  TVMe+R2       2803.276     255 6116.552     8329.433     7073.458
WARNING: Number of threads seems too high for short alignments. Use -T AUTO to determine best number of threads.
 72  TVMe+R3       2798.829     257 6111.659     8438.185     7076.070
WARNING: Number of threads seems too high for short alignments. Use -T AUTO to determine best number of threads.
 80  TVMe+I+I+R2   2801.015     256 6114.029     8382.719     7074.688
WARNING: Number of threads seems too high for short alignments. Use -T AUTO to determine best number of threads.
 91  TIM3+F+G4     2810.433     256 6132.865     8401.555     7093.524
WARNING: Number of threads seems too high for short alignments. Use -T AUTO to determine best number of threads.
 92  TIM3+F+I+G4   2810.475     257 6134.951     8461.477     7099.362
WARNING: Number of threads seems too high for short alignments. Use -T AUTO to determine best number of threads.
 93  TIM3+F+R2     2807.524     257 6129.049     8455.575     7093.460
WARNING: Number of threads seems too high for short alignments. Use -T AUTO to determine best number of threads.
 94  TIM3+F+R3     2806.617     259 6131.233     8579.960     7103.149
WARNING: Number of threads seems too high for short alignments. Use -T AUTO to determine best number of threads.
102  TIM3+F+I+I+R2 2805.730     258 6127.461     8513.961     7095.625
WARNING: Number of threads seems too high for short alignments. Use -T AUTO to determine best number of threads.
113  TIM3e+G4      2813.957     253 6133.913     8240.864     7083.314
WARNING: Number of threads seems too high for short alignments. Use -T AUTO to determine best number of threads.
114  TIM3e+I+G4    2813.877     254 6135.754     8294.754     7088.907
WARNING: Number of threads seems too high for short alignments. Use -T AUTO to determine best number of threads.
115  TIM3e+R2      2811.396     254 6130.792     8289.792     7083.946
WARNING: Number of threads seems too high for short alignments. Use -T AUTO to determine best number of threads.
116  TIM3e+R3      2806.523     256 6125.046     8393.736     7085.705
WARNING: Number of threads seems too high for short alignments. Use -T AUTO to determine best number of threads.
124  TIM3e+I+I+R2  2809.026     255 6128.051     8340.933     7084.957
WARNING: Number of threads seems too high for short alignments. Use -T AUTO to determine best number of threads.
135  TIM2+F+G4     2808.954     256 6129.908     8398.597     7090.566
WARNING: Number of threads seems too high for short alignments. Use -T AUTO to determine best number of threads.
136  TIM2+F+I+G4   2809.553     257 6133.105     8459.632     7097.516
WARNING: Number of threads seems too high for short alignments. Use -T AUTO to determine best number of threads.
137  TIM2+F+R2     2804.804     257 6123.608     8450.134     7088.019
WARNING: Number of threads seems too high for short alignments. Use -T AUTO to determine best number of threads.
138  TIM2+F+R3     2804.187     259 6126.375     8575.102     7098.291
WARNING: Number of threads seems too high for short alignments. Use -T AUTO to determine best number of threads.
146  TIM2+F+I+I+R2 2803.864     258 6123.727     8510.227     7091.891
WARNING: Number of threads seems too high for short alignments. Use -T AUTO to determine best number of threads.
157  TIM2e+G4      2812.563     253 6131.126     8238.077     7080.527
WARNING: Number of threads seems too high for short alignments. Use -T AUTO to determine best number of threads.
158  TIM2e+I+G4    2813.062     254 6134.124     8293.124     7087.277
WARNING: Number of threads seems too high for short alignments. Use -T AUTO to determine best number of threads.
159  TIM2e+R2      2808.542     254 6125.084     8284.084     7078.238
WARNING: Number of threads seems too high for short alignments. Use -T AUTO to determine best number of threads.
160  TIM2e+R3      2807.835     256 6127.671     8396.361     7088.330
WARNING: Number of threads seems too high for short alignments. Use -T AUTO to determine best number of threads.
168  TIM2e+I+I+R2  2807.398     255 6124.796     8337.677     7081.702
WARNING: Number of threads seems too high for short alignments. Use -T AUTO to determine best number of threads.
179  TIM+F+G4      2811.204     256 6134.408     8403.098     7095.067
WARNING: Number of threads seems too high for short alignments. Use -T AUTO to determine best number of threads.
180  TIM+F+I+G4    2811.587     257 6137.174     8463.700     7101.585
WARNING: Number of threads seems too high for short alignments. Use -T AUTO to determine best number of threads.
181  TIM+F+R2      2807.418     257 6128.837     8455.363     7093.248
WARNING: Number of threads seems too high for short alignments. Use -T AUTO to determine best number of threads.
182  TIM+F+R3      2806.762     259 6131.524     8580.251     7103.440
WARNING: Number of threads seems too high for short alignments. Use -T AUTO to determine best number of threads.
190  TIM+F+I+I+R2  2806.262     258 6128.523     8515.023     7096.687
WARNING: Number of threads seems too high for short alignments. Use -T AUTO to determine best number of threads.
201  TIMe+G4       2816.114     253 6138.227     8245.178     7087.628
WARNING: Number of threads seems too high for short alignments. Use -T AUTO to determine best number of threads.
202  TIMe+I+G4     2816.404     254 6140.808     8299.808     7093.961
WARNING: Number of threads seems too high for short alignments. Use -T AUTO to determine best number of threads.
203  TIMe+R2       2812.369     254 6132.739     8291.739     7085.892
WARNING: Number of threads seems too high for short alignments. Use -T AUTO to determine best number of threads.
204  TIMe+R3       2811.597     256 6135.194     8403.884     7095.853
WARNING: Number of threads seems too high for short alignments. Use -T AUTO to determine best number of threads.
212  TIMe+I+I+R2   2811.006     255 6132.012     8344.894     7088.918
WARNING: Number of threads seems too high for short alignments. Use -T AUTO to determine best number of threads.
223  TPM3u+F+G4    2812.361     255 6134.722     8347.603     7091.628
WARNING: Number of threads seems too high for short alignments. Use -T AUTO to determine best number of threads.
224  TPM3u+F+I+G4  2812.419     256 6136.837     8405.527     7097.496
WARNING: Number of threads seems too high for short alignments. Use -T AUTO to determine best number of threads.
225  TPM3u+F+R2    2809.145     256 6130.289     8398.979     7090.948
WARNING: Number of threads seems too high for short alignments. Use -T AUTO to determine best number of threads.
226  TPM3u+F+R3    2804.659     258 6125.318     8511.818     7093.482
WARNING: Number of threads seems too high for short alignments. Use -T AUTO to determine best number of threads.
234  TPM3u+F+I+I+R2 2807.131     257 6128.262     8454.788     7092.673
WARNING: Number of threads seems too high for short alignments. Use -T AUTO to determine best number of threads.
245  TPM3+G4       2814.299     252 6132.599     8189.244     7078.247
WARNING: Number of threads seems too high for short alignments. Use -T AUTO to determine best number of threads.
246  TPM3+I+G4     2814.184     253 6134.367     8241.318     7083.768
WARNING: Number of threads seems too high for short alignments. Use -T AUTO to determine best number of threads.
247  TPM3+R2       2811.679     253 6129.358     8236.309     7078.759
WARNING: Number of threads seems too high for short alignments. Use -T AUTO to determine best number of threads.
248  TPM3+R3       2806.662     255 6123.324     8336.205     7080.230
WARNING: Number of threads seems too high for short alignments. Use -T AUTO to determine best number of threads.
256  TPM3+I+I+R2   2809.143     254 6126.285     8285.285     7079.439
WARNING: Number of threads seems too high for short alignments. Use -T AUTO to determine best number of threads.
267  TPM2u+F+G4    2810.609     255 6131.218     8344.099     7088.124
WARNING: Number of threads seems too high for short alignments. Use -T AUTO to determine best number of threads.
268  TPM2u+F+I+G4  2811.153     256 6134.305     8402.995     7094.964
WARNING: Number of threads seems too high for short alignments. Use -T AUTO to determine best number of threads.
269  TPM2u+F+R2    2806.211     256 6124.421     8393.111     7085.080
WARNING: Number of threads seems too high for short alignments. Use -T AUTO to determine best number of threads.
270  TPM2u+F+R3    2805.529     258 6127.058     8513.558     7095.221
WARNING: Number of threads seems too high for short alignments. Use -T AUTO to determine best number of threads.
278  TPM2u+F+I+I+R2 2805.193     257 6124.387     8450.913     7088.798
WARNING: Number of threads seems too high for short alignments. Use -T AUTO to determine best number of threads.
289  TPM2+G4       2812.845     252 6129.690     8186.335     7075.338
WARNING: Number of threads seems too high for short alignments. Use -T AUTO to determine best number of threads.
290  TPM2+I+G4     2813.310     253 6132.621     8239.572     7082.022
WARNING: Number of threads seems too high for short alignments. Use -T AUTO to determine best number of threads.
291  TPM2+R2       2808.763     253 6123.527     8230.478     7072.928
WARNING: Number of threads seems too high for short alignments. Use -T AUTO to determine best number of threads.
292  TPM2+R3       2807.995     255 6125.991     8338.872     7082.897
WARNING: Number of threads seems too high for short alignments. Use -T AUTO to determine best number of threads.
300  TPM2+I+I+R2   2807.548     254 6123.096     8282.096     7076.249
WARNING: Number of threads seems too high for short alignments. Use -T AUTO to determine best number of threads.
311  K3Pu+F+G4     2813.073     255 6136.146     8349.027     7093.052
WARNING: Number of threads seems too high for short alignments. Use -T AUTO to determine best number of threads.
312  K3Pu+F+I+G4   2813.364     256 6138.727     8407.417     7099.386
WARNING: Number of threads seems too high for short alignments. Use -T AUTO to determine best number of threads.
313  K3Pu+F+R2     2809.011     256 6130.022     8398.711     7090.680
WARNING: Number of threads seems too high for short alignments. Use -T AUTO to determine best number of threads.
314  K3Pu+F+R3     2808.256     258 6132.511     8519.011     7100.675
WARNING: Number of threads seems too high for short alignments. Use -T AUTO to determine best number of threads.
322  K3Pu+F+I+I+R2 2807.754     257 6129.508     8456.035     7093.919
WARNING: Number of threads seems too high for short alignments. Use -T AUTO to determine best number of threads.
333  K3P+G4        2816.467     252 6136.935     8193.580     7082.583
WARNING: Number of threads seems too high for short alignments. Use -T AUTO to determine best number of threads.
334  K3P+I+G4      2816.683     253 6139.365     8246.316     7088.766
WARNING: Number of threads seems too high for short alignments. Use -T AUTO to determine best number of threads.
335  K3P+R2        2812.634     253 6131.268     8238.219     7080.669
WARNING: Number of threads seems too high for short alignments. Use -T AUTO to determine best number of threads.
336  K3P+R3        2811.808     255 6133.615     8346.496     7090.521
WARNING: Number of threads seems too high for short alignments. Use -T AUTO to determine best number of threads.
344  K3P+I+I+R2    2811.204     254 6130.407     8289.407     7083.561
WARNING: Number of threads seems too high for short alignments. Use -T AUTO to determine best number of threads.
355  TN+F+G4       2814.514     255 6139.029     8351.910     7095.935
WARNING: Number of threads seems too high for short alignments. Use -T AUTO to determine best number of threads.
356  TN+F+I+G4     2814.913     256 6141.825     8410.515     7102.484
WARNING: Number of threads seems too high for short alignments. Use -T AUTO to determine best number of threads.
357  TN+F+R2       2810.685     256 6133.371     8402.061     7094.029
WARNING: Number of threads seems too high for short alignments. Use -T AUTO to determine best number of threads.
358  TN+F+R3       2810.032     258 6136.064     8522.564     7104.227
WARNING: Number of threads seems too high for short alignments. Use -T AUTO to determine best number of threads.
366  TN+F+I+I+R2   2809.543     257 6133.085     8459.611     7097.496
WARNING: Number of threads seems too high for short alignments. Use -T AUTO to determine best number of threads.
377  TNe+G4        2819.538     252 6143.075     8199.720     7088.723
WARNING: Number of threads seems too high for short alignments. Use -T AUTO to determine best number of threads.
378  TNe+I+G4      2819.844     253 6145.687     8252.638     7095.088
WARNING: Number of threads seems too high for short alignments. Use -T AUTO to determine best number of threads.
379  TNe+R2        2815.738     253 6137.475     8244.426     7086.876
WARNING: Number of threads seems too high for short alignments. Use -T AUTO to determine best number of threads.
380  TNe+R3        2814.980     255 6139.960     8352.841     7096.866
WARNING: Number of threads seems too high for short alignments. Use -T AUTO to determine best number of threads.
388  TNe+I+I+R2    2814.398     254 6136.796     8295.796     7089.949
WARNING: Number of threads seems too high for short alignments. Use -T AUTO to determine best number of threads.
399  HKY+F+G4      2816.371     254 6140.742     8299.742     7093.896
WARNING: Number of threads seems too high for short alignments. Use -T AUTO to determine best number of threads.
400  HKY+F+I+G4    2816.654     255 6143.309     8356.190     7100.215
WARNING: Number of threads seems too high for short alignments. Use -T AUTO to determine best number of threads.
401  HKY+F+R2      2812.275     255 6134.550     8347.432     7091.456
WARNING: Number of threads seems too high for short alignments. Use -T AUTO to determine best number of threads.
402  HKY+F+R3      2811.536     257 6137.072     8463.598     7101.483
WARNING: Number of threads seems too high for short alignments. Use -T AUTO to determine best number of threads.
410  HKY+F+I+I+R2  2811.048     256 6134.096     8402.786     7094.755
WARNING: Number of threads seems too high for short alignments. Use -T AUTO to determine best number of threads.
421  K2P+G4        2819.883     251 6141.765     8149.765     7083.661
WARNING: Number of threads seems too high for short alignments. Use -T AUTO to determine best number of threads.
422  K2P+I+G4      2820.152     252 6144.303     8200.948     7089.952
WARNING: Number of threads seems too high for short alignments. Use -T AUTO to determine best number of threads.
423  K2P+R2        2816.026     252 6136.051     8192.697     7081.700
WARNING: Number of threads seems too high for short alignments. Use -T AUTO to determine best number of threads.
424  K2P+R3        2815.205     254 6138.411     8297.411     7091.564
WARNING: Number of threads seems too high for short alignments. Use -T AUTO to determine best number of threads.
432  K2P+I+I+R2    2814.599     253 6135.198     8242.149     7084.599
WARNING: Number of threads seems too high for short alignments. Use -T AUTO to determine best number of threads.
443  F81+F+G4      2876.046     253 6258.093     8365.044     7207.494
WARNING: Number of threads seems too high for short alignments. Use -T AUTO to determine best number of threads.
444  F81+F+I+G4    2876.472     254 6260.944     8419.944     7214.098
WARNING: Number of threads seems too high for short alignments. Use -T AUTO to determine best number of threads.
445  F81+F+R2      2872.088     254 6252.177     8411.177     7205.330
WARNING: Number of threads seems too high for short alignments. Use -T AUTO to determine best number of threads.
446  F81+F+R3      2871.410     256 6254.821     8523.510     7215.479
WARNING: Number of threads seems too high for short alignments. Use -T AUTO to determine best number of threads.
454  F81+F+I+I+R2  2870.956     255 6251.912     8464.794     7208.818
WARNING: Number of threads seems too high for short alignments. Use -T AUTO to determine best number of threads.
465  JC+G4         2878.986     250 6257.972     8218.909     7196.115
WARNING: Number of threads seems too high for short alignments. Use -T AUTO to determine best number of threads.
466  JC+I+G4       2879.334     251 6260.669     8268.669     7202.564
WARNING: Number of threads seems too high for short alignments. Use -T AUTO to determine best number of threads.
467  JC+R2         2875.138     251 6252.275     8260.275     7194.171
WARNING: Number of threads seems too high for short alignments. Use -T AUTO to determine best number of threads.
468  JC+R3         2874.358     253 6254.716     8361.667     7204.117
WARNING: Number of threads seems too high for short alignments. Use -T AUTO to determine best number of threads.
476  JC+I+I+R2     2873.812     252 6251.623     8308.268     7197.271
Akaike Information Criterion:           TVMe+R3
Corrected Akaike Information Criterion: K2P+G4
Bayesian Information Criterion:         TPM2+R2
Best-fit model: TPM2+R2 chosen according to BIC

All model information printed to /gpfs/work/tuk13147/AOC-patch-GARD-3/results/mammalian_REV3L/mammalian_REV3L.1.codon.fas.model.gz
CPU time for ModelFinder: 340.396 seconds (0h:5m:40s)
Wall-clock time for ModelFinder: 21.393 seconds (0h:0m:21s)

NOTE: 1 MB RAM (0 GB) is required!
WARNING: Number of threads seems too high for short alignments. Use -T AUTO to determine best number of threads.
Estimate model parameters (epsilon = 0.100)
1. Initial log-likelihood: -2808.763
Optimal log-likelihood: -2808.735
Rate parameters:  A-C: 0.51020  A-G: 2.28013  A-T: 0.51020  C-G: 1.00000  C-T: 2.28013  G-T: 1.00000
Base frequencies:  A: 0.250  C: 0.250  G: 0.250  T: 0.250
Site proportion and rates:  (0.787,0.300) (0.213,3.592)
Parameters optimization took 1 rounds (0.044 sec)
Wrote distance file to... 
Computing ML distances based on estimated model parameters...
Calculating distance matrix: done in 0.00636695 secs using 1249% CPU
Computing ML distances took 0.006496 sec (of wall-clock time) 0.081964 sec (of CPU time)
Setting up auxiliary I and S matrices: done in 0.00212363 secs using 312.7% CPU
Constructing RapidNJ tree: done in 0.129616 secs using 138.5% CPU
Computing RapidNJ tree took 0.131933 sec (of wall-clock time) 0.186212 sec (of CPU time)
Log-likelihood of RapidNJ tree: -2818.664
--------------------------------------------------------------------
|             INITIALIZING CANDIDATE TREE SET                      |
--------------------------------------------------------------------
Generating 98 parsimony trees... 0.992 second
Computing log-likelihood of 98 initial trees ... 1.855 seconds
Current best score: -2794.019

Do NNI search on 20 best initial trees
Optimizing NNI: done in 0.666318 secs using 1594% CPU
Estimate model parameters (epsilon = 0.100)
BETTER TREE FOUND at iteration 1: -2789.562
Optimizing NNI: done in 0.586679 secs using 1592% CPU
Estimate model parameters (epsilon = 0.100)
BETTER TREE FOUND at iteration 2: -2786.634
Optimizing NNI: done in 0.387075 secs using 1595% CPU
Optimizing NNI: done in 0.523726 secs using 1592% CPU
Optimizing NNI: done in 0.612411 secs using 1594% CPU
Optimizing NNI: done in 0.52031 secs using 1577% CPU
Optimizing NNI: done in 0.511506 secs using 1593% CPU
Optimizing NNI: done in 0.485267 secs using 1595% CPU
Optimizing NNI: done in 0.866593 secs using 1593% CPU
Optimizing NNI: done in 0.534986 secs using 1593% CPU
Iteration 10 / LogL: -2793.819 / Time: 0h:0m:9s
Optimizing NNI: done in 0.382537 secs using 1596% CPU
Optimizing NNI: done in 0.741903 secs using 1593% CPU
Optimizing NNI: done in 0.64713 secs using 1592% CPU
Optimizing NNI: done in 0.697729 secs using 1592% CPU
Optimizing NNI: done in 0.632112 secs using 1595% CPU
Optimizing NNI: done in 0.570234 secs using 1593% CPU
Optimizing NNI: done in 0.676308 secs using 1590% CPU
Optimizing NNI: done in 0.687133 secs using 1594% CPU
Optimizing NNI: done in 0.580631 secs using 1594% CPU
Optimizing NNI: done in 0.54569 secs using 1591% CPU
Iteration 20 / LogL: -2798.252 / Time: 0h:0m:15s
Finish initializing candidate tree set (20)
Current best tree score: -2786.634 / CPU time: 14.864
Number of iterations: 20
--------------------------------------------------------------------
|               OPTIMIZING CANDIDATE TREE SET                      |
--------------------------------------------------------------------
Optimizing NNI: done in 0.975716 secs using 1595% CPU
Optimizing NNI: done in 0.968871 secs using 1594% CPU
Optimizing NNI: done in 1.09461 secs using 1594% CPU
Optimizing NNI: done in 0.92524 secs using 1592% CPU
Estimate model parameters (epsilon = 0.100)
BETTER TREE FOUND at iteration 24: -2786.410
Optimizing NNI: done in 0.723783 secs using 1594% CPU
Optimizing NNI: done in 0.819119 secs using 1593% CPU
Optimizing NNI: done in 0.722353 secs using 1594% CPU
Optimizing NNI: done in 0.954153 secs using 1594% CPU
Optimizing NNI: done in 0.885731 secs using 1595% CPU
Optimizing NNI: done in 0.941111 secs using 1594% CPU
Iteration 30 / LogL: -2790.425 / Time: 0h:0m:24s (0h:1m:19s left)
Optimizing NNI: done in 0.792726 secs using 1593% CPU
Optimizing NNI: done in 0.866525 secs using 1594% CPU
Optimizing NNI: done in 0.660682 secs using 1590% CPU
Optimizing NNI: done in 0.432453 secs using 1595% CPU
Optimizing NNI: done in 0.792924 secs using 1594% CPU
Optimizing NNI: done in 0.648161 secs using 1594% CPU
Optimizing NNI: done in 0.796573 secs using 1594% CPU
Optimizing NNI: done in 0.505826 secs using 1594% CPU
Optimizing NNI: done in 0.822142 secs using 1592% CPU
Optimizing NNI: done in 0.793249 secs using 1593% CPU
Estimate model parameters (epsilon = 0.100)
BETTER TREE FOUND at iteration 40: -2785.770
Iteration 40 / LogL: -2785.770 / Time: 0h:0m:31s (0h:1m:21s left)
Optimizing NNI: done in 0.699492 secs using 1592% CPU
Optimizing NNI: done in 0.625563 secs using 1595% CPU
Estimate model parameters (epsilon = 0.100)
BETTER TREE FOUND at iteration 42: -2784.513
Optimizing NNI: done in 0.883687 secs using 1594% CPU
Optimizing NNI: done in 0.91534 secs using 1594% CPU
Estimate model parameters (epsilon = 0.100)
BETTER TREE FOUND at iteration 44: -2784.228
Optimizing NNI: done in 0.857934 secs using 1593% CPU
Optimizing NNI: done in 1.14311 secs using 1583% CPU
Estimate model parameters (epsilon = 0.100)
BETTER TREE FOUND at iteration 46: -2783.639
Optimizing NNI: done in 0.886821 secs using 1594% CPU
Optimizing NNI: done in 0.690997 secs using 1593% CPU
Optimizing NNI: done in 0.875154 secs using 1594% CPU
Estimate model parameters (epsilon = 0.100)
BETTER TREE FOUND at iteration 49: -2782.097
Optimizing NNI: done in 0.73963 secs using 1593% CPU
Estimate model parameters (epsilon = 0.100)
BETTER TREE FOUND at iteration 50: -2781.774
Iteration 50 / LogL: -2781.774 / Time: 0h:0m:40s (0h:1m:22s left)
Optimizing NNI: done in 1.01691 secs using 1595% CPU
Optimizing NNI: done in 1.25579 secs using 1594% CPU
Optimizing NNI: done in 1.02833 secs using 1592% CPU
Estimate model parameters (epsilon = 0.100)
BETTER TREE FOUND at iteration 53: -2780.538
Optimizing NNI: done in 0.825767 secs using 1594% CPU
Optimizing NNI: done in 0.583295 secs using 1594% CPU
Optimizing NNI: done in 0.881532 secs using 1593% CPU
Optimizing NNI: done in 0.987182 secs using 1593% CPU
Estimate model parameters (epsilon = 0.100)
BETTER TREE FOUND at iteration 57: -2779.418
Optimizing NNI: done in 0.886511 secs using 1595% CPU
Estimate model parameters (epsilon = 0.100)
BETTER TREE FOUND at iteration 58: -2778.361
Optimizing NNI: done in 0.803261 secs using 1593% CPU
Optimizing NNI: done in 0.888052 secs using 1593% CPU
Iteration 60 / LogL: -2781.103 / Time: 0h:0m:49s (0h:1m:22s left)
Optimizing NNI: done in 0.884514 secs using 1593% CPU
Optimizing NNI: done in 0.777014 secs using 1591% CPU
Optimizing NNI: done in 0.86386 secs using 1593% CPU
Optimizing NNI: done in 0.562427 secs using 1593% CPU
Estimate model parameters (epsilon = 0.100)
BETTER TREE FOUND at iteration 64: -2778.102
Optimizing NNI: done in 0.746923 secs using 1593% CPU
Optimizing NNI: done in 0.845053 secs using 1594% CPU
Optimizing NNI: done in 0.765438 secs using 1593% CPU
Optimizing NNI: done in 0.802453 secs using 1595% CPU
Estimate model parameters (epsilon = 0.100)
BETTER TREE FOUND at iteration 68: -2776.317
Optimizing NNI: done in 0.677206 secs using 1594% CPU
Optimizing NNI: done in 0.918979 secs using 1594% CPU
Iteration 70 / LogL: -2778.360 / Time: 0h:0m:57s (0h:1m:21s left)
Optimizing NNI: done in 0.726963 secs using 1595% CPU
Optimizing NNI: done in 0.819208 secs using 1594% CPU
Optimizing NNI: done in 0.708639 secs using 1593% CPU
Optimizing NNI: done in 0.747519 secs using 1596% CPU
Optimizing NNI: done in 0.814601 secs using 1594% CPU
Optimizing NNI: done in 0.894113 secs using 1594% CPU
Optimizing NNI: done in 1.13859 secs using 1593% CPU
Optimizing NNI: done in 0.784652 secs using 1595% CPU
Optimizing NNI: done in 0.895802 secs using 1585% CPU
Optimizing NNI: done in 0.923525 secs using 1576% CPU
Iteration 80 / LogL: -2781.128 / Time: 0h:1m:6s (0h:1m:13s left)
Optimizing NNI: done in 0.751546 secs using 1585% CPU
Estimate model parameters (epsilon = 0.100)
BETTER TREE FOUND at iteration 81: -2774.818
Optimizing NNI: done in 0.769591 secs using 1593% CPU
Optimizing NNI: done in 0.942153 secs using 1594% CPU
Optimizing NNI: done in 0.581337 secs using 1592% CPU
Optimizing NNI: done in 0.795216 secs using 1592% CPU
Estimate model parameters (epsilon = 0.100)
BETTER TREE FOUND at iteration 85: -2774.276
Optimizing NNI: done in 0.845442 secs using 1592% CPU
Optimizing NNI: done in 0.654176 secs using 1593% CPU
Optimizing NNI: done in 0.88247 secs using 1594% CPU
Optimizing NNI: done in 0.74804 secs using 1593% CPU
Optimizing NNI: done in 0.828612 secs using 1591% CPU
Iteration 90 / LogL: -2776.385 / Time: 0h:1m:14s (0h:1m:18s left)
Optimizing NNI: done in 0.803522 secs using 1594% CPU
Optimizing NNI: done in 0.592298 secs using 1590% CPU
Optimizing NNI: done in 0.89884 secs using 1590% CPU
Optimizing NNI: done in 0.908517 secs using 1594% CPU
Optimizing NNI: done in 0.691507 secs using 1594% CPU
Optimizing NNI: done in 1.71565 secs using 1594% CPU
Optimizing NNI: done in 0.74177 secs using 1594% CPU
Optimizing NNI: done in 0.849147 secs using 1591% CPU
Optimizing NNI: done in 0.535479 secs using 1595% CPU
Optimizing NNI: done in 0.809772 secs using 1594% CPU
Iteration 100 / LogL: -2774.287 / Time: 0h:1m:22s (0h:1m:10s left)
Optimizing NNI: done in 0.697444 secs using 1594% CPU
BETTER TREE FOUND at iteration 101: -2774.275
Optimizing NNI: done in 0.901168 secs using 1595% CPU
Optimizing NNI: done in 0.959475 secs using 1594% CPU
Optimizing NNI: done in 0.786459 secs using 1593% CPU
Estimate model parameters (epsilon = 0.100)
BETTER TREE FOUND at iteration 104: -2774.208
Optimizing NNI: done in 0.699163 secs using 1595% CPU
Optimizing NNI: done in 0.846128 secs using 1594% CPU
BETTER TREE FOUND at iteration 106: -2774.200
Optimizing NNI: done in 0.648228 secs using 1595% CPU
Optimizing NNI: done in 0.734601 secs using 1593% CPU
Optimizing NNI: done in 0.546355 secs using 1594% CPU
Optimizing NNI: done in 0.799645 secs using 1592% CPU
Iteration 110 / LogL: -2774.208 / Time: 0h:1m:30s (0h:1m:19s left)
Optimizing NNI: done in 0.865546 secs using 1591% CPU
Estimate model parameters (epsilon = 0.100)
BETTER TREE FOUND at iteration 111: -2773.386
Optimizing NNI: done in 0.784551 secs using 1595% CPU
Optimizing NNI: done in 0.815972 secs using 1593% CPU
Optimizing NNI: done in 0.736179 secs using 1595% CPU
Optimizing NNI: done in 0.834645 secs using 1592% CPU
BETTER TREE FOUND at iteration 115: -2773.377
Optimizing NNI: done in 0.702236 secs using 1592% CPU
Optimizing NNI: done in 0.79737 secs using 1593% CPU
Estimate model parameters (epsilon = 0.100)
BETTER TREE FOUND at iteration 117: -2773.117
Optimizing NNI: done in 1.14223 secs using 1583% CPU
Optimizing NNI: done in 0.81567 secs using 1592% CPU
Estimate model parameters (epsilon = 0.100)
BETTER TREE FOUND at iteration 119: -2772.361
Optimizing NNI: done in 0.780679 secs using 1594% CPU
Estimate model parameters (epsilon = 0.100)
BETTER TREE FOUND at iteration 120: -2772.234
Iteration 120 / LogL: -2772.234 / Time: 0h:1m:38s (0h:1m:23s left)
Optimizing NNI: done in 0.763597 secs using 1593% CPU
Optimizing NNI: done in 0.904862 secs using 1591% CPU
Optimizing NNI: done in 0.907603 secs using 1594% CPU
Optimizing NNI: done in 0.805886 secs using 1592% CPU
Optimizing NNI: done in 0.657309 secs using 1594% CPU
Optimizing NNI: done in 0.579283 secs using 1593% CPU
Optimizing NNI: done in 0.734893 secs using 1592% CPU
Optimizing NNI: done in 1.00245 secs using 1593% CPU
Optimizing NNI: done in 0.770396 secs using 1592% CPU
Optimizing NNI: done in 0.982001 secs using 1593% CPU
Iteration 130 / LogL: -2772.240 / Time: 0h:1m:47s (0h:1m:14s left)
Optimizing NNI: done in 0.888309 secs using 1593% CPU
Optimizing NNI: done in 0.914681 secs using 1594% CPU
Optimizing NNI: done in 0.559534 secs using 1594% CPU
Optimizing NNI: done in 0.819842 secs using 1592% CPU
Optimizing NNI: done in 0.886226 secs using 1592% CPU
Estimate model parameters (epsilon = 0.100)
BETTER TREE FOUND at iteration 135: -2772.200
Optimizing NNI: done in 0.789906 secs using 1594% CPU
Optimizing NNI: done in 0.873753 secs using 1592% CPU
Optimizing NNI: done in 0.811384 secs using 1593% CPU
Optimizing NNI: done in 0.577673 secs using 1593% CPU
Optimizing NNI: done in 0.667754 secs using 1594% CPU
Estimate model parameters (epsilon = 0.100)
BETTER TREE FOUND at iteration 140: -2772.092
Iteration 140 / LogL: -2772.092 / Time: 0h:1m:54s (0h:1m:22s left)
Optimizing NNI: done in 0.680156 secs using 1592% CPU
Optimizing NNI: done in 0.695561 secs using 1592% CPU
Estimate model parameters (epsilon = 0.100)
BETTER TREE FOUND at iteration 142: -2772.082
Optimizing NNI: done in 0.661882 secs using 1595% CPU
Optimizing NNI: done in 1.17661 secs using 1592% CPU
Optimizing NNI: done in 0.839602 secs using 1593% CPU
Optimizing NNI: done in 0.771561 secs using 1592% CPU
Optimizing NNI: done in 0.65933 secs using 1592% CPU
Optimizing NNI: done in 0.832032 secs using 1592% CPU
Optimizing NNI: done in 0.740726 secs using 1592% CPU
Optimizing NNI: done in 0.777347 secs using 1592% CPU
Iteration 150 / LogL: -2785.439 / Time: 0h:2m:2s (0h:1m:15s left)
Optimizing NNI: done in 0.806891 secs using 1594% CPU
Optimizing NNI: done in 0.585321 secs using 1594% CPU
Optimizing NNI: done in 0.617945 secs using 1586% CPU
Optimizing NNI: done in 0.847584 secs using 1591% CPU
Optimizing NNI: done in 0.99868 secs using 1587% CPU
Optimizing NNI: done in 0.864922 secs using 1593% CPU
Optimizing NNI: done in 0.881478 secs using 1592% CPU
Optimizing NNI: done in 0.760035 secs using 1594% CPU
Optimizing NNI: done in 0.583509 secs using 1590% CPU
Optimizing NNI: done in 0.703453 secs using 1593% CPU
Iteration 160 / LogL: -2772.215 / Time: 0h:2m:10s (0h:1m:7s left)
Optimizing NNI: done in 0.632116 secs using 1589% CPU
Optimizing NNI: done in 0.781941 secs using 1594% CPU
Optimizing NNI: done in 0.785908 secs using 1593% CPU
Optimizing NNI: done in 0.882405 secs using 1593% CPU
Optimizing NNI: done in 0.745118 secs using 1592% CPU
Optimizing NNI: done in 0.923399 secs using 1592% CPU
Optimizing NNI: done in 0.862945 secs using 1592% CPU
Optimizing NNI: done in 0.654656 secs using 1592% CPU
Optimizing NNI: done in 0.687823 secs using 1593% CPU
Optimizing NNI: done in 0.953383 secs using 1592% CPU
Iteration 170 / LogL: -2772.093 / Time: 0h:2m:18s (0h:0m:59s left)
Optimizing NNI: done in 0.707647 secs using 1592% CPU
Optimizing NNI: done in 0.653705 secs using 1593% CPU
Optimizing NNI: done in 0.941825 secs using 1594% CPU
Optimizing NNI: done in 0.730901 secs using 1595% CPU
Optimizing NNI: done in 0.740337 secs using 1594% CPU
Optimizing NNI: done in 1.1325 secs using 1594% CPU
Optimizing NNI: done in 0.683331 secs using 1594% CPU
Optimizing NNI: done in 0.755935 secs using 1593% CPU
Optimizing NNI: done in 0.749883 secs using 1593% CPU
Optimizing NNI: done in 0.922234 secs using 1593% CPU
Iteration 180 / LogL: -2772.083 / Time: 0h:2m:26s (0h:0m:50s left)
Optimizing NNI: done in 0.748362 secs using 1592% CPU
Optimizing NNI: done in 0.918073 secs using 1591% CPU
Optimizing NNI: done in 1.0166 secs using 1590% CPU
Optimizing NNI: done in 0.84706 secs using 1593% CPU
Optimizing NNI: done in 0.903049 secs using 1593% CPU
Optimizing NNI: done in 0.881287 secs using 1592% CPU
Optimizing NNI: done in 0.677608 secs using 1593% CPU
Optimizing NNI: done in 0.806406 secs using 1592% CPU
Optimizing NNI: done in 0.803477 secs using 1592% CPU
Optimizing NNI: done in 0.942867 secs using 1592% CPU
Iteration 190 / LogL: -2772.108 / Time: 0h:2m:35s (0h:0m:42s left)
Optimizing NNI: done in 0.671411 secs using 1593% CPU
Optimizing NNI: done in 0.734265 secs using 1593% CPU
BETTER TREE FOUND at iteration 192: -2772.073
Optimizing NNI: done in 1.01783 secs using 1581% CPU
Optimizing NNI: done in 0.666241 secs using 1593% CPU
Optimizing NNI: done in 0.570005 secs using 1593% CPU
Optimizing NNI: done in 1.04707 secs using 1593% CPU
Optimizing NNI: done in 0.676596 secs using 1594% CPU
Optimizing NNI: done in 0.80422 secs using 1593% CPU
Optimizing NNI: done in 0.692726 secs using 1593% CPU
Optimizing NNI: done in 0.672602 secs using 1593% CPU
Iteration 200 / LogL: -2781.907 / Time: 0h:2m:42s (0h:1m:15s left)
Optimizing NNI: done in 0.573172 secs using 1591% CPU
Optimizing NNI: done in 0.561888 secs using 1595% CPU
Optimizing NNI: done in 0.945769 secs using 1591% CPU
Optimizing NNI: done in 1.08485 secs using 1594% CPU
Optimizing NNI: done in 0.90038 secs using 1594% CPU
Optimizing NNI: done in 0.791445 secs using 1593% CPU
Optimizing NNI: done in 0.767723 secs using 1594% CPU
Optimizing NNI: done in 1.12989 secs using 1593% CPU
Optimizing NNI: done in 0.791034 secs using 1592% CPU
Optimizing NNI: done in 0.930343 secs using 1591% CPU
Iteration 210 / LogL: -2773.145 / Time: 0h:2m:51s (0h:1m:7s left)
Optimizing NNI: done in 0.872067 secs using 1594% CPU
Optimizing NNI: done in 0.847231 secs using 1593% CPU
Optimizing NNI: done in 1.05381 secs using 1593% CPU
Optimizing NNI: done in 0.575422 secs using 1595% CPU
Optimizing NNI: done in 0.777174 secs using 1593% CPU
Optimizing NNI: done in 0.671861 secs using 1594% CPU
Optimizing NNI: done in 0.661135 secs using 1594% CPU
Optimizing NNI: done in 0.975512 secs using 1591% CPU
Optimizing NNI: done in 0.728173 secs using 1594% CPU
Optimizing NNI: done in 0.731039 secs using 1593% CPU
Iteration 220 / LogL: -2772.164 / Time: 0h:2m:59s (0h:0m:58s left)
Optimizing NNI: done in 0.958391 secs using 1593% CPU
Optimizing NNI: done in 0.699194 secs using 1592% CPU
Optimizing NNI: done in 0.644014 secs using 1593% CPU
Optimizing NNI: done in 0.663146 secs using 1593% CPU
Optimizing NNI: done in 0.691641 secs using 1592% CPU
Optimizing NNI: done in 0.92925 secs using 1594% CPU
Optimizing NNI: done in 0.710941 secs using 1593% CPU
Optimizing NNI: done in 0.742158 secs using 1593% CPU
Optimizing NNI: done in 0.7827 secs using 1592% CPU
Optimizing NNI: done in 0.755936 secs using 1585% CPU
Iteration 230 / LogL: -2772.206 / Time: 0h:3m:6s (0h:0m:50s left)
Optimizing NNI: done in 0.682652 secs using 1592% CPU
Optimizing NNI: done in 0.855946 secs using 1593% CPU
Optimizing NNI: done in 0.788702 secs using 1592% CPU
Optimizing NNI: done in 0.633103 secs using 1594% CPU
Optimizing NNI: done in 0.687492 secs using 1594% CPU
Optimizing NNI: done in 0.702721 secs using 1594% CPU
Optimizing NNI: done in 0.748715 secs using 1594% CPU
Optimizing NNI: done in 0.654643 secs using 1594% CPU
Optimizing NNI: done in 0.841965 secs using 1594% CPU
Optimizing NNI: done in 0.737817 secs using 1594% CPU
Iteration 240 / LogL: -2772.091 / Time: 0h:3m:14s (0h:0m:42s left)
Optimizing NNI: done in 0.964 secs using 1592% CPU
Optimizing NNI: done in 0.863407 secs using 1593% CPU
Optimizing NNI: done in 0.698222 secs using 1594% CPU
Optimizing NNI: done in 0.858024 secs using 1593% CPU
Optimizing NNI: done in 0.674926 secs using 1595% CPU
Optimizing NNI: done in 0.729857 secs using 1593% CPU
Optimizing NNI: done in 0.79457 secs using 1591% CPU
Optimizing NNI: done in 0.64211 secs using 1593% CPU
Optimizing NNI: done in 0.674113 secs using 1593% CPU
Optimizing NNI: done in 0.698812 secs using 1594% CPU
Iteration 250 / LogL: -2773.056 / Time: 0h:3m:21s (0h:0m:34s left)
Optimizing NNI: done in 0.739919 secs using 1593% CPU
Optimizing NNI: done in 0.633433 secs using 1593% CPU
Optimizing NNI: done in 0.759493 secs using 1594% CPU
Optimizing NNI: done in 0.558786 secs using 1592% CPU
Optimizing NNI: done in 0.814489 secs using 1591% CPU
Optimizing NNI: done in 0.902923 secs using 1591% CPU
Optimizing NNI: done in 0.582862 secs using 1594% CPU
Optimizing NNI: done in 0.671122 secs using 1594% CPU
Optimizing NNI: done in 0.672113 secs using 1593% CPU
Optimizing NNI: done in 0.772346 secs using 1592% CPU
Iteration 260 / LogL: -2772.227 / Time: 0h:3m:29s (0h:0m:25s left)
Optimizing NNI: done in 0.881723 secs using 1592% CPU
Optimizing NNI: done in 0.855004 secs using 1592% CPU
Optimizing NNI: done in 0.752059 secs using 1594% CPU
Optimizing NNI: done in 0.67254 secs using 1593% CPU
Optimizing NNI: done in 0.733277 secs using 1592% CPU
Optimizing NNI: done in 0.879687 secs using 1593% CPU
Optimizing NNI: done in 0.660145 secs using 1593% CPU
Optimizing NNI: done in 0.713734 secs using 1592% CPU
Optimizing NNI: done in 0.803493 secs using 1590% CPU
Optimizing NNI: done in 0.851288 secs using 1587% CPU
Iteration 270 / LogL: -2773.714 / Time: 0h:3m:36s (0h:0m:17s left)
Optimizing NNI: done in 0.817111 secs using 1592% CPU
Optimizing NNI: done in 0.889974 secs using 1594% CPU
Optimizing NNI: done in 0.835779 secs using 1593% CPU
Optimizing NNI: done in 0.784117 secs using 1593% CPU
Optimizing NNI: done in 0.741348 secs using 1592% CPU
Optimizing NNI: done in 0.634901 secs using 1592% CPU
Optimizing NNI: done in 0.907533 secs using 1594% CPU
Optimizing NNI: done in 0.921408 secs using 1592% CPU
Optimizing NNI: done in 0.788631 secs using 1592% CPU
Optimizing NNI: done in 0.991389 secs using 1592% CPU
Iteration 280 / LogL: -2784.995 / Time: 0h:3m:45s (0h:0m:9s left)
Optimizing NNI: done in 0.652891 secs using 1590% CPU
Optimizing NNI: done in 0.736153 secs using 1593% CPU
Optimizing NNI: done in 0.863471 secs using 1591% CPU
Optimizing NNI: done in 0.88004 secs using 1591% CPU
Optimizing NNI: done in 0.655569 secs using 1594% CPU
Optimizing NNI: done in 0.863682 secs using 1591% CPU
Optimizing NNI: done in 0.761045 secs using 1594% CPU
Optimizing NNI: done in 0.735397 secs using 1592% CPU
Optimizing NNI: done in 0.688458 secs using 1594% CPU
Optimizing NNI: done in 0.807363 secs using 1593% CPU
Iteration 290 / LogL: -2774.098 / Time: 0h:3m:53s (0h:0m:1s left)
Optimizing NNI: done in 0.695846 secs using 1592% CPU
Optimizing NNI: done in 0.821284 secs using 1592% CPU
Optimizing NNI: done in 0.731972 secs using 1593% CPU
TREE SEARCH COMPLETED AFTER 293 ITERATIONS / Time: 0h:3m:55s

--------------------------------------------------------------------
|                    FINALIZING TREE SEARCH                        |
--------------------------------------------------------------------
Performs final model parameters optimization
Estimate model parameters (epsilon = 0.010)
1. Initial log-likelihood: -2772.073
Optimal log-likelihood: -2772.073
Rate parameters:  A-C: 0.47269  A-G: 2.26044  A-T: 0.47269  C-G: 1.00000  C-T: 2.26044  G-T: 1.00000
Base frequencies:  A: 0.250  C: 0.250  G: 0.250  T: 0.250
Site proportion and rates:  (0.783,0.306) (0.217,3.508)
Parameters optimization took 1 rounds (0.030 sec)
BEST SCORE FOUND : -2772.073
Total tree length: 1.893

Total number of iterations: 293
CPU time used for tree search: 3726.532 sec (1h:2m:6s)
Wall-clock time used for tree search: 234.905 sec (0h:3m:54s)
Total CPU time used: 3731.464 sec (1h:2m:11s)
Total wall-clock time used: 235.346 sec (0h:3m:55s)

Analysis results written to: 
  IQ-TREE report:                /gpfs/work/tuk13147/AOC-patch-GARD-3/results/mammalian_REV3L/mammalian_REV3L.1.codon.fas.iqtree
  Maximum-likelihood tree:       /gpfs/work/tuk13147/AOC-patch-GARD-3/results/mammalian_REV3L/mammalian_REV3L.1.codon.fas.treefile
  Likelihood distances:          /gpfs/work/tuk13147/AOC-patch-GARD-3/results/mammalian_REV3L/mammalian_REV3L.1.codon.fas.mldist
  Screen log file:               /gpfs/work/tuk13147/AOC-patch-GARD-3/results/mammalian_REV3L/mammalian_REV3L.1.codon.fas.log

ALISIM COMMAND
--------------
--alisim simulated_MSA -t /gpfs/work/tuk13147/AOC-patch-GARD-3/results/mammalian_REV3L/mammalian_REV3L.1.codon.fas.treefile -m "TPM2{0.472687,2.26044}+FQ+R2{0.783295,0.306068,0.216705,3.50826}" --length 315

Date and Time: Sun Aug  7 10:02:52 2022
