
# Average sequence length is (PROTEIN AA ungapped): 3116.60625
# Average sequence length is (NUCLEOTIDE NUC): 9349.818749999999


# Processing: ref|NP_001359007.1| DNA polymerase zeta catalytic subunit isoform a [Homo sapiens]
# Species: Homo sapiens
# Match: NM_001372078.1 Homo sapiens REV3 like, DNA directed polymerase zeta catalytic subunit (REV3L), transcript variant 4, mRNA 



# Processing: ref|NP_035394.2| DNA polymerase zeta catalytic subunit [Mus musculus]
# Species: Mus musculus
# Match: NM_011264.3 Mus musculus REV3 like, DNA directed polymerase zeta catalytic subunit (Rev3l), mRNA 



# Processing: ref|XP_006256586.1| DNA polymerase zeta catalytic subunit isoform X1 [Rattus norvegicus]
# Species: Rattus norvegicus
# Match: XM_006256524.2 PREDICTED: Rattus norvegicus REV3 like, DNA directed polymerase zeta catalytic subunit (Rev3l), transcript variant X1, mRNA 



# Processing: ref|XP_028702867.1| DNA polymerase zeta catalytic subunit isoform X1 [Macaca mulatta]
# Species: Macaca mulatta
# Match: XM_028847034.1 PREDICTED: Macaca mulatta REV3 like, DNA directed polymerase zeta catalytic subunit (REV3L), transcript variant X1, mRNA 



# Processing: ref|XP_024852357.1| DNA polymerase zeta catalytic subunit isoform X1 [Bos taurus]
# Species: Bos taurus
# Match: XM_024996589.1 PREDICTED: Bos taurus REV3 like, DNA directed polymerase zeta catalytic subunit (REV3L), transcript variant X1, mRNA 



# Processing: ref|XP_013973691.1| DNA polymerase zeta catalytic subunit isoform X1 [Canis lupus familiaris]
# Species: Canis lupus familiaris
# Match: XM_014118216.3 PREDICTED: Canis lupus familiaris REV3 like, DNA directed polymerase zeta catalytic subunit (REV3L), transcript variant X1, mRNA 



# Processing: ref|XP_016811656.1| DNA polymerase zeta catalytic subunit isoform X1 [Pan troglodytes]
# Species: Pan troglodytes
# Match: XM_016956167.2 PREDICTED: Pan troglodytes REV3 like, DNA directed polymerase zeta catalytic subunit (REV3L), transcript variant X1, mRNA 



# Processing: ref|XP_020946897.1| DNA polymerase zeta catalytic subunit isoform X1 [Sus scrofa]
# Species: Sus scrofa
# Match: XM_021091238.1 PREDICTED: Sus scrofa REV3 like, DNA directed polymerase zeta catalytic subunit (REV3L), transcript variant X1, mRNA 



# Processing: ref|XP_040614133.1| DNA polymerase zeta catalytic subunit isoform X1 [Mesocricetus auratus]
# Species: Mesocricetus auratus
# Match: XM_040758199.1 PREDICTED: Mesocricetus auratus REV3 like, DNA directed polymerase zeta catalytic subunit (Rev3l), transcript variant X1, mRNA 



# Processing: ref|XP_015303878.1| PREDICTED: DNA polymerase zeta catalytic subunit isoform X1 [Macaca fascicularis]
# Species: Macaca fascicularis
# Match: XM_015448392.1 PREDICTED: Macaca fascicularis REV3 like, DNA directed polymerase zeta catalytic subunit (REV3L), transcript variant X1, mRNA 



# Processing: ref|XP_004753572.1| DNA polymerase zeta catalytic subunit isoform X1 [Mustela putorius furo]
# Species: Mustela putorius furo
# Match: XM_004753515.2 PREDICTED: Mustela putorius furo REV3-like, polymerase (DNA directed), zeta, catalytic subunit (REV3L), transcript variant X1, mRNA 



# Processing: ref|XP_034524883.1| DNA polymerase zeta catalytic subunit isoform X1 [Ailuropoda melanoleuca]
# Species: Ailuropoda melanoleuca
# Match: XM_034668992.1 PREDICTED: Ailuropoda melanoleuca REV3 like, DNA directed polymerase zeta catalytic subunit (REV3L), transcript variant X1, mRNA 



# Processing: ref|XP_015455555.1| DNA polymerase zeta catalytic subunit isoform X1 [Pteropus alecto]
# Species: Pteropus alecto
# Match: XM_015600069.2 PREDICTED: Pteropus alecto REV3 like, DNA directed polymerase zeta catalytic subunit (REV3L), transcript variant X1, mRNA 



# Processing: ref|XP_005883807.1| PREDICTED: DNA polymerase zeta catalytic subunit isoform X1 [Myotis brandtii]
# Species: Myotis brandtii
# Match: XM_005883745.2 PREDICTED: Myotis brandtii REV3-like, polymerase (DNA directed), zeta, catalytic subunit (REV3L), transcript variant X1, mRNA 



# Processing: ref|XP_006157067.1| DNA polymerase zeta catalytic subunit isoform X3 [Tupaia chinensis]
# Species: Tupaia chinensis
# Match: XM_006157005.3 PREDICTED: Tupaia chinensis REV3 like, DNA directed polymerase zeta catalytic subunit (REV3L), transcript variant X3, mRNA 



# Processing: ref|XP_027257963.1| DNA polymerase zeta catalytic subunit isoform X4 [Cricetulus griseus]
# Species: Cricetulus griseus
# Match: XM_027402162.2 PREDICTED: Cricetulus griseus REV3 like, DNA directed polymerase zeta catalytic subunit (Rev3l), transcript variant X5, mRNA 



# Processing: ref|XP_012924640.1| DNA polymerase zeta catalytic subunit isoform X1 [Heterocephalus glaber]
# Species: Heterocephalus glaber
# Match: XM_013069186.2 PREDICTED: Heterocephalus glaber REV3 like, DNA directed polymerase zeta catalytic subunit (Rev3l), transcript variant X1, mRNA 



# Processing: ref|XP_008850623.1| DNA polymerase zeta catalytic subunit isoform X1 [Nannospalax galili]
# Species: Nannospalax galili
# Match: XM_008852401.2 PREDICTED: Nannospalax galili REV3 like, DNA directed polymerase zeta catalytic subunit (Rev3l), transcript variant X1, mRNA 



# Processing: ref|XP_023506702.1| DNA polymerase zeta catalytic subunit isoform X1 [Equus caballus]
# Species: Equus caballus
# Match: XM_023650934.1 PREDICTED: Equus caballus REV3 like, DNA directed polymerase zeta catalytic subunit (REV3L), transcript variant X1, mRNA 



# Processing: ref|XP_035152421.1| DNA polymerase zeta catalytic subunit isoform X1 [Callithrix jacchus]
# Species: Callithrix jacchus
# Match: XM_035296530.1 PREDICTED: Callithrix jacchus REV3 like, DNA directed polymerase zeta catalytic subunit (REV3L), transcript variant X1, mRNA 



# Processing: ref|XP_007484499.1| PREDICTED: DNA polymerase zeta catalytic subunit isoform X1 [Monodelphis domestica]
# Species: Monodelphis domestica
# Match: XM_007484437.2 PREDICTED: Monodelphis domestica REV3 like, DNA directed polymerase zeta catalytic subunit (REV3L), transcript variant X1, mRNA 



# Processing: ref|XP_031820260.1| DNA polymerase zeta catalytic subunit isoform X1 [Sarcophilus harrisii]
# Species: Sarcophilus harrisii
# Match: XM_031964400.1 PREDICTED: Sarcophilus harrisii REV3 like, DNA directed polymerase zeta catalytic subunit (REV3L), transcript variant X1, mRNA 



# Processing: ref|XP_020863748.1| LOW QUALITY PROTEIN: DNA polymerase zeta catalytic subunit [Phascolarctos cinereus]
# Skipping this sequence due to quality issues ref|XP_020863748.1| LOW QUALITY PROTEIN: DNA polymerase zeta catalytic subunit [Phascolarctos cinereus]


# Processing: ref|XP_036622259.1| DNA polymerase zeta catalytic subunit isoform X1 [Trichosurus vulpecula]
# Species: Trichosurus vulpecula
# Match: XM_036766364.1 PREDICTED: Trichosurus vulpecula REV3 like, DNA directed polymerase zeta catalytic subunit (REV3L), transcript variant X1, mRNA 



# Processing: ref|XP_027704402.1| DNA polymerase zeta catalytic subunit isoform X1 [Vombatus ursinus]
# Species: Vombatus ursinus
# Match: XM_027848601.1 PREDICTED: Vombatus ursinus REV3 like, DNA directed polymerase zeta catalytic subunit (REV3L), transcript variant X1, mRNA 



# Processing: ref|XP_040839831.1| DNA polymerase zeta catalytic subunit isoform X1 [Ochotona curzoniae]
# Species: Ochotona curzoniae
# Match: XM_040983897.1 PREDICTED: Ochotona curzoniae REV3 like, DNA directed polymerase zeta catalytic subunit (REV3L), transcript variant X1, mRNA 



# Processing: ref|XP_004580555.1| DNA polymerase zeta catalytic subunit [Ochotona princeps]
# Species: Ochotona princeps
# Match: XM_004580498.1 PREDICTED: Ochotona princeps REV3 like, DNA directed polymerase zeta catalytic subunit (REV3L), mRNA 



# Processing: ref|XP_008261598.1| PREDICTED: DNA polymerase zeta catalytic subunit isoform X1 [Oryctolagus cuniculus]
# Species: Oryctolagus cuniculus
# Match: XM_008263376.2 PREDICTED: Oryctolagus cuniculus REV3 like, DNA directed polymerase zeta catalytic subunit (REV3L), transcript variant X1, mRNA 



# Processing: ref|XP_012888277.1| PREDICTED: DNA polymerase zeta catalytic subunit [Dipodomys ordii]
# Species: Dipodomys ordii
# Match: XM_013032823.1 PREDICTED: Dipodomys ordii REV3-like, polymerase (DNA directed), zeta, catalytic subunit (Rev3l), mRNA 



# Processing: ref|XP_020024288.1| DNA polymerase zeta catalytic subunit [Castor canadensis]
# Species: Castor canadensis
# Match: XM_020168699.1 PREDICTED: Castor canadensis REV3 like, DNA directed polymerase zeta catalytic subunit (Rev3l), mRNA 



# Processing: ref|XP_029338501.1| DNA polymerase zeta catalytic subunit [Mus caroli]
# Species: Mus caroli
# Match: XM_029482641.1 PREDICTED: Mus caroli REV3 like, DNA directed polymerase zeta catalytic subunit (Rev3l), mRNA 



# Processing: ref|XP_029398359.1| DNA polymerase zeta catalytic subunit isoform X1 [Mus pahari]
# Species: Mus pahari
# Match: XM_029542499.1 PREDICTED: Mus pahari REV3 like, DNA directed polymerase zeta catalytic subunit (Rev3l), transcript variant X1, mRNA 



# Processing: ref|XP_015858271.1| DNA polymerase zeta catalytic subunit isoform X1 [Peromyscus maniculatus bairdii]
# Species: Peromyscus maniculatus bairdii
# Match: XM_016002785.1 PREDICTED: Peromyscus maniculatus bairdii REV3 like, DNA directed polymerase zeta catalytic subunit (Rev3l), transcript variant X1, mRNA 



# Processing: ref|XP_004660694.1||gi|507553816 PREDICTED: DNA polymerase zeta catalytic subunit isoform X1 [Jaculus jaculus]
# Species: Jaculus jaculus
# Match: XM_004660637.2 PREDICTED: Jaculus jaculus REV3-like, polymerase (DNA directed), zeta, catalytic subunit (Rev3l), transcript variant X1, mRNA 



# Processing: ref|XP_032744411.1| DNA polymerase zeta catalytic subunit [Rattus rattus]
# Species: Rattus rattus
# Match: XM_032888520.1 PREDICTED: Rattus rattus REV3 like, DNA directed polymerase zeta catalytic subunit (Rev3l), mRNA 



# Processing: ref|XP_028624823.1| DNA polymerase zeta catalytic subunit [Grammomys surdaster]
# Species: Grammomys surdaster
# Match: XM_028768990.1 PREDICTED: Grammomys surdaster REV3 like, DNA directed polymerase zeta catalytic subunit (Rev3l), mRNA 



# Processing: ref|XP_031203624.1| DNA polymerase zeta catalytic subunit isoform X1 [Mastomys coucha]
# Species: Mastomys coucha
# Match: XM_031347764.1 PREDICTED: Mastomys coucha REV3 like, DNA directed polymerase zeta catalytic subunit (Rev3l), transcript variant X1, mRNA 



# Processing: ref|XP_034379912.1| DNA polymerase zeta catalytic subunit [Arvicanthis niloticus]
# Species: Arvicanthis niloticus
# Match: XM_034524021.1 PREDICTED: Arvicanthis niloticus REV3 like, DNA directed polymerase zeta catalytic subunit (Rev3l), mRNA 



# Processing: ref|XP_028730677.1| LOW QUALITY PROTEIN: DNA polymerase zeta catalytic subunit [Peromyscus leucopus]
# Skipping this sequence due to quality issues ref|XP_028730677.1| LOW QUALITY PROTEIN: DNA polymerase zeta catalytic subunit [Peromyscus leucopus]


# Processing: ref|XP_036025129.1| DNA polymerase zeta catalytic subunit isoform X1 [Onychomys torridus]
# Species: Onychomys torridus
# Match: XM_036169236.1 PREDICTED: Onychomys torridus REV3 like, DNA directed polymerase zeta catalytic subunit (Rev3l), transcript variant X1, mRNA 



# Processing: ref|XP_038194858.1| LOW QUALITY PROTEIN: DNA polymerase zeta catalytic subunit [Arvicola amphibius]
# Skipping this sequence due to quality issues ref|XP_038194858.1| LOW QUALITY PROTEIN: DNA polymerase zeta catalytic subunit [Arvicola amphibius]


# Processing: ref|XP_041510005.1| DNA polymerase zeta catalytic subunit isoform X1 [Microtus oregoni]
# Species: Microtus oregoni
# Match: XM_041654071.1 PREDICTED: Microtus oregoni REV3 like, DNA directed polymerase zeta catalytic subunit (Rev3l), transcript variant X1, mRNA 



# Processing: ref|XP_005363599.1| DNA polymerase zeta catalytic subunit isoform X1 [Microtus ochrogaster]
# Species: Microtus ochrogaster
# Match: XM_005363542.3 PREDICTED: Microtus ochrogaster REV3 like, DNA directed polymerase zeta catalytic subunit (Rev3l), transcript variant X1, mRNA 



# Processing: ref|XP_023419436.1| LOW QUALITY PROTEIN: DNA polymerase zeta catalytic subunit [Cavia porcellus]
# Skipping this sequence due to quality issues ref|XP_023419436.1| LOW QUALITY PROTEIN: DNA polymerase zeta catalytic subunit [Cavia porcellus]


# Processing: ref|XP_005377958.1| PREDICTED: DNA polymerase zeta catalytic subunit isoform X1 [Chinchilla lanigera]
# Species: Chinchilla lanigera
# Match: XM_005377901.2 PREDICTED: Chinchilla lanigera REV3-like, polymerase (DNA directed), zeta, catalytic subunit (Rev3l), transcript variant X1, mRNA 



# Processing: ref|XP_023578067.1| DNA polymerase zeta catalytic subunit isoform X1 [Octodon degus]
# Species: Octodon degus
# Match: XM_023722299.1 PREDICTED: Octodon degus REV3 like, DNA directed polymerase zeta catalytic subunit (Rev3l), transcript variant X1, mRNA 



# Processing: ref|XP_010629131.1| DNA polymerase zeta catalytic subunit isoform X1 [Fukomys damarensis]
# Species: Fukomys damarensis
# Match: XM_010630829.3 PREDICTED: Fukomys damarensis REV3 like, DNA directed polymerase zeta catalytic subunit (Rev3l), transcript variant X1, mRNA 



# Processing: ref|XP_015352887.1| PREDICTED: DNA polymerase zeta catalytic subunit [Marmota marmota marmota]
# Species: Marmota marmota marmota
# Match: XM_015497401.1 PREDICTED: Marmota marmota marmota REV3 like, DNA directed polymerase zeta catalytic subunit (Rev3l), mRNA 



# Processing: ref|XP_040139150.1| DNA polymerase zeta catalytic subunit isoform X1 [Ictidomys tridecemlineatus]
# Species: Ictidomys tridecemlineatus
# Match: XM_040283216.1 PREDICTED: Ictidomys tridecemlineatus REV3 like, DNA directed polymerase zeta catalytic subunit (Rev3l), transcript variant X1, mRNA 



# Processing: ref|XP_026250865.1| DNA polymerase zeta catalytic subunit [Urocitellus parryii]
# Species: Urocitellus parryii
# Match: XM_026395080.1 PREDICTED: Urocitellus parryii REV3 like, DNA directed polymerase zeta catalytic subunit (Rev3l), mRNA 



# Processing: ref|XP_027784109.1| DNA polymerase zeta catalytic subunit [Marmota flaviventris]
# Species: Marmota flaviventris
# Match: XM_027928308.2 PREDICTED: Marmota flaviventris REV3 like, DNA directed polymerase zeta catalytic subunit (Rev3l), mRNA 



# Processing: ref|XP_007078788.1| PREDICTED: DNA polymerase zeta catalytic subunit isoform X1 [Panthera tigris altaica]
# Species: Panthera tigris altaica
# Match: XM_007078726.2 PREDICTED: Panthera tigris altaica REV3 like, DNA directed polymerase zeta catalytic subunit (REV3L), transcript variant X1, mRNA 



# Processing: ref|XP_026912878.1| DNA polymerase zeta catalytic subunit isoform X1 [Acinonyx jubatus]
# Species: Acinonyx jubatus
# Match: XM_027057077.1 PREDICTED: Acinonyx jubatus REV3 like, DNA directed polymerase zeta catalytic subunit (REV3L), transcript variant X1, mRNA 



# Processing: ref|XP_030172031.1| DNA polymerase zeta catalytic subunit isoform X2 [Lynx canadensis]
# Species: Lynx canadensis
# Match: XM_030316171.1 PREDICTED: Lynx canadensis REV3 like, DNA directed polymerase zeta catalytic subunit (REV3L), transcript variant X2, mRNA 



# Processing: ref|XP_040330327.1| DNA polymerase zeta catalytic subunit isoform X1 [Puma yagouaroundi]
# Species: Puma yagouaroundi
# Match: XM_040474393.1 PREDICTED: Puma yagouaroundi REV3 like, DNA directed polymerase zeta catalytic subunit (REV3L), transcript variant X1, mRNA 



# Processing: ref|XP_025780989.1| DNA polymerase zeta catalytic subunit [Puma concolor]
# Species: Puma concolor
# Match: XM_025925204.1 PREDICTED: Puma concolor REV3 like, DNA directed polymerase zeta catalytic subunit (REV3L), mRNA 



# Processing: ref|XP_023110031.1| DNA polymerase zeta catalytic subunit isoform X1 [Felis catus]
# Species: Felis catus
# Match: XM_023254263.1 PREDICTED: Felis catus REV3 like, DNA directed polymerase zeta catalytic subunit (REV3L), transcript variant X1, mRNA 



# Processing: ref|XP_019298652.1| PREDICTED: DNA polymerase zeta catalytic subunit isoform X1 [Panthera pardus]
# Species: Panthera pardus
# Match: XM_019443107.1 PREDICTED: Panthera pardus REV3 like, DNA directed polymerase zeta catalytic subunit (REV3L), transcript variant X1, mRNA 



# Processing: ref|XP_025300582.1| DNA polymerase zeta catalytic subunit isoform X1 [Canis lupus dingo]
# Species: Canis lupus dingo
# Match: XM_025444797.2 PREDICTED: Canis lupus dingo REV3 like, DNA directed polymerase zeta catalytic subunit (REV3L), transcript variant X1, mRNA 



# Processing: ref|XP_026367410.1| DNA polymerase zeta catalytic subunit isoform X2 [Ursus arctos horribilis]
# Species: Ursus arctos horribilis
# Match: XM_026511625.1 PREDICTED: Ursus arctos horribilis REV3 like, DNA directed polymerase zeta catalytic subunit (REV3L), transcript variant X1, mRNA 



# Processing: ref|XP_032714219.1| DNA polymerase zeta catalytic subunit isoform X1 [Lontra canadensis]
# Species: Lontra canadensis
# Match: XM_032858328.1 PREDICTED: Lontra canadensis REV3 like, DNA directed polymerase zeta catalytic subunit (REV3L), transcript variant X1, mRNA 



# Processing: ref|XP_032193874.1| DNA polymerase zeta catalytic subunit isoform X1 [Mustela erminea]
# Species: Mustela erminea
# Match: XM_032337983.1 PREDICTED: Mustela erminea REV3 like, DNA directed polymerase zeta catalytic subunit (REV3L), transcript variant X1, mRNA 



# Processing: ref|XP_004406774.1| PREDICTED: DNA polymerase zeta catalytic subunit [Odobenus rosmarus divergens]
# Species: Odobenus rosmarus divergens
# Match: XM_004406717.2 PREDICTED: Odobenus rosmarus divergens REV3-like, polymerase (DNA directed), zeta, catalytic subunit (REV3L), mRNA 



# Processing: ref|XP_039108136.1| DNA polymerase zeta catalytic subunit [Hyaena hyaena]
# Species: Hyaena hyaena
# Match: XM_039252205.1 PREDICTED: Hyaena hyaena REV3 like, DNA directed polymerase zeta catalytic subunit (REV3L), mRNA 



# Processing: ref|XP_029801280.1| DNA polymerase zeta catalytic subunit isoform X1 [Suricata suricatta]
# Species: Suricata suricatta
# Match: XM_029945420.1 PREDICTED: Suricata suricatta REV3 like, DNA directed polymerase zeta catalytic subunit (REV3L), transcript variant X1, mRNA 



# Processing: ref|XP_041594489.1| DNA polymerase zeta catalytic subunit isoform X1 [Vulpes lagopus]
# Species: Vulpes lagopus
# Match: XM_041738555.1 PREDICTED: Vulpes lagopus REV3 like, DNA directed polymerase zeta catalytic subunit (REV3L), transcript variant X1, mRNA 



# Processing: ref|XP_025861596.1| DNA polymerase zeta catalytic subunit isoform X1 [Vulpes vulpes]
# Species: Vulpes vulpes
# Match: XM_026005811.1 PREDICTED: Vulpes vulpes REV3 like, DNA directed polymerase zeta catalytic subunit (REV3L), transcript variant X1, mRNA 



# Processing: ref|XP_040483576.1| DNA polymerase zeta catalytic subunit [Ursus maritimus]
# Species: Ursus maritimus
# Match: XM_040627642.1 PREDICTED: Ursus maritimus REV3 like, DNA directed polymerase zeta catalytic subunit (REV3L), mRNA 



# Processing: ref|XP_025720004.1| DNA polymerase zeta catalytic subunit isoform X1 [Callorhinus ursinus]
# Species: Callorhinus ursinus
# Match: XM_025864219.1 PREDICTED: Callorhinus ursinus REV3 like, DNA directed polymerase zeta catalytic subunit (REV3L), transcript variant X1, mRNA 



# Processing: ref|XP_027959963.1| DNA polymerase zeta catalytic subunit isoform X1 [Eumetopias jubatus]
# Species: Eumetopias jubatus
# Match: XM_028104162.1 PREDICTED: Eumetopias jubatus REV3 like, DNA directed polymerase zeta catalytic subunit (REV3L), transcript variant X1, mRNA 



# Processing: ref|XP_027457134.1| DNA polymerase zeta catalytic subunit isoform X1 [Zalophus californianus]
# Species: Zalophus californianus
# Match: XM_027601333.2 PREDICTED: Zalophus californianus REV3 like, DNA directed polymerase zeta catalytic subunit (REV3L), transcript variant X1, mRNA 



# Processing: ref|XP_021549365.1| DNA polymerase zeta catalytic subunit [Neomonachus schauinslandi]
# Species: Neomonachus schauinslandi
# Match: XM_021693690.1 PREDICTED: Neomonachus schauinslandi REV3 like, DNA directed polymerase zeta catalytic subunit (REV3L), mRNA 



# Processing: ref|XP_035961230.1| LOW QUALITY PROTEIN: DNA polymerase zeta catalytic subunit [Halichoerus grypus]
# Skipping this sequence due to quality issues ref|XP_035961230.1| LOW QUALITY PROTEIN: DNA polymerase zeta catalytic subunit [Halichoerus grypus]


# Processing: ref|XP_006735544.1| DNA polymerase zeta catalytic subunit [Leptonychotes weddellii]
# Species: Leptonychotes weddellii
# Match: XM_006735481.2 PREDICTED: Leptonychotes weddellii REV3 like, DNA directed polymerase zeta catalytic subunit (REV3L), mRNA 



# Processing: ref|XP_034847729.1| DNA polymerase zeta catalytic subunit isoform X1 [Mirounga leonina]
# Species: Mirounga leonina
# Match: XM_034991838.1 PREDICTED: Mirounga leonina REV3 like, DNA directed polymerase zeta catalytic subunit (REV3L), transcript variant X1, mRNA 



# Processing: ref|XP_032263945.1| DNA polymerase zeta catalytic subunit isoform X5 [Phoca vitulina]
# Species: Phoca vitulina
# Match: XM_032408054.1 PREDICTED: Phoca vitulina REV3 like, DNA directed polymerase zeta catalytic subunit (REV3L), transcript variant X5, mRNA 



# Processing: ref|XP_020746041.1| DNA polymerase zeta catalytic subunit isoform X1 [Odocoileus virginianus texanus]
# Species: Odocoileus virginianus texanus
# Match: XM_020890382.1 PREDICTED: Odocoileus virginianus texanus REV3 like, DNA directed polymerase zeta catalytic subunit (REV3L), transcript variant X1, mRNA 



# Processing: ref|XP_010854899.1| PREDICTED: DNA polymerase zeta catalytic subunit isoform X1 [Bison bison bison]
# Species: Bison bison bison
# Match: XM_010856597.1 PREDICTED: Bison bison bison REV3-like, polymerase (DNA directed), zeta, catalytic subunit (REV3L), transcript variant X1, mRNA 



# Processing: ref|XP_027406995.1| DNA polymerase zeta catalytic subunit isoform X1 [Bos indicus x Bos taurus]
# Species: Bos indicus x Bos taurus
# Match: XM_027551194.1 PREDICTED: Bos indicus x Bos taurus REV3 like, DNA directed polymerase zeta catalytic subunit (REV3L), transcript variant X1, mRNA 



# Processing: ref|XP_005890280.1| PREDICTED: DNA polymerase zeta catalytic subunit [Bos mutus]
# Species: Bos mutus
# Match: XM_005890218.2 PREDICTED: Bos mutus REV3-like, polymerase (DNA directed), zeta, catalytic subunit (REV3L), mRNA 



# Processing: ref|XP_019822760.1| PREDICTED: DNA polymerase zeta catalytic subunit isoform X1 [Bos indicus]
# Species: Bos indicus
# Match: XM_019967201.1 PREDICTED: Bos indicus REV3 like, DNA directed polymerase zeta catalytic subunit (REV3L), transcript variant X1, mRNA 



# Processing: ref|XP_025150806.1||gi|1408446022 DNA polymerase zeta catalytic subunit isoform X1 [Bubalus bubalis]
# Species: Bubalus bubalis
# Match: XM_025295021.1 PREDICTED: Bubalus bubalis REV3 like, DNA directed polymerase zeta catalytic subunit (REV3L), transcript variant X1, mRNA 



# Processing: ref|XP_040094414.1| DNA polymerase zeta catalytic subunit isoform X1 [Oryx dammah]
# Species: Oryx dammah
# Match: XM_040238480.1 PREDICTED: Oryx dammah REV3 like, DNA directed polymerase zeta catalytic subunit (REV3L), transcript variant X1, mRNA 



# Processing: ref|XP_017908549.1| PREDICTED: DNA polymerase zeta catalytic subunit isoform X1 [Capra hircus]
# Species: Capra hircus
# Match: XM_018053060.1 PREDICTED: Capra hircus REV3 like, DNA directed polymerase zeta catalytic subunit (REV3L), transcript variant X1, mRNA 



# Processing: ref|XP_027828161.2| DNA polymerase zeta catalytic subunit isoform X1 [Ovis aries]
# Species: Ovis aries
# Match: XM_027972360.2 PREDICTED: Ovis aries REV3 like, DNA directed polymerase zeta catalytic subunit (REV3L), transcript variant X1, mRNA 



# Processing: ref|XP_031535995.1| DNA polymerase zeta catalytic subunit isoform X1 [Vicugna pacos]
# Species: Vicugna pacos
# Match: XM_031680135.1 PREDICTED: Vicugna pacos REV3 like, DNA directed polymerase zeta catalytic subunit (REV3L), transcript variant X1, mRNA 



# Processing: ref|XP_032340598.1| DNA polymerase zeta catalytic subunit isoform X1 [Camelus ferus]
# Species: Camelus ferus
# Match: XM_032484707.1 PREDICTED: Camelus ferus REV3 like, DNA directed polymerase zeta catalytic subunit (REV3L), transcript variant X1, mRNA 



# Processing: ref|XP_010963728.1| DNA polymerase zeta catalytic subunit isoform X2 [Camelus bactrianus]
# Species: Camelus bactrianus
# Match: XM_010965426.1 PREDICTED: Camelus bactrianus REV3-like, polymerase (DNA directed), zeta, catalytic subunit (REV3L), mRNA 



# Processing: ref|XP_031312025.1| DNA polymerase zeta catalytic subunit isoform X1 [Camelus dromedarius]
# Species: Camelus dromedarius
# Match: XM_031456165.1 PREDICTED: Camelus dromedarius REV3 like, DNA directed polymerase zeta catalytic subunit (REV3L), transcript variant X1, mRNA 



# Processing: ref|XP_024596705.1| DNA polymerase zeta catalytic subunit [Neophocaena asiaeorientalis asiaeorientalis]
# Species: Neophocaena asiaeorientalis asiaeorientalis
# Match: XM_024740937.1 PREDICTED: Neophocaena asiaeorientalis asiaeorientalis REV3 like, DNA directed polymerase zeta catalytic subunit (REV3L), mRNA 



# Processing: ref|XP_007190770.2| DNA polymerase zeta catalytic subunit isoform X1 [Balaenoptera acutorostrata scammoni]
# Species: Balaenoptera acutorostrata scammoni
# Match: XM_007190708.2 PREDICTED: Balaenoptera acutorostrata scammoni REV3 like, DNA directed polymerase zeta catalytic subunit (REV3L), transcript variant X1, mRNA 



# Processing: ref|XP_007451809.1| PREDICTED: DNA polymerase zeta catalytic subunit isoform X1 [Lipotes vexillifer]
# Species: Lipotes vexillifer
# Match: XM_007451747.1 PREDICTED: Lipotes vexillifer REV3-like, polymerase (DNA directed), zeta, catalytic subunit (REV3L), transcript variant X1, mRNA 



# Processing: ref|XP_026944276.1| DNA polymerase zeta catalytic subunit isoform X1 [Lagenorhynchus obliquidens]
# Species: Lagenorhynchus obliquidens
# Match: XM_027088475.1 PREDICTED: Lagenorhynchus obliquidens REV3 like, DNA directed polymerase zeta catalytic subunit (REV3L), transcript variant X1, mRNA 



# Processing: ref|XP_030738679.1| DNA polymerase zeta catalytic subunit isoform X1 [Globicephala melas]
# Species: Globicephala melas
# Match: XM_030882819.1 PREDICTED: Globicephala melas REV3 like, DNA directed polymerase zeta catalytic subunit (REV3L), transcript variant X1, mRNA 



# Processing: ref|XP_033274531.1| DNA polymerase zeta catalytic subunit isoform X1 [Orcinus orca]
# Species: Orcinus orca
# Match: XM_033418640.1 PREDICTED: Orcinus orca REV3 like, DNA directed polymerase zeta catalytic subunit (REV3L), transcript variant X1, mRNA 



# Processing: ref|XP_019785141.1| DNA polymerase zeta catalytic subunit isoform X1 [Tursiops truncatus]
# Species: Tursiops truncatus
# Match: XM_019929582.1 PREDICTED: Tursiops truncatus REV3 like, DNA directed polymerase zeta catalytic subunit (REV3L), transcript variant X1, mRNA 



# Processing: ref|XP_032506573.1| DNA polymerase zeta catalytic subunit isoform X1 [Phocoena sinus]
# Species: Phocoena sinus
# Match: XM_032650682.1 PREDICTED: Phocoena sinus REV3 like, DNA directed polymerase zeta catalytic subunit (REV3L), transcript variant X1, mRNA 



# Processing: ref|XP_029079414.1| DNA polymerase zeta catalytic subunit isoform X1 [Monodon monoceros]
# Species: Monodon monoceros
# Match: XM_029223581.1 PREDICTED: Monodon monoceros REV3 like, DNA directed polymerase zeta catalytic subunit (REV3L), transcript variant X1, mRNA 



# Processing: ref|XP_022410218.1| DNA polymerase zeta catalytic subunit isoform X1 [Delphinapterus leucas]
# Species: Delphinapterus leucas
# Match: XM_022554510.2 PREDICTED: Delphinapterus leucas REV3 like, DNA directed polymerase zeta catalytic subunit (REV3L), transcript variant X1, mRNA 



# Processing: ref|XP_023971315.1| DNA polymerase zeta catalytic subunit isoform X1 [Physeter catodon]
# Species: Physeter catodon
# Match: XM_024115547.2 PREDICTED: Physeter catodon REV3 like, DNA directed polymerase zeta catalytic subunit (REV3L), transcript variant X1, mRNA 



# Processing: ref|XP_036727176.1| DNA polymerase zeta catalytic subunit isoform X1 [Balaenoptera musculus]
# Species: Balaenoptera musculus
# Match: XM_036871281.1 PREDICTED: Balaenoptera musculus REV3 like, DNA directed polymerase zeta catalytic subunit (REV3L), transcript variant X1, mRNA 



# Processing: ref|XP_007528202.1| PREDICTED: DNA polymerase zeta catalytic subunit [Erinaceus europaeus]
# Species: Erinaceus europaeus
# Match: XM_007528140.2 PREDICTED: Erinaceus europaeus REV3 like, DNA directed polymerase zeta catalytic subunit (REV3L), mRNA 



# Processing: ref|XP_004605837.1| PREDICTED: DNA polymerase zeta catalytic subunit [Sorex araneus]
# Species: Sorex araneus
# Match: XM_004605780.2 PREDICTED: Sorex araneus REV3-like, polymerase (DNA directed), zeta, catalytic subunit (REV3L), mRNA 



# Processing: ref|XP_012578390.1| PREDICTED: DNA polymerase zeta catalytic subunit isoform X1 [Condylura cristata]
# Species: Condylura cristata
# Match: XM_012722936.1 PREDICTED: Condylura cristata REV3-like, polymerase (DNA directed), zeta, catalytic subunit (REV3L), transcript variant X1, mRNA 



# Processing: ref|XP_037376134.1| DNA polymerase zeta catalytic subunit isoform X2 [Talpa occidentalis]
# Species: Talpa occidentalis
# Match: XM_037520237.1 PREDICTED: Talpa occidentalis REV3 like, DNA directed polymerase zeta catalytic subunit (REV3L), transcript variant X2, mRNA 



# Processing: ref|XP_011363107.1| DNA polymerase zeta catalytic subunit isoform X1 [Pteropus vampyrus]
# Species: Pteropus vampyrus
# Match: XM_011364805.2 PREDICTED: Pteropus vampyrus REV3 like, DNA directed polymerase zeta catalytic subunit (REV3L), transcript variant X1, mRNA 



# Processing: ref|XP_039726385.1| LOW QUALITY PROTEIN: DNA polymerase zeta catalytic subunit [Pteropus giganteus]
# Skipping this sequence due to quality issues ref|XP_039726385.1| LOW QUALITY PROTEIN: DNA polymerase zeta catalytic subunit [Pteropus giganteus]


# Processing: ref|XP_015992480.2| DNA polymerase zeta catalytic subunit isoform X1 [Rousettus aegyptiacus]
# Species: Rousettus aegyptiacus
# Match: XM_016136994.2 PREDICTED: Rousettus aegyptiacus REV3 like, DNA directed polymerase zeta catalytic subunit (REV3L), transcript variant X1, mRNA 



# Processing: ref|XP_032958772.1| DNA polymerase zeta catalytic subunit isoform X1 [Rhinolophus ferrumequinum]
# Species: Rhinolophus ferrumequinum
# Match: XM_033102881.1 PREDICTED: Rhinolophus ferrumequinum REV3 like, DNA directed polymerase zeta catalytic subunit (REV3L), transcript variant X1, mRNA 



# Processing: ref|XP_036920950.1| DNA polymerase zeta catalytic subunit isoform X1 [Sturnira hondurensis]
# Species: Sturnira hondurensis
# Match: XM_037065055.1 PREDICTED: Sturnira hondurensis REV3 like, DNA directed polymerase zeta catalytic subunit (REV3L), transcript variant X1, mRNA 



# Processing: ref|XP_037014910.1| DNA polymerase zeta catalytic subunit isoform X1 [Artibeus jamaicensis]
# Species: Artibeus jamaicensis
# Match: XM_037159015.1 PREDICTED: Artibeus jamaicensis REV3 like, DNA directed polymerase zeta catalytic subunit (REV3L), transcript variant X1, mRNA 



# Processing: ref|XP_024407584.1| DNA polymerase zeta catalytic subunit isoform X2 [Desmodus rotundus]
# Species: Desmodus rotundus
# Match: XM_024551816.1 PREDICTED: Desmodus rotundus REV3 like, DNA directed polymerase zeta catalytic subunit (REV3L), mRNA 



# Processing: ref|XP_035880465.1| DNA polymerase zeta catalytic subunit isoform X1 [Phyllostomus discolor]
# Species: Phyllostomus discolor
# Match: XM_036024572.1 PREDICTED: Phyllostomus discolor REV3 like, DNA directed polymerase zeta catalytic subunit (REV3L), transcript variant X1, mRNA 



# Processing: ref|XP_016072975.1| PREDICTED: DNA polymerase zeta catalytic subunit isoform X5 [Miniopterus natalensis]
# Species: Miniopterus natalensis
# Match: XM_016217489.1 PREDICTED: Miniopterus natalensis REV3 like, DNA directed polymerase zeta catalytic subunit (REV3L), transcript variant X5, mRNA 



# Processing: ref|XP_019501889.1| PREDICTED: DNA polymerase zeta catalytic subunit [Hipposideros armiger]
# Species: Hipposideros armiger
# Match: XM_019646344.1 PREDICTED: Hipposideros armiger REV3 like, DNA directed polymerase zeta catalytic subunit (REV3L), mRNA 



# Processing: ref|XP_036270421.1||gi|1912778802 DNA polymerase zeta catalytic subunit isoform X1 [Pipistrellus kuhlii]
# Species: Pipistrellus kuhlii
# Match: XM_036414528.1 PREDICTED: Pipistrellus kuhlii REV3 like, DNA directed polymerase zeta catalytic subunit (REV3L), transcript variant X1, mRNA 



# Processing: ref|XP_027995916.1| DNA polymerase zeta catalytic subunit isoform X1 [Eptesicus fuscus]
# Species: Eptesicus fuscus
# Match: XM_028140115.1 PREDICTED: Eptesicus fuscus REV3 like, DNA directed polymerase zeta catalytic subunit (REV3L), transcript variant X1, mRNA 



# Processing: ref|XP_015417118.1| PREDICTED: DNA polymerase zeta catalytic subunit isoform X1 [Myotis davidii]
# Species: Myotis davidii
# Match: XM_015561632.1 PREDICTED: Myotis davidii REV3 like, DNA directed polymerase zeta catalytic subunit (REV3L), transcript variant X1, mRNA 



# Processing: ref|XP_036174047.1| DNA polymerase zeta catalytic subunit isoform X1 [Myotis myotis]
# Species: Myotis myotis
# Match: XM_036318154.1 PREDICTED: Myotis myotis REV3 like, DNA directed polymerase zeta catalytic subunit (REV3L), transcript variant X1, mRNA 



# Processing: ref|XP_023605877.1| DNA polymerase zeta catalytic subunit isoform X1 [Myotis lucifugus]
# Species: Myotis lucifugus
# Match: XM_023750109.1 PREDICTED: Myotis lucifugus REV3 like, DNA directed polymerase zeta catalytic subunit (REV3L), transcript variant X1, mRNA 



# Processing: ref|XP_036103591.1| DNA polymerase zeta catalytic subunit isoform X1 [Molossus molossus]
# Species: Molossus molossus
# Match: XM_036247698.1 PREDICTED: Molossus molossus REV3 like, DNA directed polymerase zeta catalytic subunit (REV3L), transcript variant X1, mRNA 



# Processing: ref|XP_014721665.1||gi|958783693 PREDICTED: DNA polymerase zeta catalytic subunit isoform X1 [Equus asinus]
# Species: Equus asinus
# Match: XM_014866179.1 PREDICTED: Equus asinus REV3 like, DNA directed polymerase zeta catalytic subunit (REV3L), transcript variant X1, mRNA 



# Processing: ref|XP_036758875.1| DNA polymerase zeta catalytic subunit isoform X1 [Manis pentadactyla]
# Species: Manis pentadactyla
# Match: XM_036902980.1 PREDICTED: Manis pentadactyla REV3 like, DNA directed polymerase zeta catalytic subunit (REV3L), transcript variant X1, mRNA 



# Processing: ref|XP_036868168.1| DNA polymerase zeta catalytic subunit [Manis javanica]
# Species: Manis javanica
# Match: XM_037012273.1 PREDICTED: Manis javanica REV3 like, DNA directed polymerase zeta catalytic subunit (REV3L), mRNA 



# Processing: ref|XP_008582751.1| PREDICTED: DNA polymerase zeta catalytic subunit [Galeopterus variegatus]
# Species: Galeopterus variegatus
# Match: XM_008584529.1 PREDICTED: Galeopterus variegatus REV3-like, polymerase (DNA directed), zeta, catalytic subunit (REV3L), mRNA 



# Processing: ref|XP_011790409.1| PREDICTED: DNA polymerase zeta catalytic subunit isoform X1 [Colobus angolensis palliatus]
# Species: Colobus angolensis palliatus
# Match: XM_011935019.1 PREDICTED: Colobus angolensis palliatus REV3-like, polymerase (DNA directed), zeta, catalytic subunit (REV3L), transcript variant X1, mRNA 



# Processing: ref|XP_008005514.2| DNA polymerase zeta catalytic subunit isoform X1 [Chlorocebus sabaeus]
# Species: Chlorocebus sabaeus
# Match: XM_008007323.2 PREDICTED: Chlorocebus sabaeus REV3 like, DNA directed polymerase zeta catalytic subunit (REV3L), transcript variant X1, mRNA 



# Processing: ref|XP_011905907.1| PREDICTED: LOW QUALITY PROTEIN: DNA polymerase zeta catalytic subunit [Cercocebus atys]
# Skipping this sequence due to quality issues ref|XP_011905907.1| PREDICTED: LOW QUALITY PROTEIN: DNA polymerase zeta catalytic subunit [Cercocebus atys]


# Processing: ref|XP_011757276.1| DNA polymerase zeta catalytic subunit isoform X1 [Macaca nemestrina]
# Species: Macaca nemestrina
# Match: XM_011758974.1 PREDICTED: Macaca nemestrina REV3 like, DNA directed polymerase zeta catalytic subunit (REV3L), transcript variant X1, mRNA 



# Processing: ref|XP_031523350.1| DNA polymerase zeta catalytic subunit isoform X1 [Papio anubis]
# Species: Papio anubis
# Match: XM_031667490.1 PREDICTED: Papio anubis REV3 like, DNA directed polymerase zeta catalytic subunit (REV3L), transcript variant X1, mRNA 



# Processing: ref|XP_025237125.1| DNA polymerase zeta catalytic subunit isoform X1 [Theropithecus gelada]
# Species: Theropithecus gelada
# Match: XM_025381340.1 PREDICTED: Theropithecus gelada REV3 like, DNA directed polymerase zeta catalytic subunit (REV3L), transcript variant X1, mRNA 



# Processing: ref|XP_011826008.1| PREDICTED: DNA polymerase zeta catalytic subunit isoform X1 [Mandrillus leucophaeus]
# Species: Mandrillus leucophaeus
# Match: XM_011970618.1 PREDICTED: Mandrillus leucophaeus REV3-like, polymerase (DNA directed), zeta, catalytic subunit (REV3L), transcript variant X1, mRNA 



# Processing: ref|XP_033090197.1| DNA polymerase zeta catalytic subunit isoform X1 [Trachypithecus francoisi]
# Species: Trachypithecus francoisi
# Match: XM_033234306.1 PREDICTED: Trachypithecus francoisi REV3 like, DNA directed polymerase zeta catalytic subunit (REV3L), transcript variant X1, mRNA 



# Processing: ref|XP_017702584.1| PREDICTED: LOW QUALITY PROTEIN: DNA polymerase zeta catalytic subunit [Rhinopithecus bieti]
# Skipping this sequence due to quality issues ref|XP_017702584.1| PREDICTED: LOW QUALITY PROTEIN: DNA polymerase zeta catalytic subunit [Rhinopithecus bieti]


# Processing: ref|XP_010369952.2| DNA polymerase zeta catalytic subunit isoform X1 [Rhinopithecus roxellana]
# Species: Rhinopithecus roxellana
# Match: XM_010371650.2 PREDICTED: Rhinopithecus roxellana REV3 like, DNA directed polymerase zeta catalytic subunit (REV3L), transcript variant X1, mRNA 



# Processing: ref|XP_026312201.1| DNA polymerase zeta catalytic subunit isoform X1 [Piliocolobus tephrosceles]
# Species: Piliocolobus tephrosceles
# Match: XM_026456416.1 PREDICTED: Piliocolobus tephrosceles REV3 like, DNA directed polymerase zeta catalytic subunit (REV3L), transcript variant X1, mRNA 



# Processing: ref|XP_030867777.1| DNA polymerase zeta catalytic subunit isoform X2 [Gorilla gorilla gorilla]
# Species: Gorilla gorilla gorilla
# Match: XM_031011917.1 PREDICTED: Gorilla gorilla gorilla REV3 like, DNA directed polymerase zeta catalytic subunit (REV3L), transcript variant X2, mRNA 



# Processing: ref|XP_008973997.2| DNA polymerase zeta catalytic subunit isoform X1 [Pan paniscus]
# Species: Pan paniscus
# Match: XM_008975749.3 PREDICTED: Pan paniscus REV3 like, DNA directed polymerase zeta catalytic subunit (REV3L), transcript variant X1, mRNA 



# Processing: ref|XP_024104747.1| DNA polymerase zeta catalytic subunit isoform X1 [Pongo abelii]
# Species: Pongo abelii
# Match: XM_024248979.1 PREDICTED: Pongo abelii REV3 like, DNA directed polymerase zeta catalytic subunit (REV3L), transcript variant X1, mRNA 



# Processing: ref|XP_030665426.1| DNA polymerase zeta catalytic subunit isoform X1 [Nomascus leucogenys]
# Species: Nomascus leucogenys
# Match: XM_030809566.1 PREDICTED: Nomascus leucogenys REV3 like, DNA directed polymerase zeta catalytic subunit (REV3L), transcript variant X1, mRNA 



# Processing: ref|XP_032012649.1| DNA polymerase zeta catalytic subunit isoform X1 [Hylobates moloch]
# Species: Hylobates moloch
# Match: XM_032156758.1 PREDICTED: Hylobates moloch REV3 like, DNA directed polymerase zeta catalytic subunit (REV3L), transcript variant X1, mRNA 



# Processing: ref|XP_039320904.1| DNA polymerase zeta catalytic subunit [Saimiri boliviensis boliviensis]
# Species: Saimiri boliviensis boliviensis
# Match: XM_039464970.1 PREDICTED: Saimiri boliviensis boliviensis REV3 like, DNA directed polymerase zeta catalytic subunit (REV3L), mRNA 



# Processing: ref|XP_032130899.1| DNA polymerase zeta catalytic subunit isoform X1 [Sapajus apella]
# Species: Sapajus apella
# Match: XM_032275008.1 PREDICTED: Sapajus apella REV3 like, DNA directed polymerase zeta catalytic subunit (REV3L), transcript variant X1, mRNA 



# Processing: ref|XP_017364746.1| DNA polymerase zeta catalytic subunit isoform X1 [Cebus imitator]
# Species: Cebus imitator
# Match: XM_017509257.2 PREDICTED: Cebus imitator REV3 like, DNA directed polymerase zeta catalytic subunit (REV3L), transcript variant X1, mRNA 



# Processing: ref|XP_012293790.1| DNA polymerase zeta catalytic subunit isoform X1 [Aotus nancymaae]
# Species: Aotus nancymaae
# Match: XM_012438367.2 PREDICTED: Aotus nancymaae REV3 like, DNA directed polymerase zeta catalytic subunit (REV3L), transcript variant X1, mRNA 



# Processing: ref|XP_008057178.1| DNA polymerase zeta catalytic subunit isoform X1 [Carlito syrichta]
# Species: Carlito syrichta
# Match: XM_008058987.1 PREDICTED: Carlito syrichta REV3 like, DNA directed polymerase zeta catalytic subunit (REV3L), transcript variant X1, mRNA 



# Processing: ref|XP_012498296.1| PREDICTED: DNA polymerase zeta catalytic subunit [Propithecus coquereli]
# Species: Propithecus coquereli
# Match: XM_012642842.1 PREDICTED: Propithecus coquereli REV3-like, polymerase (DNA directed), zeta, catalytic subunit (REV3L), mRNA 



# Processing: ref|XP_012608516.1| DNA polymerase zeta catalytic subunit isoform X1 [Microcebus murinus]
# Species: Microcebus murinus
# Match: XM_012753062.2 PREDICTED: Microcebus murinus REV3 like, DNA directed polymerase zeta catalytic subunit (REV3L), transcript variant X1, mRNA 



# Processing: ref|XP_023368247.1| DNA polymerase zeta catalytic subunit [Otolemur garnettii]
# Species: Otolemur garnettii
# Match: XM_023512479.1 PREDICTED: Otolemur garnettii REV3 like, DNA directed polymerase zeta catalytic subunit (REV3L), mRNA 



# Processing: ref|XP_007938984.1| DNA polymerase zeta catalytic subunit [Orycteropus afer afer]
# Species: Orycteropus afer afer
# Match: XM_007940793.1 PREDICTED: Orycteropus afer afer REV3 like, DNA directed polymerase zeta catalytic subunit (REV3L), mRNA 



# Processing: ref|XP_004702065.1| DNA polymerase zeta catalytic subunit [Echinops telfairi]
# Species: Echinops telfairi
# Match: XM_004702008.2 PREDICTED: Echinops telfairi REV3 like, DNA directed polymerase zeta catalytic subunit (REV3L), mRNA 



# Processing: ref|XP_006839989.1| PREDICTED: DNA polymerase zeta catalytic subunit [Chrysochloris asiatica]
# Species: Chrysochloris asiatica
# Match: XM_006839926.1 PREDICTED: Chrysochloris asiatica REV3-like, polymerase (DNA directed), zeta, catalytic subunit (REV3L), mRNA 



# Processing: ref|XP_010597264.1| DNA polymerase zeta catalytic subunit isoform X1 [Loxodonta africana]
# Species: Loxodonta africana
# Match: XM_010598962.2 PREDICTED: Loxodonta africana REV3 like, DNA directed polymerase zeta catalytic subunit (REV3L), transcript variant X1, mRNA 



# Processing: ref|XP_037699674.1| DNA polymerase zeta catalytic subunit isoform X1 [Choloepus didactylus]
# Species: Choloepus didactylus
# Match: XM_037843746.1 PREDICTED: Choloepus didactylus REV3 like, DNA directed polymerase zeta catalytic subunit (REV3L), transcript variant X1, mRNA 



# Processing: ref|XP_023445360.1| DNA polymerase zeta catalytic subunit [Dasypus novemcinctus]
# Species: Dasypus novemcinctus
# Match: XM_023589592.1 PREDICTED: Dasypus novemcinctus REV3 like, DNA directed polymerase zeta catalytic subunit (REV3L), mRNA 



# Processing: ref|XP_028903006.1| DNA polymerase zeta catalytic subunit isoform X1 [Ornithorhynchus anatinus]
# Species: Ornithorhynchus anatinus
# Match: XM_029047173.2 PREDICTED: Ornithorhynchus anatinus REV3 like, DNA directed polymerase zeta catalytic subunit (REV3L), transcript variant X1, mRNA 



# Processing: ref|XP_038617407.1| DNA polymerase zeta catalytic subunit [Tachyglossus aculeatus]
# Species: Tachyglossus aculeatus
# Match: XM_038761479.1 PREDICTED: Tachyglossus aculeatus REV3 like, DNA directed polymerase zeta catalytic subunit (REV3L), mRNA 



# Processing: ref|XP_022375843.1| DNA polymerase zeta catalytic subunit isoform X1 [Enhydra lutris kenyoni]
# Species: Enhydra lutris kenyoni
# Match: XM_022520135.1 PREDICTED: Enhydra lutris kenyoni REV3 like, DNA directed polymerase zeta catalytic subunit (LOC111158218), transcript variant X1, mRNA 



# Processing: ref|XP_014636650.1| PREDICTED: DNA polymerase zeta catalytic subunit isoform X1 [Ceratotherium simum simum]
# Species: Ceratotherium simum simum
# Match: XM_014781164.1 PREDICTED: Ceratotherium simum simum REV3 like, DNA directed polymerase zeta catalytic subunit (LOC101399622), transcript variant X1, mRNA 



# Processing: ref|XP_004372527.1| DNA polymerase zeta catalytic subunit isoform X1 [Trichechus manatus latirostris]
# Species: Trichechus manatus latirostris
# Match: XM_004372470.3 PREDICTED: Trichechus manatus latirostris REV3 like, DNA directed polymerase zeta catalytic subunit (LOC101361167), transcript variant X1, mRNA 

# Writing data to: /home/aglucaci/AOC-REV3L/results/mammalian_REV3L/mammalian_REV3L
--- The following had no matches
