IQ-TREE multicore version 2.2.0.3 COVID-edition for Linux 64-bit built May 11 2022
Developed by Bui Quang Minh, James Barbetti, Nguyen Lam Tung,
Olga Chernomor, Heiko Schmidt, Dominik Schrempf, Michael Woodhams, Ly Trong Nhan.

Host:    n7 (AVX2, FMA3, 251 GB RAM)
Command: iqtree -s /home/aglucaci/AOC-REV3L/results/mammalian_REV3L/mammalian_REV3L.3.codon.fas -T AUTO --redo
Seed:    815225 (Using SPRNG - Scalable Parallel Random Number Generator)
Time:    Tue Oct 11 17:45:23 2022
Kernel:  AVX+FMA - auto-detect threads (8 CPU cores detected)

Reading alignment file /home/aglucaci/AOC-REV3L/results/mammalian_REV3L/mammalian_REV3L.3.codon.fas ... Fasta format detected
Reading fasta file: done in 0.0181901 secs using 71.04% CPU
Alignment most likely contains DNA/RNA sequences
Constructing alignment: done in 0.00819244 secs using 49.9% CPU
WARNING: 3 sites contain only gaps or ambiguous characters.
Alignment has 152 sequences with 5706 columns, 3686 distinct patterns
3255 parsimony-informative, 515 singleton sites, 1936 constant sites
                                                                                                                                                            Gap/Ambiguity  Composition  p-value
Analyzing sequences: done in 0.00130864 secs using 99.95% CPU
   1  NM_001372078_1_Homo_sapiens_REV3_like_DNA_directed_polymerase_zeta_catalytic_subunit_REV3L_transcript_variant_4_mRNA_1                                        3.94%    passed     81.97%
   2  NM_011264_3_Mus_musculus_REV3_like_DNA_directed_polymerase_zeta_catalytic_subunit_Rev3l_mRNA_1                                                                4.10%    failed      0.38%
   3  XM_006256524_2_PREDICTED_Rattus_norvegicus_REV3_like_DNA_directed_polymerase_zeta_catalytic_subunit_Rev3l_transcript_variant_X1_mRNA_1                        4.15%    failed      0.00%
   4  XM_028847034_1_PREDICTED_Macaca_mulatta_REV3_like_DNA_directed_polymerase_zeta_catalytic_subunit_REV3L_transcript_variant_X1_mRNA_1                           3.94%    passed     75.07%
   5  XM_024996589_1_PREDICTED_Bos_taurus_REV3_like_DNA_directed_polymerase_zeta_catalytic_subunit_REV3L_transcript_variant_X1_mRNA_1                               3.68%    passed     86.74%
   6  XM_014118216_3_PREDICTED_Canis_lupus_familiaris_REV3_like_DNA_directed_polymerase_zeta_catalytic_subunit_REV3L_transcript_variant_X1_mRNA_1                   3.79%    passed     97.58%
   7  XM_016956167_2_PREDICTED_Pan_troglodytes_REV3_like_DNA_directed_polymerase_zeta_catalytic_subunit_REV3L_transcript_variant_X1_mRNA_1                          3.89%    passed     74.66%
   8  XM_021091238_1_PREDICTED_Sus_scrofa_REV3_like_DNA_directed_polymerase_zeta_catalytic_subunit_REV3L_transcript_variant_X1_mRNA_1                               3.84%    passed     91.49%
   9  XM_040758199_1_PREDICTED_Mesocricetus_auratus_REV3_like_DNA_directed_polymerase_zeta_catalytic_subunit_Rev3l_transcript_variant_X1_mRNA_1                     4.00%    passed     78.58%
  10  XM_015448392_1_PREDICTED_Macaca_fascicularis_REV3_like_DNA_directed_polymerase_zeta_catalytic_subunit_REV3L_transcript_variant_X1_mRNA_1                      3.94%    passed     76.89%
  11  XM_004753515_2_PREDICTED_Mustela_putorius_furo_REV3_like_polymerase_DNA_directed_zeta_catalytic_subunit_REV3L_transcript_variant_X1_mRNA_1                    3.94%    passed     97.02%
  12  XM_034668992_1_PREDICTED_Ailuropoda_melanoleuca_REV3_like_DNA_directed_polymerase_zeta_catalytic_subunit_REV3L_transcript_variant_X1_mRNA_1                   3.84%    passed     98.04%
  13  XM_015600069_2_PREDICTED_Pteropus_alecto_REV3_like_DNA_directed_polymerase_zeta_catalytic_subunit_REV3L_transcript_variant_X1_mRNA_1                          3.89%    passed     84.41%
  14  XM_005883745_2_PREDICTED_Myotis_brandtii_REV3_like_polymerase_DNA_directed_zeta_catalytic_subunit_REV3L_transcript_variant_X1_mRNA_1                          4.00%    passed     35.50%
  15  XM_006157005_3_PREDICTED_Tupaia_chinensis_REV3_like_DNA_directed_polymerase_zeta_catalytic_subunit_REV3L_transcript_variant_X3_mRNA_1                         4.36%    passed     69.23%
  16  XM_027402162_2_PREDICTED_Cricetulus_griseus_REV3_like_DNA_directed_polymerase_zeta_catalytic_subunit_Rev3l_transcript_variant_X5_mRNA_1                       4.00%    passed     58.53%
  17  XM_013069186_2_PREDICTED_Heterocephalus_glaber_REV3_like_DNA_directed_polymerase_zeta_catalytic_subunit_Rev3l_transcript_variant_X1_mRNA_1                    4.42%    passed     66.04%
  18  XM_008852401_2_PREDICTED_Nannospalax_galili_REV3_like_DNA_directed_polymerase_zeta_catalytic_subunit_Rev3l_transcript_variant_X1_mRNA_1                       4.36%    passed     26.98%
  19  XM_023650934_1_PREDICTED_Equus_caballus_REV3_like_DNA_directed_polymerase_zeta_catalytic_subunit_REV3L_transcript_variant_X1_mRNA_1                           3.79%    passed     99.70%
  20  XM_035296530_1_PREDICTED_Callithrix_jacchus_REV3_like_DNA_directed_polymerase_zeta_catalytic_subunit_REV3L_transcript_variant_X1_mRNA_1                       3.84%    passed     83.71%
  21  XM_007484437_2_PREDICTED_Monodelphis_domestica_REV3_like_DNA_directed_polymerase_zeta_catalytic_subunit_REV3L_transcript_variant_X1_mRNA_1                    3.10%    passed     55.21%
  22  XM_031964400_1_PREDICTED_Sarcophilus_harrisii_REV3_like_DNA_directed_polymerase_zeta_catalytic_subunit_REV3L_transcript_variant_X1_mRNA_1                     3.10%    passed     17.08%
  23  XM_036766364_1_PREDICTED_Trichosurus_vulpecula_REV3_like_DNA_directed_polymerase_zeta_catalytic_subunit_REV3L_transcript_variant_X1_mRNA_1                    3.15%    passed     97.71%
  24  XM_027848601_1_PREDICTED_Vombatus_ursinus_REV3_like_DNA_directed_polymerase_zeta_catalytic_subunit_REV3L_transcript_variant_X1_mRNA_1                         3.73%    passed     54.77%
  25  XM_040983897_1_PREDICTED_Ochotona_curzoniae_REV3_like_DNA_directed_polymerase_zeta_catalytic_subunit_REV3L_transcript_variant_X1_mRNA_1                       4.15%    passed     98.84%
  26  XM_004580498_1_PREDICTED_Ochotona_princeps_REV3_like_DNA_directed_polymerase_zeta_catalytic_subunit_REV3L_mRNA_1                                              4.15%    passed     87.35%
  27  XM_008263376_2_PREDICTED_Oryctolagus_cuniculus_REV3_like_DNA_directed_polymerase_zeta_catalytic_subunit_REV3L_transcript_variant_X1_mRNA_1                    3.68%    passed     70.45%
  28  XM_029482641_1_PREDICTED_Mus_caroli_REV3_like_DNA_directed_polymerase_zeta_catalytic_subunit_Rev3l_mRNA_1                                                     4.05%    failed      0.01%
  29  XM_020168699_1_PREDICTED_Castor_canadensis_REV3_like_DNA_directed_polymerase_zeta_catalytic_subunit_Rev3l_mRNA_1                                              3.79%    passed     46.29%
  30  XM_013032823_1_PREDICTED_Dipodomys_ordii_REV3_like_polymerase_DNA_directed_zeta_catalytic_subunit_Rev3l_mRNA_1                                                3.94%    passed     10.93%
  31  XM_029542499_1_PREDICTED_Mus_pahari_REV3_like_DNA_directed_polymerase_zeta_catalytic_subunit_Rev3l_transcript_variant_X1_mRNA_1                               4.05%    failed      0.23%
  32  XM_016002785_1_PREDICTED_Peromyscus_maniculatus_bairdii_REV3_like_DNA_directed_polymerase_zeta_catalytic_subunit_Rev3l_transcript_variant_X1_mRNA_1           4.47%    failed      0.14%
  33  XM_004660637_2_PREDICTED_Jaculus_jaculus_REV3_like_polymerase_DNA_directed_zeta_catalytic_subunit_Rev3l_transcript_variant_X1_mRNA_1                          3.89%    passed     40.39%
  34  XM_032888520_1_PREDICTED_Rattus_rattus_REV3_like_DNA_directed_polymerase_zeta_catalytic_subunit_Rev3l_mRNA_1                                                  4.15%    failed      0.00%
  35  XM_028768990_1_PREDICTED_Grammomys_surdaster_REV3_like_DNA_directed_polymerase_zeta_catalytic_subunit_Rev3l_mRNA_1                                            4.31%    failed      0.35%
  36  XM_031347764_1_PREDICTED_Mastomys_coucha_REV3_like_DNA_directed_polymerase_zeta_catalytic_subunit_Rev3l_transcript_variant_X1_mRNA_1                          4.26%    failed      0.00%
  37  XM_034524021_1_PREDICTED_Arvicanthis_niloticus_REV3_like_DNA_directed_polymerase_zeta_catalytic_subunit_Rev3l_mRNA_1                                          3.79%    failed      2.20%
  38  XM_036169236_1_PREDICTED_Onychomys_torridus_REV3_like_DNA_directed_polymerase_zeta_catalytic_subunit_Rev3l_transcript_variant_X1_mRNA_1                       4.63%    failed      0.07%
  39  XM_041654071_1_PREDICTED_Microtus_oregoni_REV3_like_DNA_directed_polymerase_zeta_catalytic_subunit_Rev3l_transcript_variant_X1_mRNA_1                         4.05%    passed     29.35%
  40  XM_005363542_3_PREDICTED_Microtus_ochrogaster_REV3_like_DNA_directed_polymerase_zeta_catalytic_subunit_Rev3l_transcript_variant_X1_mRNA_1                     4.10%    passed     24.43%
  41  XM_005377901_2_PREDICTED_Chinchilla_lanigera_REV3_like_polymerase_DNA_directed_zeta_catalytic_subunit_Rev3l_transcript_variant_X1_mRNA_1                      4.57%    passed     96.44%
  42  XM_023722299_1_PREDICTED_Octodon_degus_REV3_like_DNA_directed_polymerase_zeta_catalytic_subunit_Rev3l_transcript_variant_X1_mRNA_1                            4.31%    passed     68.37%
  43  XM_010630829_3_PREDICTED_Fukomys_damarensis_REV3_like_DNA_directed_polymerase_zeta_catalytic_subunit_Rev3l_transcript_variant_X1_mRNA_1                       4.31%    passed     49.87%
  44  XM_015497401_1_PREDICTED_Marmota_marmota_marmota_REV3_like_DNA_directed_polymerase_zeta_catalytic_subunit_Rev3l_mRNA_1                                        3.94%    passed     45.76%
  45  XM_040283216_1_PREDICTED_Ictidomys_tridecemlineatus_REV3_like_DNA_directed_polymerase_zeta_catalytic_subunit_Rev3l_transcript_variant_X1_mRNA_1               3.89%    passed     61.18%
  46  XM_026395080_1_PREDICTED_Urocitellus_parryii_REV3_like_DNA_directed_polymerase_zeta_catalytic_subunit_Rev3l_mRNA_1                                            4.00%    passed     59.87%
  47  XM_027928308_2_PREDICTED_Marmota_flaviventris_REV3_like_DNA_directed_polymerase_zeta_catalytic_subunit_Rev3l_mRNA_1                                           3.94%    passed     50.73%
  48  XM_007078726_2_PREDICTED_Panthera_tigris_altaica_REV3_like_DNA_directed_polymerase_zeta_catalytic_subunit_REV3L_transcript_variant_X1_mRNA_1                  3.89%    passed     96.14%
  49  XM_027057077_1_PREDICTED_Acinonyx_jubatus_REV3_like_DNA_directed_polymerase_zeta_catalytic_subunit_REV3L_transcript_variant_X1_mRNA_1                         3.89%    passed     94.96%
  50  XM_030316171_1_PREDICTED_Lynx_canadensis_REV3_like_DNA_directed_polymerase_zeta_catalytic_subunit_REV3L_transcript_variant_X2_mRNA_1                          3.89%    passed     97.09%
  51  XM_040474393_1_PREDICTED_Puma_yagouaroundi_REV3_like_DNA_directed_polymerase_zeta_catalytic_subunit_REV3L_transcript_variant_X1_mRNA_1                        3.89%    passed     96.49%
  52  XM_025925204_1_PREDICTED_Puma_concolor_REV3_like_DNA_directed_polymerase_zeta_catalytic_subunit_REV3L_mRNA_1                                                  4.00%    passed     92.85%
  53  XM_023254263_1_PREDICTED_Felis_catus_REV3_like_DNA_directed_polymerase_zeta_catalytic_subunit_REV3L_transcript_variant_X1_mRNA_1                              3.89%    passed     95.57%
  54  XM_019443107_1_PREDICTED_Panthera_pardus_REV3_like_DNA_directed_polymerase_zeta_catalytic_subunit_REV3L_transcript_variant_X1_mRNA_1                          3.84%    passed     96.74%
  55  XM_025444797_2_PREDICTED_Canis_lupus_dingo_REV3_like_DNA_directed_polymerase_zeta_catalytic_subunit_REV3L_transcript_variant_X1_mRNA_1                        3.79%    passed     97.63%
  56  XM_026511625_1_PREDICTED_Ursus_arctos_horribilis_REV3_like_DNA_directed_polymerase_zeta_catalytic_subunit_REV3L_transcript_variant_X1_mRNA_1                  3.89%    passed     99.05%
  57  XM_032858328_1_PREDICTED_Lontra_canadensis_REV3_like_DNA_directed_polymerase_zeta_catalytic_subunit_REV3L_transcript_variant_X1_mRNA_1                        3.94%    passed     97.60%
  58  XM_032337983_1_PREDICTED_Mustela_erminea_REV3_like_DNA_directed_polymerase_zeta_catalytic_subunit_REV3L_transcript_variant_X1_mRNA_1                          3.94%    passed     98.52%
  59  XM_004406717_2_PREDICTED_Odobenus_rosmarus_divergens_REV3_like_polymerase_DNA_directed_zeta_catalytic_subunit_REV3L_mRNA_1                                    4.00%    passed     90.38%
  60  XM_039252205_1_PREDICTED_Hyaena_hyaena_REV3_like_DNA_directed_polymerase_zeta_catalytic_subunit_REV3L_mRNA_1                                                  3.79%    passed     97.81%
  61  XM_029945420_1_PREDICTED_Suricata_suricatta_REV3_like_DNA_directed_polymerase_zeta_catalytic_subunit_REV3L_transcript_variant_X1_mRNA_1                       3.84%    passed     99.85%
  62  XM_041738555_1_PREDICTED_Vulpes_lagopus_REV3_like_DNA_directed_polymerase_zeta_catalytic_subunit_REV3L_transcript_variant_X1_mRNA_1                           3.79%    passed     95.40%
  63  XM_026005811_1_PREDICTED_Vulpes_vulpes_REV3_like_DNA_directed_polymerase_zeta_catalytic_subunit_REV3L_transcript_variant_X1_mRNA_1                            3.79%    passed     95.61%
  64  XM_040627642_1_PREDICTED_Ursus_maritimus_REV3_like_DNA_directed_polymerase_zeta_catalytic_subunit_REV3L_mRNA_1                                                3.89%    passed     98.91%
  65  XM_025864219_1_PREDICTED_Callorhinus_ursinus_REV3_like_DNA_directed_polymerase_zeta_catalytic_subunit_REV3L_transcript_variant_X1_mRNA_1                      4.05%    passed     97.01%
  66  XM_028104162_1_PREDICTED_Eumetopias_jubatus_REV3_like_DNA_directed_polymerase_zeta_catalytic_subunit_REV3L_transcript_variant_X1_mRNA_1                       4.15%    passed     96.74%
  67  XM_027601333_2_PREDICTED_Zalophus_californianus_REV3_like_DNA_directed_polymerase_zeta_catalytic_subunit_REV3L_transcript_variant_X1_mRNA_1                   4.15%    passed     97.19%
  68  XM_021693690_1_PREDICTED_Neomonachus_schauinslandi_REV3_like_DNA_directed_polymerase_zeta_catalytic_subunit_REV3L_mRNA_1                                      4.00%    passed     96.23%
  69  XM_006735481_2_PREDICTED_Leptonychotes_weddellii_REV3_like_DNA_directed_polymerase_zeta_catalytic_subunit_REV3L_mRNA_1                                        4.00%    passed     96.11%
  70  XM_034991838_1_PREDICTED_Mirounga_leonina_REV3_like_DNA_directed_polymerase_zeta_catalytic_subunit_REV3L_transcript_variant_X1_mRNA_1                         3.94%    passed     97.10%
  71  XM_032408054_1_PREDICTED_Phoca_vitulina_REV3_like_DNA_directed_polymerase_zeta_catalytic_subunit_REV3L_transcript_variant_X5_mRNA_1                           4.00%    passed     98.22%
  72  XM_020890382_1_PREDICTED_Odocoileus_virginianus_texanus_REV3_like_DNA_directed_polymerase_zeta_catalytic_subunit_REV3L_transcript_variant_X1_mRNA_1           3.84%    passed     95.07%
  73  XM_010856597_1_PREDICTED_Bison_bison_bison_REV3_like_polymerase_DNA_directed_zeta_catalytic_subunit_REV3L_transcript_variant_X1_mRNA_1                        3.73%    passed     87.88%
  74  XM_027551194_1_PREDICTED_Bos_indicus_x_Bos_taurus_REV3_like_DNA_directed_polymerase_zeta_catalytic_subunit_REV3L_transcript_variant_X1_mRNA_1                 3.68%    passed     86.74%
  75  XM_005890218_2_PREDICTED_Bos_mutus_REV3_like_polymerase_DNA_directed_zeta_catalytic_subunit_REV3L_mRNA_1                                                      3.73%    passed     85.66%
  76  XM_019967201_1_PREDICTED_Bos_indicus_REV3_like_DNA_directed_polymerase_zeta_catalytic_subunit_REV3L_transcript_variant_X1_mRNA_1                              4.05%    passed     85.33%
  77  XM_025295021_1_PREDICTED_Bubalus_bubalis_REV3_like_DNA_directed_polymerase_zeta_catalytic_subunit_REV3L_transcript_variant_X1_mRNA_1                          3.68%    passed     83.86%
  78  XM_040238480_1_PREDICTED_Oryx_dammah_REV3_like_DNA_directed_polymerase_zeta_catalytic_subunit_REV3L_transcript_variant_X1_mRNA_1                              3.73%    passed     99.74%
  79  XM_018053060_1_PREDICTED_Capra_hircus_REV3_like_DNA_directed_polymerase_zeta_catalytic_subunit_REV3L_transcript_variant_X1_mRNA_1                             3.73%    passed     98.10%
  80  XM_027972360_2_PREDICTED_Ovis_aries_REV3_like_DNA_directed_polymerase_zeta_catalytic_subunit_REV3L_transcript_variant_X1_mRNA_1                               3.68%    passed     96.32%
  81  XM_031680135_1_PREDICTED_Vicugna_pacos_REV3_like_DNA_directed_polymerase_zeta_catalytic_subunit_REV3L_transcript_variant_X1_mRNA_1                            3.73%    passed     99.58%
  82  XM_032484707_1_PREDICTED_Camelus_ferus_REV3_like_DNA_directed_polymerase_zeta_catalytic_subunit_REV3L_transcript_variant_X1_mRNA_1                            3.73%    passed     98.57%
  83  XM_010965426_1_PREDICTED_Camelus_bactrianus_REV3_like_polymerase_DNA_directed_zeta_catalytic_subunit_REV3L_mRNA_1                                             3.79%    passed     98.38%
  84  XM_031456165_1_PREDICTED_Camelus_dromedarius_REV3_like_DNA_directed_polymerase_zeta_catalytic_subunit_REV3L_transcript_variant_X1_mRNA_1                      3.73%    passed     97.66%
  85  XM_024740937_1_PREDICTED_Neophocaena_asiaeorientalis_asiaeorientalis_REV3_like_DNA_directed_polymerase_zeta_catalytic_subunit_REV3L_mRNA_1                    3.79%    passed     97.75%
  86  XM_007190708_2_PREDICTED_Balaenoptera_acutorostrata_scammoni_REV3_like_DNA_directed_polymerase_zeta_catalytic_subunit_REV3L_transcript_variant_X1_mRNA_1      3.73%    passed     94.87%
  87  XM_007451747_1_PREDICTED_Lipotes_vexillifer_REV3_like_polymerase_DNA_directed_zeta_catalytic_subunit_REV3L_transcript_variant_X1_mRNA_1                       3.79%    passed     88.79%
  88  XM_027088475_1_PREDICTED_Lagenorhynchus_obliquidens_REV3_like_DNA_directed_polymerase_zeta_catalytic_subunit_REV3L_transcript_variant_X1_mRNA_1               3.79%    passed     82.31%
  89  XM_030882819_1_PREDICTED_Globicephala_melas_REV3_like_DNA_directed_polymerase_zeta_catalytic_subunit_REV3L_transcript_variant_X1_mRNA_1                       3.79%    passed     79.41%
  90  XM_033418640_1_PREDICTED_Orcinus_orca_REV3_like_DNA_directed_polymerase_zeta_catalytic_subunit_REV3L_transcript_variant_X1_mRNA_1                             3.73%    passed     86.22%
  91  XM_019929582_1_PREDICTED_Tursiops_truncatus_REV3_like_DNA_directed_polymerase_zeta_catalytic_subunit_REV3L_transcript_variant_X1_mRNA_1                       3.79%    passed     82.01%
  92  XM_032650682_1_PREDICTED_Phocoena_sinus_REV3_like_DNA_directed_polymerase_zeta_catalytic_subunit_REV3L_transcript_variant_X1_mRNA_1                           3.79%    passed     94.03%
  93  XM_029223581_1_PREDICTED_Monodon_monoceros_REV3_like_DNA_directed_polymerase_zeta_catalytic_subunit_REV3L_transcript_variant_X1_mRNA_1                        3.73%    passed     88.24%
  94  XM_022554510_2_PREDICTED_Delphinapterus_leucas_REV3_like_DNA_directed_polymerase_zeta_catalytic_subunit_REV3L_transcript_variant_X1_mRNA_1                    3.79%    passed     87.49%
  95  XM_024115547_2_PREDICTED_Physeter_catodon_REV3_like_DNA_directed_polymerase_zeta_catalytic_subunit_REV3L_transcript_variant_X1_mRNA_1                         3.73%    passed     86.79%
  96  XM_036871281_1_PREDICTED_Balaenoptera_musculus_REV3_like_DNA_directed_polymerase_zeta_catalytic_subunit_REV3L_transcript_variant_X1_mRNA_1                    3.73%    passed     93.08%
  97  XM_007528140_2_PREDICTED_Erinaceus_europaeus_REV3_like_DNA_directed_polymerase_zeta_catalytic_subunit_REV3L_mRNA_1                                            4.10%    passed     24.21%
  98  XM_004605780_2_PREDICTED_Sorex_araneus_REV3_like_polymerase_DNA_directed_zeta_catalytic_subunit_REV3L_mRNA_1                                                  5.05%    passed     17.62%
  99  XM_012722936_1_PREDICTED_Condylura_cristata_REV3_like_polymerase_DNA_directed_zeta_catalytic_subunit_REV3L_transcript_variant_X1_mRNA_1                       4.10%    passed     14.89%
 100  XM_037520237_1_PREDICTED_Talpa_occidentalis_REV3_like_DNA_directed_polymerase_zeta_catalytic_subunit_REV3L_transcript_variant_X2_mRNA_1                       4.05%    passed     44.89%
 101  XM_011364805_2_PREDICTED_Pteropus_vampyrus_REV3_like_DNA_directed_polymerase_zeta_catalytic_subunit_REV3L_transcript_variant_X1_mRNA_1                        3.89%    passed     87.91%
 102  XM_016136994_2_PREDICTED_Rousettus_aegyptiacus_REV3_like_DNA_directed_polymerase_zeta_catalytic_subunit_REV3L_transcript_variant_X1_mRNA_1                    4.00%    passed     62.36%
 103  XM_033102881_1_PREDICTED_Rhinolophus_ferrumequinum_REV3_like_DNA_directed_polymerase_zeta_catalytic_subunit_REV3L_transcript_variant_X1_mRNA_1                3.84%    passed     99.71%
 104  XM_037065055_1_PREDICTED_Sturnira_hondurensis_REV3_like_DNA_directed_polymerase_zeta_catalytic_subunit_REV3L_transcript_variant_X1_mRNA_1                     4.00%    passed     97.16%
 105  XM_037159015_1_PREDICTED_Artibeus_jamaicensis_REV3_like_DNA_directed_polymerase_zeta_catalytic_subunit_REV3L_transcript_variant_X1_mRNA_1                     4.00%    passed     95.68%
 106  XM_024551816_1_PREDICTED_Desmodus_rotundus_REV3_like_DNA_directed_polymerase_zeta_catalytic_subunit_REV3L_mRNA_1                                              4.10%    passed     87.02%
 107  XM_036024572_1_PREDICTED_Phyllostomus_discolor_REV3_like_DNA_directed_polymerase_zeta_catalytic_subunit_REV3L_transcript_variant_X1_mRNA_1                    4.10%    passed     89.81%
 108  XM_016217489_1_PREDICTED_Miniopterus_natalensis_REV3_like_DNA_directed_polymerase_zeta_catalytic_subunit_REV3L_transcript_variant_X5_mRNA_1                   3.89%    passed     95.95%
 109  XM_019646344_1_PREDICTED_Hipposideros_armiger_REV3_like_DNA_directed_polymerase_zeta_catalytic_subunit_REV3L_mRNA_1                                           4.31%    passed     87.98%
 110  XM_036414528_1_PREDICTED_Pipistrellus_kuhlii_REV3_like_DNA_directed_polymerase_zeta_catalytic_subunit_REV3L_transcript_variant_X1_mRNA_1                      4.05%    passed     52.42%
 111  XM_028140115_1_PREDICTED_Eptesicus_fuscus_REV3_like_DNA_directed_polymerase_zeta_catalytic_subunit_REV3L_transcript_variant_X1_mRNA_1                         4.05%    passed     62.06%
 112  XM_015561632_1_PREDICTED_Myotis_davidii_REV3_like_DNA_directed_polymerase_zeta_catalytic_subunit_REV3L_transcript_variant_X1_mRNA_1                           3.94%    passed     44.42%
 113  XM_036318154_1_PREDICTED_Myotis_myotis_REV3_like_DNA_directed_polymerase_zeta_catalytic_subunit_REV3L_transcript_variant_X1_mRNA_1                            3.89%    passed     69.89%
 114  XM_023750109_1_PREDICTED_Myotis_lucifugus_REV3_like_DNA_directed_polymerase_zeta_catalytic_subunit_REV3L_transcript_variant_X1_mRNA_1                         3.89%    passed     41.18%
 115  XM_036247698_1_PREDICTED_Molossus_molossus_REV3_like_DNA_directed_polymerase_zeta_catalytic_subunit_REV3L_transcript_variant_X1_mRNA_1                        3.79%    passed     67.20%
 116  XM_014866179_1_PREDICTED_Equus_asinus_REV3_like_DNA_directed_polymerase_zeta_catalytic_subunit_REV3L_transcript_variant_X1_mRNA_1                             3.79%    passed     99.95%
 117  XM_036902980_1_PREDICTED_Manis_pentadactyla_REV3_like_DNA_directed_polymerase_zeta_catalytic_subunit_REV3L_transcript_variant_X1_mRNA_1                       4.63%    failed      0.00%
 118  XM_008584529_1_PREDICTED_Galeopterus_variegatus_REV3_like_polymerase_DNA_directed_zeta_catalytic_subunit_REV3L_mRNA_1                                         3.94%    passed     93.64%
 119  XM_037012273_1_PREDICTED_Manis_javanica_REV3_like_DNA_directed_polymerase_zeta_catalytic_subunit_REV3L_mRNA_1                                                 6.52%    failed      0.00%
 120  XM_011935019_1_PREDICTED_Colobus_angolensis_palliatus_REV3_like_polymerase_DNA_directed_zeta_catalytic_subunit_REV3L_transcript_variant_X1_mRNA_1             3.94%    passed     74.57%
 121  XM_008007323_2_PREDICTED_Chlorocebus_sabaeus_REV3_like_DNA_directed_polymerase_zeta_catalytic_subunit_REV3L_transcript_variant_X1_mRNA_1                      3.89%    passed     68.44%
 122  XM_011758974_1_PREDICTED_Macaca_nemestrina_REV3_like_DNA_directed_polymerase_zeta_catalytic_subunit_REV3L_transcript_variant_X1_mRNA_1                        4.15%    passed     77.33%
 123  XM_031667490_1_PREDICTED_Papio_anubis_REV3_like_DNA_directed_polymerase_zeta_catalytic_subunit_REV3L_transcript_variant_X1_mRNA_1                             3.94%    passed     82.52%
 124  XM_025381340_1_PREDICTED_Theropithecus_gelada_REV3_like_DNA_directed_polymerase_zeta_catalytic_subunit_REV3L_transcript_variant_X1_mRNA_1                     4.00%    passed     75.85%
 125  XM_011970618_1_PREDICTED_Mandrillus_leucophaeus_REV3_like_polymerase_DNA_directed_zeta_catalytic_subunit_REV3L_transcript_variant_X1_mRNA_1                   4.00%    passed     77.31%
 126  XM_033234306_1_PREDICTED_Trachypithecus_francoisi_REV3_like_DNA_directed_polymerase_zeta_catalytic_subunit_REV3L_transcript_variant_X1_mRNA_1                 3.94%    passed     75.34%
 127  XM_010371650_2_PREDICTED_Rhinopithecus_roxellana_REV3_like_DNA_directed_polymerase_zeta_catalytic_subunit_REV3L_transcript_variant_X1_mRNA_1                  3.94%    passed     81.36%
 128  XM_026456416_1_PREDICTED_Piliocolobus_tephrosceles_REV3_like_DNA_directed_polymerase_zeta_catalytic_subunit_REV3L_transcript_variant_X1_mRNA_1                3.94%    passed     74.00%
 129  XM_031011917_1_PREDICTED_Gorilla_gorilla_gorilla_REV3_like_DNA_directed_polymerase_zeta_catalytic_subunit_REV3L_transcript_variant_X2_mRNA_1                  3.94%    passed     77.23%
 130  XM_008975749_3_PREDICTED_Pan_paniscus_REV3_like_DNA_directed_polymerase_zeta_catalytic_subunit_REV3L_transcript_variant_X1_mRNA_1                             3.89%    passed     79.67%
 131  XM_024248979_1_PREDICTED_Pongo_abelii_REV3_like_DNA_directed_polymerase_zeta_catalytic_subunit_REV3L_transcript_variant_X1_mRNA_1                             3.89%    passed     84.70%
 132  XM_030809566_1_PREDICTED_Nomascus_leucogenys_REV3_like_DNA_directed_polymerase_zeta_catalytic_subunit_REV3L_transcript_variant_X1_mRNA_1                      3.94%    passed     63.78%
 133  XM_032156758_1_PREDICTED_Hylobates_moloch_REV3_like_DNA_directed_polymerase_zeta_catalytic_subunit_REV3L_transcript_variant_X1_mRNA_1                         4.15%    passed     56.35%
 134  XM_039464970_1_PREDICTED_Saimiri_boliviensis_boliviensis_REV3_like_DNA_directed_polymerase_zeta_catalytic_subunit_REV3L_mRNA_1                                3.84%    passed     74.41%
 135  XM_017509257_2_PREDICTED_Cebus_imitator_REV3_like_DNA_directed_polymerase_zeta_catalytic_subunit_REV3L_transcript_variant_X1_mRNA_1                           3.84%    passed     89.33%
 136  XM_032275008_1_PREDICTED_Sapajus_apella_REV3_like_DNA_directed_polymerase_zeta_catalytic_subunit_REV3L_transcript_variant_X1_mRNA_1                           3.84%    passed     92.76%
 137  XM_012438367_2_PREDICTED_Aotus_nancymaae_REV3_like_DNA_directed_polymerase_zeta_catalytic_subunit_REV3L_transcript_variant_X1_mRNA_1                          3.89%    passed     61.88%
 138  XM_008058987_1_PREDICTED_Carlito_syrichta_REV3_like_DNA_directed_polymerase_zeta_catalytic_subunit_REV3L_transcript_variant_X1_mRNA_1                         3.89%    passed     24.93%
 139  XM_012642842_1_PREDICTED_Propithecus_coquereli_REV3_like_polymerase_DNA_directed_zeta_catalytic_subunit_REV3L_mRNA_1                                          3.89%    passed     61.80%
 140  XM_012753062_2_PREDICTED_Microcebus_murinus_REV3_like_DNA_directed_polymerase_zeta_catalytic_subunit_REV3L_transcript_variant_X1_mRNA_1                       3.84%    passed     52.97%
 141  XM_023512479_1_PREDICTED_Otolemur_garnettii_REV3_like_DNA_directed_polymerase_zeta_catalytic_subunit_REV3L_mRNA_1                                             4.05%    passed     19.86%
 142  XM_007940793_1_PREDICTED_Orycteropus_afer_afer_REV3_like_DNA_directed_polymerase_zeta_catalytic_subunit_REV3L_mRNA_1                                          4.15%    passed     69.84%
 143  XM_004702008_2_PREDICTED_Echinops_telfairi_REV3_like_DNA_directed_polymerase_zeta_catalytic_subunit_REV3L_mRNA_1                                              4.10%    passed     26.46%
 144  XM_006839926_1_PREDICTED_Chrysochloris_asiatica_REV3_like_polymerase_DNA_directed_zeta_catalytic_subunit_REV3L_mRNA_1                                         4.15%    passed     99.63%
 145  XM_010598962_2_PREDICTED_Loxodonta_africana_REV3_like_DNA_directed_polymerase_zeta_catalytic_subunit_REV3L_transcript_variant_X1_mRNA_1                       4.00%    passed     65.57%
 146  XM_037843746_1_PREDICTED_Choloepus_didactylus_REV3_like_DNA_directed_polymerase_zeta_catalytic_subunit_REV3L_transcript_variant_X1_mRNA_1                     3.73%    passed     82.97%
 147  XM_023589592_1_PREDICTED_Dasypus_novemcinctus_REV3_like_DNA_directed_polymerase_zeta_catalytic_subunit_REV3L_mRNA_1                                           4.05%    passed     25.40%
 148  XM_029047173_2_PREDICTED_Ornithorhynchus_anatinus_REV3_like_DNA_directed_polymerase_zeta_catalytic_subunit_REV3L_transcript_variant_X1_mRNA_1                 2.94%    failed      0.00%
 149  XM_038761479_1_PREDICTED_Tachyglossus_aculeatus_REV3_like_DNA_directed_polymerase_zeta_catalytic_subunit_REV3L_mRNA_1                                         2.63%    failed      0.00%
 150  XM_022520135_1_PREDICTED_Enhydra_lutris_kenyoni_REV3_like_DNA_directed_polymerase_zeta_catalytic_subunit_LOC111158218_transcript_variant_X1_mRNA_1            4.00%    passed     99.30%
 151  XM_014781164_1_PREDICTED_Ceratotherium_simum_simum_REV3_like_DNA_directed_polymerase_zeta_catalytic_subunit_LOC101399622_transcript_variant_X1_mRNA_1         3.79%    passed     98.52%
 152  XM_004372470_3_PREDICTED_Trichechus_manatus_latirostris_REV3_like_DNA_directed_polymerase_zeta_catalytic_subunit_LOC101361167_transcript_variant_X1_mRNA_1    4.05%    passed     99.40%
****  TOTAL                                                                                                                                                         3.94%  14 sequences failed composition chi2 test (p-value<5%; df=3)
NOTE: XM_027551194_1_PREDICTED_Bos_indicus_x_Bos_taurus_REV3_like_DNA_directed_polymerase_zeta_catalytic_subunit_REV3L_transcript_variant_X1_mRNA_1 is identical to XM_024996589_1_PREDICTED_Bos_taurus_REV3_like_DNA_directed_polymerase_zeta_catalytic_subunit_REV3L_transcript_variant_X1_mRNA_1 but kept for subsequent analysis
Checking for duplicate sequences: done in 0.0022617 secs using 99.92% CPU


Create initial parsimony tree by phylogenetic likelihood library (PLL)... 0.072 seconds
Measuring multi-threading efficiency up to 8 CPU cores
Increase to 10 rounds for branch lengths
10 trees examined
Threads: 1 / Time: 8.058 sec / Speedup: 1.000 / Efficiency: 100% / LogL: -202737
Threads: 2 / Time: 4.427 sec / Speedup: 1.820 / Efficiency: 91% / LogL: -202737
Threads: 3 / Time: 3.215 sec / Speedup: 2.506 / Efficiency: 84% / LogL: -202737
Threads: 4 / Time: 2.621 sec / Speedup: 3.075 / Efficiency: 77% / LogL: -202737
Threads: 5 / Time: 7.195 sec / Speedup: 1.120 / Efficiency: 22% / LogL: -202737
Determining AUTO threadcount: done in 25.5192 secs using 267.9% CPU
BEST NUMBER OF THREADS: 4

Perform fast likelihood tree search using GTR+I+G model...
Estimate model parameters (epsilon = 5.000)
Perform nearest neighbor interchange...
Optimizing NNI: done in 0.223953 secs using 398.6% CPU
Estimate model parameters (epsilon = 1.000)
1. Initial log-likelihood: -99778.289
2. Current log-likelihood: -99775.633
3. Current log-likelihood: -99774.144
Optimal log-likelihood: -99772.858
Rate parameters:  A-C: 1.23016  A-G: 5.79394  A-T: 0.62789  C-G: 1.15396  C-T: 5.43658  G-T: 1.00000
Base frequencies:  A: 0.354  C: 0.197  G: 0.188  T: 0.261
Proportion of invariable sites: 0.230
Gamma shape alpha: 1.374
Parameters optimization took 3 rounds (0.633 sec)
Time for fast ML tree search: 3.146 seconds

NOTE: ModelFinder requires 181 MB RAM!
ModelFinder will test up to 484 DNA models (sample size: 5706) ...
 No. Model         -LnL         df  AIC          AICc         BIC
Measuring multi-threading efficiency up to 8 CPU cores
Increase to 10 rounds for branch lengths
28 trees examined
Threads: 1 / Time: 8.000 sec / Speedup: 1.000 / Efficiency: 100% / LogL: -227422
Threads: 2 / Time: 4.439 sec / Speedup: 1.802 / Efficiency: 90% / LogL: -227422
Threads: 3 / Time: 5.379 sec / Speedup: 1.487 / Efficiency: 50% / LogL: -227422
Determining AUTO threadcount: done in 17.818 secs using 184.1% CPU
BEST NUMBER OF THREADS: 2

  1  GTR+F         105236.785   309 211091.570   211127.074   213146.195
Measuring multi-threading efficiency up to 8 CPU cores
Increase to 10 rounds for branch lengths
28 trees examined
Threads: 1 / Time: 8.191 sec / Speedup: 1.000 / Efficiency: 100% / LogL: -207555
Threads: 2 / Time: 4.535 sec / Speedup: 1.806 / Efficiency: 90% / LogL: -207555
Threads: 3 / Time: 3.703 sec / Speedup: 2.212 / Efficiency: 74% / LogL: -207555
Threads: 4 / Time: 3.098 sec / Speedup: 2.644 / Efficiency: 66% / LogL: -207555
Threads: 5 / Time: 7.176 sec / Speedup: 1.142 / Efficiency: 23% / LogL: -207555
Determining AUTO threadcount: done in 26.7034 secs using 272.8% CPU
BEST NUMBER OF THREADS: 4

  2  GTR+F+I       101359.275   310 203338.550   203374.291   205399.825
Measuring multi-threading efficiency up to 8 CPU cores
Increase to 10 rounds for branch lengths
11 trees examined
Threads: 1 / Time: 8.555 sec / Speedup: 1.000 / Efficiency: 100% / LogL: -193735
Threads: 2 / Time: 4.614 sec / Speedup: 1.854 / Efficiency: 93% / LogL: -193735
Threads: 3 / Time: 3.655 sec / Speedup: 2.340 / Efficiency: 78% / LogL: -193735
Threads: 4 / Time: 4.018 sec / Speedup: 2.129 / Efficiency: 53% / LogL: -193735
Threads: 5 / Time: 3.788 sec / Speedup: 2.258 / Efficiency: 45% / LogL: -193735
Determining AUTO threadcount: done in 24.6335 secs using 257.5% CPU
BEST NUMBER OF THREADS: 3

  3  GTR+F+G4      99919.163    310 200458.327   200494.067   202519.601
Measuring multi-threading efficiency up to 8 CPU cores
Increase to 10 rounds for branch lengths
11 trees examined
Threads: 1 / Time: 8.653 sec / Speedup: 1.000 / Efficiency: 100% / LogL: -188402
Threads: 2 / Time: 4.806 sec / Speedup: 1.800 / Efficiency: 90% / LogL: -188402
Threads: 3 / Time: 4.850 sec / Speedup: 1.784 / Efficiency: 59% / LogL: -188402
Threads: 4 / Time: 3.640 sec / Speedup: 2.377 / Efficiency: 59% / LogL: -188402
Threads: 5 / Time: 3.744 sec / Speedup: 2.311 / Efficiency: 46% / LogL: -188402
Determining AUTO threadcount: done in 25.6949 secs using 255.9% CPU
BEST NUMBER OF THREADS: 4

  4  GTR+F+I+G4    99771.845    311 200165.690   200201.668   202233.615
Measuring multi-threading efficiency up to 8 CPU cores
Increase to 10 rounds for branch lengths
19 trees examined
Threads: 1 / Time: 8.169 sec / Speedup: 1.000 / Efficiency: 100% / LogL: -201723
Threads: 2 / Time: 4.830 sec / Speedup: 1.691 / Efficiency: 85% / LogL: -201723
Threads: 3 / Time: 4.960 sec / Speedup: 1.647 / Efficiency: 55% / LogL: -201723
Threads: 4 / Time: 3.914 sec / Speedup: 2.087 / Efficiency: 52% / LogL: -201723
Threads: 5 / Time: 3.322 sec / Speedup: 2.459 / Efficiency: 49% / LogL: -201723
Determining AUTO threadcount: done in 25.1973 secs using 256.4% CPU
BEST NUMBER OF THREADS: 4

  5  GTR+F+R2      100312.841   311 201247.682   201283.660   203315.606
Measuring multi-threading efficiency up to 8 CPU cores
Increase to 10 rounds for branch lengths
14 trees examined
Threads: 1 / Time: 8.107 sec / Speedup: 1.000 / Efficiency: 100% / LogL: -196144
Threads: 2 / Time: 4.612 sec / Speedup: 1.758 / Efficiency: 88% / LogL: -196144
Threads: 3 / Time: 4.741 sec / Speedup: 1.710 / Efficiency: 57% / LogL: -196144
Threads: 4 / Time: 4.306 sec / Speedup: 1.883 / Efficiency: 47% / LogL: -196144
Determining AUTO threadcount: done in 21.7689 secs using 223.1% CPU
BEST NUMBER OF THREADS: 2

  6  GTR+F+R3      99764.781    313 200155.561   200192.016   202236.784
Measuring multi-threading efficiency up to 8 CPU cores
Increase to 10 rounds for branch lengths
11 trees examined
Threads: 1 / Time: 8.458 sec / Speedup: 1.000 / Efficiency: 100% / LogL: -194982
Threads: 2 / Time: 4.783 sec / Speedup: 1.768 / Efficiency: 88% / LogL: -194982
Threads: 3 / Time: 4.995 sec / Speedup: 1.693 / Efficiency: 56% / LogL: -194982
Threads: 4 / Time: 3.757 sec / Speedup: 2.251 / Efficiency: 56% / LogL: -194982
Threads: 5 / Time: 4.084 sec / Speedup: 2.071 / Efficiency: 41% / LogL: -194982
Determining AUTO threadcount: done in 26.0805 secs using 261.2% CPU
BEST NUMBER OF THREADS: 4

  7  GTR+F+R4      99668.886    315 199967.772   200004.707   202062.293
Measuring multi-threading efficiency up to 8 CPU cores
Increase to 10 rounds for branch lengths
9 trees examined
Threads: 1 / Time: 8.314 sec / Speedup: 1.000 / Efficiency: 100% / LogL: -193142
Threads: 2 / Time: 4.543 sec / Speedup: 1.830 / Efficiency: 92% / LogL: -193142
Threads: 3 / Time: 4.591 sec / Speedup: 1.811 / Efficiency: 60% / LogL: -193142
Threads: 4 / Time: 3.443 sec / Speedup: 2.415 / Efficiency: 60% / LogL: -193142
Threads: 5 / Time: 3.594 sec / Speedup: 2.313 / Efficiency: 46% / LogL: -193142
Determining AUTO threadcount: done in 24.4888 secs using 255.7% CPU
BEST NUMBER OF THREADS: 4

  8  GTR+F+R5      99668.362    317 199970.725   200008.143   202078.544
Measuring multi-threading efficiency up to 8 CPU cores
Increase to 10 rounds for branch lengths
17 trees examined
Threads: 1 / Time: 8.043 sec / Speedup: 1.000 / Efficiency: 100% / LogL: -194155
Threads: 2 / Time: 4.653 sec / Speedup: 1.728 / Efficiency: 86% / LogL: -194155
Threads: 3 / Time: 4.773 sec / Speedup: 1.685 / Efficiency: 56% / LogL: -194155
Threads: 4 / Time: 4.265 sec / Speedup: 1.886 / Efficiency: 47% / LogL: -194155
Determining AUTO threadcount: done in 21.7361 secs using 223.1% CPU
BEST NUMBER OF THREADS: 2

 14  GTR+F+I+I+R2  99903.794    312 200431.588   200467.804   202506.162
Measuring multi-threading efficiency up to 8 CPU cores
Increase to 10 rounds for branch lengths
13 trees examined
Threads: 1 / Time: 8.115 sec / Speedup: 1.000 / Efficiency: 100% / LogL: -190726
Threads: 2 / Time: 4.653 sec / Speedup: 1.744 / Efficiency: 87% / LogL: -190726
Threads: 3 / Time: 3.247 sec / Speedup: 2.499 / Efficiency: 83% / LogL: -190726
Threads: 4 / Time: 2.659 sec / Speedup: 3.052 / Efficiency: 76% / LogL: -190726
Threads: 5 / Time: 7.230 sec / Speedup: 1.122 / Efficiency: 22% / LogL: -190726
Determining AUTO threadcount: done in 25.9056 secs using 269.1% CPU
BEST NUMBER OF THREADS: 4

 15  GTR+F+I+I+R3  99706.420    314 200040.840   200077.535   202128.712
Measuring multi-threading efficiency up to 8 CPU cores
Increase to 10 rounds for branch lengths
10 trees examined
Threads: 1 / Time: 8.058 sec / Speedup: 1.000 / Efficiency: 100% / LogL: -190892
Threads: 2 / Time: 5.136 sec / Speedup: 1.569 / Efficiency: 78% / LogL: -190892
Threads: 3 / Time: 4.468 sec / Speedup: 1.804 / Efficiency: 60% / LogL: -190892
Threads: 4 / Time: 3.452 sec / Speedup: 2.334 / Efficiency: 58% / LogL: -190892
Threads: 5 / Time: 3.583 sec / Speedup: 2.249 / Efficiency: 45% / LogL: -190892
Determining AUTO threadcount: done in 24.7002 secs using 255.4% CPU
BEST NUMBER OF THREADS: 4

 16  GTR+F+I+I+R4  99653.871    316 199939.743   199976.919   202040.913
Measuring multi-threading efficiency up to 8 CPU cores
Increase to 10 rounds for branch lengths
9 trees examined
Threads: 1 / Time: 8.456 sec / Speedup: 1.000 / Efficiency: 100% / LogL: -188975
Threads: 2 / Time: 5.383 sec / Speedup: 1.571 / Efficiency: 79% / LogL: -188975
Threads: 3 / Time: 4.796 sec / Speedup: 1.763 / Efficiency: 59% / LogL: -188975
Threads: 4 / Time: 4.125 sec / Speedup: 2.050 / Efficiency: 51% / LogL: -188975
Threads: 5 / Time: 3.675 sec / Speedup: 2.301 / Efficiency: 46% / LogL: -188975
Determining AUTO threadcount: done in 26.4379 secs using 257.8% CPU
BEST NUMBER OF THREADS: 4

 17  GTR+F+I+I+R5  99651.924    318 199939.847   199977.509   202054.316
Measuring multi-threading efficiency up to 8 CPU cores
Increase to 10 rounds for branch lengths
11 trees examined
Threads: 1 / Time: 8.768 sec / Speedup: 1.000 / Efficiency: 100% / LogL: -189828
Threads: 2 / Time: 6.414 sec / Speedup: 1.367 / Efficiency: 68% / LogL: -189828
Threads: 3 / Time: 5.030 sec / Speedup: 1.743 / Efficiency: 58% / LogL: -189828
Threads: 4 / Time: 3.942 sec / Speedup: 2.224 / Efficiency: 56% / LogL: -189828
Threads: 5 / Time: 4.120 sec / Speedup: 2.128 / Efficiency: 43% / LogL: -189828
Determining AUTO threadcount: done in 28.2755 secs using 257.2% CPU
BEST NUMBER OF THREADS: 4

 38  SYM+I+I+R4    99918.380    313 200462.759   200499.214   202543.982
Measuring multi-threading efficiency up to 8 CPU cores
Increase to 10 rounds for branch lengths
11 trees examined
Threads: 1 / Time: 8.323 sec / Speedup: 1.000 / Efficiency: 100% / LogL: -189842
Threads: 2 / Time: 5.325 sec / Speedup: 1.563 / Efficiency: 78% / LogL: -189842
Threads: 3 / Time: 4.607 sec / Speedup: 1.807 / Efficiency: 60% / LogL: -189842
Threads: 4 / Time: 3.714 sec / Speedup: 2.241 / Efficiency: 56% / LogL: -189842
Threads: 5 / Time: 3.737 sec / Speedup: 2.227 / Efficiency: 45% / LogL: -189842
Determining AUTO threadcount: done in 25.7083 secs using 256.7% CPU
BEST NUMBER OF THREADS: 4

 60  TVM+F+I+I+R4  99654.850    315 199939.700   199976.635   202034.221
Measuring multi-threading efficiency up to 8 CPU cores
Increase to 10 rounds for branch lengths
11 trees examined
Threads: 1 / Time: 8.749 sec / Speedup: 1.000 / Efficiency: 100% / LogL: -189910
Threads: 2 / Time: 6.391 sec / Speedup: 1.369 / Efficiency: 68% / LogL: -189910
Threads: 3 / Time: 4.933 sec / Speedup: 1.774 / Efficiency: 59% / LogL: -189910
Threads: 4 / Time: 3.826 sec / Speedup: 2.287 / Efficiency: 57% / LogL: -189910
Threads: 5 / Time: 4.112 sec / Speedup: 2.128 / Efficiency: 43% / LogL: -189910
Determining AUTO threadcount: done in 28.0144 secs using 256.5% CPU
BEST NUMBER OF THREADS: 4

 82  TVMe+I+I+R4   99948.073    312 200520.146   200556.362   202594.719
Measuring multi-threading efficiency up to 8 CPU cores
Increase to 10 rounds for branch lengths
11 trees examined
Threads: 1 / Time: 8.490 sec / Speedup: 1.000 / Efficiency: 100% / LogL: -188344
Threads: 2 / Time: 6.385 sec / Speedup: 1.330 / Efficiency: 66% / LogL: -188344
Threads: 3 / Time: 4.953 sec / Speedup: 1.714 / Efficiency: 57% / LogL: -188344
Threads: 4 / Time: 4.184 sec / Speedup: 2.029 / Efficiency: 51% / LogL: -188344
Threads: 5 / Time: 3.840 sec / Speedup: 2.211 / Efficiency: 44% / LogL: -188344
Determining AUTO threadcount: done in 27.8545 secs using 257.5% CPU
BEST NUMBER OF THREADS: 4

104  TIM3+F+I+I+R4 99701.166    314 200030.331   200067.026   202118.203
Measuring multi-threading efficiency up to 8 CPU cores
Increase to 10 rounds for branch lengths
11 trees examined
Threads: 1 / Time: 8.797 sec / Speedup: 1.000 / Efficiency: 100% / LogL: -190887
Threads: 2 / Time: 6.425 sec / Speedup: 1.369 / Efficiency: 68% / LogL: -190887
Threads: 3 / Time: 5.183 sec / Speedup: 1.697 / Efficiency: 57% / LogL: -190887
Threads: 4 / Time: 4.471 sec / Speedup: 1.968 / Efficiency: 49% / LogL: -190887
Determining AUTO threadcount: done in 24.8776 secs using 220.4% CPU
BEST NUMBER OF THREADS: 3

126  TIM3e+I+I+R4  99988.026    311 200598.052   200634.029   202665.976
Measuring multi-threading efficiency up to 8 CPU cores
Increase to 10 rounds for branch lengths
11 trees examined
Threads: 1 / Time: 8.630 sec / Speedup: 1.000 / Efficiency: 100% / LogL: -189370
Threads: 2 / Time: 5.540 sec / Speedup: 1.558 / Efficiency: 78% / LogL: -189370
Threads: 3 / Time: 4.786 sec / Speedup: 1.803 / Efficiency: 60% / LogL: -189370
Threads: 4 / Time: 3.843 sec / Speedup: 2.246 / Efficiency: 56% / LogL: -189370
Threads: 5 / Time: 3.945 sec / Speedup: 2.188 / Efficiency: 44% / LogL: -189370
Determining AUTO threadcount: done in 26.7459 secs using 257.3% CPU
BEST NUMBER OF THREADS: 4

148  TIM2+F+I+I+R4 99791.707    314 200211.413   200248.108   202299.285
Measuring multi-threading efficiency up to 8 CPU cores
Increase to 10 rounds for branch lengths
11 trees examined
Threads: 1 / Time: 8.726 sec / Speedup: 1.000 / Efficiency: 100% / LogL: -190223
Threads: 2 / Time: 6.404 sec / Speedup: 1.363 / Efficiency: 68% / LogL: -190223
Threads: 3 / Time: 4.942 sec / Speedup: 1.766 / Efficiency: 59% / LogL: -190223
Threads: 4 / Time: 3.873 sec / Speedup: 2.253 / Efficiency: 56% / LogL: -190223
Threads: 5 / Time: 3.988 sec / Speedup: 2.188 / Efficiency: 44% / LogL: -190223
Determining AUTO threadcount: done in 27.9352 secs using 255.9% CPU
BEST NUMBER OF THREADS: 4

170  TIM2e+I+I+R4  99965.240    311 200552.480   200588.457   202620.404
Measuring multi-threading efficiency up to 8 CPU cores
Increase to 10 rounds for branch lengths
11 trees examined
Threads: 1 / Time: 8.595 sec / Speedup: 1.000 / Efficiency: 100% / LogL: -190750
Threads: 2 / Time: 6.353 sec / Speedup: 1.353 / Efficiency: 68% / LogL: -190750
Threads: 3 / Time: 5.010 sec / Speedup: 1.716 / Efficiency: 57% / LogL: -190750
Threads: 4 / Time: 4.300 sec / Speedup: 1.999 / Efficiency: 50% / LogL: -190750
Determining AUTO threadcount: done in 24.2602 secs using 219.6% CPU
BEST NUMBER OF THREADS: 3

192  TIM+F+I+I+R4  99733.428    314 200094.857   200131.551   202182.729
Measuring multi-threading efficiency up to 8 CPU cores
Increase to 10 rounds for branch lengths
11 trees examined
Threads: 1 / Time: 8.801 sec / Speedup: 1.000 / Efficiency: 100% / LogL: -187166
Threads: 2 / Time: 6.545 sec / Speedup: 1.345 / Efficiency: 67% / LogL: -187166
Threads: 3 / Time: 5.152 sec / Speedup: 1.708 / Efficiency: 57% / LogL: -187166
Threads: 4 / Time: 3.909 sec / Speedup: 2.252 / Efficiency: 56% / LogL: -187166
Threads: 5 / Time: 4.215 sec / Speedup: 2.088 / Efficiency: 42% / LogL: -187166
Determining AUTO threadcount: done in 28.6237 secs using 257.5% CPU
BEST NUMBER OF THREADS: 4

214  TIMe+I+I+R4   99985.030    311 200592.061   200628.039   202659.985
Measuring multi-threading efficiency up to 8 CPU cores
Increase to 10 rounds for branch lengths
11 trees examined
Threads: 1 / Time: 8.519 sec / Speedup: 1.000 / Efficiency: 100% / LogL: -190746
Threads: 2 / Time: 6.259 sec / Speedup: 1.361 / Efficiency: 68% / LogL: -190746
Threads: 3 / Time: 4.988 sec / Speedup: 1.708 / Efficiency: 57% / LogL: -190746
Threads: 4 / Time: 4.514 sec / Speedup: 1.887 / Efficiency: 47% / LogL: -190746
Determining AUTO threadcount: done in 24.2815 secs using 221.6% CPU
BEST NUMBER OF THREADS: 3

236  TPM3u+F+I+I+R4 99702.218    313 200030.437   200066.892   202111.659
Measuring multi-threading efficiency up to 8 CPU cores
Increase to 10 rounds for branch lengths
11 trees examined
Threads: 1 / Time: 8.760 sec / Speedup: 1.000 / Efficiency: 100% / LogL: -188616
Threads: 2 / Time: 6.376 sec / Speedup: 1.374 / Efficiency: 69% / LogL: -188616
Threads: 3 / Time: 4.922 sec / Speedup: 1.780 / Efficiency: 59% / LogL: -188616
Threads: 4 / Time: 3.639 sec / Speedup: 2.407 / Efficiency: 60% / LogL: -188616
Threads: 5 / Time: 3.765 sec / Speedup: 2.327 / Efficiency: 47% / LogL: -188616
Determining AUTO threadcount: done in 27.4654 secs using 252.4% CPU
BEST NUMBER OF THREADS: 4

258  TPM3+I+I+R4   100013.808   310 200647.615   200683.356   202708.890
Measuring multi-threading efficiency up to 8 CPU cores
Increase to 10 rounds for branch lengths
11 trees examined
Threads: 1 / Time: 8.681 sec / Speedup: 1.000 / Efficiency: 100% / LogL: -189240
Threads: 2 / Time: 6.474 sec / Speedup: 1.341 / Efficiency: 67% / LogL: -189240
Threads: 3 / Time: 4.717 sec / Speedup: 1.841 / Efficiency: 61% / LogL: -189240
Threads: 4 / Time: 3.573 sec / Speedup: 2.430 / Efficiency: 61% / LogL: -189240
Threads: 5 / Time: 3.969 sec / Speedup: 2.187 / Efficiency: 44% / LogL: -189240
Determining AUTO threadcount: done in 27.4169 secs using 253.7% CPU
BEST NUMBER OF THREADS: 4

280  TPM2u+F+I+I+R4 99792.627    313 200211.255   200247.709   202292.477
Measuring multi-threading efficiency up to 8 CPU cores
Increase to 10 rounds for branch lengths
10 trees examined
Threads: 1 / Time: 8.007 sec / Speedup: 1.000 / Efficiency: 100% / LogL: -190405
Threads: 2 / Time: 5.877 sec / Speedup: 1.362 / Efficiency: 68% / LogL: -190405
Threads: 3 / Time: 4.766 sec / Speedup: 1.680 / Efficiency: 56% / LogL: -190405
Threads: 4 / Time: 4.039 sec / Speedup: 1.982 / Efficiency: 50% / LogL: -190405
Determining AUTO threadcount: done in 22.6915 secs using 220.3% CPU
BEST NUMBER OF THREADS: 3

302  TPM2+I+I+R4   99992.781    310 200605.563   200641.303   202666.838
Measuring multi-threading efficiency up to 8 CPU cores
Increase to 10 rounds for branch lengths
11 trees examined
Threads: 1 / Time: 8.662 sec / Speedup: 1.000 / Efficiency: 100% / LogL: -190026
Threads: 2 / Time: 6.354 sec / Speedup: 1.363 / Efficiency: 68% / LogL: -190026
Threads: 3 / Time: 5.079 sec / Speedup: 1.705 / Efficiency: 57% / LogL: -190026
Threads: 4 / Time: 3.809 sec / Speedup: 2.274 / Efficiency: 57% / LogL: -190026
Threads: 5 / Time: 3.883 sec / Speedup: 2.231 / Efficiency: 45% / LogL: -190026
Determining AUTO threadcount: done in 27.7887 secs using 255.3% CPU
BEST NUMBER OF THREADS: 4

324  K3Pu+F+I+I+R4 99734.385    313 200094.770   200131.225   202175.993
Measuring multi-threading efficiency up to 8 CPU cores
Increase to 10 rounds for branch lengths
10 trees examined
Threads: 1 / Time: 8.041 sec / Speedup: 1.000 / Efficiency: 100% / LogL: -188393
Threads: 2 / Time: 5.934 sec / Speedup: 1.355 / Efficiency: 68% / LogL: -188393
Threads: 3 / Time: 4.581 sec / Speedup: 1.755 / Efficiency: 59% / LogL: -188393
Threads: 4 / Time: 3.533 sec / Speedup: 2.276 / Efficiency: 57% / LogL: -188393
Threads: 5 / Time: 3.809 sec / Speedup: 2.111 / Efficiency: 42% / LogL: -188393
Determining AUTO threadcount: done in 25.9006 secs using 256.8% CPU
BEST NUMBER OF THREADS: 4

346  K3P+I+I+R4    100008.512   310 200637.025   200672.765   202698.300
Measuring multi-threading efficiency up to 8 CPU cores
Increase to 10 rounds for branch lengths
11 trees examined
Threads: 1 / Time: 8.641 sec / Speedup: 1.000 / Efficiency: 100% / LogL: -189447
Threads: 2 / Time: 6.316 sec / Speedup: 1.368 / Efficiency: 68% / LogL: -189447
Threads: 3 / Time: 4.893 sec / Speedup: 1.766 / Efficiency: 59% / LogL: -189447
Threads: 4 / Time: 4.321 sec / Speedup: 2.000 / Efficiency: 50% / LogL: -189447
Determining AUTO threadcount: done in 24.1724 secs using 219.3% CPU
BEST NUMBER OF THREADS: 3

368  TN+F+I+I+R4   99810.751    313 200247.501   200283.956   202328.724
Measuring multi-threading efficiency up to 8 CPU cores
Increase to 10 rounds for branch lengths
11 trees examined
Threads: 1 / Time: 8.823 sec / Speedup: 1.000 / Efficiency: 100% / LogL: -191277
Threads: 2 / Time: 6.504 sec / Speedup: 1.357 / Efficiency: 68% / LogL: -191277
Threads: 3 / Time: 5.317 sec / Speedup: 1.659 / Efficiency: 55% / LogL: -191277
Threads: 4 / Time: 4.311 sec / Speedup: 2.047 / Efficiency: 51% / LogL: -191277
Threads: 5 / Time: 3.903 sec / Speedup: 2.260 / Efficiency: 45% / LogL: -191277
Determining AUTO threadcount: done in 28.8618 secs using 257% CPU
BEST NUMBER OF THREADS: 4

390  TNe+I+I+R4    100013.025   310 200646.051   200681.791   202707.325
Measuring multi-threading efficiency up to 8 CPU cores
Increase to 10 rounds for branch lengths
11 trees examined
Threads: 1 / Time: 8.730 sec / Speedup: 1.000 / Efficiency: 100% / LogL: -189939
Threads: 2 / Time: 6.359 sec / Speedup: 1.373 / Efficiency: 69% / LogL: -189939
Threads: 3 / Time: 5.023 sec / Speedup: 1.738 / Efficiency: 58% / LogL: -189939
Threads: 4 / Time: 4.433 sec / Speedup: 1.969 / Efficiency: 49% / LogL: -189939
Determining AUTO threadcount: done in 24.5466 secs using 220.1% CPU
BEST NUMBER OF THREADS: 3

412  HKY+F+I+I+R4  99811.676    312 200247.352   200283.568   202321.926
Measuring multi-threading efficiency up to 8 CPU cores
Increase to 10 rounds for branch lengths
10 trees examined
Threads: 1 / Time: 8.006 sec / Speedup: 1.000 / Efficiency: 100% / LogL: -189408
Threads: 2 / Time: 5.868 sec / Speedup: 1.364 / Efficiency: 68% / LogL: -189408
Threads: 3 / Time: 4.706 sec / Speedup: 1.701 / Efficiency: 57% / LogL: -189408
Threads: 4 / Time: 3.766 sec / Speedup: 2.126 / Efficiency: 53% / LogL: -189408
Threads: 5 / Time: 3.733 sec / Speedup: 2.145 / Efficiency: 43% / LogL: -189408
Determining AUTO threadcount: done in 26.0811 secs using 257.9% CPU
BEST NUMBER OF THREADS: 4

434  K2P+I+I+R4    100036.487   309 200690.973   200726.477   202745.599
Measuring multi-threading efficiency up to 8 CPU cores
Increase to 10 rounds for branch lengths
10 trees examined
Threads: 1 / Time: 8.065 sec / Speedup: 1.000 / Efficiency: 100% / LogL: -204694
Threads: 2 / Time: 5.886 sec / Speedup: 1.370 / Efficiency: 69% / LogL: -204694
Threads: 3 / Time: 4.708 sec / Speedup: 1.713 / Efficiency: 57% / LogL: -204694
Threads: 4 / Time: 3.551 sec / Speedup: 2.271 / Efficiency: 57% / LogL: -204694
Threads: 5 / Time: 3.729 sec / Speedup: 2.163 / Efficiency: 43% / LogL: -204694
Determining AUTO threadcount: done in 25.9421 secs using 256.4% CPU
BEST NUMBER OF THREADS: 4

456  F81+F+I+I+R4  105873.128   311 212368.256   212404.234   214436.180
Measuring multi-threading efficiency up to 8 CPU cores
Increase to 10 rounds for branch lengths
10 trees examined
Threads: 1 / Time: 8.112 sec / Speedup: 1.000 / Efficiency: 100% / LogL: -205337
Threads: 2 / Time: 5.951 sec / Speedup: 1.363 / Efficiency: 68% / LogL: -205337
Threads: 3 / Time: 4.661 sec / Speedup: 1.740 / Efficiency: 58% / LogL: -205337
Threads: 4 / Time: 4.295 sec / Speedup: 1.889 / Efficiency: 47% / LogL: -205337
Determining AUTO threadcount: done in 23.0201 secs using 221.2% CPU
BEST NUMBER OF THREADS: 3

478  JC+I+I+R4     105603.000   308 211822.001   211857.269   213869.977
Akaike Information Criterion:           TVM+F+I+I+R4
Corrected Akaike Information Criterion: TVM+F+I+I+R4
Bayesian Information Criterion:         TVM+F+I+I+R4
Best-fit model: TVM+F+I+I+R4 chosen according to BIC

All model information printed to /home/aglucaci/AOC-REV3L/results/mammalian_REV3L/mammalian_REV3L.3.codon.fas.model.gz
CPU time for ModelFinder: 2846.850 seconds (0h:47m:26s)
Wall-clock time for ModelFinder: 1059.255 seconds (0h:17m:39s)

NOTE: 72 MB RAM (0 GB) is required!
Measuring multi-threading efficiency up to 8 CPU cores
Increase to 10 rounds for branch lengths
10 trees examined
Threads: 1 / Time: 8.063 sec / Speedup: 1.000 / Efficiency: 100% / LogL: -205365
Threads: 2 / Time: 5.405 sec / Speedup: 1.492 / Efficiency: 75% / LogL: -205365
Threads: 3 / Time: 4.934 sec / Speedup: 1.634 / Efficiency: 54% / LogL: -205365
Threads: 4 / Time: 3.643 sec / Speedup: 2.213 / Efficiency: 55% / LogL: -205365
Threads: 5 / Time: 3.483 sec / Speedup: 2.315 / Efficiency: 46% / LogL: -205365
Determining AUTO threadcount: done in 25.5294 secs using 255.8% CPU
BEST NUMBER OF THREADS: 4

Estimate model parameters (epsilon = 0.100)
1. Initial log-likelihood: -99654.850
Optimal log-likelihood: -99654.771
Rate parameters:  A-C: 1.22648  A-G: 5.63977  A-T: 0.62379  C-G: 1.16606  C-T: 5.63977  G-T: 1.00000
Base frequencies:  A: 0.354  C: 0.197  G: 0.188  T: 0.261
Proportion of invariable sites: 0.202
Site proportion and rates:  (0.269,0.237) (0.339,1.182) (0.181,2.608) (0.009,6.923)
Parameters optimization took 1 rounds (0.470 sec)
Wrote distance file to... 
Computing ML distances based on estimated model parameters...
Calculating distance matrix: done in 0.0502129 secs using 400% CPU
Computing ML distances took 0.051110 sec (of wall-clock time) 0.204374 sec (of CPU time)
Setting up auxiliary I and S matrices: done in 0.0022094 secs using 240.2% CPU
Constructing RapidNJ tree: done in 0.396189 secs using 90.42% CPU
Computing RapidNJ tree took 0.398476 sec (of wall-clock time) 0.363741 sec (of CPU time)
Log-likelihood of RapidNJ tree: -100028.632
--------------------------------------------------------------------
|             INITIALIZING CANDIDATE TREE SET                      |
--------------------------------------------------------------------
Generating 98 parsimony trees... 7.952 second
Computing log-likelihood of 98 initial trees ... 4.807 seconds
Current best score: -99654.771

Do NNI search on 20 best initial trees
Optimizing NNI: done in 0.249872 secs using 398% CPU
Estimate model parameters (epsilon = 0.100)
BETTER TREE FOUND at iteration 1: -99654.556
Optimizing NNI: done in 0.40638 secs using 398.5% CPU
Optimizing NNI: done in 0.404737 secs using 397.8% CPU
Optimizing NNI: done in 0.441639 secs using 397.3% CPU
Optimizing NNI: done in 0.411833 secs using 398.8% CPU
Optimizing NNI: done in 0.411781 secs using 398.5% CPU
Optimizing NNI: done in 0.465512 secs using 397.6% CPU
Optimizing NNI: done in 0.41867 secs using 399.7% CPU
Optimizing NNI: done in 0.414178 secs using 398.3% CPU
Optimizing NNI: done in 0.412948 secs using 398.1% CPU
Iteration 10 / LogL: -99654.884 / Time: 0h:0m:44s
Optimizing NNI: done in 0.411147 secs using 398.5% CPU
Optimizing NNI: done in 0.455573 secs using 398.7% CPU
Optimizing NNI: done in 0.413376 secs using 397.8% CPU
Optimizing NNI: done in 0.454647 secs using 397.6% CPU
Optimizing NNI: done in 0.412884 secs using 398.8% CPU
Optimizing NNI: done in 0.409749 secs using 398.5% CPU
Optimizing NNI: done in 0.447219 secs using 398.6% CPU
Optimizing NNI: done in 0.403315 secs using 398.3% CPU
Optimizing NNI: done in 0.403695 secs using 398% CPU
Optimizing NNI: done in 0.445189 secs using 398.9% CPU
Iteration 20 / LogL: -99654.628 / Time: 0h:0m:48s
Finish initializing candidate tree set (1)
Current best tree score: -99654.556 / CPU time: 21.622
Number of iterations: 20
--------------------------------------------------------------------
|               OPTIMIZING CANDIDATE TREE SET                      |
--------------------------------------------------------------------
Optimizing NNI: done in 0.843604 secs using 398.3% CPU
Optimizing NNI: done in 0.838456 secs using 397.8% CPU
Optimizing NNI: done in 1.07305 secs using 398.1% CPU
Optimizing NNI: done in 0.956878 secs using 398.1% CPU
UPDATE BEST LOG-LIKELIHOOD: -99654.553
Optimizing NNI: done in 0.942125 secs using 398.4% CPU
Optimizing NNI: done in 0.902222 secs using 398.2% CPU
Optimizing NNI: done in 1.18886 secs using 398.6% CPU
Optimizing NNI: done in 0.907623 secs using 399% CPU
Optimizing NNI: done in 0.97592 secs using 398.1% CPU
Optimizing NNI: done in 0.875362 secs using 397.4% CPU
Iteration 30 / LogL: -99654.760 / Time: 0h:0m:58s (0h:2m:22s left)
Optimizing NNI: done in 1.08051 secs using 397.6% CPU
Optimizing NNI: done in 0.919966 secs using 398.7% CPU
Optimizing NNI: done in 1.00222 secs using 398.5% CPU
Optimizing NNI: done in 0.984973 secs using 399% CPU
Optimizing NNI: done in 1.02609 secs using 398.3% CPU
Optimizing NNI: done in 1.08458 secs using 397.2% CPU
Optimizing NNI: done in 1.04586 secs using 398.2% CPU
Optimizing NNI: done in 1.09061 secs using 397.6% CPU
Optimizing NNI: done in 1.0657 secs using 398.1% CPU
Optimizing NNI: done in 1.07546 secs using 398.6% CPU
Iteration 40 / LogL: -99654.738 / Time: 0h:1m:8s (0h:1m:47s left)
Optimizing NNI: done in 0.986212 secs using 398.6% CPU
Optimizing NNI: done in 1.064 secs using 399% CPU
Optimizing NNI: done in 0.872385 secs using 397.9% CPU
Optimizing NNI: done in 0.976277 secs using 397% CPU
Optimizing NNI: done in 0.884882 secs using 397.8% CPU
Optimizing NNI: done in 1.08811 secs using 398.5% CPU
Optimizing NNI: done in 1.0015 secs using 398.3% CPU
Optimizing NNI: done in 1.05808 secs using 398.2% CPU
Optimizing NNI: done in 1.03346 secs using 398.8% CPU
Optimizing NNI: done in 0.95822 secs using 398.7% CPU
Iteration 50 / LogL: -99654.756 / Time: 0h:1m:18s (0h:1m:21s left)
Optimizing NNI: done in 0.950245 secs using 398.2% CPU
Optimizing NNI: done in 1.0978 secs using 398.3% CPU
Optimizing NNI: done in 0.976059 secs using 398.7% CPU
Optimizing NNI: done in 1.13745 secs using 398.1% CPU
Optimizing NNI: done in 0.945944 secs using 398.5% CPU
Optimizing NNI: done in 1.06338 secs using 398.2% CPU
Optimizing NNI: done in 0.90893 secs using 398.2% CPU
Optimizing NNI: done in 1.01631 secs using 397.5% CPU
Optimizing NNI: done in 0.99117 secs using 397.1% CPU
Optimizing NNI: done in 1.01107 secs using 398.2% CPU
Iteration 60 / LogL: -99660.437 / Time: 0h:1m:28s (0h:1m:1s left)
Optimizing NNI: done in 1.0491 secs using 397.5% CPU
Optimizing NNI: done in 0.923109 secs using 397.7% CPU
Optimizing NNI: done in 0.923485 secs using 397.7% CPU
Optimizing NNI: done in 1.07048 secs using 398% CPU
Optimizing NNI: done in 0.927601 secs using 398.7% CPU
Optimizing NNI: done in 1.01317 secs using 398.4% CPU
Optimizing NNI: done in 1.0986 secs using 397.7% CPU
Optimizing NNI: done in 1.11276 secs using 398.5% CPU
Optimizing NNI: done in 1.08023 secs using 398.8% CPU
Optimizing NNI: done in 0.864023 secs using 398.4% CPU
Iteration 70 / LogL: -99654.663 / Time: 0h:1m:38s (0h:0m:44s left)
Optimizing NNI: done in 0.971418 secs using 398.3% CPU
Optimizing NNI: done in 1.04211 secs using 398.2% CPU
Optimizing NNI: done in 1.15533 secs using 398.7% CPU
Optimizing NNI: done in 1.07914 secs using 397.7% CPU
Optimizing NNI: done in 1.00898 secs using 398.9% CPU
Optimizing NNI: done in 1.03865 secs using 398.7% CPU
Optimizing NNI: done in 1.32481 secs using 398.4% CPU
Optimizing NNI: done in 0.972758 secs using 398.3% CPU
Optimizing NNI: done in 0.760389 secs using 397.3% CPU
Optimizing NNI: done in 0.965347 secs using 399% CPU
Iteration 80 / LogL: -99654.747 / Time: 0h:1m:49s (0h:0m:29s left)
Optimizing NNI: done in 0.981961 secs using 398.6% CPU
Optimizing NNI: done in 1.10636 secs using 398.5% CPU
Optimizing NNI: done in 0.989005 secs using 398.7% CPU
Optimizing NNI: done in 1.01952 secs using 398.9% CPU
Optimizing NNI: done in 0.935221 secs using 398.8% CPU
Optimizing NNI: done in 1.02135 secs using 399.1% CPU
Optimizing NNI: done in 1.04023 secs using 398.1% CPU
Optimizing NNI: done in 1.08944 secs using 398.2% CPU
Optimizing NNI: done in 0.980834 secs using 398.8% CPU
Optimizing NNI: done in 1.03547 secs using 397.7% CPU
Iteration 90 / LogL: -99656.161 / Time: 0h:1m:59s (0h:0m:14s left)
Optimizing NNI: done in 1.06 secs using 398.1% CPU
Optimizing NNI: done in 0.970314 secs using 398.7% CPU
Optimizing NNI: done in 1.15778 secs using 398.4% CPU
Optimizing NNI: done in 1.06154 secs using 398.5% CPU
Optimizing NNI: done in 0.996642 secs using 398.4% CPU
Optimizing NNI: done in 0.846329 secs using 398.1% CPU
Optimizing NNI: done in 1.03384 secs using 398.4% CPU
Optimizing NNI: done in 0.938733 secs using 398.1% CPU
Optimizing NNI: done in 1.0421 secs using 398.4% CPU
Optimizing NNI: done in 0.969683 secs using 397.7% CPU
Iteration 100 / LogL: -99654.658 / Time: 0h:2m:9s (0h:0m:1s left)
Optimizing NNI: done in 1.19761 secs using 397.6% CPU
Optimizing NNI: done in 0.950983 secs using 398.4% CPU
TREE SEARCH COMPLETED AFTER 102 ITERATIONS / Time: 0h:2m:11s

--------------------------------------------------------------------
|                    FINALIZING TREE SEARCH                        |
--------------------------------------------------------------------
Performs final model parameters optimization
Estimate model parameters (epsilon = 0.010)
1. Initial log-likelihood: -99654.553
2. Current log-likelihood: -99654.496
3. Current log-likelihood: -99654.459
4. Current log-likelihood: -99654.423
5. Current log-likelihood: -99654.390
6. Current log-likelihood: -99654.359
7. Current log-likelihood: -99654.334
8. Current log-likelihood: -99654.308
9. Current log-likelihood: -99654.290
10. Current log-likelihood: -99654.270
11. Current log-likelihood: -99654.249
12. Current log-likelihood: -99654.232
13. Current log-likelihood: -99654.219
14. Current log-likelihood: -99654.208
Optimal log-likelihood: -99654.197
Rate parameters:  A-C: 1.22851  A-G: 5.64785  A-T: 0.62446  C-G: 1.16544  C-T: 5.64785  G-T: 1.00000
Base frequencies:  A: 0.354  C: 0.197  G: 0.188  T: 0.261
Proportion of invariable sites: 0.208
Site proportion and rates:  (0.273,0.255) (0.342,1.228) (0.168,2.674) (0.009,7.048)
Parameters optimization took 14 rounds (5.143 sec)
BEST SCORE FOUND : -99654.197
Total tree length: 3.719

Total number of iterations: 102
CPU time used for tree search: 395.290 sec (0h:6m:35s)
Wall-clock time used for tree search: 105.203 sec (0h:1m:45s)
Total CPU time used: 484.929 sec (0h:8m:4s)
Total wall-clock time used: 137.150 sec (0h:2m:17s)

Analysis results written to: 
  IQ-TREE report:                /home/aglucaci/AOC-REV3L/results/mammalian_REV3L/mammalian_REV3L.3.codon.fas.iqtree
  Maximum-likelihood tree:       /home/aglucaci/AOC-REV3L/results/mammalian_REV3L/mammalian_REV3L.3.codon.fas.treefile
  Likelihood distances:          /home/aglucaci/AOC-REV3L/results/mammalian_REV3L/mammalian_REV3L.3.codon.fas.mldist
  Screen log file:               /home/aglucaci/AOC-REV3L/results/mammalian_REV3L/mammalian_REV3L.3.codon.fas.log

ALISIM COMMAND
--------------
--alisim simulated_MSA -t /home/aglucaci/AOC-REV3L/results/mammalian_REV3L/mammalian_REV3L.3.codon.fas.treefile -m "TVM{1.22851,5.64785,0.62446,1.16544}+F{0.35366,0.196773,0.188422,0.261145}+I{0.208244}+R4{0.27315,0.254576,0.34197,1.22752,0.167868,2.67411,0.00876734,7.04778}" --length 5706

Date and Time: Tue Oct 11 18:05:20 2022
