IQ-TREE multicore version 2.2.0.3 COVID-edition for Linux 64-bit built May 11 2022
Developed by Bui Quang Minh, James Barbetti, Nguyen Lam Tung,
Olga Chernomor, Heiko Schmidt, Dominik Schrempf, Michael Woodhams, Ly Trong Nhan.

Host:    s033 (AVX512, FMA3, 92 GB RAM)
Command: iqtree -s /gpfs/work/tuk13147/AOC-patch-GARD-3/results/mammalian_REV3L/mammalian_REV3L.8.codon.fas -T 16 -redo
Seed:    243749 (Using SPRNG - Scalable Parallel Random Number Generator)
Time:    Tue Aug  9 13:20:54 2022
Kernel:  AVX+FMA - 16 threads (16 CPU cores detected)

Reading alignment file /gpfs/work/tuk13147/AOC-patch-GARD-3/results/mammalian_REV3L/mammalian_REV3L.8.codon.fas ... Fasta format detected
Reading fasta file: done in 0.0105717 secs using 73.51% CPU
Alignment most likely contains DNA/RNA sequences
Constructing alignment: done in 0.0113536 secs using 1515% CPU
WARNING: 3 sites contain only gaps or ambiguous characters.
Alignment has 150 sequences with 1029 columns, 124 distinct patterns
105 parsimony-informative, 21 singleton sites, 903 constant sites
                                                                                                                                                            Gap/Ambiguity  Composition  p-value
Analyzing sequences: done in 0.000188142 secs using 1166% CPU
   1  NM_011264_3_Mus_musculus_REV3_like_DNA_directed_polymerase_zeta_catalytic_subunit_Rev3l_mRNA_1                                                               87.46%    passed     87.18%
   2  XM_028847034_1_PREDICTED_Macaca_mulatta_REV3_like_DNA_directed_polymerase_zeta_catalytic_subunit_REV3L_transcript_variant_X1_mRNA_1                          87.46%    passed     78.20%
   3  XM_014118216_3_PREDICTED_Canis_lupus_familiaris_REV3_like_DNA_directed_polymerase_zeta_catalytic_subunit_REV3L_transcript_variant_X1_mRNA_1                  87.46%    passed     80.29%
   4  XM_021091238_1_PREDICTED_Sus_scrofa_REV3_like_DNA_directed_polymerase_zeta_catalytic_subunit_REV3L_transcript_variant_X1_mRNA_1                              87.46%    passed     71.52%
   5  NM_001372078_1_Homo_sapiens_REV3_like_DNA_directed_polymerase_zeta_catalytic_subunit_REV3L_transcript_variant_4_mRNA_1                                       87.46%    passed     72.18%
   6  XM_024996589_1_PREDICTED_Bos_taurus_REV3_like_DNA_directed_polymerase_zeta_catalytic_subunit_REV3L_transcript_variant_X1_mRNA_1                              87.46%    passed     53.64%
   7  XM_040758199_1_PREDICTED_Mesocricetus_auratus_REV3_like_DNA_directed_polymerase_zeta_catalytic_subunit_Rev3l_transcript_variant_X1_mRNA_1                    87.76%    passed     72.50%
   8  XM_004753515_2_PREDICTED_Mustela_putorius_furo_REV3_like_polymerase_DNA_directed_zeta_catalytic_subunit_REV3L_transcript_variant_X1_mRNA_1                   87.46%    passed     80.93%
   9  XM_015600069_2_PREDICTED_Pteropus_alecto_REV3_like_DNA_directed_polymerase_zeta_catalytic_subunit_REV3L_transcript_variant_X1_mRNA_1                         87.46%    passed     74.64%
  10  XM_016956167_2_PREDICTED_Pan_troglodytes_REV3_like_DNA_directed_polymerase_zeta_catalytic_subunit_REV3L_transcript_variant_X1_mRNA_1                         87.46%    passed     72.18%
  11  XM_034668992_1_PREDICTED_Ailuropoda_melanoleuca_REV3_like_DNA_directed_polymerase_zeta_catalytic_subunit_REV3L_transcript_variant_X1_mRNA_1                  87.46%    passed     67.17%
  12  XM_006157005_3_PREDICTED_Tupaia_chinensis_REV3_like_DNA_directed_polymerase_zeta_catalytic_subunit_REV3L_transcript_variant_X3_mRNA_1                        87.46%    passed     66.91%
  13  XM_013069186_2_PREDICTED_Heterocephalus_glaber_REV3_like_DNA_directed_polymerase_zeta_catalytic_subunit_Rev3l_transcript_variant_X1_mRNA_1                   87.46%    passed     42.42%
  14  XM_006256524_2_PREDICTED_Rattus_norvegicus_REV3_like_DNA_directed_polymerase_zeta_catalytic_subunit_Rev3l_transcript_variant_X1_mRNA_1                       87.46%    passed     78.76%
  15  XM_005883745_2_PREDICTED_Myotis_brandtii_REV3_like_polymerase_DNA_directed_zeta_catalytic_subunit_REV3L_transcript_variant_X1_mRNA_1                         87.46%    passed     42.80%
  16  XM_008852401_2_PREDICTED_Nannospalax_galili_REV3_like_DNA_directed_polymerase_zeta_catalytic_subunit_Rev3l_transcript_variant_X1_mRNA_1                      87.46%    passed     11.27%
  17  XM_035296530_1_PREDICTED_Callithrix_jacchus_REV3_like_DNA_directed_polymerase_zeta_catalytic_subunit_REV3L_transcript_variant_X1_mRNA_1                      87.46%    passed     48.87%
  18  XM_031964400_1_PREDICTED_Sarcophilus_harrisii_REV3_like_DNA_directed_polymerase_zeta_catalytic_subunit_REV3L_transcript_variant_X1_mRNA_1                    87.46%    passed     71.61%
  19  XM_015448392_1_PREDICTED_Macaca_fascicularis_REV3_like_DNA_directed_polymerase_zeta_catalytic_subunit_REV3L_transcript_variant_X1_mRNA_1                     87.46%    passed     78.20%
  20  XM_023650934_1_PREDICTED_Equus_caballus_REV3_like_DNA_directed_polymerase_zeta_catalytic_subunit_REV3L_transcript_variant_X1_mRNA_1                          87.46%    passed     71.52%
  21  XM_036766364_1_PREDICTED_Trichosurus_vulpecula_REV3_like_DNA_directed_polymerase_zeta_catalytic_subunit_REV3L_transcript_variant_X1_mRNA_1                   87.46%    passed     88.05%
  22  XM_040983897_1_PREDICTED_Ochotona_curzoniae_REV3_like_DNA_directed_polymerase_zeta_catalytic_subunit_REV3L_transcript_variant_X1_mRNA_1                      87.46%    passed     62.23%
  23  XM_008263376_2_PREDICTED_Oryctolagus_cuniculus_REV3_like_DNA_directed_polymerase_zeta_catalytic_subunit_REV3L_transcript_variant_X1_mRNA_1                   87.46%    passed     67.24%
  24  XM_020168699_1_PREDICTED_Castor_canadensis_REV3_like_DNA_directed_polymerase_zeta_catalytic_subunit_Rev3l_mRNA_1                                             87.46%    passed     35.14%
  25  XM_027402162_2_PREDICTED_Cricetulus_griseus_REV3_like_DNA_directed_polymerase_zeta_catalytic_subunit_Rev3l_transcript_variant_X5_mRNA_1                      87.76%    passed     87.29%
  26  XM_027848601_1_PREDICTED_Vombatus_ursinus_REV3_like_DNA_directed_polymerase_zeta_catalytic_subunit_REV3L_transcript_variant_X1_mRNA_1                        87.46%    passed     84.12%
  27  XM_016002785_1_PREDICTED_Peromyscus_maniculatus_bairdii_REV3_like_DNA_directed_polymerase_zeta_catalytic_subunit_Rev3l_transcript_variant_X1_mRNA_1          87.46%    passed     87.92%
  28  XM_007484437_2_PREDICTED_Monodelphis_domestica_REV3_like_DNA_directed_polymerase_zeta_catalytic_subunit_REV3L_transcript_variant_X1_mRNA_1                   87.46%    passed     78.20%
  29  XM_013032823_1_PREDICTED_Dipodomys_ordii_REV3_like_polymerase_DNA_directed_zeta_catalytic_subunit_Rev3l_mRNA_1                                               87.46%    passed     47.17%
  30  XM_029542499_1_PREDICTED_Mus_pahari_REV3_like_DNA_directed_polymerase_zeta_catalytic_subunit_Rev3l_transcript_variant_X1_mRNA_1                              87.46%    passed     72.18%
  31  XM_028768990_1_PREDICTED_Grammomys_surdaster_REV3_like_DNA_directed_polymerase_zeta_catalytic_subunit_Rev3l_mRNA_1                                           87.46%    passed     49.74%
  32  XM_031347764_1_PREDICTED_Mastomys_coucha_REV3_like_DNA_directed_polymerase_zeta_catalytic_subunit_Rev3l_transcript_variant_X1_mRNA_1                         87.76%    passed     91.28%
  33  XM_004660637_2_PREDICTED_Jaculus_jaculus_REV3_like_polymerase_DNA_directed_zeta_catalytic_subunit_Rev3l_transcript_variant_X1_mRNA_1                         87.46%    passed     38.30%
  34  XM_032888520_1_PREDICTED_Rattus_rattus_REV3_like_DNA_directed_polymerase_zeta_catalytic_subunit_Rev3l_mRNA_1                                                 87.46%    passed     89.54%
  35  XM_041654071_1_PREDICTED_Microtus_oregoni_REV3_like_DNA_directed_polymerase_zeta_catalytic_subunit_Rev3l_transcript_variant_X1_mRNA_1                        87.46%    passed     47.91%
  36  XM_004580498_1_PREDICTED_Ochotona_princeps_REV3_like_DNA_directed_polymerase_zeta_catalytic_subunit_REV3L_mRNA_1                                             87.46%    passed     55.56%
  37  XM_034524021_1_PREDICTED_Arvicanthis_niloticus_REV3_like_DNA_directed_polymerase_zeta_catalytic_subunit_Rev3l_mRNA_1                                         87.46%    passed     72.55%
  38  XM_023722299_1_PREDICTED_Octodon_degus_REV3_like_DNA_directed_polymerase_zeta_catalytic_subunit_Rev3l_transcript_variant_X1_mRNA_1                           87.76%    passed     30.26%
  39  XM_010630829_3_PREDICTED_Fukomys_damarensis_REV3_like_DNA_directed_polymerase_zeta_catalytic_subunit_Rev3l_transcript_variant_X1_mRNA_1                      87.46%    passed     46.20%
  40  XM_040283216_1_PREDICTED_Ictidomys_tridecemlineatus_REV3_like_DNA_directed_polymerase_zeta_catalytic_subunit_Rev3l_transcript_variant_X1_mRNA_1              87.46%    passed     35.14%
  41  XM_026395080_1_PREDICTED_Urocitellus_parryii_REV3_like_DNA_directed_polymerase_zeta_catalytic_subunit_Rev3l_mRNA_1                                           87.46%    passed     35.14%
  42  XM_005363542_3_PREDICTED_Microtus_ochrogaster_REV3_like_DNA_directed_polymerase_zeta_catalytic_subunit_Rev3l_transcript_variant_X1_mRNA_1                    87.46%    passed     43.01%
  43  XM_015497401_1_PREDICTED_Marmota_marmota_marmota_REV3_like_DNA_directed_polymerase_zeta_catalytic_subunit_Rev3l_mRNA_1                                       87.46%    passed     35.14%
  44  XM_027057077_1_PREDICTED_Acinonyx_jubatus_REV3_like_DNA_directed_polymerase_zeta_catalytic_subunit_REV3L_transcript_variant_X1_mRNA_1                        87.46%    passed     90.33%
  45  XM_005377901_2_PREDICTED_Chinchilla_lanigera_REV3_like_polymerase_DNA_directed_zeta_catalytic_subunit_Rev3l_transcript_variant_X1_mRNA_1                     87.46%    passed     39.54%
  46  XM_036169236_1_PREDICTED_Onychomys_torridus_REV3_like_DNA_directed_polymerase_zeta_catalytic_subunit_Rev3l_transcript_variant_X1_mRNA_1                      87.76%    passed     57.22%
  47  XM_027928308_2_PREDICTED_Marmota_flaviventris_REV3_like_DNA_directed_polymerase_zeta_catalytic_subunit_Rev3l_mRNA_1                                          87.46%    passed     35.14%
  48  XM_023254263_1_PREDICTED_Felis_catus_REV3_like_DNA_directed_polymerase_zeta_catalytic_subunit_REV3L_transcript_variant_X1_mRNA_1                             87.46%    passed     90.33%
  49  XM_019443107_1_PREDICTED_Panthera_pardus_REV3_like_DNA_directed_polymerase_zeta_catalytic_subunit_REV3L_transcript_variant_X1_mRNA_1                         87.46%    passed     90.33%
  50  XM_025444797_2_PREDICTED_Canis_lupus_dingo_REV3_like_DNA_directed_polymerase_zeta_catalytic_subunit_REV3L_transcript_variant_X1_mRNA_1                       87.46%    passed     80.29%
  51  XM_026511625_1_PREDICTED_Ursus_arctos_horribilis_REV3_like_DNA_directed_polymerase_zeta_catalytic_subunit_REV3L_transcript_variant_X1_mRNA_1                 87.46%    passed     73.66%
  52  XM_030316171_1_PREDICTED_Lynx_canadensis_REV3_like_DNA_directed_polymerase_zeta_catalytic_subunit_REV3L_transcript_variant_X2_mRNA_1                         87.46%    passed     90.33%
  53  XM_040474393_1_PREDICTED_Puma_yagouaroundi_REV3_like_DNA_directed_polymerase_zeta_catalytic_subunit_REV3L_transcript_variant_X1_mRNA_1                       87.46%    passed     90.33%
  54  XM_004406717_2_PREDICTED_Odobenus_rosmarus_divergens_REV3_like_polymerase_DNA_directed_zeta_catalytic_subunit_REV3L_mRNA_1                                   87.46%    passed     80.29%
  55  XM_025925204_1_PREDICTED_Puma_concolor_REV3_like_DNA_directed_polymerase_zeta_catalytic_subunit_REV3L_mRNA_1                                                 87.46%    passed     90.33%
  56  XM_032858328_1_PREDICTED_Lontra_canadensis_REV3_like_DNA_directed_polymerase_zeta_catalytic_subunit_REV3L_transcript_variant_X1_mRNA_1                       87.46%    passed     73.66%
  57  XM_032337983_1_PREDICTED_Mustela_erminea_REV3_like_DNA_directed_polymerase_zeta_catalytic_subunit_REV3L_transcript_variant_X1_mRNA_1                         87.46%    passed     80.93%
  58  XM_039252205_1_PREDICTED_Hyaena_hyaena_REV3_like_DNA_directed_polymerase_zeta_catalytic_subunit_REV3L_mRNA_1                                                 87.46%    passed     89.00%
  59  XM_007078726_2_PREDICTED_Panthera_tigris_altaica_REV3_like_DNA_directed_polymerase_zeta_catalytic_subunit_REV3L_transcript_variant_X1_mRNA_1                 87.46%    passed     90.33%
  60  XM_029945420_1_PREDICTED_Suricata_suricatta_REV3_like_DNA_directed_polymerase_zeta_catalytic_subunit_REV3L_transcript_variant_X1_mRNA_1                      87.46%    passed     94.66%
  61  XM_041738555_1_PREDICTED_Vulpes_lagopus_REV3_like_DNA_directed_polymerase_zeta_catalytic_subunit_REV3L_transcript_variant_X1_mRNA_1                          87.46%    passed     80.29%
  62  XM_026005811_1_PREDICTED_Vulpes_vulpes_REV3_like_DNA_directed_polymerase_zeta_catalytic_subunit_REV3L_transcript_variant_X1_mRNA_1                           87.46%    passed     80.29%
  63  XM_021693690_1_PREDICTED_Neomonachus_schauinslandi_REV3_like_DNA_directed_polymerase_zeta_catalytic_subunit_REV3L_mRNA_1                                     87.46%    passed     76.95%
  64  XM_025864219_1_PREDICTED_Callorhinus_ursinus_REV3_like_DNA_directed_polymerase_zeta_catalytic_subunit_REV3L_transcript_variant_X1_mRNA_1                     87.46%    passed     80.29%
  65  XM_028104162_1_PREDICTED_Eumetopias_jubatus_REV3_like_DNA_directed_polymerase_zeta_catalytic_subunit_REV3L_transcript_variant_X1_mRNA_1                      87.46%    passed     80.29%
  66  XM_027601333_2_PREDICTED_Zalophus_californianus_REV3_like_DNA_directed_polymerase_zeta_catalytic_subunit_REV3L_transcript_variant_X1_mRNA_1                  87.46%    passed     80.29%
  67  XM_020890382_1_PREDICTED_Odocoileus_virginianus_texanus_REV3_like_DNA_directed_polymerase_zeta_catalytic_subunit_REV3L_transcript_variant_X1_mRNA_1          87.46%    passed     84.24%
  68  XM_010856597_1_PREDICTED_Bison_bison_bison_REV3_like_polymerase_DNA_directed_zeta_catalytic_subunit_REV3L_transcript_variant_X1_mRNA_1                       87.46%    passed     53.64%
  69  XM_027551194_1_PREDICTED_Bos_indicus_x_Bos_taurus_REV3_like_DNA_directed_polymerase_zeta_catalytic_subunit_REV3L_transcript_variant_X1_mRNA_1                87.46%    passed     53.64%
  70  XM_005890218_2_PREDICTED_Bos_mutus_REV3_like_polymerase_DNA_directed_zeta_catalytic_subunit_REV3L_mRNA_1                                                     87.46%    passed     53.64%
  71  XM_019967201_1_PREDICTED_Bos_indicus_REV3_like_DNA_directed_polymerase_zeta_catalytic_subunit_REV3L_transcript_variant_X1_mRNA_1                             87.46%    passed     53.64%
  72  XM_025295021_1_PREDICTED_Bubalus_bubalis_REV3_like_DNA_directed_polymerase_zeta_catalytic_subunit_REV3L_transcript_variant_X1_mRNA_1                         87.46%    passed     53.64%
  73  XM_006735481_2_PREDICTED_Leptonychotes_weddellii_REV3_like_DNA_directed_polymerase_zeta_catalytic_subunit_REV3L_mRNA_1                                       87.46%    passed     73.66%
  74  XM_032408054_1_PREDICTED_Phoca_vitulina_REV3_like_DNA_directed_polymerase_zeta_catalytic_subunit_REV3L_transcript_variant_X5_mRNA_1                          87.46%    passed     73.66%
  75  XM_040627642_1_PREDICTED_Ursus_maritimus_REV3_like_DNA_directed_polymerase_zeta_catalytic_subunit_REV3L_mRNA_1                                               87.46%    passed     73.66%
  76  XM_031680135_1_PREDICTED_Vicugna_pacos_REV3_like_DNA_directed_polymerase_zeta_catalytic_subunit_REV3L_transcript_variant_X1_mRNA_1                           87.46%    passed     64.02%
  77  XM_032484707_1_PREDICTED_Camelus_ferus_REV3_like_DNA_directed_polymerase_zeta_catalytic_subunit_REV3L_transcript_variant_X1_mRNA_1                           87.46%    passed     65.00%
  78  XM_034991838_1_PREDICTED_Mirounga_leonina_REV3_like_DNA_directed_polymerase_zeta_catalytic_subunit_REV3L_transcript_variant_X1_mRNA_1                        87.46%    passed     73.66%
  79  XM_027972360_2_PREDICTED_Ovis_aries_REV3_like_DNA_directed_polymerase_zeta_catalytic_subunit_REV3L_transcript_variant_X1_mRNA_1                              87.46%    passed     74.25%
  80  XM_040238480_1_PREDICTED_Oryx_dammah_REV3_like_DNA_directed_polymerase_zeta_catalytic_subunit_REV3L_transcript_variant_X1_mRNA_1                             87.46%    passed     67.17%
  81  XM_007190708_2_PREDICTED_Balaenoptera_acutorostrata_scammoni_REV3_like_DNA_directed_polymerase_zeta_catalytic_subunit_REV3L_transcript_variant_X1_mRNA_1     87.46%    passed     71.52%
  82  XM_018053060_1_PREDICTED_Capra_hircus_REV3_like_DNA_directed_polymerase_zeta_catalytic_subunit_REV3L_transcript_variant_X1_mRNA_1                            87.46%    passed     67.17%
  83  XM_031456165_1_PREDICTED_Camelus_dromedarius_REV3_like_DNA_directed_polymerase_zeta_catalytic_subunit_REV3L_transcript_variant_X1_mRNA_1                     87.46%    passed     65.00%
  84  XM_024740937_1_PREDICTED_Neophocaena_asiaeorientalis_asiaeorientalis_REV3_like_DNA_directed_polymerase_zeta_catalytic_subunit_REV3L_mRNA_1                   87.46%    passed     63.76%
  85  XM_033418640_1_PREDICTED_Orcinus_orca_REV3_like_DNA_directed_polymerase_zeta_catalytic_subunit_REV3L_transcript_variant_X1_mRNA_1                            87.46%    passed     63.76%
  86  XM_019929582_1_PREDICTED_Tursiops_truncatus_REV3_like_DNA_directed_polymerase_zeta_catalytic_subunit_REV3L_transcript_variant_X1_mRNA_1                      87.46%    passed     71.52%
  87  XM_027088475_1_PREDICTED_Lagenorhynchus_obliquidens_REV3_like_DNA_directed_polymerase_zeta_catalytic_subunit_REV3L_transcript_variant_X1_mRNA_1              87.46%    passed     63.76%
  88  XM_030882819_1_PREDICTED_Globicephala_melas_REV3_like_DNA_directed_polymerase_zeta_catalytic_subunit_REV3L_transcript_variant_X1_mRNA_1                      87.46%    passed     71.52%
  89  XM_010965426_1_PREDICTED_Camelus_bactrianus_REV3_like_polymerase_DNA_directed_zeta_catalytic_subunit_REV3L_mRNA_1                                            87.46%    passed     65.00%
  90  XM_007451747_1_PREDICTED_Lipotes_vexillifer_REV3_like_polymerase_DNA_directed_zeta_catalytic_subunit_REV3L_transcript_variant_X1_mRNA_1                      87.46%    passed     71.52%
  91  XM_036871281_1_PREDICTED_Balaenoptera_musculus_REV3_like_DNA_directed_polymerase_zeta_catalytic_subunit_REV3L_transcript_variant_X1_mRNA_1                   87.46%    passed     71.52%
  92  XM_007528140_2_PREDICTED_Erinaceus_europaeus_REV3_like_DNA_directed_polymerase_zeta_catalytic_subunit_REV3L_mRNA_1                                           87.46%    passed     78.20%
  93  XM_022554510_2_PREDICTED_Delphinapterus_leucas_REV3_like_DNA_directed_polymerase_zeta_catalytic_subunit_REV3L_transcript_variant_X1_mRNA_1                   87.46%    passed     63.76%
  94  XM_012722936_1_PREDICTED_Condylura_cristata_REV3_like_polymerase_DNA_directed_zeta_catalytic_subunit_REV3L_transcript_variant_X1_mRNA_1                      87.46%    passed     72.18%
  95  XM_037520237_1_PREDICTED_Talpa_occidentalis_REV3_like_DNA_directed_polymerase_zeta_catalytic_subunit_REV3L_transcript_variant_X2_mRNA_1                      87.46%    passed     63.76%
  96  XM_011364805_2_PREDICTED_Pteropus_vampyrus_REV3_like_DNA_directed_polymerase_zeta_catalytic_subunit_REV3L_transcript_variant_X1_mRNA_1                       87.46%    passed     67.24%
  97  XM_004605780_2_PREDICTED_Sorex_araneus_REV3_like_polymerase_DNA_directed_zeta_catalytic_subunit_REV3L_mRNA_1                                                 87.46%    passed     47.17%
  98  XM_024115547_2_PREDICTED_Physeter_catodon_REV3_like_DNA_directed_polymerase_zeta_catalytic_subunit_REV3L_transcript_variant_X1_mRNA_1                        87.46%    passed     71.52%
  99  XM_037065055_1_PREDICTED_Sturnira_hondurensis_REV3_like_DNA_directed_polymerase_zeta_catalytic_subunit_REV3L_transcript_variant_X1_mRNA_1                    87.76%    passed     86.71%
 100  XM_037159015_1_PREDICTED_Artibeus_jamaicensis_REV3_like_DNA_directed_polymerase_zeta_catalytic_subunit_REV3L_transcript_variant_X1_mRNA_1                    87.76%    passed     86.34%
 101  XM_024551816_1_PREDICTED_Desmodus_rotundus_REV3_like_DNA_directed_polymerase_zeta_catalytic_subunit_REV3L_mRNA_1                                             87.46%    passed     89.00%
 102  XM_033102881_1_PREDICTED_Rhinolophus_ferrumequinum_REV3_like_DNA_directed_polymerase_zeta_catalytic_subunit_REV3L_transcript_variant_X1_mRNA_1               87.46%    passed     63.76%
 103  XM_016217489_1_PREDICTED_Miniopterus_natalensis_REV3_like_DNA_directed_polymerase_zeta_catalytic_subunit_REV3L_transcript_variant_X5_mRNA_1                  87.46%    passed     71.52%
 104  XM_019646344_1_PREDICTED_Hipposideros_armiger_REV3_like_DNA_directed_polymerase_zeta_catalytic_subunit_REV3L_mRNA_1                                          87.46%    passed     74.64%
 105  XM_016136994_2_PREDICTED_Rousettus_aegyptiacus_REV3_like_DNA_directed_polymerase_zeta_catalytic_subunit_REV3L_transcript_variant_X1_mRNA_1                   87.46%    passed     72.18%
 106  XM_036024572_1_PREDICTED_Phyllostomus_discolor_REV3_like_DNA_directed_polymerase_zeta_catalytic_subunit_REV3L_transcript_variant_X1_mRNA_1                   87.46%    passed     89.54%
 107  XM_032650682_1_PREDICTED_Phocoena_sinus_REV3_like_DNA_directed_polymerase_zeta_catalytic_subunit_REV3L_transcript_variant_X1_mRNA_1                          87.46%    passed     63.76%
 108  XM_029223581_1_PREDICTED_Monodon_monoceros_REV3_like_DNA_directed_polymerase_zeta_catalytic_subunit_REV3L_transcript_variant_X1_mRNA_1                       87.46%    passed     63.76%
 109  XM_036414528_1_PREDICTED_Pipistrellus_kuhlii_REV3_like_DNA_directed_polymerase_zeta_catalytic_subunit_REV3L_transcript_variant_X1_mRNA_1                     87.46%    passed     44.78%
 110  XM_028140115_1_PREDICTED_Eptesicus_fuscus_REV3_like_DNA_directed_polymerase_zeta_catalytic_subunit_REV3L_transcript_variant_X1_mRNA_1                        88.34%    passed     58.77%
 111  XM_015561632_1_PREDICTED_Myotis_davidii_REV3_like_DNA_directed_polymerase_zeta_catalytic_subunit_REV3L_transcript_variant_X1_mRNA_1                          87.46%    passed     42.80%
 112  XM_036318154_1_PREDICTED_Myotis_myotis_REV3_like_DNA_directed_polymerase_zeta_catalytic_subunit_REV3L_transcript_variant_X1_mRNA_1                           87.46%    passed     42.80%
 113  XM_023750109_1_PREDICTED_Myotis_lucifugus_REV3_like_DNA_directed_polymerase_zeta_catalytic_subunit_REV3L_transcript_variant_X1_mRNA_1                        87.46%    passed     53.64%
 114  XM_008584529_1_PREDICTED_Galeopterus_variegatus_REV3_like_polymerase_DNA_directed_zeta_catalytic_subunit_REV3L_mRNA_1                                        87.46%    passed     74.64%
 115  XM_014866179_1_PREDICTED_Equus_asinus_REV3_like_DNA_directed_polymerase_zeta_catalytic_subunit_REV3L_transcript_variant_X1_mRNA_1                            87.46%    passed     71.52%
 116  XM_036902980_1_PREDICTED_Manis_pentadactyla_REV3_like_DNA_directed_polymerase_zeta_catalytic_subunit_REV3L_transcript_variant_X1_mRNA_1                      87.46%    passed     95.51%
 117  XM_037012273_1_PREDICTED_Manis_javanica_REV3_like_DNA_directed_polymerase_zeta_catalytic_subunit_REV3L_mRNA_1                                                 0.58%    failed      0.00%
 118  XM_031667490_1_PREDICTED_Papio_anubis_REV3_like_DNA_directed_polymerase_zeta_catalytic_subunit_REV3L_transcript_variant_X1_mRNA_1                            87.46%    passed     78.20%
 119  XM_025381340_1_PREDICTED_Theropithecus_gelada_REV3_like_DNA_directed_polymerase_zeta_catalytic_subunit_REV3L_transcript_variant_X1_mRNA_1                    87.46%    passed     78.20%
 120  XM_008007323_2_PREDICTED_Chlorocebus_sabaeus_REV3_like_DNA_directed_polymerase_zeta_catalytic_subunit_REV3L_transcript_variant_X1_mRNA_1                     87.46%    passed     78.20%
 121  XM_011758974_1_PREDICTED_Macaca_nemestrina_REV3_like_DNA_directed_polymerase_zeta_catalytic_subunit_REV3L_transcript_variant_X1_mRNA_1                       87.46%    passed     78.20%
 122  XM_010371650_2_PREDICTED_Rhinopithecus_roxellana_REV3_like_DNA_directed_polymerase_zeta_catalytic_subunit_REV3L_transcript_variant_X1_mRNA_1                 87.46%    passed     72.18%
 123  XM_026456416_1_PREDICTED_Piliocolobus_tephrosceles_REV3_like_DNA_directed_polymerase_zeta_catalytic_subunit_REV3L_transcript_variant_X1_mRNA_1               87.46%    passed     72.18%
 124  XM_031011917_1_PREDICTED_Gorilla_gorilla_gorilla_REV3_like_DNA_directed_polymerase_zeta_catalytic_subunit_REV3L_transcript_variant_X2_mRNA_1                 87.46%    passed     72.18%
 125  XM_033234306_1_PREDICTED_Trachypithecus_francoisi_REV3_like_DNA_directed_polymerase_zeta_catalytic_subunit_REV3L_transcript_variant_X1_mRNA_1                87.46%    passed     72.18%
 126  XM_036247698_1_PREDICTED_Molossus_molossus_REV3_like_DNA_directed_polymerase_zeta_catalytic_subunit_REV3L_transcript_variant_X1_mRNA_1                       87.46%    passed     67.17%
 127  XM_011935019_1_PREDICTED_Colobus_angolensis_palliatus_REV3_like_polymerase_DNA_directed_zeta_catalytic_subunit_REV3L_transcript_variant_X1_mRNA_1            87.46%    passed     72.18%
 128  XM_008975749_3_PREDICTED_Pan_paniscus_REV3_like_DNA_directed_polymerase_zeta_catalytic_subunit_REV3L_transcript_variant_X1_mRNA_1                            87.46%    passed     72.18%
 129  XM_011970618_1_PREDICTED_Mandrillus_leucophaeus_REV3_like_polymerase_DNA_directed_zeta_catalytic_subunit_REV3L_transcript_variant_X1_mRNA_1                  87.46%    passed     78.20%
 130  XM_024248979_1_PREDICTED_Pongo_abelii_REV3_like_DNA_directed_polymerase_zeta_catalytic_subunit_REV3L_transcript_variant_X1_mRNA_1                            87.46%    passed     78.20%
 131  XM_030809566_1_PREDICTED_Nomascus_leucogenys_REV3_like_DNA_directed_polymerase_zeta_catalytic_subunit_REV3L_transcript_variant_X1_mRNA_1                     87.46%    passed     72.18%
 132  XM_032156758_1_PREDICTED_Hylobates_moloch_REV3_like_DNA_directed_polymerase_zeta_catalytic_subunit_REV3L_transcript_variant_X1_mRNA_1                        87.46%    passed     78.20%
 133  XM_039464970_1_PREDICTED_Saimiri_boliviensis_boliviensis_REV3_like_DNA_directed_polymerase_zeta_catalytic_subunit_REV3L_mRNA_1                               87.46%    passed     53.69%
 134  XM_032275008_1_PREDICTED_Sapajus_apella_REV3_like_DNA_directed_polymerase_zeta_catalytic_subunit_REV3L_transcript_variant_X1_mRNA_1                          87.46%    passed     53.69%
 135  XM_012438367_2_PREDICTED_Aotus_nancymaae_REV3_like_DNA_directed_polymerase_zeta_catalytic_subunit_REV3L_transcript_variant_X1_mRNA_1                         87.46%    passed     40.21%
 136  XM_008058987_1_PREDICTED_Carlito_syrichta_REV3_like_DNA_directed_polymerase_zeta_catalytic_subunit_REV3L_transcript_variant_X1_mRNA_1                        87.46%    passed     80.89%
 137  XM_012642842_1_PREDICTED_Propithecus_coquereli_REV3_like_polymerase_DNA_directed_zeta_catalytic_subunit_REV3L_mRNA_1                                         87.46%    passed     53.69%
 138  XM_012753062_2_PREDICTED_Microcebus_murinus_REV3_like_DNA_directed_polymerase_zeta_catalytic_subunit_REV3L_transcript_variant_X1_mRNA_1                      87.46%    passed     49.74%
 139  XM_023512479_1_PREDICTED_Otolemur_garnettii_REV3_like_DNA_directed_polymerase_zeta_catalytic_subunit_REV3L_mRNA_1                                            87.46%    passed     63.76%
 140  XM_007940793_1_PREDICTED_Orycteropus_afer_afer_REV3_like_DNA_directed_polymerase_zeta_catalytic_subunit_REV3L_mRNA_1                                         87.46%    passed     53.64%
 141  XM_004702008_2_PREDICTED_Echinops_telfairi_REV3_like_DNA_directed_polymerase_zeta_catalytic_subunit_REV3L_mRNA_1                                             87.46%    passed     58.01%
 142  XM_006839926_1_PREDICTED_Chrysochloris_asiatica_REV3_like_polymerase_DNA_directed_zeta_catalytic_subunit_REV3L_mRNA_1                                        87.46%    passed     62.23%
 143  XM_010598962_2_PREDICTED_Loxodonta_africana_REV3_like_DNA_directed_polymerase_zeta_catalytic_subunit_REV3L_transcript_variant_X1_mRNA_1                      87.46%    passed     80.29%
 144  XM_037843746_1_PREDICTED_Choloepus_didactylus_REV3_like_DNA_directed_polymerase_zeta_catalytic_subunit_REV3L_transcript_variant_X1_mRNA_1                    87.46%    passed     67.24%
 145  XM_023589592_1_PREDICTED_Dasypus_novemcinctus_REV3_like_DNA_directed_polymerase_zeta_catalytic_subunit_REV3L_mRNA_1                                          87.46%    passed     47.64%
 146  XM_029047173_2_PREDICTED_Ornithorhynchus_anatinus_REV3_like_DNA_directed_polymerase_zeta_catalytic_subunit_REV3L_transcript_variant_X1_mRNA_1                87.46%    passed     90.95%
 147  XM_038761479_1_PREDICTED_Tachyglossus_aculeatus_REV3_like_DNA_directed_polymerase_zeta_catalytic_subunit_REV3L_mRNA_1                                        87.46%    passed     96.56%
 148  XM_022520135_1_PREDICTED_Enhydra_lutris_kenyoni_REV3_like_DNA_directed_polymerase_zeta_catalytic_subunit_LOC111158218_transcript_variant_X1_mRNA_1           87.46%    passed     67.17%
 149  XM_014781164_1_PREDICTED_Ceratotherium_simum_simum_REV3_like_DNA_directed_polymerase_zeta_catalytic_subunit_LOC101399622_transcript_variant_X1_mRNA_1        87.46%    passed     80.29%
 150  XM_004372470_3_PREDICTED_Trichechus_manatus_latirostris_REV3_like_DNA_directed_polymerase_zeta_catalytic_subunit_LOC101361167_transcript_variant_X1_mRNA_1   87.46%    passed     63.76%
WARNING: 149 sequences contain more than 50% gaps/ambiguity
****  TOTAL                                                                                                                                                        86.90%  1 sequences failed composition chi2 test (p-value<5%; df=3)
NOTE: XM_015448392_1_PREDICTED_Macaca_fascicularis_REV3_like_DNA_directed_polymerase_zeta_catalytic_subunit_REV3L_transcript_variant_X1_mRNA_1 is identical to XM_028847034_1_PREDICTED_Macaca_mulatta_REV3_like_DNA_directed_polymerase_zeta_catalytic_subunit_REV3L_transcript_variant_X1_mRNA_1 but kept for subsequent analysis
NOTE: XM_025444797_2_PREDICTED_Canis_lupus_dingo_REV3_like_DNA_directed_polymerase_zeta_catalytic_subunit_REV3L_transcript_variant_X1_mRNA_1 is identical to XM_014118216_3_PREDICTED_Canis_lupus_familiaris_REV3_like_DNA_directed_polymerase_zeta_catalytic_subunit_REV3L_transcript_variant_X1_mRNA_1 but kept for subsequent analysis
NOTE: XM_023650934_1_PREDICTED_Equus_caballus_REV3_like_DNA_directed_polymerase_zeta_catalytic_subunit_REV3L_transcript_variant_X1_mRNA_1 is identical to XM_021091238_1_PREDICTED_Sus_scrofa_REV3_like_DNA_directed_polymerase_zeta_catalytic_subunit_REV3L_transcript_variant_X1_mRNA_1 but kept for subsequent analysis
NOTE: XM_016956167_2_PREDICTED_Pan_troglodytes_REV3_like_DNA_directed_polymerase_zeta_catalytic_subunit_REV3L_transcript_variant_X1_mRNA_1 is identical to NM_001372078_1_Homo_sapiens_REV3_like_DNA_directed_polymerase_zeta_catalytic_subunit_REV3L_transcript_variant_4_mRNA_1 but kept for subsequent analysis
NOTE: XM_010856597_1_PREDICTED_Bison_bison_bison_REV3_like_polymerase_DNA_directed_zeta_catalytic_subunit_REV3L_transcript_variant_X1_mRNA_1 is identical to XM_024996589_1_PREDICTED_Bos_taurus_REV3_like_DNA_directed_polymerase_zeta_catalytic_subunit_REV3L_transcript_variant_X1_mRNA_1 but kept for subsequent analysis
NOTE: XM_032337983_1_PREDICTED_Mustela_erminea_REV3_like_DNA_directed_polymerase_zeta_catalytic_subunit_REV3L_transcript_variant_X1_mRNA_1 is identical to XM_004753515_2_PREDICTED_Mustela_putorius_furo_REV3_like_polymerase_DNA_directed_zeta_catalytic_subunit_REV3L_transcript_variant_X1_mRNA_1 but kept for subsequent analysis
NOTE: XM_015561632_1_PREDICTED_Myotis_davidii_REV3_like_DNA_directed_polymerase_zeta_catalytic_subunit_REV3L_transcript_variant_X1_mRNA_1 is identical to XM_005883745_2_PREDICTED_Myotis_brandtii_REV3_like_polymerase_DNA_directed_zeta_catalytic_subunit_REV3L_transcript_variant_X1_mRNA_1 but kept for subsequent analysis
NOTE: XM_026395080_1_PREDICTED_Urocitellus_parryii_REV3_like_DNA_directed_polymerase_zeta_catalytic_subunit_Rev3l_mRNA_1 is identical to XM_040283216_1_PREDICTED_Ictidomys_tridecemlineatus_REV3_like_DNA_directed_polymerase_zeta_catalytic_subunit_Rev3l_transcript_variant_X1_mRNA_1 but kept for subsequent analysis
NOTE: XM_023254263_1_PREDICTED_Felis_catus_REV3_like_DNA_directed_polymerase_zeta_catalytic_subunit_REV3L_transcript_variant_X1_mRNA_1 is identical to XM_027057077_1_PREDICTED_Acinonyx_jubatus_REV3_like_DNA_directed_polymerase_zeta_catalytic_subunit_REV3L_transcript_variant_X1_mRNA_1 but kept for subsequent analysis
NOTE: XM_006735481_2_PREDICTED_Leptonychotes_weddellii_REV3_like_DNA_directed_polymerase_zeta_catalytic_subunit_REV3L_mRNA_1 is identical to XM_026511625_1_PREDICTED_Ursus_arctos_horribilis_REV3_like_DNA_directed_polymerase_zeta_catalytic_subunit_REV3L_transcript_variant_X1_mRNA_1 but kept for subsequent analysis
NOTE: XM_025864219_1_PREDICTED_Callorhinus_ursinus_REV3_like_DNA_directed_polymerase_zeta_catalytic_subunit_REV3L_transcript_variant_X1_mRNA_1 is identical to XM_004406717_2_PREDICTED_Odobenus_rosmarus_divergens_REV3_like_polymerase_DNA_directed_zeta_catalytic_subunit_REV3L_mRNA_1 but kept for subsequent analysis
NOTE: XM_031456165_1_PREDICTED_Camelus_dromedarius_REV3_like_DNA_directed_polymerase_zeta_catalytic_subunit_REV3L_transcript_variant_X1_mRNA_1 is identical to XM_032484707_1_PREDICTED_Camelus_ferus_REV3_like_DNA_directed_polymerase_zeta_catalytic_subunit_REV3L_transcript_variant_X1_mRNA_1 but kept for subsequent analysis
NOTE: XM_018053060_1_PREDICTED_Capra_hircus_REV3_like_DNA_directed_polymerase_zeta_catalytic_subunit_REV3L_transcript_variant_X1_mRNA_1 is identical to XM_040238480_1_PREDICTED_Oryx_dammah_REV3_like_DNA_directed_polymerase_zeta_catalytic_subunit_REV3L_transcript_variant_X1_mRNA_1 but kept for subsequent analysis
NOTE: XM_022554510_2_PREDICTED_Delphinapterus_leucas_REV3_like_DNA_directed_polymerase_zeta_catalytic_subunit_REV3L_transcript_variant_X1_mRNA_1 is identical to XM_024740937_1_PREDICTED_Neophocaena_asiaeorientalis_asiaeorientalis_REV3_like_DNA_directed_polymerase_zeta_catalytic_subunit_REV3L_mRNA_1 but kept for subsequent analysis
NOTE: XM_027088475_1_PREDICTED_Lagenorhynchus_obliquidens_REV3_like_DNA_directed_polymerase_zeta_catalytic_subunit_REV3L_transcript_variant_X1_mRNA_1 is identical to XM_033418640_1_PREDICTED_Orcinus_orca_REV3_like_DNA_directed_polymerase_zeta_catalytic_subunit_REV3L_transcript_variant_X1_mRNA_1 but kept for subsequent analysis
NOTE: XM_030882819_1_PREDICTED_Globicephala_melas_REV3_like_DNA_directed_polymerase_zeta_catalytic_subunit_REV3L_transcript_variant_X1_mRNA_1 is identical to XM_019929582_1_PREDICTED_Tursiops_truncatus_REV3_like_DNA_directed_polymerase_zeta_catalytic_subunit_REV3L_transcript_variant_X1_mRNA_1 but kept for subsequent analysis
NOTE: XM_032275008_1_PREDICTED_Sapajus_apella_REV3_like_DNA_directed_polymerase_zeta_catalytic_subunit_REV3L_transcript_variant_X1_mRNA_1 is identical to XM_039464970_1_PREDICTED_Saimiri_boliviensis_boliviensis_REV3_like_DNA_directed_polymerase_zeta_catalytic_subunit_REV3L_mRNA_1 but kept for subsequent analysis
Checking for duplicate sequences: done in 0.00333654 secs using 1424% CPU
Identifying sites to remove: done in 0.00304483 secs using 1564% CPU
NOTE: 41 identical sequences (see below) will be ignored for subsequent analysis
NOTE: XM_031667490_1_PREDICTED_Papio_anubis_REV3_like_DNA_directed_polymerase_zeta_catalytic_subunit_REV3L_transcript_variant_X1_mRNA_1 (identical to XM_028847034_1_PREDICTED_Macaca_mulatta_REV3_like_DNA_directed_polymerase_zeta_catalytic_subunit_REV3L_transcript_variant_X1_mRNA_1) is ignored but added at the end
NOTE: XM_025381340_1_PREDICTED_Theropithecus_gelada_REV3_like_DNA_directed_polymerase_zeta_catalytic_subunit_REV3L_transcript_variant_X1_mRNA_1 (identical to XM_028847034_1_PREDICTED_Macaca_mulatta_REV3_like_DNA_directed_polymerase_zeta_catalytic_subunit_REV3L_transcript_variant_X1_mRNA_1) is ignored but added at the end
NOTE: XM_008007323_2_PREDICTED_Chlorocebus_sabaeus_REV3_like_DNA_directed_polymerase_zeta_catalytic_subunit_REV3L_transcript_variant_X1_mRNA_1 (identical to XM_028847034_1_PREDICTED_Macaca_mulatta_REV3_like_DNA_directed_polymerase_zeta_catalytic_subunit_REV3L_transcript_variant_X1_mRNA_1) is ignored but added at the end
NOTE: XM_011758974_1_PREDICTED_Macaca_nemestrina_REV3_like_DNA_directed_polymerase_zeta_catalytic_subunit_REV3L_transcript_variant_X1_mRNA_1 (identical to XM_028847034_1_PREDICTED_Macaca_mulatta_REV3_like_DNA_directed_polymerase_zeta_catalytic_subunit_REV3L_transcript_variant_X1_mRNA_1) is ignored but added at the end
NOTE: XM_011970618_1_PREDICTED_Mandrillus_leucophaeus_REV3_like_polymerase_DNA_directed_zeta_catalytic_subunit_REV3L_transcript_variant_X1_mRNA_1 (identical to XM_028847034_1_PREDICTED_Macaca_mulatta_REV3_like_DNA_directed_polymerase_zeta_catalytic_subunit_REV3L_transcript_variant_X1_mRNA_1) is ignored but added at the end
NOTE: XM_024248979_1_PREDICTED_Pongo_abelii_REV3_like_DNA_directed_polymerase_zeta_catalytic_subunit_REV3L_transcript_variant_X1_mRNA_1 (identical to XM_028847034_1_PREDICTED_Macaca_mulatta_REV3_like_DNA_directed_polymerase_zeta_catalytic_subunit_REV3L_transcript_variant_X1_mRNA_1) is ignored but added at the end
NOTE: XM_032156758_1_PREDICTED_Hylobates_moloch_REV3_like_DNA_directed_polymerase_zeta_catalytic_subunit_REV3L_transcript_variant_X1_mRNA_1 (identical to XM_028847034_1_PREDICTED_Macaca_mulatta_REV3_like_DNA_directed_polymerase_zeta_catalytic_subunit_REV3L_transcript_variant_X1_mRNA_1) is ignored but added at the end
NOTE: XM_041738555_1_PREDICTED_Vulpes_lagopus_REV3_like_DNA_directed_polymerase_zeta_catalytic_subunit_REV3L_transcript_variant_X1_mRNA_1 (identical to XM_014118216_3_PREDICTED_Canis_lupus_familiaris_REV3_like_DNA_directed_polymerase_zeta_catalytic_subunit_REV3L_transcript_variant_X1_mRNA_1) is ignored but added at the end
NOTE: XM_026005811_1_PREDICTED_Vulpes_vulpes_REV3_like_DNA_directed_polymerase_zeta_catalytic_subunit_REV3L_transcript_variant_X1_mRNA_1 (identical to XM_014118216_3_PREDICTED_Canis_lupus_familiaris_REV3_like_DNA_directed_polymerase_zeta_catalytic_subunit_REV3L_transcript_variant_X1_mRNA_1) is ignored but added at the end
NOTE: XM_007190708_2_PREDICTED_Balaenoptera_acutorostrata_scammoni_REV3_like_DNA_directed_polymerase_zeta_catalytic_subunit_REV3L_transcript_variant_X1_mRNA_1 (identical to XM_021091238_1_PREDICTED_Sus_scrofa_REV3_like_DNA_directed_polymerase_zeta_catalytic_subunit_REV3L_transcript_variant_X1_mRNA_1) is ignored but added at the end
NOTE: XM_007451747_1_PREDICTED_Lipotes_vexillifer_REV3_like_polymerase_DNA_directed_zeta_catalytic_subunit_REV3L_transcript_variant_X1_mRNA_1 (identical to XM_021091238_1_PREDICTED_Sus_scrofa_REV3_like_DNA_directed_polymerase_zeta_catalytic_subunit_REV3L_transcript_variant_X1_mRNA_1) is ignored but added at the end
NOTE: XM_036871281_1_PREDICTED_Balaenoptera_musculus_REV3_like_DNA_directed_polymerase_zeta_catalytic_subunit_REV3L_transcript_variant_X1_mRNA_1 (identical to XM_021091238_1_PREDICTED_Sus_scrofa_REV3_like_DNA_directed_polymerase_zeta_catalytic_subunit_REV3L_transcript_variant_X1_mRNA_1) is ignored but added at the end
NOTE: XM_024115547_2_PREDICTED_Physeter_catodon_REV3_like_DNA_directed_polymerase_zeta_catalytic_subunit_REV3L_transcript_variant_X1_mRNA_1 (identical to XM_021091238_1_PREDICTED_Sus_scrofa_REV3_like_DNA_directed_polymerase_zeta_catalytic_subunit_REV3L_transcript_variant_X1_mRNA_1) is ignored but added at the end
NOTE: XM_014866179_1_PREDICTED_Equus_asinus_REV3_like_DNA_directed_polymerase_zeta_catalytic_subunit_REV3L_transcript_variant_X1_mRNA_1 (identical to XM_021091238_1_PREDICTED_Sus_scrofa_REV3_like_DNA_directed_polymerase_zeta_catalytic_subunit_REV3L_transcript_variant_X1_mRNA_1) is ignored but added at the end
NOTE: XM_010371650_2_PREDICTED_Rhinopithecus_roxellana_REV3_like_DNA_directed_polymerase_zeta_catalytic_subunit_REV3L_transcript_variant_X1_mRNA_1 (identical to NM_001372078_1_Homo_sapiens_REV3_like_DNA_directed_polymerase_zeta_catalytic_subunit_REV3L_transcript_variant_4_mRNA_1) is ignored but added at the end
NOTE: XM_026456416_1_PREDICTED_Piliocolobus_tephrosceles_REV3_like_DNA_directed_polymerase_zeta_catalytic_subunit_REV3L_transcript_variant_X1_mRNA_1 (identical to NM_001372078_1_Homo_sapiens_REV3_like_DNA_directed_polymerase_zeta_catalytic_subunit_REV3L_transcript_variant_4_mRNA_1) is ignored but added at the end
NOTE: XM_031011917_1_PREDICTED_Gorilla_gorilla_gorilla_REV3_like_DNA_directed_polymerase_zeta_catalytic_subunit_REV3L_transcript_variant_X2_mRNA_1 (identical to NM_001372078_1_Homo_sapiens_REV3_like_DNA_directed_polymerase_zeta_catalytic_subunit_REV3L_transcript_variant_4_mRNA_1) is ignored but added at the end
NOTE: XM_033234306_1_PREDICTED_Trachypithecus_francoisi_REV3_like_DNA_directed_polymerase_zeta_catalytic_subunit_REV3L_transcript_variant_X1_mRNA_1 (identical to NM_001372078_1_Homo_sapiens_REV3_like_DNA_directed_polymerase_zeta_catalytic_subunit_REV3L_transcript_variant_4_mRNA_1) is ignored but added at the end
NOTE: XM_011935019_1_PREDICTED_Colobus_angolensis_palliatus_REV3_like_polymerase_DNA_directed_zeta_catalytic_subunit_REV3L_transcript_variant_X1_mRNA_1 (identical to NM_001372078_1_Homo_sapiens_REV3_like_DNA_directed_polymerase_zeta_catalytic_subunit_REV3L_transcript_variant_4_mRNA_1) is ignored but added at the end
NOTE: XM_008975749_3_PREDICTED_Pan_paniscus_REV3_like_DNA_directed_polymerase_zeta_catalytic_subunit_REV3L_transcript_variant_X1_mRNA_1 (identical to NM_001372078_1_Homo_sapiens_REV3_like_DNA_directed_polymerase_zeta_catalytic_subunit_REV3L_transcript_variant_4_mRNA_1) is ignored but added at the end
NOTE: XM_030809566_1_PREDICTED_Nomascus_leucogenys_REV3_like_DNA_directed_polymerase_zeta_catalytic_subunit_REV3L_transcript_variant_X1_mRNA_1 (identical to NM_001372078_1_Homo_sapiens_REV3_like_DNA_directed_polymerase_zeta_catalytic_subunit_REV3L_transcript_variant_4_mRNA_1) is ignored but added at the end
NOTE: XM_027551194_1_PREDICTED_Bos_indicus_x_Bos_taurus_REV3_like_DNA_directed_polymerase_zeta_catalytic_subunit_REV3L_transcript_variant_X1_mRNA_1 (identical to XM_024996589_1_PREDICTED_Bos_taurus_REV3_like_DNA_directed_polymerase_zeta_catalytic_subunit_REV3L_transcript_variant_X1_mRNA_1) is ignored but added at the end
NOTE: XM_005890218_2_PREDICTED_Bos_mutus_REV3_like_polymerase_DNA_directed_zeta_catalytic_subunit_REV3L_mRNA_1 (identical to XM_024996589_1_PREDICTED_Bos_taurus_REV3_like_DNA_directed_polymerase_zeta_catalytic_subunit_REV3L_transcript_variant_X1_mRNA_1) is ignored but added at the end
NOTE: XM_019967201_1_PREDICTED_Bos_indicus_REV3_like_DNA_directed_polymerase_zeta_catalytic_subunit_REV3L_transcript_variant_X1_mRNA_1 (identical to XM_024996589_1_PREDICTED_Bos_taurus_REV3_like_DNA_directed_polymerase_zeta_catalytic_subunit_REV3L_transcript_variant_X1_mRNA_1) is ignored but added at the end
NOTE: XM_025295021_1_PREDICTED_Bubalus_bubalis_REV3_like_DNA_directed_polymerase_zeta_catalytic_subunit_REV3L_transcript_variant_X1_mRNA_1 (identical to XM_024996589_1_PREDICTED_Bos_taurus_REV3_like_DNA_directed_polymerase_zeta_catalytic_subunit_REV3L_transcript_variant_X1_mRNA_1) is ignored but added at the end
NOTE: XM_036318154_1_PREDICTED_Myotis_myotis_REV3_like_DNA_directed_polymerase_zeta_catalytic_subunit_REV3L_transcript_variant_X1_mRNA_1 (identical to XM_005883745_2_PREDICTED_Myotis_brandtii_REV3_like_polymerase_DNA_directed_zeta_catalytic_subunit_REV3L_transcript_variant_X1_mRNA_1) is ignored but added at the end
NOTE: XM_015497401_1_PREDICTED_Marmota_marmota_marmota_REV3_like_DNA_directed_polymerase_zeta_catalytic_subunit_Rev3l_mRNA_1 (identical to XM_040283216_1_PREDICTED_Ictidomys_tridecemlineatus_REV3_like_DNA_directed_polymerase_zeta_catalytic_subunit_Rev3l_transcript_variant_X1_mRNA_1) is ignored but added at the end
NOTE: XM_027928308_2_PREDICTED_Marmota_flaviventris_REV3_like_DNA_directed_polymerase_zeta_catalytic_subunit_Rev3l_mRNA_1 (identical to XM_040283216_1_PREDICTED_Ictidomys_tridecemlineatus_REV3_like_DNA_directed_polymerase_zeta_catalytic_subunit_Rev3l_transcript_variant_X1_mRNA_1) is ignored but added at the end
NOTE: XM_019443107_1_PREDICTED_Panthera_pardus_REV3_like_DNA_directed_polymerase_zeta_catalytic_subunit_REV3L_transcript_variant_X1_mRNA_1 (identical to XM_027057077_1_PREDICTED_Acinonyx_jubatus_REV3_like_DNA_directed_polymerase_zeta_catalytic_subunit_REV3L_transcript_variant_X1_mRNA_1) is ignored but added at the end
NOTE: XM_030316171_1_PREDICTED_Lynx_canadensis_REV3_like_DNA_directed_polymerase_zeta_catalytic_subunit_REV3L_transcript_variant_X2_mRNA_1 (identical to XM_027057077_1_PREDICTED_Acinonyx_jubatus_REV3_like_DNA_directed_polymerase_zeta_catalytic_subunit_REV3L_transcript_variant_X1_mRNA_1) is ignored but added at the end
NOTE: XM_040474393_1_PREDICTED_Puma_yagouaroundi_REV3_like_DNA_directed_polymerase_zeta_catalytic_subunit_REV3L_transcript_variant_X1_mRNA_1 (identical to XM_027057077_1_PREDICTED_Acinonyx_jubatus_REV3_like_DNA_directed_polymerase_zeta_catalytic_subunit_REV3L_transcript_variant_X1_mRNA_1) is ignored but added at the end
NOTE: XM_025925204_1_PREDICTED_Puma_concolor_REV3_like_DNA_directed_polymerase_zeta_catalytic_subunit_REV3L_mRNA_1 (identical to XM_027057077_1_PREDICTED_Acinonyx_jubatus_REV3_like_DNA_directed_polymerase_zeta_catalytic_subunit_REV3L_transcript_variant_X1_mRNA_1) is ignored but added at the end
NOTE: XM_007078726_2_PREDICTED_Panthera_tigris_altaica_REV3_like_DNA_directed_polymerase_zeta_catalytic_subunit_REV3L_transcript_variant_X1_mRNA_1 (identical to XM_027057077_1_PREDICTED_Acinonyx_jubatus_REV3_like_DNA_directed_polymerase_zeta_catalytic_subunit_REV3L_transcript_variant_X1_mRNA_1) is ignored but added at the end
NOTE: XM_032408054_1_PREDICTED_Phoca_vitulina_REV3_like_DNA_directed_polymerase_zeta_catalytic_subunit_REV3L_transcript_variant_X5_mRNA_1 (identical to XM_026511625_1_PREDICTED_Ursus_arctos_horribilis_REV3_like_DNA_directed_polymerase_zeta_catalytic_subunit_REV3L_transcript_variant_X1_mRNA_1) is ignored but added at the end
NOTE: XM_040627642_1_PREDICTED_Ursus_maritimus_REV3_like_DNA_directed_polymerase_zeta_catalytic_subunit_REV3L_mRNA_1 (identical to XM_026511625_1_PREDICTED_Ursus_arctos_horribilis_REV3_like_DNA_directed_polymerase_zeta_catalytic_subunit_REV3L_transcript_variant_X1_mRNA_1) is ignored but added at the end
NOTE: XM_034991838_1_PREDICTED_Mirounga_leonina_REV3_like_DNA_directed_polymerase_zeta_catalytic_subunit_REV3L_transcript_variant_X1_mRNA_1 (identical to XM_026511625_1_PREDICTED_Ursus_arctos_horribilis_REV3_like_DNA_directed_polymerase_zeta_catalytic_subunit_REV3L_transcript_variant_X1_mRNA_1) is ignored but added at the end
NOTE: XM_028104162_1_PREDICTED_Eumetopias_jubatus_REV3_like_DNA_directed_polymerase_zeta_catalytic_subunit_REV3L_transcript_variant_X1_mRNA_1 (identical to XM_004406717_2_PREDICTED_Odobenus_rosmarus_divergens_REV3_like_polymerase_DNA_directed_zeta_catalytic_subunit_REV3L_mRNA_1) is ignored but added at the end
NOTE: XM_027601333_2_PREDICTED_Zalophus_californianus_REV3_like_DNA_directed_polymerase_zeta_catalytic_subunit_REV3L_transcript_variant_X1_mRNA_1 (identical to XM_004406717_2_PREDICTED_Odobenus_rosmarus_divergens_REV3_like_polymerase_DNA_directed_zeta_catalytic_subunit_REV3L_mRNA_1) is ignored but added at the end
NOTE: XM_010965426_1_PREDICTED_Camelus_bactrianus_REV3_like_polymerase_DNA_directed_zeta_catalytic_subunit_REV3L_mRNA_1 (identical to XM_032484707_1_PREDICTED_Camelus_ferus_REV3_like_DNA_directed_polymerase_zeta_catalytic_subunit_REV3L_transcript_variant_X1_mRNA_1) is ignored but added at the end
NOTE: XM_032650682_1_PREDICTED_Phocoena_sinus_REV3_like_DNA_directed_polymerase_zeta_catalytic_subunit_REV3L_transcript_variant_X1_mRNA_1 (identical to XM_024740937_1_PREDICTED_Neophocaena_asiaeorientalis_asiaeorientalis_REV3_like_DNA_directed_polymerase_zeta_catalytic_subunit_REV3L_mRNA_1) is ignored but added at the end
NOTE: XM_029223581_1_PREDICTED_Monodon_monoceros_REV3_like_DNA_directed_polymerase_zeta_catalytic_subunit_REV3L_transcript_variant_X1_mRNA_1 (identical to XM_024740937_1_PREDICTED_Neophocaena_asiaeorientalis_asiaeorientalis_REV3_like_DNA_directed_polymerase_zeta_catalytic_subunit_REV3L_mRNA_1) is ignored but added at the end
Alignment was printed to /gpfs/work/tuk13147/AOC-patch-GARD-3/results/mammalian_REV3L/mammalian_REV3L.8.codon.fas.uniqueseq.phy

For your convenience alignment with unique sequences printed to /gpfs/work/tuk13147/AOC-patch-GARD-3/results/mammalian_REV3L/mammalian_REV3L.8.codon.fas.uniqueseq.phy

WARNING: 16 threads for alignment length 124 will slow down analysis

Create initial parsimony tree by phylogenetic likelihood library (PLL)... 0.012 seconds
WARNING: Number of threads seems too high for short alignments. Use -T AUTO to determine best number of threads.
Perform fast likelihood tree search using GTR+I+G model...
Estimate model parameters (epsilon = 5.000)
Perform nearest neighbor interchange...
Optimizing NNI: done in 0.627177 secs using 1495% CPU
Estimate model parameters (epsilon = 1.000)
1. Initial log-likelihood: -3177.010
2. Current log-likelihood: -3173.172
3. Current log-likelihood: -3170.110
4. Current log-likelihood: -3167.562
5. Current log-likelihood: -3165.454
6. Current log-likelihood: -3163.684
7. Current log-likelihood: -3162.195
8. Current log-likelihood: -3160.939
9. Current log-likelihood: -3159.877
Optimal log-likelihood: -3158.976
Rate parameters:  A-C: 1.13690  A-G: 3.87882  A-T: 0.59921  C-G: 0.67980  C-T: 4.93873  G-T: 1.00000
Base frequencies:  A: 0.304  C: 0.197  G: 0.245  T: 0.254
Proportion of invariable sites: 0.096
Gamma shape alpha: 0.743
Parameters optimization took 9 rounds (0.176 sec)
Time for fast ML tree search: 1.022 seconds

NOTE: ModelFinder requires 4 MB RAM!
ModelFinder will test up to 484 DNA models (sample size: 1029) ...
 No. Model         -LnL         df  AIC          AICc         BIC
WARNING: 16 threads for alignment length 124 will slow down analysis
WARNING: Number of threads seems too high for short alignments. Use -T AUTO to determine best number of threads.
  1  GTR+F         3239.828     223 6925.656     7049.761     8026.461
WARNING: 16 threads for alignment length 124 will slow down analysis
WARNING: Number of threads seems too high for short alignments. Use -T AUTO to determine best number of threads.
  2  GTR+F+I       3231.819     224 6911.638     7037.011     8017.378
WARNING: 16 threads for alignment length 124 will slow down analysis
WARNING: Number of threads seems too high for short alignments. Use -T AUTO to determine best number of threads.
  3  GTR+F+G4      3155.484     224 6758.968     6884.341     7864.708
WARNING: 16 threads for alignment length 124 will slow down analysis
WARNING: Number of threads seems too high for short alignments. Use -T AUTO to determine best number of threads.
  4  GTR+F+I+G4    3156.171     225 6762.343     6888.993     7873.020
WARNING: 16 threads for alignment length 124 will slow down analysis
WARNING: Number of threads seems too high for short alignments. Use -T AUTO to determine best number of threads.
  5  GTR+F+R2      3147.714     225 6745.428     6872.078     7856.105
WARNING: 16 threads for alignment length 124 will slow down analysis
WARNING: Number of threads seems too high for short alignments. Use -T AUTO to determine best number of threads.
  6  GTR+F+R3      3147.340     227 6748.679     6877.908     7869.229
WARNING: 16 threads for alignment length 124 will slow down analysis
WARNING: Number of threads seems too high for short alignments. Use -T AUTO to determine best number of threads.
 14  GTR+F+I+I+R2  3147.416     226 6746.832     6874.767     7862.445
WARNING: 16 threads for alignment length 124 will slow down analysis
WARNING: Number of threads seems too high for short alignments. Use -T AUTO to determine best number of threads.
 15  GTR+F+I+I+R3  3147.151     228 6750.302     6880.832     7875.788
WARNING: 16 threads for alignment length 124 will slow down analysis
WARNING: Number of threads seems too high for short alignments. Use -T AUTO to determine best number of threads.
 25  SYM+G4        3127.179     221 6696.358     6817.949     7787.290
WARNING: 16 threads for alignment length 124 will slow down analysis
WARNING: Number of threads seems too high for short alignments. Use -T AUTO to determine best number of threads.
 27  SYM+R2        3117.825     222 6679.649     6802.493     7775.517
WARNING: 16 threads for alignment length 124 will slow down analysis
WARNING: Number of threads seems too high for short alignments. Use -T AUTO to determine best number of threads.
 36  SYM+I+I+R2    3118.345     223 6682.690     6806.795     7783.495
WARNING: 16 threads for alignment length 124 will slow down analysis
WARNING: Number of threads seems too high for short alignments. Use -T AUTO to determine best number of threads.
 47  TVM+F+G4      3155.539     223 6757.077     6881.182     7857.882
WARNING: 16 threads for alignment length 124 will slow down analysis
WARNING: Number of threads seems too high for short alignments. Use -T AUTO to determine best number of threads.
 49  TVM+F+R2      3147.370     224 6742.739     6868.112     7848.480
WARNING: 16 threads for alignment length 124 will slow down analysis
WARNING: Number of threads seems too high for short alignments. Use -T AUTO to determine best number of threads.
 58  TVM+F+I+I+R2  3147.342     225 6744.683     6871.333     7855.360
WARNING: 16 threads for alignment length 124 will slow down analysis
WARNING: Number of threads seems too high for short alignments. Use -T AUTO to determine best number of threads.
 69  TVMe+G4       3127.412     220 6694.823     6815.170     7780.819
WARNING: 16 threads for alignment length 124 will slow down analysis
WARNING: Number of threads seems too high for short alignments. Use -T AUTO to determine best number of threads.
 71  TVMe+R2       3118.115     221 6678.230     6799.821     7769.162
WARNING: 16 threads for alignment length 124 will slow down analysis
WARNING: Number of threads seems too high for short alignments. Use -T AUTO to determine best number of threads.
 80  TVMe+I+I+R2   3118.598     222 6681.196     6804.039     7777.064
WARNING: 16 threads for alignment length 124 will slow down analysis
WARNING: Number of threads seems too high for short alignments. Use -T AUTO to determine best number of threads.
 91  TIM3+F+G4     3156.751     222 6757.501     6880.345     7853.369
WARNING: 16 threads for alignment length 124 will slow down analysis
WARNING: Number of threads seems too high for short alignments. Use -T AUTO to determine best number of threads.
 93  TIM3+F+R2     3148.737     223 6743.473     6867.577     7844.277
WARNING: 16 threads for alignment length 124 will slow down analysis
WARNING: Number of threads seems too high for short alignments. Use -T AUTO to determine best number of threads.
102  TIM3+F+I+I+R2 3148.329     224 6744.659     6870.032     7850.400
WARNING: 16 threads for alignment length 124 will slow down analysis
WARNING: Number of threads seems too high for short alignments. Use -T AUTO to determine best number of threads.
113  TIM3e+G4      3129.041     219 6696.081     6815.191     7777.140
WARNING: 16 threads for alignment length 124 will slow down analysis
WARNING: Number of threads seems too high for short alignments. Use -T AUTO to determine best number of threads.
115  TIM3e+R2      3119.411     220 6678.821     6799.168     7764.817
WARNING: 16 threads for alignment length 124 will slow down analysis
WARNING: Number of threads seems too high for short alignments. Use -T AUTO to determine best number of threads.
124  TIM3e+I+I+R2  3119.929     221 6681.858     6803.450     7772.790
WARNING: 16 threads for alignment length 124 will slow down analysis
WARNING: Number of threads seems too high for short alignments. Use -T AUTO to determine best number of threads.
135  TIM2+F+G4     3157.016     222 6758.031     6880.875     7853.899
WARNING: 16 threads for alignment length 124 will slow down analysis
WARNING: Number of threads seems too high for short alignments. Use -T AUTO to determine best number of threads.
137  TIM2+F+R2     3149.169     223 6744.337     6868.442     7845.142
WARNING: 16 threads for alignment length 124 will slow down analysis
WARNING: Number of threads seems too high for short alignments. Use -T AUTO to determine best number of threads.
146  TIM2+F+I+I+R2 3149.038     224 6746.076     6871.449     7851.817
WARNING: 16 threads for alignment length 124 will slow down analysis
WARNING: Number of threads seems too high for short alignments. Use -T AUTO to determine best number of threads.
157  TIM2e+G4      3129.016     219 6696.033     6815.143     7777.092
WARNING: 16 threads for alignment length 124 will slow down analysis
WARNING: Number of threads seems too high for short alignments. Use -T AUTO to determine best number of threads.
159  TIM2e+R2      3119.298     220 6678.596     6798.942     7764.591
WARNING: 16 threads for alignment length 124 will slow down analysis
WARNING: Number of threads seems too high for short alignments. Use -T AUTO to determine best number of threads.
168  TIM2e+I+I+R2  3119.864     221 6681.728     6803.319     7772.659
WARNING: 16 threads for alignment length 124 will slow down analysis
WARNING: Number of threads seems too high for short alignments. Use -T AUTO to determine best number of threads.
179  TIM+F+G4      3155.153     222 6754.306     6877.150     7850.174
WARNING: 16 threads for alignment length 124 will slow down analysis
WARNING: Number of threads seems too high for short alignments. Use -T AUTO to determine best number of threads.
181  TIM+F+R2      3147.255     223 6740.510     6864.614     7841.314
WARNING: 16 threads for alignment length 124 will slow down analysis
WARNING: Number of threads seems too high for short alignments. Use -T AUTO to determine best number of threads.
190  TIM+F+I+I+R2  3147.230     224 6742.459     6867.832     7848.200
WARNING: 16 threads for alignment length 124 will slow down analysis
WARNING: Number of threads seems too high for short alignments. Use -T AUTO to determine best number of threads.
201  TIMe+G4       3127.560     219 6693.119     6812.229     7774.179
WARNING: 16 threads for alignment length 124 will slow down analysis
WARNING: Number of threads seems too high for short alignments. Use -T AUTO to determine best number of threads.
203  TIMe+R2       3117.980     220 6675.960     6796.307     7761.955
WARNING: 16 threads for alignment length 124 will slow down analysis
WARNING: Number of threads seems too high for short alignments. Use -T AUTO to determine best number of threads.
212  TIMe+I+I+R2   3118.607     221 6679.214     6800.805     7770.146
WARNING: 16 threads for alignment length 124 will slow down analysis
WARNING: Number of threads seems too high for short alignments. Use -T AUTO to determine best number of threads.
223  TPM3u+F+G4    3157.115     221 6756.229     6877.820     7847.161
WARNING: 16 threads for alignment length 124 will slow down analysis
WARNING: Number of threads seems too high for short alignments. Use -T AUTO to determine best number of threads.
225  TPM3u+F+R2    3148.852     222 6741.703     6864.547     7837.571
WARNING: 16 threads for alignment length 124 will slow down analysis
WARNING: Number of threads seems too high for short alignments. Use -T AUTO to determine best number of threads.
234  TPM3u+F+I+I+R2 3148.644     223 6743.287     6867.392     7844.092
WARNING: 16 threads for alignment length 124 will slow down analysis
WARNING: Number of threads seems too high for short alignments. Use -T AUTO to determine best number of threads.
245  TPM3+G4       3129.156     218 6694.312     6812.193     7770.434
WARNING: 16 threads for alignment length 124 will slow down analysis
WARNING: Number of threads seems too high for short alignments. Use -T AUTO to determine best number of threads.
247  TPM3+R2       3119.694     219 6677.387     6796.497     7758.446
WARNING: 16 threads for alignment length 124 will slow down analysis
WARNING: Number of threads seems too high for short alignments. Use -T AUTO to determine best number of threads.
256  TPM3+I+I+R2   3120.229     220 6680.457     6800.804     7766.453
WARNING: 16 threads for alignment length 124 will slow down analysis
WARNING: Number of threads seems too high for short alignments. Use -T AUTO to determine best number of threads.
267  TPM2u+F+G4    3157.453     221 6756.906     6878.497     7847.837
WARNING: 16 threads for alignment length 124 will slow down analysis
WARNING: Number of threads seems too high for short alignments. Use -T AUTO to determine best number of threads.
269  TPM2u+F+R2    3149.353     222 6742.707     6865.550     7838.575
WARNING: 16 threads for alignment length 124 will slow down analysis
WARNING: Number of threads seems too high for short alignments. Use -T AUTO to determine best number of threads.
278  TPM2u+F+I+I+R2 3149.388     223 6744.776     6868.881     7845.581
WARNING: 16 threads for alignment length 124 will slow down analysis
WARNING: Number of threads seems too high for short alignments. Use -T AUTO to determine best number of threads.
289  TPM2+G4       3129.137     218 6694.274     6812.156     7770.397
WARNING: 16 threads for alignment length 124 will slow down analysis
WARNING: Number of threads seems too high for short alignments. Use -T AUTO to determine best number of threads.
291  TPM2+R2       3119.616     219 6677.232     6796.342     7758.291
WARNING: 16 threads for alignment length 124 will slow down analysis
WARNING: Number of threads seems too high for short alignments. Use -T AUTO to determine best number of threads.
300  TPM2+I+I+R2   3120.184     220 6680.367     6800.714     7766.363
WARNING: 16 threads for alignment length 124 will slow down analysis
WARNING: Number of threads seems too high for short alignments. Use -T AUTO to determine best number of threads.
311  K3Pu+F+G4     3155.580     221 6753.160     6874.751     7844.092
WARNING: 16 threads for alignment length 124 will slow down analysis
WARNING: Number of threads seems too high for short alignments. Use -T AUTO to determine best number of threads.
313  K3Pu+F+R2     3147.443     222 6738.886     6861.730     7834.754
WARNING: 16 threads for alignment length 124 will slow down analysis
WARNING: Number of threads seems too high for short alignments. Use -T AUTO to determine best number of threads.
322  K3Pu+F+I+I+R2 3147.575     223 6741.150     6865.255     7841.955
WARNING: 16 threads for alignment length 124 will slow down analysis
WARNING: Number of threads seems too high for short alignments. Use -T AUTO to determine best number of threads.
333  K3P+G4        3127.674     218 6691.347     6809.229     7767.470
WARNING: 16 threads for alignment length 124 will slow down analysis
WARNING: Number of threads seems too high for short alignments. Use -T AUTO to determine best number of threads.
335  K3P+R2        3118.290     219 6674.581     6793.691     7755.640
WARNING: 16 threads for alignment length 124 will slow down analysis
WARNING: Number of threads seems too high for short alignments. Use -T AUTO to determine best number of threads.
344  K3P+I+I+R2    3118.836     220 6677.671     6798.018     7763.667
WARNING: 16 threads for alignment length 124 will slow down analysis
WARNING: Number of threads seems too high for short alignments. Use -T AUTO to determine best number of threads.
355  TN+F+G4       3157.183     221 6756.365     6877.956     7847.297
WARNING: 16 threads for alignment length 124 will slow down analysis
WARNING: Number of threads seems too high for short alignments. Use -T AUTO to determine best number of threads.
357  TN+F+R2       3149.177     222 6742.354     6865.198     7838.222
WARNING: 16 threads for alignment length 124 will slow down analysis
WARNING: Number of threads seems too high for short alignments. Use -T AUTO to determine best number of threads.
366  TN+F+I+I+R2   3149.087     223 6744.174     6868.278     7844.978
WARNING: 16 threads for alignment length 124 will slow down analysis
WARNING: Number of threads seems too high for short alignments. Use -T AUTO to determine best number of threads.
377  TNe+G4        3129.036     218 6694.071     6811.953     7770.194
WARNING: 16 threads for alignment length 124 will slow down analysis
WARNING: Number of threads seems too high for short alignments. Use -T AUTO to determine best number of threads.
379  TNe+R2        3119.374     219 6676.747     6795.857     7757.806
WARNING: 16 threads for alignment length 124 will slow down analysis
WARNING: Number of threads seems too high for short alignments. Use -T AUTO to determine best number of threads.
388  TNe+I+I+R2    3119.948     220 6679.897     6800.243     7765.892
WARNING: 16 threads for alignment length 124 will slow down analysis
WARNING: Number of threads seems too high for short alignments. Use -T AUTO to determine best number of threads.
399  HKY+F+G4      3157.597     220 6755.194     6875.541     7841.189
WARNING: 16 threads for alignment length 124 will slow down analysis
WARNING: Number of threads seems too high for short alignments. Use -T AUTO to determine best number of threads.
401  HKY+F+R2      3149.358     221 6740.715     6862.307     7831.647
WARNING: 16 threads for alignment length 124 will slow down analysis
WARNING: Number of threads seems too high for short alignments. Use -T AUTO to determine best number of threads.
410  HKY+F+I+I+R2  3149.423     222 6742.846     6865.690     7838.714
WARNING: 16 threads for alignment length 124 will slow down analysis
WARNING: Number of threads seems too high for short alignments. Use -T AUTO to determine best number of threads.
421  K2P+G4        3129.156     217 6692.311     6808.972     7763.498
WARNING: 16 threads for alignment length 124 will slow down analysis
WARNING: Number of threads seems too high for short alignments. Use -T AUTO to determine best number of threads.
423  K2P+R2        3119.695     218 6675.391     6793.272     7751.513
WARNING: 16 threads for alignment length 124 will slow down analysis
WARNING: Number of threads seems too high for short alignments. Use -T AUTO to determine best number of threads.
432  K2P+I+I+R2    3120.254     219 6678.509     6797.619     7759.568
WARNING: 16 threads for alignment length 124 will slow down analysis
WARNING: Number of threads seems too high for short alignments. Use -T AUTO to determine best number of threads.
443  F81+F+G4      3234.998     219 6907.996     7027.106     7989.055
WARNING: 16 threads for alignment length 124 will slow down analysis
WARNING: Number of threads seems too high for short alignments. Use -T AUTO to determine best number of threads.
445  F81+F+R2      3225.884     220 6891.767     7012.114     7977.763
WARNING: 16 threads for alignment length 124 will slow down analysis
WARNING: Number of threads seems too high for short alignments. Use -T AUTO to determine best number of threads.
454  F81+F+I+I+R2  3226.380     221 6894.759     7016.350     7985.691
WARNING: 16 threads for alignment length 124 will slow down analysis
WARNING: Number of threads seems too high for short alignments. Use -T AUTO to determine best number of threads.
465  JC+G4         3205.346     216 6842.692     6958.140     7908.942
WARNING: 16 threads for alignment length 124 will slow down analysis
WARNING: Number of threads seems too high for short alignments. Use -T AUTO to determine best number of threads.
467  JC+R2         3194.476     217 6822.952     6939.613     7894.139
WARNING: 16 threads for alignment length 124 will slow down analysis
WARNING: Number of threads seems too high for short alignments. Use -T AUTO to determine best number of threads.
476  JC+I+I+R2     3195.122     218 6826.244     6944.126     7902.367
Akaike Information Criterion:           K3P+R2
Corrected Akaike Information Criterion: K2P+R2
Bayesian Information Criterion:         K2P+R2
Best-fit model: K2P+R2 chosen according to BIC

All model information printed to /gpfs/work/tuk13147/AOC-patch-GARD-3/results/mammalian_REV3L/mammalian_REV3L.8.codon.fas.model.gz
CPU time for ModelFinder: 283.634 seconds (0h:4m:43s)
Wall-clock time for ModelFinder: 19.006 seconds (0h:0m:19s)
WARNING: 16 threads for alignment length 124 will slow down analysis

NOTE: 0 MB RAM (0 GB) is required!
WARNING: Number of threads seems too high for short alignments. Use -T AUTO to determine best number of threads.
Estimate model parameters (epsilon = 0.100)
1. Initial log-likelihood: -3119.695
Optimal log-likelihood: -3119.684
Rate parameters:  A-C: 1.00000  A-G: 4.78729  A-T: 1.00000  C-G: 1.00000  C-T: 4.78729  G-T: 1.00000
Base frequencies:  A: 0.250  C: 0.250  G: 0.250  T: 0.250
Site proportion and rates:  (0.729,0.252) (0.271,3.012)
Parameters optimization took 1 rounds (0.033 sec)
Wrote distance file to... 
Computing ML distances based on estimated model parameters...
Calculating distance matrix: done in 0.0044017 secs using 1021% CPU
Computing ML distances took 0.004578 sec (of wall-clock time) 0.048070 sec (of CPU time)
WARNING: Some pairwise ML distances are too long (saturated)
Setting up auxiliary I and S matrices: done in 0.00186028 secs using 335.8% CPU
Constructing RapidNJ tree: done in 0.125028 secs using 153.1% CPU
Computing RapidNJ tree took 0.127048 sec (of wall-clock time) 0.198037 sec (of CPU time)
Log-likelihood of RapidNJ tree: -3164.989
--------------------------------------------------------------------
|             INITIALIZING CANDIDATE TREE SET                      |
--------------------------------------------------------------------
Generating 98 parsimony trees... 0.756 second
Computing log-likelihood of 98 initial trees ... 2.697 seconds
Current best score: -3119.684

Do NNI search on 20 best initial trees
Optimizing NNI: done in 0.156152 secs using 1491% CPU
Estimate model parameters (epsilon = 0.100)
BETTER TREE FOUND at iteration 1: -3119.678
Optimizing NNI: done in 0.616659 secs using 1494% CPU
Estimate model parameters (epsilon = 0.100)
BETTER TREE FOUND at iteration 2: -3114.354
Optimizing NNI: done in 0.561734 secs using 1489% CPU
Optimizing NNI: done in 1.38203 secs using 1494% CPU
Optimizing NNI: done in 0.835425 secs using 1492% CPU
Optimizing NNI: done in 0.543134 secs using 1496% CPU
Optimizing NNI: done in 1.58858 secs using 1493% CPU
Optimizing NNI: done in 0.919608 secs using 1494% CPU
Optimizing NNI: done in 0.814369 secs using 1491% CPU
Optimizing NNI: done in 0.854016 secs using 1494% CPU
Iteration 10 / LogL: -3127.922 / Time: 0h:0m:12s
Optimizing NNI: done in 0.942908 secs using 1492% CPU
Optimizing NNI: done in 0.710546 secs using 1492% CPU
Optimizing NNI: done in 2.41056 secs using 1494% CPU
Optimizing NNI: done in 0.991531 secs using 1494% CPU
Optimizing NNI: done in 0.509329 secs using 1494% CPU
Optimizing NNI: done in 0.731053 secs using 1494% CPU
Optimizing NNI: done in 0.698898 secs using 1494% CPU
Optimizing NNI: done in 0.933506 secs using 1494% CPU
Optimizing NNI: done in 0.907353 secs using 1493% CPU
Optimizing NNI: done in 0.791729 secs using 1494% CPU
Iteration 20 / LogL: -3135.484 / Time: 0h:0m:21s
Finish initializing candidate tree set (20)
Current best tree score: -3114.354 / CPU time: 21.490
Number of iterations: 20
--------------------------------------------------------------------
|               OPTIMIZING CANDIDATE TREE SET                      |
--------------------------------------------------------------------
Optimizing NNI: done in 0.780872 secs using 1495% CPU
Estimate model parameters (epsilon = 0.100)
BETTER TREE FOUND at iteration 21: -3112.411
Optimizing NNI: done in 1.04803 secs using 1494% CPU
Optimizing NNI: done in 0.384091 secs using 1494% CPU
Optimizing NNI: done in 0.857614 secs using 1494% CPU
Optimizing NNI: done in 1.25148 secs using 1494% CPU
Optimizing NNI: done in 0.859147 secs using 1491% CPU
Optimizing NNI: done in 0.92051 secs using 1494% CPU
Optimizing NNI: done in 0.751183 secs using 1493% CPU
Optimizing NNI: done in 0.807279 secs using 1495% CPU
Optimizing NNI: done in 0.832549 secs using 1492% CPU
Iteration 30 / LogL: -3124.080 / Time: 0h:0m:30s (0h:1m:35s left)
Optimizing NNI: done in 1.32639 secs using 1494% CPU
Optimizing NNI: done in 1.24413 secs using 1491% CPU
Optimizing NNI: done in 0.703281 secs using 1495% CPU
Optimizing NNI: done in 1.71907 secs using 1491% CPU
Optimizing NNI: done in 0.913398 secs using 1494% CPU
Optimizing NNI: done in 1.09499 secs using 1493% CPU
Optimizing NNI: done in 0.913636 secs using 1493% CPU
Optimizing NNI: done in 1.04527 secs using 1494% CPU
Optimizing NNI: done in 1.01785 secs using 1492% CPU
Optimizing NNI: done in 0.886335 secs using 1494% CPU
Iteration 40 / LogL: -3117.691 / Time: 0h:0m:41s (0h:1m:25s left)
Optimizing NNI: done in 0.811091 secs using 1494% CPU
Optimizing NNI: done in 0.667203 secs using 1491% CPU
Optimizing NNI: done in 0.721681 secs using 1494% CPU
Optimizing NNI: done in 0.660957 secs using 1492% CPU
Optimizing NNI: done in 0.943931 secs using 1493% CPU
Optimizing NNI: done in 0.485297 secs using 1493% CPU
Optimizing NNI: done in 0.961016 secs using 1491% CPU
Optimizing NNI: done in 1.11891 secs using 1492% CPU
Optimizing NNI: done in 1.00828 secs using 1492% CPU
Optimizing NNI: done in 0.939879 secs using 1494% CPU
Iteration 50 / LogL: -3112.485 / Time: 0h:0m:49s (0h:1m:11s left)
Optimizing NNI: done in 0.932239 secs using 1494% CPU
Estimate model parameters (epsilon = 0.100)
BETTER TREE FOUND at iteration 51: -3111.850
Optimizing NNI: done in 0.816099 secs using 1493% CPU
Optimizing NNI: done in 0.840218 secs using 1495% CPU
Optimizing NNI: done in 0.872202 secs using 1493% CPU
Optimizing NNI: done in 0.712513 secs using 1490% CPU
Optimizing NNI: done in 0.783686 secs using 1492% CPU
Optimizing NNI: done in 0.741774 secs using 1494% CPU
Optimizing NNI: done in 0.717741 secs using 1494% CPU
Optimizing NNI: done in 0.760739 secs using 1492% CPU
Optimizing NNI: done in 0.844362 secs using 1492% CPU
Iteration 60 / LogL: -3111.854 / Time: 0h:0m:57s (0h:1m:29s left)
Optimizing NNI: done in 0.858338 secs using 1493% CPU
Optimizing NNI: done in 0.97131 secs using 1492% CPU
Optimizing NNI: done in 0.35521 secs using 1484% CPU
Optimizing NNI: done in 0.727733 secs using 1493% CPU
Optimizing NNI: done in 1.04873 secs using 1494% CPU
Optimizing NNI: done in 0.839442 secs using 1495% CPU
Optimizing NNI: done in 0.602737 secs using 1494% CPU
Optimizing NNI: done in 1.01784 secs using 1489% CPU
Estimate model parameters (epsilon = 0.100)
BETTER TREE FOUND at iteration 68: -3108.041
Optimizing NNI: done in 0.824316 secs using 1491% CPU
Optimizing NNI: done in 0.790253 secs using 1494% CPU
Iteration 70 / LogL: -3111.855 / Time: 0h:1m:5s (0h:1m:33s left)
Optimizing NNI: done in 0.681849 secs using 1493% CPU
Optimizing NNI: done in 0.86472 secs using 1493% CPU
Optimizing NNI: done in 0.968799 secs using 1494% CPU
Optimizing NNI: done in 0.847657 secs using 1493% CPU
Optimizing NNI: done in 0.773919 secs using 1492% CPU
Optimizing NNI: done in 0.668385 secs using 1492% CPU
Optimizing NNI: done in 1.02576 secs using 1494% CPU
Optimizing NNI: done in 0.8959 secs using 1494% CPU
Optimizing NNI: done in 0.88393 secs using 1493% CPU
Estimate model parameters (epsilon = 0.100)
BETTER TREE FOUND at iteration 79: -3107.080
Optimizing NNI: done in 0.811103 secs using 1493% CPU
Iteration 80 / LogL: -3125.962 / Time: 0h:1m:14s (0h:1m:33s left)
Optimizing NNI: done in 0.852829 secs using 1492% CPU
Optimizing NNI: done in 0.878518 secs using 1495% CPU
Optimizing NNI: done in 0.771477 secs using 1491% CPU
Estimate model parameters (epsilon = 0.100)
BETTER TREE FOUND at iteration 83: -3105.341
Optimizing NNI: done in 0.824675 secs using 1493% CPU
Optimizing NNI: done in 0.956588 secs using 1494% CPU
BETTER TREE FOUND at iteration 85: -3105.339
Optimizing NNI: done in 0.911853 secs using 1493% CPU
Optimizing NNI: done in 1.14999 secs using 1494% CPU
Optimizing NNI: done in 1.10308 secs using 1494% CPU
Optimizing NNI: done in 0.909356 secs using 1492% CPU
Optimizing NNI: done in 0.798549 secs using 1493% CPU
Iteration 90 / LogL: -3108.467 / Time: 0h:1m:23s (0h:1m:29s left)
Optimizing NNI: done in 0.915511 secs using 1492% CPU
Estimate model parameters (epsilon = 0.100)
BETTER TREE FOUND at iteration 91: -3105.247
Optimizing NNI: done in 1.17769 secs using 1493% CPU
Optimizing NNI: done in 0.795468 secs using 1493% CPU
Optimizing NNI: done in 0.975244 secs using 1493% CPU
Optimizing NNI: done in 0.99378 secs using 1494% CPU
Optimizing NNI: done in 0.876852 secs using 1492% CPU
Optimizing NNI: done in 0.910079 secs using 1490% CPU
Optimizing NNI: done in 0.962792 secs using 1493% CPU
Optimizing NNI: done in 0.687778 secs using 1493% CPU
Optimizing NNI: done in 1.42166 secs using 1493% CPU
Estimate model parameters (epsilon = 0.100)
BETTER TREE FOUND at iteration 100: -3105.234
Iteration 100 / LogL: -3105.234 / Time: 0h:1m:33s (0h:1m:34s left)
Optimizing NNI: done in 0.896262 secs using 1493% CPU
Optimizing NNI: done in 1.32262 secs using 1493% CPU
Optimizing NNI: done in 0.998739 secs using 1494% CPU
Optimizing NNI: done in 0.872209 secs using 1493% CPU
Optimizing NNI: done in 0.79393 secs using 1492% CPU
Optimizing NNI: done in 1.08444 secs using 1492% CPU
Optimizing NNI: done in 0.791864 secs using 1495% CPU
Optimizing NNI: done in 0.66231 secs using 1494% CPU
Optimizing NNI: done in 1.0491 secs using 1495% CPU
Optimizing NNI: done in 0.880423 secs using 1493% CPU
Iteration 110 / LogL: -3105.755 / Time: 0h:1m:42s (0h:1m:24s left)
Optimizing NNI: done in 0.936104 secs using 1491% CPU
Optimizing NNI: done in 0.980505 secs using 1493% CPU
Optimizing NNI: done in 0.591155 secs using 1493% CPU
Optimizing NNI: done in 1.03713 secs using 1493% CPU
Optimizing NNI: done in 0.889402 secs using 1494% CPU
Optimizing NNI: done in 0.899395 secs using 1494% CPU
Optimizing NNI: done in 1.11315 secs using 1492% CPU
Optimizing NNI: done in 0.942667 secs using 1493% CPU
Optimizing NNI: done in 0.814846 secs using 1493% CPU
Optimizing NNI: done in 1.1237 secs using 1494% CPU
Iteration 120 / LogL: -3118.861 / Time: 0h:1m:52s (0h:1m:15s left)
Optimizing NNI: done in 1.13993 secs using 1493% CPU
Optimizing NNI: done in 1.46693 secs using 1493% CPU
Optimizing NNI: done in 0.792082 secs using 1493% CPU
Optimizing NNI: done in 0.694391 secs using 1494% CPU
Optimizing NNI: done in 0.827697 secs using 1494% CPU
Optimizing NNI: done in 0.911438 secs using 1493% CPU
Optimizing NNI: done in 0.895017 secs using 1494% CPU
Optimizing NNI: done in 0.756527 secs using 1495% CPU
Optimizing NNI: done in 0.943481 secs using 1488% CPU
Optimizing NNI: done in 0.697928 secs using 1495% CPU
Iteration 130 / LogL: -3109.146 / Time: 0h:2m:1s (0h:1m:5s left)
Optimizing NNI: done in 1.08592 secs using 1494% CPU
Optimizing NNI: done in 0.99343 secs using 1493% CPU
Optimizing NNI: done in 1.11808 secs using 1493% CPU
Optimizing NNI: done in 0.797437 secs using 1494% CPU
Optimizing NNI: done in 0.872393 secs using 1493% CPU
Optimizing NNI: done in 1.13568 secs using 1494% CPU
Optimizing NNI: done in 0.888257 secs using 1495% CPU
Optimizing NNI: done in 0.959875 secs using 1493% CPU
Optimizing NNI: done in 0.776822 secs using 1492% CPU
Optimizing NNI: done in 1.03206 secs using 1494% CPU
Iteration 140 / LogL: -3109.782 / Time: 0h:2m:11s (0h:0m:56s left)
Optimizing NNI: done in 0.984179 secs using 1493% CPU
Optimizing NNI: done in 1.24439 secs using 1494% CPU
Optimizing NNI: done in 1.04445 secs using 1493% CPU
Optimizing NNI: done in 0.930352 secs using 1492% CPU
Optimizing NNI: done in 0.95927 secs using 1493% CPU
Optimizing NNI: done in 0.990578 secs using 1492% CPU
Optimizing NNI: done in 1.12663 secs using 1492% CPU
Optimizing NNI: done in 0.903362 secs using 1495% CPU
Optimizing NNI: done in 1.15319 secs using 1494% CPU
Optimizing NNI: done in 0.905476 secs using 1493% CPU
Iteration 150 / LogL: -3109.901 / Time: 0h:2m:21s (0h:0m:47s left)
Optimizing NNI: done in 0.904758 secs using 1495% CPU
Optimizing NNI: done in 0.873719 secs using 1494% CPU
Optimizing NNI: done in 0.936211 secs using 1493% CPU
Optimizing NNI: done in 0.92619 secs using 1494% CPU
Optimizing NNI: done in 0.492762 secs using 1496% CPU
Optimizing NNI: done in 0.990948 secs using 1495% CPU
Optimizing NNI: done in 0.814748 secs using 1494% CPU
Optimizing NNI: done in 0.939834 secs using 1494% CPU
Optimizing NNI: done in 0.749356 secs using 1493% CPU
Optimizing NNI: done in 1.21432 secs using 1488% CPU
Iteration 160 / LogL: -3106.384 / Time: 0h:2m:30s (0h:0m:37s left)
Optimizing NNI: done in 0.614126 secs using 1495% CPU
Optimizing NNI: done in 0.910146 secs using 1493% CPU
Optimizing NNI: done in 0.455333 secs using 1493% CPU
Optimizing NNI: done in 0.929861 secs using 1494% CPU
Optimizing NNI: done in 0.963197 secs using 1493% CPU
Optimizing NNI: done in 1.02545 secs using 1494% CPU
Optimizing NNI: done in 0.79851 secs using 1494% CPU
Optimizing NNI: done in 1.19149 secs using 1494% CPU
Optimizing NNI: done in 0.434813 secs using 1492% CPU
Optimizing NNI: done in 0.926148 secs using 1495% CPU
Iteration 170 / LogL: -3105.236 / Time: 0h:2m:38s (0h:0m:28s left)
Optimizing NNI: done in 0.969154 secs using 1493% CPU
Optimizing NNI: done in 1.01705 secs using 1494% CPU
Optimizing NNI: done in 0.942713 secs using 1494% CPU
Optimizing NNI: done in 1.02277 secs using 1495% CPU
Optimizing NNI: done in 0.623317 secs using 1493% CPU
Optimizing NNI: done in 1.29077 secs using 1494% CPU
Optimizing NNI: done in 0.895308 secs using 1493% CPU
Optimizing NNI: done in 0.814587 secs using 1494% CPU
Optimizing NNI: done in 1.2147 secs using 1494% CPU
Optimizing NNI: done in 1.09987 secs using 1493% CPU
Iteration 180 / LogL: -3105.236 / Time: 0h:2m:48s (0h:0m:18s left)
Optimizing NNI: done in 1.00558 secs using 1494% CPU
Optimizing NNI: done in 0.978916 secs using 1492% CPU
Optimizing NNI: done in 0.870366 secs using 1495% CPU
Optimizing NNI: done in 0.941933 secs using 1493% CPU
Optimizing NNI: done in 0.998598 secs using 1493% CPU
Optimizing NNI: done in 1.14913 secs using 1492% CPU
Optimizing NNI: done in 0.868152 secs using 1493% CPU
Optimizing NNI: done in 0.971437 secs using 1494% CPU
Optimizing NNI: done in 0.912314 secs using 1494% CPU
Optimizing NNI: done in 1.03672 secs using 1495% CPU
Iteration 190 / LogL: -3105.247 / Time: 0h:2m:58s (0h:0m:9s left)
Optimizing NNI: done in 0.888569 secs using 1493% CPU
Optimizing NNI: done in 1.06157 secs using 1489% CPU
Optimizing NNI: done in 1.2121 secs using 1495% CPU
Optimizing NNI: done in 0.929045 secs using 1496% CPU
Optimizing NNI: done in 1.29975 secs using 1494% CPU
Optimizing NNI: done in 1.007 secs using 1494% CPU
Optimizing NNI: done in 0.908723 secs using 1495% CPU
Optimizing NNI: done in 0.966595 secs using 1495% CPU
Optimizing NNI: done in 0.588682 secs using 1492% CPU
Optimizing NNI: done in 0.782549 secs using 1494% CPU
Iteration 200 / LogL: -3105.237 / Time: 0h:3m:7s (0h:0m:0s left)
Optimizing NNI: done in 1.05089 secs using 1492% CPU
TREE SEARCH COMPLETED AFTER 201 ITERATIONS / Time: 0h:3m:9s

--------------------------------------------------------------------
|                    FINALIZING TREE SEARCH                        |
--------------------------------------------------------------------
Performs final model parameters optimization
Estimate model parameters (epsilon = 0.010)
1. Initial log-likelihood: -3105.234
Optimal log-likelihood: -3105.233
Rate parameters:  A-C: 1.00000  A-G: 5.16079  A-T: 1.00000  C-G: 1.00000  C-T: 5.16079  G-T: 1.00000
Base frequencies:  A: 0.250  C: 0.250  G: 0.250  T: 0.250
Site proportion and rates:  (0.736,0.265) (0.264,3.045)
Parameters optimization took 1 rounds (0.037 sec)
BEST SCORE FOUND : -3105.233
Total tree length: 16.437

Total number of iterations: 201
CPU time used for tree search: 2808.161 sec (0h:46m:48s)
Wall-clock time used for tree search: 188.759 sec (0h:3m:8s)
Total CPU time used: 2811.339 sec (0h:46m:51s)
Total wall-clock time used: 189.092 sec (0h:3m:9s)

Analysis results written to: 
  IQ-TREE report:                /gpfs/work/tuk13147/AOC-patch-GARD-3/results/mammalian_REV3L/mammalian_REV3L.8.codon.fas.iqtree
  Maximum-likelihood tree:       /gpfs/work/tuk13147/AOC-patch-GARD-3/results/mammalian_REV3L/mammalian_REV3L.8.codon.fas.treefile
  Likelihood distances:          /gpfs/work/tuk13147/AOC-patch-GARD-3/results/mammalian_REV3L/mammalian_REV3L.8.codon.fas.mldist
  Screen log file:               /gpfs/work/tuk13147/AOC-patch-GARD-3/results/mammalian_REV3L/mammalian_REV3L.8.codon.fas.log

ALISIM COMMAND
--------------
--alisim simulated_MSA -t /gpfs/work/tuk13147/AOC-patch-GARD-3/results/mammalian_REV3L/mammalian_REV3L.8.codon.fas.treefile -m "K2P{5.16079}+FQ+R2{0.735685,0.265287,0.264315,3.04498}" --length 1029

Date and Time: Tue Aug  9 13:24:22 2022
