IQ-TREE multicore version 2.2.0.3 COVID-edition for Linux 64-bit built May 11 2022
Developed by Bui Quang Minh, James Barbetti, Nguyen Lam Tung,
Olga Chernomor, Heiko Schmidt, Dominik Schrempf, Michael Woodhams, Ly Trong Nhan.

Host:    n7 (AVX2, FMA3, 251 GB RAM)
Command: iqtree -s /home/aglucaci/AOC-REV3L/results/mammalian_REV3L/mammalian_REV3L.14.codon.fas -T AUTO --redo
Seed:    455695 (Using SPRNG - Scalable Parallel Random Number Generator)
Time:    Mon Sep 12 14:10:43 2022
Kernel:  AVX+FMA - auto-detect threads (8 CPU cores detected)

Reading alignment file /home/aglucaci/AOC-REV3L/results/mammalian_REV3L/mammalian_REV3L.14.codon.fas ... Fasta format detected
Reading fasta file: done in 0.00316006 secs using 88.13% CPU
Alignment most likely contains DNA/RNA sequences
Constructing alignment: done in 0.00161632 secs using 92.8% CPU
WARNING: 3 sites contain only gaps or ambiguous characters.
Alignment has 152 sequences with 1260 columns, 488 distinct patterns
401 parsimony-informative, 63 singleton sites, 796 constant sites
                                                                                                                                                            Gap/Ambiguity  Composition  p-value
Analyzing sequences: done in 0.00015005 secs using 99.97% CPU
   1  NM_001372078_1_Homo_sapiens_REV3_like_DNA_directed_polymerase_zeta_catalytic_subunit_REV3L_transcript_variant_4_mRNA_1                                       35.95%    passed     94.64%
   2  NM_011264_3_Mus_musculus_REV3_like_DNA_directed_polymerase_zeta_catalytic_subunit_Rev3l_mRNA_1                                                               35.95%    passed     95.92%
   3  XM_006256524_2_PREDICTED_Rattus_norvegicus_REV3_like_DNA_directed_polymerase_zeta_catalytic_subunit_Rev3l_transcript_variant_X1_mRNA_1                       35.95%    passed     30.92%
   4  XM_028847034_1_PREDICTED_Macaca_mulatta_REV3_like_DNA_directed_polymerase_zeta_catalytic_subunit_REV3L_transcript_variant_X1_mRNA_1                          35.95%    passed     94.38%
   5  XM_024996589_1_PREDICTED_Bos_taurus_REV3_like_DNA_directed_polymerase_zeta_catalytic_subunit_REV3L_transcript_variant_X1_mRNA_1                              35.95%    passed     99.11%
   6  XM_014118216_3_PREDICTED_Canis_lupus_familiaris_REV3_like_DNA_directed_polymerase_zeta_catalytic_subunit_REV3L_transcript_variant_X1_mRNA_1                  35.95%    passed     87.53%
   7  XM_016956167_2_PREDICTED_Pan_troglodytes_REV3_like_DNA_directed_polymerase_zeta_catalytic_subunit_REV3L_transcript_variant_X1_mRNA_1                         35.95%    passed     90.24%
   8  XM_021091238_1_PREDICTED_Sus_scrofa_REV3_like_DNA_directed_polymerase_zeta_catalytic_subunit_REV3L_transcript_variant_X1_mRNA_1                              36.43%    passed     99.87%
   9  XM_040758199_1_PREDICTED_Mesocricetus_auratus_REV3_like_DNA_directed_polymerase_zeta_catalytic_subunit_Rev3l_transcript_variant_X1_mRNA_1                    35.95%    passed     92.20%
  10  XM_015448392_1_PREDICTED_Macaca_fascicularis_REV3_like_DNA_directed_polymerase_zeta_catalytic_subunit_REV3L_transcript_variant_X1_mRNA_1                     35.95%    passed     94.38%
  11  XM_004753515_2_PREDICTED_Mustela_putorius_furo_REV3_like_polymerase_DNA_directed_zeta_catalytic_subunit_REV3L_transcript_variant_X1_mRNA_1                   35.95%    passed     78.42%
  12  XM_034668992_1_PREDICTED_Ailuropoda_melanoleuca_REV3_like_DNA_directed_polymerase_zeta_catalytic_subunit_REV3L_transcript_variant_X1_mRNA_1                  36.43%    passed     99.11%
  13  XM_015600069_2_PREDICTED_Pteropus_alecto_REV3_like_DNA_directed_polymerase_zeta_catalytic_subunit_REV3L_transcript_variant_X1_mRNA_1                         35.95%    passed     69.50%
  14  XM_005883745_2_PREDICTED_Myotis_brandtii_REV3_like_polymerase_DNA_directed_zeta_catalytic_subunit_REV3L_transcript_variant_X1_mRNA_1                         35.95%    passed     74.09%
  15  XM_006157005_3_PREDICTED_Tupaia_chinensis_REV3_like_DNA_directed_polymerase_zeta_catalytic_subunit_REV3L_transcript_variant_X3_mRNA_1                        35.95%    passed     97.29%
  16  XM_027402162_2_PREDICTED_Cricetulus_griseus_REV3_like_DNA_directed_polymerase_zeta_catalytic_subunit_Rev3l_transcript_variant_X5_mRNA_1                      35.95%    passed     92.26%
  17  XM_013069186_2_PREDICTED_Heterocephalus_glaber_REV3_like_DNA_directed_polymerase_zeta_catalytic_subunit_Rev3l_transcript_variant_X1_mRNA_1                   35.95%    passed     54.93%
  18  XM_008852401_2_PREDICTED_Nannospalax_galili_REV3_like_DNA_directed_polymerase_zeta_catalytic_subunit_Rev3l_transcript_variant_X1_mRNA_1                      35.95%    passed     26.71%
  19  XM_023650934_1_PREDICTED_Equus_caballus_REV3_like_DNA_directed_polymerase_zeta_catalytic_subunit_REV3L_transcript_variant_X1_mRNA_1                          35.95%    passed     93.19%
  20  XM_035296530_1_PREDICTED_Callithrix_jacchus_REV3_like_DNA_directed_polymerase_zeta_catalytic_subunit_REV3L_transcript_variant_X1_mRNA_1                      35.95%    passed     71.57%
  21  XM_007484437_2_PREDICTED_Monodelphis_domestica_REV3_like_DNA_directed_polymerase_zeta_catalytic_subunit_REV3L_transcript_variant_X1_mRNA_1                   35.95%    passed     77.68%
  22  XM_031964400_1_PREDICTED_Sarcophilus_harrisii_REV3_like_DNA_directed_polymerase_zeta_catalytic_subunit_REV3L_transcript_variant_X1_mRNA_1                    35.95%    passed     85.27%
  23  XM_036766364_1_PREDICTED_Trichosurus_vulpecula_REV3_like_DNA_directed_polymerase_zeta_catalytic_subunit_REV3L_transcript_variant_X1_mRNA_1                   35.95%    passed     74.93%
  24  XM_027848601_1_PREDICTED_Vombatus_ursinus_REV3_like_DNA_directed_polymerase_zeta_catalytic_subunit_REV3L_transcript_variant_X1_mRNA_1                        35.95%    passed     79.10%
  25  XM_040983897_1_PREDICTED_Ochotona_curzoniae_REV3_like_DNA_directed_polymerase_zeta_catalytic_subunit_REV3L_transcript_variant_X1_mRNA_1                      35.95%    passed     87.65%
  26  XM_004580498_1_PREDICTED_Ochotona_princeps_REV3_like_DNA_directed_polymerase_zeta_catalytic_subunit_REV3L_mRNA_1                                             40.24%    passed     63.19%
  27  XM_008263376_2_PREDICTED_Oryctolagus_cuniculus_REV3_like_DNA_directed_polymerase_zeta_catalytic_subunit_REV3L_transcript_variant_X1_mRNA_1                   35.95%    passed     97.60%
  28  XM_029482641_1_PREDICTED_Mus_caroli_REV3_like_DNA_directed_polymerase_zeta_catalytic_subunit_Rev3l_mRNA_1                                                    98.57%    passed     74.84%
  29  XM_020168699_1_PREDICTED_Castor_canadensis_REV3_like_DNA_directed_polymerase_zeta_catalytic_subunit_Rev3l_mRNA_1                                             35.95%    passed     68.27%
  30  XM_013032823_1_PREDICTED_Dipodomys_ordii_REV3_like_polymerase_DNA_directed_zeta_catalytic_subunit_Rev3l_mRNA_1                                               35.95%    passed     36.78%
  31  XM_029542499_1_PREDICTED_Mus_pahari_REV3_like_DNA_directed_polymerase_zeta_catalytic_subunit_Rev3l_transcript_variant_X1_mRNA_1                              35.95%    passed     93.63%
  32  XM_016002785_1_PREDICTED_Peromyscus_maniculatus_bairdii_REV3_like_DNA_directed_polymerase_zeta_catalytic_subunit_Rev3l_transcript_variant_X1_mRNA_1          35.95%    passed     85.21%
  33  XM_004660637_2_PREDICTED_Jaculus_jaculus_REV3_like_polymerase_DNA_directed_zeta_catalytic_subunit_Rev3l_transcript_variant_X1_mRNA_1                         35.95%    passed     96.32%
  34  XM_032888520_1_PREDICTED_Rattus_rattus_REV3_like_DNA_directed_polymerase_zeta_catalytic_subunit_Rev3l_mRNA_1                                                 35.95%    passed     33.68%
  35  XM_028768990_1_PREDICTED_Grammomys_surdaster_REV3_like_DNA_directed_polymerase_zeta_catalytic_subunit_Rev3l_mRNA_1                                           35.95%    passed     99.03%
  36  XM_031347764_1_PREDICTED_Mastomys_coucha_REV3_like_DNA_directed_polymerase_zeta_catalytic_subunit_Rev3l_transcript_variant_X1_mRNA_1                         35.95%    passed     77.49%
  37  XM_034524021_1_PREDICTED_Arvicanthis_niloticus_REV3_like_DNA_directed_polymerase_zeta_catalytic_subunit_Rev3l_mRNA_1                                         35.95%    passed     99.39%
  38  XM_036169236_1_PREDICTED_Onychomys_torridus_REV3_like_DNA_directed_polymerase_zeta_catalytic_subunit_Rev3l_transcript_variant_X1_mRNA_1                      35.95%    passed     87.15%
  39  XM_041654071_1_PREDICTED_Microtus_oregoni_REV3_like_DNA_directed_polymerase_zeta_catalytic_subunit_Rev3l_transcript_variant_X1_mRNA_1                        35.95%    passed     99.24%
  40  XM_005363542_3_PREDICTED_Microtus_ochrogaster_REV3_like_DNA_directed_polymerase_zeta_catalytic_subunit_Rev3l_transcript_variant_X1_mRNA_1                    35.95%    passed     99.42%
  41  XM_005377901_2_PREDICTED_Chinchilla_lanigera_REV3_like_polymerase_DNA_directed_zeta_catalytic_subunit_Rev3l_transcript_variant_X1_mRNA_1                     35.95%    passed     80.38%
  42  XM_023722299_1_PREDICTED_Octodon_degus_REV3_like_DNA_directed_polymerase_zeta_catalytic_subunit_Rev3l_transcript_variant_X1_mRNA_1                           35.95%    passed     30.59%
  43  XM_010630829_3_PREDICTED_Fukomys_damarensis_REV3_like_DNA_directed_polymerase_zeta_catalytic_subunit_Rev3l_transcript_variant_X1_mRNA_1                      35.95%    passed     65.43%
  44  XM_015497401_1_PREDICTED_Marmota_marmota_marmota_REV3_like_DNA_directed_polymerase_zeta_catalytic_subunit_Rev3l_mRNA_1                                       35.95%    passed     81.26%
  45  XM_040283216_1_PREDICTED_Ictidomys_tridecemlineatus_REV3_like_DNA_directed_polymerase_zeta_catalytic_subunit_Rev3l_transcript_variant_X1_mRNA_1              35.95%    passed     79.04%
  46  XM_026395080_1_PREDICTED_Urocitellus_parryii_REV3_like_DNA_directed_polymerase_zeta_catalytic_subunit_Rev3l_mRNA_1                                           35.95%    passed     67.90%
  47  XM_027928308_2_PREDICTED_Marmota_flaviventris_REV3_like_DNA_directed_polymerase_zeta_catalytic_subunit_Rev3l_mRNA_1                                          35.95%    passed     84.82%
  48  XM_007078726_2_PREDICTED_Panthera_tigris_altaica_REV3_like_DNA_directed_polymerase_zeta_catalytic_subunit_REV3L_transcript_variant_X1_mRNA_1                 35.95%    passed     91.64%
  49  XM_027057077_1_PREDICTED_Acinonyx_jubatus_REV3_like_DNA_directed_polymerase_zeta_catalytic_subunit_REV3L_transcript_variant_X1_mRNA_1                        35.95%    passed     95.88%
  50  XM_030316171_1_PREDICTED_Lynx_canadensis_REV3_like_DNA_directed_polymerase_zeta_catalytic_subunit_REV3L_transcript_variant_X2_mRNA_1                         35.95%    passed     97.56%
  51  XM_040474393_1_PREDICTED_Puma_yagouaroundi_REV3_like_DNA_directed_polymerase_zeta_catalytic_subunit_REV3L_transcript_variant_X1_mRNA_1                       35.95%    passed     97.56%
  52  XM_025925204_1_PREDICTED_Puma_concolor_REV3_like_DNA_directed_polymerase_zeta_catalytic_subunit_REV3L_mRNA_1                                                 35.95%    passed     97.56%
  53  XM_023254263_1_PREDICTED_Felis_catus_REV3_like_DNA_directed_polymerase_zeta_catalytic_subunit_REV3L_transcript_variant_X1_mRNA_1                             35.95%    passed     97.56%
  54  XM_019443107_1_PREDICTED_Panthera_pardus_REV3_like_DNA_directed_polymerase_zeta_catalytic_subunit_REV3L_transcript_variant_X1_mRNA_1                         35.95%    passed     92.16%
  55  XM_025444797_2_PREDICTED_Canis_lupus_dingo_REV3_like_DNA_directed_polymerase_zeta_catalytic_subunit_REV3L_transcript_variant_X1_mRNA_1                       35.95%    passed     87.53%
  56  XM_026511625_1_PREDICTED_Ursus_arctos_horribilis_REV3_like_DNA_directed_polymerase_zeta_catalytic_subunit_REV3L_transcript_variant_X1_mRNA_1                 36.43%    passed     99.55%
  57  XM_032858328_1_PREDICTED_Lontra_canadensis_REV3_like_DNA_directed_polymerase_zeta_catalytic_subunit_REV3L_transcript_variant_X1_mRNA_1                       35.95%    passed     47.50%
  58  XM_032337983_1_PREDICTED_Mustela_erminea_REV3_like_DNA_directed_polymerase_zeta_catalytic_subunit_REV3L_transcript_variant_X1_mRNA_1                         35.95%    passed     66.93%
  59  XM_004406717_2_PREDICTED_Odobenus_rosmarus_divergens_REV3_like_polymerase_DNA_directed_zeta_catalytic_subunit_REV3L_mRNA_1                                   35.95%    passed     98.73%
  60  XM_039252205_1_PREDICTED_Hyaena_hyaena_REV3_like_DNA_directed_polymerase_zeta_catalytic_subunit_REV3L_mRNA_1                                                 36.19%    passed     90.41%
  61  XM_029945420_1_PREDICTED_Suricata_suricatta_REV3_like_DNA_directed_polymerase_zeta_catalytic_subunit_REV3L_transcript_variant_X1_mRNA_1                      35.95%    passed     91.72%
  62  XM_041738555_1_PREDICTED_Vulpes_lagopus_REV3_like_DNA_directed_polymerase_zeta_catalytic_subunit_REV3L_transcript_variant_X1_mRNA_1                          35.95%    passed     87.53%
  63  XM_026005811_1_PREDICTED_Vulpes_vulpes_REV3_like_DNA_directed_polymerase_zeta_catalytic_subunit_REV3L_transcript_variant_X1_mRNA_1                           35.95%    passed     87.53%
  64  XM_040627642_1_PREDICTED_Ursus_maritimus_REV3_like_DNA_directed_polymerase_zeta_catalytic_subunit_REV3L_mRNA_1                                               36.43%    passed     98.94%
  65  XM_025864219_1_PREDICTED_Callorhinus_ursinus_REV3_like_DNA_directed_polymerase_zeta_catalytic_subunit_REV3L_transcript_variant_X1_mRNA_1                     35.95%    passed     98.08%
  66  XM_028104162_1_PREDICTED_Eumetopias_jubatus_REV3_like_DNA_directed_polymerase_zeta_catalytic_subunit_REV3L_transcript_variant_X1_mRNA_1                      35.95%    passed     98.08%
  67  XM_027601333_2_PREDICTED_Zalophus_californianus_REV3_like_DNA_directed_polymerase_zeta_catalytic_subunit_REV3L_transcript_variant_X1_mRNA_1                  35.95%    passed     98.09%
  68  XM_021693690_1_PREDICTED_Neomonachus_schauinslandi_REV3_like_DNA_directed_polymerase_zeta_catalytic_subunit_REV3L_mRNA_1                                     35.95%    passed     95.37%
  69  XM_006735481_2_PREDICTED_Leptonychotes_weddellii_REV3_like_DNA_directed_polymerase_zeta_catalytic_subunit_REV3L_mRNA_1                                       60.95%    passed     90.53%
  70  XM_034991838_1_PREDICTED_Mirounga_leonina_REV3_like_DNA_directed_polymerase_zeta_catalytic_subunit_REV3L_transcript_variant_X1_mRNA_1                        35.95%    passed     96.55%
  71  XM_032408054_1_PREDICTED_Phoca_vitulina_REV3_like_DNA_directed_polymerase_zeta_catalytic_subunit_REV3L_transcript_variant_X5_mRNA_1                          35.95%    passed     99.49%
  72  XM_020890382_1_PREDICTED_Odocoileus_virginianus_texanus_REV3_like_DNA_directed_polymerase_zeta_catalytic_subunit_REV3L_transcript_variant_X1_mRNA_1          35.95%    passed     80.62%
  73  XM_010856597_1_PREDICTED_Bison_bison_bison_REV3_like_polymerase_DNA_directed_zeta_catalytic_subunit_REV3L_transcript_variant_X1_mRNA_1                       35.95%    passed     98.89%
  74  XM_027551194_1_PREDICTED_Bos_indicus_x_Bos_taurus_REV3_like_DNA_directed_polymerase_zeta_catalytic_subunit_REV3L_transcript_variant_X1_mRNA_1                35.95%    passed     99.11%
  75  XM_005890218_2_PREDICTED_Bos_mutus_REV3_like_polymerase_DNA_directed_zeta_catalytic_subunit_REV3L_mRNA_1                                                     35.95%    passed     99.11%
  76  XM_019967201_1_PREDICTED_Bos_indicus_REV3_like_DNA_directed_polymerase_zeta_catalytic_subunit_REV3L_transcript_variant_X1_mRNA_1                             35.95%    passed     99.11%
  77  XM_025295021_1_PREDICTED_Bubalus_bubalis_REV3_like_DNA_directed_polymerase_zeta_catalytic_subunit_REV3L_transcript_variant_X1_mRNA_1                         35.95%    passed     96.95%
  78  XM_040238480_1_PREDICTED_Oryx_dammah_REV3_like_DNA_directed_polymerase_zeta_catalytic_subunit_REV3L_transcript_variant_X1_mRNA_1                             35.95%    passed     98.30%
  79  XM_018053060_1_PREDICTED_Capra_hircus_REV3_like_DNA_directed_polymerase_zeta_catalytic_subunit_REV3L_transcript_variant_X1_mRNA_1                            35.95%    passed     99.85%
  80  XM_027972360_2_PREDICTED_Ovis_aries_REV3_like_DNA_directed_polymerase_zeta_catalytic_subunit_REV3L_transcript_variant_X1_mRNA_1                              35.95%    passed     99.55%
  81  XM_031680135_1_PREDICTED_Vicugna_pacos_REV3_like_DNA_directed_polymerase_zeta_catalytic_subunit_REV3L_transcript_variant_X1_mRNA_1                           35.95%    passed     95.31%
  82  XM_032484707_1_PREDICTED_Camelus_ferus_REV3_like_DNA_directed_polymerase_zeta_catalytic_subunit_REV3L_transcript_variant_X1_mRNA_1                           35.95%    passed     96.52%
  83  XM_010965426_1_PREDICTED_Camelus_bactrianus_REV3_like_polymerase_DNA_directed_zeta_catalytic_subunit_REV3L_mRNA_1                                            35.95%    passed     96.52%
  84  XM_031456165_1_PREDICTED_Camelus_dromedarius_REV3_like_DNA_directed_polymerase_zeta_catalytic_subunit_REV3L_transcript_variant_X1_mRNA_1                     35.95%    passed     94.04%
  85  XM_024740937_1_PREDICTED_Neophocaena_asiaeorientalis_asiaeorientalis_REV3_like_DNA_directed_polymerase_zeta_catalytic_subunit_REV3L_mRNA_1                   35.95%    passed     99.13%
  86  XM_007190708_2_PREDICTED_Balaenoptera_acutorostrata_scammoni_REV3_like_DNA_directed_polymerase_zeta_catalytic_subunit_REV3L_transcript_variant_X1_mRNA_1     36.19%    passed     99.11%
  87  XM_007451747_1_PREDICTED_Lipotes_vexillifer_REV3_like_polymerase_DNA_directed_zeta_catalytic_subunit_REV3L_transcript_variant_X1_mRNA_1                      35.95%    passed     99.65%
  88  XM_027088475_1_PREDICTED_Lagenorhynchus_obliquidens_REV3_like_DNA_directed_polymerase_zeta_catalytic_subunit_REV3L_transcript_variant_X1_mRNA_1              35.95%    passed     98.06%
  89  XM_030882819_1_PREDICTED_Globicephala_melas_REV3_like_DNA_directed_polymerase_zeta_catalytic_subunit_REV3L_transcript_variant_X1_mRNA_1                      35.95%    passed     97.92%
  90  XM_033418640_1_PREDICTED_Orcinus_orca_REV3_like_DNA_directed_polymerase_zeta_catalytic_subunit_REV3L_transcript_variant_X1_mRNA_1                            35.95%    passed     98.06%
  91  XM_019929582_1_PREDICTED_Tursiops_truncatus_REV3_like_DNA_directed_polymerase_zeta_catalytic_subunit_REV3L_transcript_variant_X1_mRNA_1                      35.95%    passed     99.42%
  92  XM_032650682_1_PREDICTED_Phocoena_sinus_REV3_like_DNA_directed_polymerase_zeta_catalytic_subunit_REV3L_transcript_variant_X1_mRNA_1                          35.95%    passed     99.13%
  93  XM_029223581_1_PREDICTED_Monodon_monoceros_REV3_like_DNA_directed_polymerase_zeta_catalytic_subunit_REV3L_transcript_variant_X1_mRNA_1                       35.95%    passed     99.40%
  94  XM_022554510_2_PREDICTED_Delphinapterus_leucas_REV3_like_DNA_directed_polymerase_zeta_catalytic_subunit_REV3L_transcript_variant_X1_mRNA_1                   35.95%    passed     98.86%
  95  XM_024115547_2_PREDICTED_Physeter_catodon_REV3_like_DNA_directed_polymerase_zeta_catalytic_subunit_REV3L_transcript_variant_X1_mRNA_1                        35.95%    passed     99.47%
  96  XM_036871281_1_PREDICTED_Balaenoptera_musculus_REV3_like_DNA_directed_polymerase_zeta_catalytic_subunit_REV3L_transcript_variant_X1_mRNA_1                   35.95%    passed     98.06%
  97  XM_007528140_2_PREDICTED_Erinaceus_europaeus_REV3_like_DNA_directed_polymerase_zeta_catalytic_subunit_REV3L_mRNA_1                                           35.95%    passed     92.33%
  98  XM_004605780_2_PREDICTED_Sorex_araneus_REV3_like_polymerase_DNA_directed_zeta_catalytic_subunit_REV3L_mRNA_1                                                 35.95%    passed     15.26%
  99  XM_012722936_1_PREDICTED_Condylura_cristata_REV3_like_polymerase_DNA_directed_zeta_catalytic_subunit_REV3L_transcript_variant_X1_mRNA_1                      35.95%    passed     97.64%
 100  XM_037520237_1_PREDICTED_Talpa_occidentalis_REV3_like_DNA_directed_polymerase_zeta_catalytic_subunit_REV3L_transcript_variant_X2_mRNA_1                      35.95%    passed     95.68%
 101  XM_011364805_2_PREDICTED_Pteropus_vampyrus_REV3_like_DNA_directed_polymerase_zeta_catalytic_subunit_REV3L_transcript_variant_X1_mRNA_1                       35.95%    passed     69.50%
 102  XM_016136994_2_PREDICTED_Rousettus_aegyptiacus_REV3_like_DNA_directed_polymerase_zeta_catalytic_subunit_REV3L_transcript_variant_X1_mRNA_1                   35.95%    passed     81.30%
 103  XM_033102881_1_PREDICTED_Rhinolophus_ferrumequinum_REV3_like_DNA_directed_polymerase_zeta_catalytic_subunit_REV3L_transcript_variant_X1_mRNA_1               35.95%    passed     90.92%
 104  XM_037065055_1_PREDICTED_Sturnira_hondurensis_REV3_like_DNA_directed_polymerase_zeta_catalytic_subunit_REV3L_transcript_variant_X1_mRNA_1                    35.95%    passed     84.61%
 105  XM_037159015_1_PREDICTED_Artibeus_jamaicensis_REV3_like_DNA_directed_polymerase_zeta_catalytic_subunit_REV3L_transcript_variant_X1_mRNA_1                    35.95%    passed     76.07%
 106  XM_024551816_1_PREDICTED_Desmodus_rotundus_REV3_like_DNA_directed_polymerase_zeta_catalytic_subunit_REV3L_mRNA_1                                             35.95%    passed     70.26%
 107  XM_036024572_1_PREDICTED_Phyllostomus_discolor_REV3_like_DNA_directed_polymerase_zeta_catalytic_subunit_REV3L_transcript_variant_X1_mRNA_1                   35.95%    passed     80.35%
 108  XM_016217489_1_PREDICTED_Miniopterus_natalensis_REV3_like_DNA_directed_polymerase_zeta_catalytic_subunit_REV3L_transcript_variant_X5_mRNA_1                  35.95%    passed     81.06%
 109  XM_019646344_1_PREDICTED_Hipposideros_armiger_REV3_like_DNA_directed_polymerase_zeta_catalytic_subunit_REV3L_mRNA_1                                          35.95%    passed     90.58%
 110  XM_036414528_1_PREDICTED_Pipistrellus_kuhlii_REV3_like_DNA_directed_polymerase_zeta_catalytic_subunit_REV3L_transcript_variant_X1_mRNA_1                     35.95%    passed     77.50%
 111  XM_028140115_1_PREDICTED_Eptesicus_fuscus_REV3_like_DNA_directed_polymerase_zeta_catalytic_subunit_REV3L_transcript_variant_X1_mRNA_1                        35.95%    passed     81.22%
 112  XM_015561632_1_PREDICTED_Myotis_davidii_REV3_like_DNA_directed_polymerase_zeta_catalytic_subunit_REV3L_transcript_variant_X1_mRNA_1                          35.95%    passed     80.46%
 113  XM_036318154_1_PREDICTED_Myotis_myotis_REV3_like_DNA_directed_polymerase_zeta_catalytic_subunit_REV3L_transcript_variant_X1_mRNA_1                           35.95%    passed     73.03%
 114  XM_023750109_1_PREDICTED_Myotis_lucifugus_REV3_like_DNA_directed_polymerase_zeta_catalytic_subunit_REV3L_transcript_variant_X1_mRNA_1                        35.95%    passed     71.59%
 115  XM_036247698_1_PREDICTED_Molossus_molossus_REV3_like_DNA_directed_polymerase_zeta_catalytic_subunit_REV3L_transcript_variant_X1_mRNA_1                       35.95%    passed     95.77%
 116  XM_014866179_1_PREDICTED_Equus_asinus_REV3_like_DNA_directed_polymerase_zeta_catalytic_subunit_REV3L_transcript_variant_X1_mRNA_1                            35.95%    passed     95.51%
 117  XM_036902980_1_PREDICTED_Manis_pentadactyla_REV3_like_DNA_directed_polymerase_zeta_catalytic_subunit_REV3L_transcript_variant_X1_mRNA_1                      35.95%    failed      0.03%
 118  XM_008584529_1_PREDICTED_Galeopterus_variegatus_REV3_like_polymerase_DNA_directed_zeta_catalytic_subunit_REV3L_mRNA_1                                        35.95%    passed     86.44%
 119  XM_037012273_1_PREDICTED_Manis_javanica_REV3_like_DNA_directed_polymerase_zeta_catalytic_subunit_REV3L_mRNA_1                                                 0.71%    failed      0.00%
 120  XM_011935019_1_PREDICTED_Colobus_angolensis_palliatus_REV3_like_polymerase_DNA_directed_zeta_catalytic_subunit_REV3L_transcript_variant_X1_mRNA_1            35.95%    passed     92.81%
 121  XM_008007323_2_PREDICTED_Chlorocebus_sabaeus_REV3_like_DNA_directed_polymerase_zeta_catalytic_subunit_REV3L_transcript_variant_X1_mRNA_1                     35.95%    passed     88.33%
 122  XM_011758974_1_PREDICTED_Macaca_nemestrina_REV3_like_DNA_directed_polymerase_zeta_catalytic_subunit_REV3L_transcript_variant_X1_mRNA_1                       35.95%    passed     94.38%
 123  XM_031667490_1_PREDICTED_Papio_anubis_REV3_like_DNA_directed_polymerase_zeta_catalytic_subunit_REV3L_transcript_variant_X1_mRNA_1                            35.95%    passed     88.08%
 124  XM_025381340_1_PREDICTED_Theropithecus_gelada_REV3_like_DNA_directed_polymerase_zeta_catalytic_subunit_REV3L_transcript_variant_X1_mRNA_1                    35.95%    passed     92.81%
 125  XM_011970618_1_PREDICTED_Mandrillus_leucophaeus_REV3_like_polymerase_DNA_directed_zeta_catalytic_subunit_REV3L_transcript_variant_X1_mRNA_1                  35.95%    passed     92.81%
 126  XM_033234306_1_PREDICTED_Trachypithecus_francoisi_REV3_like_DNA_directed_polymerase_zeta_catalytic_subunit_REV3L_transcript_variant_X1_mRNA_1                35.95%    passed     90.25%
 127  XM_010371650_2_PREDICTED_Rhinopithecus_roxellana_REV3_like_DNA_directed_polymerase_zeta_catalytic_subunit_REV3L_transcript_variant_X1_mRNA_1                 35.95%    passed     90.74%
 128  XM_026456416_1_PREDICTED_Piliocolobus_tephrosceles_REV3_like_DNA_directed_polymerase_zeta_catalytic_subunit_REV3L_transcript_variant_X1_mRNA_1               43.57%    passed     89.17%
 129  XM_031011917_1_PREDICTED_Gorilla_gorilla_gorilla_REV3_like_DNA_directed_polymerase_zeta_catalytic_subunit_REV3L_transcript_variant_X2_mRNA_1                 35.95%    passed     98.21%
 130  XM_008975749_3_PREDICTED_Pan_paniscus_REV3_like_DNA_directed_polymerase_zeta_catalytic_subunit_REV3L_transcript_variant_X1_mRNA_1                            35.95%    passed     93.19%
 131  XM_024248979_1_PREDICTED_Pongo_abelii_REV3_like_DNA_directed_polymerase_zeta_catalytic_subunit_REV3L_transcript_variant_X1_mRNA_1                            35.95%    passed     93.35%
 132  XM_030809566_1_PREDICTED_Nomascus_leucogenys_REV3_like_DNA_directed_polymerase_zeta_catalytic_subunit_REV3L_transcript_variant_X1_mRNA_1                     35.95%    passed     93.19%
 133  XM_032156758_1_PREDICTED_Hylobates_moloch_REV3_like_DNA_directed_polymerase_zeta_catalytic_subunit_REV3L_transcript_variant_X1_mRNA_1                        35.95%    passed     93.93%
 134  XM_039464970_1_PREDICTED_Saimiri_boliviensis_boliviensis_REV3_like_DNA_directed_polymerase_zeta_catalytic_subunit_REV3L_mRNA_1                               35.95%    passed     87.11%
 135  XM_017509257_2_PREDICTED_Cebus_imitator_REV3_like_DNA_directed_polymerase_zeta_catalytic_subunit_REV3L_transcript_variant_X1_mRNA_1                          99.29%    passed     71.46%
 136  XM_032275008_1_PREDICTED_Sapajus_apella_REV3_like_DNA_directed_polymerase_zeta_catalytic_subunit_REV3L_transcript_variant_X1_mRNA_1                          35.95%    passed     84.04%
 137  XM_012438367_2_PREDICTED_Aotus_nancymaae_REV3_like_DNA_directed_polymerase_zeta_catalytic_subunit_REV3L_transcript_variant_X1_mRNA_1                         35.95%    passed     81.91%
 138  XM_008058987_1_PREDICTED_Carlito_syrichta_REV3_like_DNA_directed_polymerase_zeta_catalytic_subunit_REV3L_transcript_variant_X1_mRNA_1                        35.95%    failed      1.58%
 139  XM_012642842_1_PREDICTED_Propithecus_coquereli_REV3_like_polymerase_DNA_directed_zeta_catalytic_subunit_REV3L_mRNA_1                                         35.95%    passed     97.03%
 140  XM_012753062_2_PREDICTED_Microcebus_murinus_REV3_like_DNA_directed_polymerase_zeta_catalytic_subunit_REV3L_transcript_variant_X1_mRNA_1                      35.95%    passed     97.24%
 141  XM_023512479_1_PREDICTED_Otolemur_garnettii_REV3_like_DNA_directed_polymerase_zeta_catalytic_subunit_REV3L_mRNA_1                                            35.95%    passed     91.25%
 142  XM_007940793_1_PREDICTED_Orycteropus_afer_afer_REV3_like_DNA_directed_polymerase_zeta_catalytic_subunit_REV3L_mRNA_1                                         35.95%    passed     94.94%
 143  XM_004702008_2_PREDICTED_Echinops_telfairi_REV3_like_DNA_directed_polymerase_zeta_catalytic_subunit_REV3L_mRNA_1                                             35.95%    passed     78.41%
 144  XM_006839926_1_PREDICTED_Chrysochloris_asiatica_REV3_like_polymerase_DNA_directed_zeta_catalytic_subunit_REV3L_mRNA_1                                        35.95%    passed     93.70%
 145  XM_010598962_2_PREDICTED_Loxodonta_africana_REV3_like_DNA_directed_polymerase_zeta_catalytic_subunit_REV3L_transcript_variant_X1_mRNA_1                      35.95%    passed     95.39%
 146  XM_037843746_1_PREDICTED_Choloepus_didactylus_REV3_like_DNA_directed_polymerase_zeta_catalytic_subunit_REV3L_transcript_variant_X1_mRNA_1                    35.95%    passed     78.03%
 147  XM_023589592_1_PREDICTED_Dasypus_novemcinctus_REV3_like_DNA_directed_polymerase_zeta_catalytic_subunit_REV3L_mRNA_1                                          35.95%    passed     60.40%
 148  XM_029047173_2_PREDICTED_Ornithorhynchus_anatinus_REV3_like_DNA_directed_polymerase_zeta_catalytic_subunit_REV3L_transcript_variant_X1_mRNA_1                35.95%    failed      2.94%
 149  XM_038761479_1_PREDICTED_Tachyglossus_aculeatus_REV3_like_DNA_directed_polymerase_zeta_catalytic_subunit_REV3L_mRNA_1                                        35.95%    passed      5.14%
 150  XM_022520135_1_PREDICTED_Enhydra_lutris_kenyoni_REV3_like_DNA_directed_polymerase_zeta_catalytic_subunit_LOC111158218_transcript_variant_X1_mRNA_1           36.43%    passed     73.06%
 151  XM_014781164_1_PREDICTED_Ceratotherium_simum_simum_REV3_like_DNA_directed_polymerase_zeta_catalytic_subunit_LOC101399622_transcript_variant_X1_mRNA_1        35.95%    passed     95.65%
 152  XM_004372470_3_PREDICTED_Trichechus_manatus_latirostris_REV3_like_DNA_directed_polymerase_zeta_catalytic_subunit_LOC101361167_transcript_variant_X1_mRNA_1   35.95%    passed     96.81%
WARNING: 3 sequences contain more than 50% gaps/ambiguity
****  TOTAL                                                                                                                                                        36.81%  4 sequences failed composition chi2 test (p-value<5%; df=3)
NOTE: XM_015448392_1_PREDICTED_Macaca_fascicularis_REV3_like_DNA_directed_polymerase_zeta_catalytic_subunit_REV3L_transcript_variant_X1_mRNA_1 is identical to XM_028847034_1_PREDICTED_Macaca_mulatta_REV3_like_DNA_directed_polymerase_zeta_catalytic_subunit_REV3L_transcript_variant_X1_mRNA_1 but kept for subsequent analysis
NOTE: XM_027551194_1_PREDICTED_Bos_indicus_x_Bos_taurus_REV3_like_DNA_directed_polymerase_zeta_catalytic_subunit_REV3L_transcript_variant_X1_mRNA_1 is identical to XM_024996589_1_PREDICTED_Bos_taurus_REV3_like_DNA_directed_polymerase_zeta_catalytic_subunit_REV3L_transcript_variant_X1_mRNA_1 but kept for subsequent analysis
NOTE: XM_025444797_2_PREDICTED_Canis_lupus_dingo_REV3_like_DNA_directed_polymerase_zeta_catalytic_subunit_REV3L_transcript_variant_X1_mRNA_1 is identical to XM_014118216_3_PREDICTED_Canis_lupus_familiaris_REV3_like_DNA_directed_polymerase_zeta_catalytic_subunit_REV3L_transcript_variant_X1_mRNA_1 but kept for subsequent analysis
NOTE: XM_011364805_2_PREDICTED_Pteropus_vampyrus_REV3_like_DNA_directed_polymerase_zeta_catalytic_subunit_REV3L_transcript_variant_X1_mRNA_1 is identical to XM_015600069_2_PREDICTED_Pteropus_alecto_REV3_like_DNA_directed_polymerase_zeta_catalytic_subunit_REV3L_transcript_variant_X1_mRNA_1 but kept for subsequent analysis
NOTE: XM_025925204_1_PREDICTED_Puma_concolor_REV3_like_DNA_directed_polymerase_zeta_catalytic_subunit_REV3L_mRNA_1 is identical to XM_040474393_1_PREDICTED_Puma_yagouaroundi_REV3_like_DNA_directed_polymerase_zeta_catalytic_subunit_REV3L_transcript_variant_X1_mRNA_1 but kept for subsequent analysis
NOTE: XM_010965426_1_PREDICTED_Camelus_bactrianus_REV3_like_polymerase_DNA_directed_zeta_catalytic_subunit_REV3L_mRNA_1 is identical to XM_032484707_1_PREDICTED_Camelus_ferus_REV3_like_DNA_directed_polymerase_zeta_catalytic_subunit_REV3L_transcript_variant_X1_mRNA_1 but kept for subsequent analysis
NOTE: XM_032650682_1_PREDICTED_Phocoena_sinus_REV3_like_DNA_directed_polymerase_zeta_catalytic_subunit_REV3L_transcript_variant_X1_mRNA_1 is identical to XM_024740937_1_PREDICTED_Neophocaena_asiaeorientalis_asiaeorientalis_REV3_like_DNA_directed_polymerase_zeta_catalytic_subunit_REV3L_mRNA_1 but kept for subsequent analysis
NOTE: XM_033418640_1_PREDICTED_Orcinus_orca_REV3_like_DNA_directed_polymerase_zeta_catalytic_subunit_REV3L_transcript_variant_X1_mRNA_1 is identical to XM_027088475_1_PREDICTED_Lagenorhynchus_obliquidens_REV3_like_DNA_directed_polymerase_zeta_catalytic_subunit_REV3L_transcript_variant_X1_mRNA_1 but kept for subsequent analysis
NOTE: XM_011970618_1_PREDICTED_Mandrillus_leucophaeus_REV3_like_polymerase_DNA_directed_zeta_catalytic_subunit_REV3L_transcript_variant_X1_mRNA_1 is identical to XM_025381340_1_PREDICTED_Theropithecus_gelada_REV3_like_DNA_directed_polymerase_zeta_catalytic_subunit_REV3L_transcript_variant_X1_mRNA_1 but kept for subsequent analysis
Checking for duplicate sequences: done in 0.00050339 secs using 98.33% CPU
Identifying sites to remove: done in 0.00166457 secs using 97.08% CPU
NOTE: 6 identical sequences (see below) will be ignored for subsequent analysis
NOTE: XM_011758974_1_PREDICTED_Macaca_nemestrina_REV3_like_DNA_directed_polymerase_zeta_catalytic_subunit_REV3L_transcript_variant_X1_mRNA_1 (identical to XM_028847034_1_PREDICTED_Macaca_mulatta_REV3_like_DNA_directed_polymerase_zeta_catalytic_subunit_REV3L_transcript_variant_X1_mRNA_1) is ignored but added at the end
NOTE: XM_005890218_2_PREDICTED_Bos_mutus_REV3_like_polymerase_DNA_directed_zeta_catalytic_subunit_REV3L_mRNA_1 (identical to XM_024996589_1_PREDICTED_Bos_taurus_REV3_like_DNA_directed_polymerase_zeta_catalytic_subunit_REV3L_transcript_variant_X1_mRNA_1) is ignored but added at the end
NOTE: XM_019967201_1_PREDICTED_Bos_indicus_REV3_like_DNA_directed_polymerase_zeta_catalytic_subunit_REV3L_transcript_variant_X1_mRNA_1 (identical to XM_024996589_1_PREDICTED_Bos_taurus_REV3_like_DNA_directed_polymerase_zeta_catalytic_subunit_REV3L_transcript_variant_X1_mRNA_1) is ignored but added at the end
NOTE: XM_041738555_1_PREDICTED_Vulpes_lagopus_REV3_like_DNA_directed_polymerase_zeta_catalytic_subunit_REV3L_transcript_variant_X1_mRNA_1 (identical to XM_014118216_3_PREDICTED_Canis_lupus_familiaris_REV3_like_DNA_directed_polymerase_zeta_catalytic_subunit_REV3L_transcript_variant_X1_mRNA_1) is ignored but added at the end
NOTE: XM_026005811_1_PREDICTED_Vulpes_vulpes_REV3_like_DNA_directed_polymerase_zeta_catalytic_subunit_REV3L_transcript_variant_X1_mRNA_1 (identical to XM_014118216_3_PREDICTED_Canis_lupus_familiaris_REV3_like_DNA_directed_polymerase_zeta_catalytic_subunit_REV3L_transcript_variant_X1_mRNA_1) is ignored but added at the end
NOTE: XM_023254263_1_PREDICTED_Felis_catus_REV3_like_DNA_directed_polymerase_zeta_catalytic_subunit_REV3L_transcript_variant_X1_mRNA_1 (identical to XM_040474393_1_PREDICTED_Puma_yagouaroundi_REV3_like_DNA_directed_polymerase_zeta_catalytic_subunit_REV3L_transcript_variant_X1_mRNA_1) is ignored but added at the end
Alignment was printed to /home/aglucaci/AOC-REV3L/results/mammalian_REV3L/mammalian_REV3L.14.codon.fas.uniqueseq.phy

For your convenience alignment with unique sequences printed to /home/aglucaci/AOC-REV3L/results/mammalian_REV3L/mammalian_REV3L.14.codon.fas.uniqueseq.phy


Create initial parsimony tree by phylogenetic likelihood library (PLL)... 0.022 seconds
Measuring multi-threading efficiency up to 8 CPU cores
Increase to 10 rounds for branch lengths
67 trees examined
Threads: 1 / Time: 8.072 sec / Speedup: 1.000 / Efficiency: 100% / LogL: -25971
Threads: 2 / Time: 5.442 sec / Speedup: 1.483 / Efficiency: 74% / LogL: -25971
Threads: 3 / Time: 4.504 sec / Speedup: 1.792 / Efficiency: 60% / LogL: -25971
Threads: 4 / Time: 4.187 sec / Speedup: 1.928 / Efficiency: 48% / LogL: -25971
Determining AUTO threadcount: done in 22.2052 secs using 218.4% CPU
BEST NUMBER OF THREADS: 3

Perform fast likelihood tree search using GTR+I+G model...
Estimate model parameters (epsilon = 5.000)
Perform nearest neighbor interchange...
Optimizing NNI: done in 0.154563 secs using 297.4% CPU
Estimate model parameters (epsilon = 1.000)
1. Initial log-likelihood: -14152.084
Optimal log-likelihood: -14151.599
Rate parameters:  A-C: 1.19461  A-G: 6.21764  A-T: 0.60101  C-G: 0.97273  C-T: 4.81070  G-T: 1.00000
Base frequencies:  A: 0.282  C: 0.243  G: 0.218  T: 0.257
Proportion of invariable sites: 0.318
Gamma shape alpha: 0.934
Parameters optimization took 1 rounds (0.051 sec)
Time for fast ML tree search: 0.461 seconds

NOTE: ModelFinder requires 23 MB RAM!
ModelFinder will test up to 484 DNA models (sample size: 1260) ...
 No. Model         -LnL         df  AIC          AICc         BIC
Measuring multi-threading efficiency up to 8 CPU cores
Increase to 10 rounds for branch lengths
191 trees examined
Threads: 1 / Time: 8.002 sec / Speedup: 1.000 / Efficiency: 100% / LogL: -29413
Threads: 2 / Time: 5.575 sec / Speedup: 1.435 / Efficiency: 72% / LogL: -29413
Threads: 3 / Time: 4.846 sec / Speedup: 1.651 / Efficiency: 55% / LogL: -29413
Threads: 4 / Time: 4.662 sec / Speedup: 1.716 / Efficiency: 43% / LogL: -29413
Determining AUTO threadcount: done in 23.0857 secs using 221.6% CPU
BEST NUMBER OF THREADS: 3

  1  GTR+F         15376.683    297 31347.366    31531.370    32873.610
Measuring multi-threading efficiency up to 8 CPU cores
Increase to 10 rounds for branch lengths
189 trees examined
Threads: 1 / Time: 8.020 sec / Speedup: 1.000 / Efficiency: 100% / LogL: -26416
Threads: 2 / Time: 5.717 sec / Speedup: 1.403 / Efficiency: 70% / LogL: -26416
Threads: 3 / Time: 5.338 sec / Speedup: 1.503 / Efficiency: 50% / LogL: -26416
Threads: 4 / Time: 5.049 sec / Speedup: 1.589 / Efficiency: 40% / LogL: -26416
Determining AUTO threadcount: done in 24.1238 secs using 225.7% CPU
BEST NUMBER OF THREADS: 3

  2  GTR+F+I       14489.733    298 29575.465    29760.901    31106.848
Measuring multi-threading efficiency up to 8 CPU cores
Increase to 10 rounds for branch lengths
74 trees examined
Threads: 1 / Time: 8.048 sec / Speedup: 1.000 / Efficiency: 100% / LogL: -24753
Threads: 2 / Time: 5.456 sec / Speedup: 1.475 / Efficiency: 74% / LogL: -24753
Threads: 3 / Time: 4.519 sec / Speedup: 1.781 / Efficiency: 59% / LogL: -24753
Threads: 4 / Time: 4.252 sec / Speedup: 1.893 / Efficiency: 47% / LogL: -24753
Determining AUTO threadcount: done in 22.2764 secs using 219.3% CPU
BEST NUMBER OF THREADS: 3

  3  GTR+F+G4      14189.899    298 28975.797    29161.233    30507.179
Measuring multi-threading efficiency up to 8 CPU cores
Increase to 10 rounds for branch lengths
67 trees examined
Threads: 1 / Time: 8.008 sec / Speedup: 1.000 / Efficiency: 100% / LogL: -24131
Threads: 2 / Time: 5.470 sec / Speedup: 1.464 / Efficiency: 73% / LogL: -24131
Threads: 3 / Time: 4.511 sec / Speedup: 1.775 / Efficiency: 59% / LogL: -24131
Threads: 4 / Time: 4.227 sec / Speedup: 1.894 / Efficiency: 47% / LogL: -24131
Determining AUTO threadcount: done in 22.2169 secs using 219.1% CPU
BEST NUMBER OF THREADS: 3

  4  GTR+F+I+G4    14151.004    299 28900.007    29086.882    30436.529
Measuring multi-threading efficiency up to 8 CPU cores
Increase to 10 rounds for branch lengths
122 trees examined
Threads: 1 / Time: 8.012 sec / Speedup: 1.000 / Efficiency: 100% / LogL: -25580
Threads: 2 / Time: 5.672 sec / Speedup: 1.413 / Efficiency: 71% / LogL: -25580
Threads: 3 / Time: 4.846 sec / Speedup: 1.653 / Efficiency: 55% / LogL: -25580
Threads: 4 / Time: 4.625 sec / Speedup: 1.732 / Efficiency: 43% / LogL: -25580
Determining AUTO threadcount: done in 23.1555 secs using 222.3% CPU
BEST NUMBER OF THREADS: 3

  5  GTR+F+R2      14296.025    299 29190.049    29376.924    30726.570
Measuring multi-threading efficiency up to 8 CPU cores
Increase to 10 rounds for branch lengths
95 trees examined
Threads: 1 / Time: 8.022 sec / Speedup: 1.000 / Efficiency: 100% / LogL: -25095
Threads: 2 / Time: 5.475 sec / Speedup: 1.465 / Efficiency: 73% / LogL: -25095
Threads: 3 / Time: 4.589 sec / Speedup: 1.748 / Efficiency: 58% / LogL: -25095
Threads: 4 / Time: 4.346 sec / Speedup: 1.846 / Efficiency: 46% / LogL: -25095
Determining AUTO threadcount: done in 22.4317 secs using 220.1% CPU
BEST NUMBER OF THREADS: 3

  6  GTR+F+R3      14192.475    301 28986.950    29176.725    30533.749
Measuring multi-threading efficiency up to 8 CPU cores
Increase to 10 rounds for branch lengths
73 trees examined
Threads: 1 / Time: 8.061 sec / Speedup: 1.000 / Efficiency: 100% / LogL: -24892
Threads: 2 / Time: 5.489 sec / Speedup: 1.468 / Efficiency: 73% / LogL: -24892
Threads: 3 / Time: 4.505 sec / Speedup: 1.789 / Efficiency: 60% / LogL: -24892
Threads: 4 / Time: 6.026 sec / Speedup: 1.338 / Efficiency: 33% / LogL: -24892
Determining AUTO threadcount: done in 24.0812 secs using 232.1% CPU
BEST NUMBER OF THREADS: 3

  7  GTR+F+R4      14176.449    303 28958.898    29151.601    30515.975
Measuring multi-threading efficiency up to 8 CPU cores
Increase to 10 rounds for branch lengths
59 trees examined
Threads: 1 / Time: 8.092 sec / Speedup: 1.000 / Efficiency: 100% / LogL: -24574
Threads: 2 / Time: 5.279 sec / Speedup: 1.533 / Efficiency: 77% / LogL: -24574
Threads: 3 / Time: 4.328 sec / Speedup: 1.870 / Efficiency: 62% / LogL: -24574
Threads: 4 / Time: 4.048 sec / Speedup: 1.999 / Efficiency: 50% / LogL: -24574
Determining AUTO threadcount: done in 21.7477 secs using 217.3% CPU
BEST NUMBER OF THREADS: 3

  8  GTR+F+R5      14165.168    305 28940.336    29135.996    30507.690
Measuring multi-threading efficiency up to 8 CPU cores
Increase to 10 rounds for branch lengths
49 trees examined
Threads: 1 / Time: 8.158 sec / Speedup: 1.000 / Efficiency: 100% / LogL: -24602
Threads: 2 / Time: 5.171 sec / Speedup: 1.578 / Efficiency: 79% / LogL: -24602
Threads: 3 / Time: 4.249 sec / Speedup: 1.920 / Efficiency: 64% / LogL: -24602
Threads: 4 / Time: 3.843 sec / Speedup: 2.123 / Efficiency: 53% / LogL: -24602
Threads: 5 / Time: 4.978 sec / Speedup: 1.639 / Efficiency: 33% / LogL: -24602
Determining AUTO threadcount: done in 26.3994 secs using 267.8% CPU
BEST NUMBER OF THREADS: 4

  9  GTR+F+R6      14155.686    307 28925.372    29124.019    30503.004
Measuring multi-threading efficiency up to 8 CPU cores
Increase to 10 rounds for branch lengths
43 trees examined
Threads: 1 / Time: 8.180 sec / Speedup: 1.000 / Efficiency: 100% / LogL: -24499
Threads: 2 / Time: 5.126 sec / Speedup: 1.596 / Efficiency: 80% / LogL: -24499
Threads: 3 / Time: 4.176 sec / Speedup: 1.959 / Efficiency: 65% / LogL: -24499
Threads: 4 / Time: 3.781 sec / Speedup: 2.164 / Efficiency: 54% / LogL: -24499
Threads: 5 / Time: 4.659 sec / Speedup: 1.756 / Efficiency: 35% / LogL: -24499
Determining AUTO threadcount: done in 25.9239 secs using 264.9% CPU
BEST NUMBER OF THREADS: 4

 10  GTR+F+R7      14149.032    309 28916.064    29117.727    30503.974
Measuring multi-threading efficiency up to 8 CPU cores
Increase to 10 rounds for branch lengths
112 trees examined
Threads: 1 / Time: 8.044 sec / Speedup: 1.000 / Efficiency: 100% / LogL: -24538
Threads: 2 / Time: 5.664 sec / Speedup: 1.420 / Efficiency: 71% / LogL: -24538
Threads: 3 / Time: 8.103 sec / Speedup: 0.993 / Efficiency: 33% / LogL: -24538
Determining AUTO threadcount: done in 21.8114 secs using 196.2% CPU
BEST NUMBER OF THREADS: 2

 14  GTR+F+I+I+R2  14182.944    300 28965.889    29154.210    30507.549
Measuring multi-threading efficiency up to 8 CPU cores
Increase to 10 rounds for branch lengths
79 trees examined
Threads: 1 / Time: 8.054 sec / Speedup: 1.000 / Efficiency: 100% / LogL: -24163
Threads: 2 / Time: 5.336 sec / Speedup: 1.509 / Efficiency: 75% / LogL: -24163
Threads: 3 / Time: 4.511 sec / Speedup: 1.786 / Efficiency: 60% / LogL: -24163
Threads: 4 / Time: 4.164 sec / Speedup: 1.934 / Efficiency: 48% / LogL: -24163
Determining AUTO threadcount: done in 22.0659 secs using 218% CPU
BEST NUMBER OF THREADS: 3

 15  GTR+F+I+I+R3  14138.228    302 28880.457    29071.692    30432.395
Measuring multi-threading efficiency up to 8 CPU cores
Increase to 10 rounds for branch lengths
64 trees examined
Threads: 1 / Time: 8.028 sec / Speedup: 1.000 / Efficiency: 100% / LogL: -23967
Threads: 2 / Time: 5.365 sec / Speedup: 1.496 / Efficiency: 75% / LogL: -23967
Threads: 3 / Time: 4.504 sec / Speedup: 1.782 / Efficiency: 59% / LogL: -23967
Threads: 4 / Time: 4.131 sec / Speedup: 1.943 / Efficiency: 49% / LogL: -23967
Determining AUTO threadcount: done in 22.0274 secs using 218.2% CPU
BEST NUMBER OF THREADS: 3

 16  GTR+F+I+I+R4  14136.610    304 28881.220    29075.398    30443.435
Measuring multi-threading efficiency up to 8 CPU cores
Increase to 10 rounds for branch lengths
64 trees examined
Threads: 1 / Time: 8.020 sec / Speedup: 1.000 / Efficiency: 100% / LogL: -23918
Threads: 2 / Time: 5.357 sec / Speedup: 1.497 / Efficiency: 75% / LogL: -23918
Threads: 3 / Time: 4.447 sec / Speedup: 1.803 / Efficiency: 60% / LogL: -23918
Threads: 4 / Time: 4.105 sec / Speedup: 1.954 / Efficiency: 49% / LogL: -23918
Determining AUTO threadcount: done in 21.9296 secs using 218.2% CPU
BEST NUMBER OF THREADS: 3

 26  SYM+I+G4      14130.519    296 28853.038    29035.617    30374.142
Measuring multi-threading efficiency up to 8 CPU cores
Increase to 10 rounds for branch lengths
80 trees examined
Threads: 1 / Time: 8.023 sec / Speedup: 1.000 / Efficiency: 100% / LogL: -23896
Threads: 2 / Time: 5.323 sec / Speedup: 1.507 / Efficiency: 75% / LogL: -23896
Threads: 3 / Time: 4.461 sec / Speedup: 1.798 / Efficiency: 60% / LogL: -23896
Threads: 4 / Time: 4.113 sec / Speedup: 1.951 / Efficiency: 49% / LogL: -23896
Determining AUTO threadcount: done in 21.9214 secs using 217.7% CPU
BEST NUMBER OF THREADS: 3

 37  SYM+I+I+R3    14120.996    299 28839.993    29026.868    30376.514
Measuring multi-threading efficiency up to 8 CPU cores
Increase to 10 rounds for branch lengths
65 trees examined
Threads: 1 / Time: 8.084 sec / Speedup: 1.000 / Efficiency: 100% / LogL: -24087
Threads: 2 / Time: 5.358 sec / Speedup: 1.509 / Efficiency: 75% / LogL: -24087
Threads: 3 / Time: 4.465 sec / Speedup: 1.811 / Efficiency: 60% / LogL: -24087
Threads: 4 / Time: 4.126 sec / Speedup: 1.959 / Efficiency: 49% / LogL: -24087
Determining AUTO threadcount: done in 22.0341 secs using 218% CPU
BEST NUMBER OF THREADS: 3

 48  TVM+F+I+G4    14156.279    298 28908.558    29093.994    30439.941
Measuring multi-threading efficiency up to 8 CPU cores
Increase to 10 rounds for branch lengths
80 trees examined
Threads: 1 / Time: 8.079 sec / Speedup: 1.000 / Efficiency: 100% / LogL: -24173
Threads: 2 / Time: 5.306 sec / Speedup: 1.523 / Efficiency: 76% / LogL: -24173
Threads: 3 / Time: 4.452 sec / Speedup: 1.815 / Efficiency: 60% / LogL: -24173
Threads: 4 / Time: 6.287 sec / Speedup: 1.285 / Efficiency: 32% / LogL: -24173
Determining AUTO threadcount: done in 24.1246 secs using 233.1% CPU
BEST NUMBER OF THREADS: 3

 59  TVM+F+I+I+R3  14140.009    301 28882.018    29071.793    30428.817
Measuring multi-threading efficiency up to 8 CPU cores
Increase to 10 rounds for branch lengths
64 trees examined
Threads: 1 / Time: 8.006 sec / Speedup: 1.000 / Efficiency: 100% / LogL: -24153
Threads: 2 / Time: 5.273 sec / Speedup: 1.518 / Efficiency: 76% / LogL: -24153
Threads: 3 / Time: 4.383 sec / Speedup: 1.826 / Efficiency: 61% / LogL: -24153
Threads: 4 / Time: 4.006 sec / Speedup: 1.998 / Efficiency: 50% / LogL: -24153
Determining AUTO threadcount: done in 21.6681 secs using 217.2% CPU
BEST NUMBER OF THREADS: 3

 70  TVMe+I+G4     14134.137    295 28858.273    29039.435    30374.239
Measuring multi-threading efficiency up to 8 CPU cores
Increase to 10 rounds for branch lengths
79 trees examined
Threads: 1 / Time: 8.016 sec / Speedup: 1.000 / Efficiency: 100% / LogL: -23918
Threads: 2 / Time: 5.277 sec / Speedup: 1.519 / Efficiency: 76% / LogL: -23918
Threads: 3 / Time: 6.992 sec / Speedup: 1.147 / Efficiency: 38% / LogL: -23918
Determining AUTO threadcount: done in 20.2845 secs using 191.5% CPU
BEST NUMBER OF THREADS: 2

 81  TVMe+I+I+R3   14122.539    298 28841.077    29026.513    30372.460
Measuring multi-threading efficiency up to 8 CPU cores
Increase to 10 rounds for branch lengths
64 trees examined
Threads: 1 / Time: 8.013 sec / Speedup: 1.000 / Efficiency: 100% / LogL: -24004
Threads: 2 / Time: 5.244 sec / Speedup: 1.528 / Efficiency: 76% / LogL: -24004
Threads: 3 / Time: 6.910 sec / Speedup: 1.160 / Efficiency: 39% / LogL: -24004
Determining AUTO threadcount: done in 20.1667 secs using 191.7% CPU
BEST NUMBER OF THREADS: 2

 92  TIM3+F+I+G4   14159.437    297 28912.874    29096.878    30439.118
Measuring multi-threading efficiency up to 8 CPU cores
Increase to 10 rounds for branch lengths
82 trees examined
Threads: 1 / Time: 8.088 sec / Speedup: 1.000 / Efficiency: 100% / LogL: -24311
Threads: 2 / Time: 5.273 sec / Speedup: 1.534 / Efficiency: 77% / LogL: -24311
Threads: 3 / Time: 7.097 sec / Speedup: 1.140 / Efficiency: 38% / LogL: -24311
Determining AUTO threadcount: done in 20.458 secs using 192.1% CPU
BEST NUMBER OF THREADS: 2

103  TIM3+F+I+I+R3 14146.515    300 28893.029    29081.350    30434.689
Measuring multi-threading efficiency up to 8 CPU cores
Increase to 10 rounds for branch lengths
65 trees examined
Threads: 1 / Time: 8.072 sec / Speedup: 1.000 / Efficiency: 100% / LogL: -24125
Threads: 2 / Time: 5.089 sec / Speedup: 1.586 / Efficiency: 79% / LogL: -24125
Threads: 3 / Time: 6.357 sec / Speedup: 1.270 / Efficiency: 42% / LogL: -24125
Determining AUTO threadcount: done in 19.5184 secs using 188.3% CPU
BEST NUMBER OF THREADS: 2

114  TIM3e+I+G4    14138.726    294 28865.451    29045.203    30376.278
Measuring multi-threading efficiency up to 8 CPU cores
Increase to 10 rounds for branch lengths
81 trees examined
Threads: 1 / Time: 8.055 sec / Speedup: 1.000 / Efficiency: 100% / LogL: -24261
Threads: 2 / Time: 5.150 sec / Speedup: 1.564 / Efficiency: 78% / LogL: -24261
Threads: 3 / Time: 6.934 sec / Speedup: 1.162 / Efficiency: 39% / LogL: -24261
Determining AUTO threadcount: done in 20.1395 secs using 191.1% CPU
BEST NUMBER OF THREADS: 2

125  TIM3e+I+I+R3  14128.269    297 28850.538    29034.543    30376.782
Measuring multi-threading efficiency up to 8 CPU cores
Increase to 10 rounds for branch lengths
67 trees examined
Threads: 1 / Time: 8.024 sec / Speedup: 1.000 / Efficiency: 100% / LogL: -24325
Threads: 2 / Time: 5.573 sec / Speedup: 1.440 / Efficiency: 72% / LogL: -24325
Threads: 3 / Time: 7.098 sec / Speedup: 1.131 / Efficiency: 38% / LogL: -24325
Determining AUTO threadcount: done in 20.6955 secs using 192.6% CPU
BEST NUMBER OF THREADS: 2

136  TIM2+F+I+G4   14166.577    297 28927.153    29111.157    30453.397
Measuring multi-threading efficiency up to 8 CPU cores
Increase to 10 rounds for branch lengths
84 trees examined
Threads: 1 / Time: 8.040 sec / Speedup: 1.000 / Efficiency: 100% / LogL: -24471
Threads: 2 / Time: 5.372 sec / Speedup: 1.497 / Efficiency: 75% / LogL: -24471
Threads: 3 / Time: 4.459 sec / Speedup: 1.803 / Efficiency: 60% / LogL: -24471
Threads: 4 / Time: 4.270 sec / Speedup: 1.883 / Efficiency: 47% / LogL: -24471
Determining AUTO threadcount: done in 22.141 secs using 219% CPU
BEST NUMBER OF THREADS: 3

147  TIM2+F+I+I+R3 14154.574    300 28909.148    29097.469    30450.808
Measuring multi-threading efficiency up to 8 CPU cores
Increase to 10 rounds for branch lengths
68 trees examined
Threads: 1 / Time: 8.099 sec / Speedup: 1.000 / Efficiency: 100% / LogL: -24260
Threads: 2 / Time: 5.372 sec / Speedup: 1.508 / Efficiency: 75% / LogL: -24260
Threads: 3 / Time: 4.460 sec / Speedup: 1.816 / Efficiency: 61% / LogL: -24260
Threads: 4 / Time: 4.239 sec / Speedup: 1.910 / Efficiency: 48% / LogL: -24260
Determining AUTO threadcount: done in 22.1703 secs using 218.8% CPU
BEST NUMBER OF THREADS: 3

158  TIM2e+I+G4    14143.737    294 28875.475    29055.226    30386.301
Measuring multi-threading efficiency up to 8 CPU cores
Increase to 10 rounds for branch lengths
81 trees examined
Threads: 1 / Time: 8.013 sec / Speedup: 1.000 / Efficiency: 100% / LogL: -24046
Threads: 2 / Time: 5.208 sec / Speedup: 1.539 / Efficiency: 77% / LogL: -24046
Threads: 3 / Time: 4.420 sec / Speedup: 1.813 / Efficiency: 60% / LogL: -24046
Threads: 4 / Time: 6.250 sec / Speedup: 1.282 / Efficiency: 32% / LogL: -24046
Determining AUTO threadcount: done in 23.8905 secs using 233.5% CPU
BEST NUMBER OF THREADS: 3

169  TIM2e+I+I+R3  14134.796    297 28863.593    29047.597    30389.836
Measuring multi-threading efficiency up to 8 CPU cores
Increase to 10 rounds for branch lengths
64 trees examined
Threads: 1 / Time: 8.004 sec / Speedup: 1.000 / Efficiency: 100% / LogL: -24123
Threads: 2 / Time: 5.239 sec / Speedup: 1.528 / Efficiency: 76% / LogL: -24123
Threads: 3 / Time: 4.410 sec / Speedup: 1.815 / Efficiency: 60% / LogL: -24123
Threads: 4 / Time: 5.974 sec / Speedup: 1.340 / Efficiency: 33% / LogL: -24123
Determining AUTO threadcount: done in 23.6264 secs using 232% CPU
BEST NUMBER OF THREADS: 3

180  TIM+F+I+G4    14157.619    297 28909.238    29093.243    30435.482
Measuring multi-threading efficiency up to 8 CPU cores
Increase to 10 rounds for branch lengths
80 trees examined
Threads: 1 / Time: 8.001 sec / Speedup: 1.000 / Efficiency: 100% / LogL: -24258
Threads: 2 / Time: 5.230 sec / Speedup: 1.530 / Efficiency: 76% / LogL: -24258
Threads: 3 / Time: 4.556 sec / Speedup: 1.756 / Efficiency: 59% / LogL: -24258
Threads: 4 / Time: 6.125 sec / Speedup: 1.306 / Efficiency: 33% / LogL: -24258
Determining AUTO threadcount: done in 23.9116 secs using 233.1% CPU
BEST NUMBER OF THREADS: 3

191  TIM+F+I+I+R3  14146.071    300 28892.143    29080.464    30433.803
Measuring multi-threading efficiency up to 8 CPU cores
Increase to 10 rounds for branch lengths
65 trees examined
Threads: 1 / Time: 8.061 sec / Speedup: 1.000 / Efficiency: 100% / LogL: -24103
Threads: 2 / Time: 5.349 sec / Speedup: 1.507 / Efficiency: 75% / LogL: -24103
Threads: 3 / Time: 4.463 sec / Speedup: 1.806 / Efficiency: 60% / LogL: -24103
Threads: 4 / Time: 5.990 sec / Speedup: 1.346 / Efficiency: 34% / LogL: -24103
Determining AUTO threadcount: done in 23.8632 secs using 232.1% CPU
BEST NUMBER OF THREADS: 3

202  TIMe+I+G4     14136.044    294 28860.089    29039.840    30370.916
Measuring multi-threading efficiency up to 8 CPU cores
Increase to 10 rounds for branch lengths
81 trees examined
Threads: 1 / Time: 8.044 sec / Speedup: 1.000 / Efficiency: 100% / LogL: -24069
Threads: 2 / Time: 5.248 sec / Speedup: 1.533 / Efficiency: 77% / LogL: -24069
Threads: 3 / Time: 7.163 sec / Speedup: 1.123 / Efficiency: 37% / LogL: -24069
Determining AUTO threadcount: done in 20.4552 secs using 192.4% CPU
BEST NUMBER OF THREADS: 2

213  TIMe+I+I+R3   14126.888    297 28847.775    29031.780    30374.019
Measuring multi-threading efficiency up to 8 CPU cores
Increase to 10 rounds for branch lengths
65 trees examined
Threads: 1 / Time: 8.075 sec / Speedup: 1.000 / Efficiency: 100% / LogL: -24205
Threads: 2 / Time: 5.333 sec / Speedup: 1.514 / Efficiency: 76% / LogL: -24205
Threads: 3 / Time: 4.456 sec / Speedup: 1.812 / Efficiency: 60% / LogL: -24205
Threads: 4 / Time: 4.065 sec / Speedup: 1.987 / Efficiency: 50% / LogL: -24205
Determining AUTO threadcount: done in 21.9279 secs using 217.6% CPU
BEST NUMBER OF THREADS: 3

224  TPM3u+F+I+G4  14164.734    296 28921.469    29104.048    30442.574
Measuring multi-threading efficiency up to 8 CPU cores
Increase to 10 rounds for branch lengths
81 trees examined
Threads: 1 / Time: 8.086 sec / Speedup: 1.000 / Efficiency: 100% / LogL: -24225
Threads: 2 / Time: 5.324 sec / Speedup: 1.519 / Efficiency: 76% / LogL: -24225
Threads: 3 / Time: 4.506 sec / Speedup: 1.794 / Efficiency: 60% / LogL: -24225
Threads: 4 / Time: 4.139 sec / Speedup: 1.954 / Efficiency: 49% / LogL: -24225
Determining AUTO threadcount: done in 22.0561 secs using 217.9% CPU
BEST NUMBER OF THREADS: 3

235  TPM3u+F+I+I+R3 14148.627    299 28895.255    29082.130    30431.776
Measuring multi-threading efficiency up to 8 CPU cores
Increase to 10 rounds for branch lengths
64 trees examined
Threads: 1 / Time: 8.083 sec / Speedup: 1.000 / Efficiency: 100% / LogL: -24155
Threads: 2 / Time: 5.183 sec / Speedup: 1.560 / Efficiency: 78% / LogL: -24155
Threads: 3 / Time: 4.344 sec / Speedup: 1.861 / Efficiency: 62% / LogL: -24155
Threads: 4 / Time: 5.799 sec / Speedup: 1.394 / Efficiency: 35% / LogL: -24155
Determining AUTO threadcount: done in 23.4087 secs using 230.6% CPU
BEST NUMBER OF THREADS: 3

246  TPM3+I+G4     14142.339    293 28870.678    29049.026    30376.366
Measuring multi-threading efficiency up to 8 CPU cores
Increase to 10 rounds for branch lengths
80 trees examined
Threads: 1 / Time: 8.012 sec / Speedup: 1.000 / Efficiency: 100% / LogL: -24059
Threads: 2 / Time: 5.383 sec / Speedup: 1.488 / Efficiency: 74% / LogL: -24059
Threads: 3 / Time: 7.134 sec / Speedup: 1.123 / Efficiency: 37% / LogL: -24059
Determining AUTO threadcount: done in 20.5293 secs using 192.5% CPU
BEST NUMBER OF THREADS: 2

257  TPM3+I+I+R3   14129.709    296 28851.417    29033.997    30372.522
Measuring multi-threading efficiency up to 8 CPU cores
Increase to 10 rounds for branch lengths
64 trees examined
Threads: 1 / Time: 8.021 sec / Speedup: 1.000 / Efficiency: 100% / LogL: -24048
Threads: 2 / Time: 5.360 sec / Speedup: 1.496 / Efficiency: 75% / LogL: -24048
Threads: 3 / Time: 6.519 sec / Speedup: 1.230 / Efficiency: 41% / LogL: -24048
Determining AUTO threadcount: done in 19.9009 secs using 189.3% CPU
BEST NUMBER OF THREADS: 2

268  TPM2u+F+I+G4  14171.795    296 28935.591    29118.170    30456.695
Measuring multi-threading efficiency up to 8 CPU cores
Increase to 10 rounds for branch lengths
81 trees examined
Threads: 1 / Time: 8.085 sec / Speedup: 1.000 / Efficiency: 100% / LogL: -24190
Threads: 2 / Time: 5.501 sec / Speedup: 1.470 / Efficiency: 73% / LogL: -24190
Threads: 3 / Time: 4.656 sec / Speedup: 1.736 / Efficiency: 58% / LogL: -24190
Threads: 4 / Time: 6.544 sec / Speedup: 1.236 / Efficiency: 31% / LogL: -24190
Determining AUTO threadcount: done in 24.7872 secs using 235.2% CPU
BEST NUMBER OF THREADS: 3

279  TPM2u+F+I+I+R3 14156.494    299 28910.988    29097.863    30447.509
Measuring multi-threading efficiency up to 8 CPU cores
Increase to 10 rounds for branch lengths
65 trees examined
Threads: 1 / Time: 8.008 sec / Speedup: 1.000 / Efficiency: 100% / LogL: -24171
Threads: 2 / Time: 5.088 sec / Speedup: 1.574 / Efficiency: 79% / LogL: -24171
Threads: 3 / Time: 6.616 sec / Speedup: 1.210 / Efficiency: 40% / LogL: -24171
Determining AUTO threadcount: done in 19.7127 secs using 190% CPU
BEST NUMBER OF THREADS: 2

290  TPM2+I+G4     14147.178    293 28880.356    29058.704    30386.044
Measuring multi-threading efficiency up to 8 CPU cores
Increase to 10 rounds for branch lengths
81 trees examined
Threads: 1 / Time: 8.053 sec / Speedup: 1.000 / Efficiency: 100% / LogL: -23896
Threads: 2 / Time: 5.423 sec / Speedup: 1.485 / Efficiency: 74% / LogL: -23896
Threads: 3 / Time: 4.595 sec / Speedup: 1.753 / Efficiency: 58% / LogL: -23896
Threads: 4 / Time: 4.233 sec / Speedup: 1.902 / Efficiency: 48% / LogL: -23896
Determining AUTO threadcount: done in 22.304 secs using 219.1% CPU
BEST NUMBER OF THREADS: 3

301  TPM2+I+I+R3   14136.249    296 28864.497    29047.077    30385.602
Measuring multi-threading efficiency up to 8 CPU cores
Increase to 10 rounds for branch lengths
65 trees examined
Threads: 1 / Time: 8.076 sec / Speedup: 1.000 / Efficiency: 100% / LogL: -24118
Threads: 2 / Time: 5.051 sec / Speedup: 1.599 / Efficiency: 80% / LogL: -24118
Threads: 3 / Time: 4.146 sec / Speedup: 1.948 / Efficiency: 65% / LogL: -24118
Threads: 4 / Time: 6.059 sec / Speedup: 1.333 / Efficiency: 33% / LogL: -24118
Determining AUTO threadcount: done in 23.3324 secs using 231.5% CPU
BEST NUMBER OF THREADS: 3

312  K3Pu+F+I+G4   14162.817    296 28917.635    29100.214    30438.739
Measuring multi-threading efficiency up to 8 CPU cores
Increase to 10 rounds for branch lengths
80 trees examined
Threads: 1 / Time: 8.005 sec / Speedup: 1.000 / Efficiency: 100% / LogL: -23796
Threads: 2 / Time: 5.324 sec / Speedup: 1.504 / Efficiency: 75% / LogL: -23796
Threads: 3 / Time: 4.506 sec / Speedup: 1.777 / Efficiency: 59% / LogL: -23796
Threads: 4 / Time: 6.604 sec / Speedup: 1.212 / Efficiency: 30% / LogL: -23796
Determining AUTO threadcount: done in 24.4392 secs using 236.2% CPU
BEST NUMBER OF THREADS: 3

323  K3Pu+F+I+I+R3 14147.996    299 28893.992    29080.867    30430.513
Measuring multi-threading efficiency up to 8 CPU cores
Increase to 10 rounds for branch lengths
66 trees examined
Threads: 1 / Time: 8.120 sec / Speedup: 1.000 / Efficiency: 100% / LogL: -23879
Threads: 2 / Time: 5.063 sec / Speedup: 1.604 / Efficiency: 80% / LogL: -23879
Threads: 3 / Time: 4.136 sec / Speedup: 1.963 / Efficiency: 65% / LogL: -23879
Threads: 4 / Time: 3.762 sec / Speedup: 2.159 / Efficiency: 54% / LogL: -23879
Threads: 5 / Time: 5.644 sec / Speedup: 1.439 / Efficiency: 29% / LogL: -23879
Determining AUTO threadcount: done in 26.7248 secs using 272.9% CPU
BEST NUMBER OF THREADS: 4

334  K3P+I+G4      14139.458    293 28864.917    29043.265    30370.605
Measuring multi-threading efficiency up to 8 CPU cores
Increase to 10 rounds for branch lengths
82 trees examined
Threads: 1 / Time: 8.087 sec / Speedup: 1.000 / Efficiency: 100% / LogL: -24074
Threads: 2 / Time: 5.353 sec / Speedup: 1.511 / Efficiency: 76% / LogL: -24074
Threads: 3 / Time: 4.520 sec / Speedup: 1.789 / Efficiency: 60% / LogL: -24074
Threads: 4 / Time: 4.113 sec / Speedup: 1.966 / Efficiency: 49% / LogL: -24074
Determining AUTO threadcount: done in 22.0726 secs using 217.7% CPU
BEST NUMBER OF THREADS: 3

345  K3P+I+I+R3    14128.215    296 28848.430    29031.010    30369.535
Measuring multi-threading efficiency up to 8 CPU cores
Increase to 10 rounds for branch lengths
65 trees examined
Threads: 1 / Time: 8.042 sec / Speedup: 1.000 / Efficiency: 100% / LogL: -24014
Threads: 2 / Time: 5.070 sec / Speedup: 1.586 / Efficiency: 79% / LogL: -24014
Threads: 3 / Time: 4.148 sec / Speedup: 1.939 / Efficiency: 65% / LogL: -24014
Threads: 4 / Time: 3.871 sec / Speedup: 2.078 / Efficiency: 52% / LogL: -24014
Threads: 5 / Time: 5.467 sec / Speedup: 1.471 / Efficiency: 29% / LogL: -24014
Determining AUTO threadcount: done in 26.5989 secs using 272.6% CPU
BEST NUMBER OF THREADS: 4

356  TN+F+I+G4     14167.531    296 28927.062    29109.641    30448.166
Measuring multi-threading efficiency up to 8 CPU cores
Increase to 10 rounds for branch lengths
80 trees examined
Threads: 1 / Time: 8.013 sec / Speedup: 1.000 / Efficiency: 100% / LogL: -24209
Threads: 2 / Time: 5.405 sec / Speedup: 1.483 / Efficiency: 74% / LogL: -24209
Threads: 3 / Time: 4.629 sec / Speedup: 1.731 / Efficiency: 58% / LogL: -24209
Threads: 4 / Time: 4.213 sec / Speedup: 1.902 / Efficiency: 48% / LogL: -24209
Determining AUTO threadcount: done in 22.26 secs using 219.7% CPU
BEST NUMBER OF THREADS: 3

367  TN+F+I+I+R3   14155.867    299 28909.734    29096.609    30446.256
Measuring multi-threading efficiency up to 8 CPU cores
Increase to 10 rounds for branch lengths
65 trees examined
Threads: 1 / Time: 8.114 sec / Speedup: 1.000 / Efficiency: 100% / LogL: -23761
Threads: 2 / Time: 5.102 sec / Speedup: 1.590 / Efficiency: 80% / LogL: -23761
Threads: 3 / Time: 4.225 sec / Speedup: 1.920 / Efficiency: 64% / LogL: -23761
Threads: 4 / Time: 3.844 sec / Speedup: 2.111 / Efficiency: 53% / LogL: -23761
Threads: 5 / Time: 5.407 sec / Speedup: 1.501 / Efficiency: 30% / LogL: -23761
Determining AUTO threadcount: done in 26.6926 secs using 271.5% CPU
BEST NUMBER OF THREADS: 4

378  TNe+I+G4      14144.643    293 28875.286    29053.634    30380.974
Measuring multi-threading efficiency up to 8 CPU cores
Increase to 10 rounds for branch lengths
81 trees examined
Threads: 1 / Time: 8.039 sec / Speedup: 1.000 / Efficiency: 100% / LogL: -24008
Threads: 2 / Time: 5.327 sec / Speedup: 1.509 / Efficiency: 75% / LogL: -24008
Threads: 3 / Time: 7.310 sec / Speedup: 1.100 / Efficiency: 37% / LogL: -24008
Determining AUTO threadcount: done in 20.6758 secs using 193.5% CPU
BEST NUMBER OF THREADS: 2

389  TNe+I+I+R3    14135.267    296 28862.534    29045.113    30383.638
Measuring multi-threading efficiency up to 8 CPU cores
Increase to 10 rounds for branch lengths
67 trees examined
Threads: 1 / Time: 8.084 sec / Speedup: 1.000 / Efficiency: 100% / LogL: -23997
Threads: 2 / Time: 5.196 sec / Speedup: 1.556 / Efficiency: 78% / LogL: -23997
Threads: 3 / Time: 4.360 sec / Speedup: 1.854 / Efficiency: 62% / LogL: -23997
Threads: 4 / Time: 3.992 sec / Speedup: 2.025 / Efficiency: 51% / LogL: -23997
Threads: 5 / Time: 5.509 sec / Speedup: 1.468 / Efficiency: 29% / LogL: -23997
Determining AUTO threadcount: done in 27.1411 secs using 273% CPU
BEST NUMBER OF THREADS: 4

400  HKY+F+I+G4    14172.661    295 28935.322    29116.484    30451.288
Measuring multi-threading efficiency up to 8 CPU cores
Increase to 10 rounds for branch lengths
83 trees examined
Threads: 1 / Time: 8.075 sec / Speedup: 1.000 / Efficiency: 100% / LogL: -24266
Threads: 2 / Time: 5.483 sec / Speedup: 1.473 / Efficiency: 74% / LogL: -24266
Threads: 3 / Time: 4.714 sec / Speedup: 1.713 / Efficiency: 57% / LogL: -24266
Threads: 4 / Time: 4.335 sec / Speedup: 1.863 / Efficiency: 47% / LogL: -24266
Determining AUTO threadcount: done in 22.6076 secs using 220.3% CPU
BEST NUMBER OF THREADS: 3

411  HKY+F+I+I+R3  14157.853    298 28911.707    29097.143    30443.089
Measuring multi-threading efficiency up to 8 CPU cores
Increase to 10 rounds for branch lengths
67 trees examined
Threads: 1 / Time: 8.108 sec / Speedup: 1.000 / Efficiency: 100% / LogL: -24129
Threads: 2 / Time: 5.203 sec / Speedup: 1.558 / Efficiency: 78% / LogL: -24129
Threads: 3 / Time: 4.355 sec / Speedup: 1.862 / Efficiency: 62% / LogL: -24129
Threads: 4 / Time: 3.935 sec / Speedup: 2.060 / Efficiency: 52% / LogL: -24129
Threads: 5 / Time: 5.504 sec / Speedup: 1.473 / Efficiency: 29% / LogL: -24129
Determining AUTO threadcount: done in 27.1052 secs using 272.4% CPU
BEST NUMBER OF THREADS: 4

422  K2P+I+G4      14148.097    292 28880.195    29057.146    30380.744
Measuring multi-threading efficiency up to 8 CPU cores
Increase to 10 rounds for branch lengths
83 trees examined
Threads: 1 / Time: 8.012 sec / Speedup: 1.000 / Efficiency: 100% / LogL: -24251
Threads: 2 / Time: 5.495 sec / Speedup: 1.458 / Efficiency: 73% / LogL: -24251
Threads: 3 / Time: 4.729 sec / Speedup: 1.694 / Efficiency: 56% / LogL: -24251
Threads: 4 / Time: 6.498 sec / Speedup: 1.233 / Efficiency: 31% / LogL: -24251
Determining AUTO threadcount: done in 24.7337 secs using 235.6% CPU
BEST NUMBER OF THREADS: 3

433  K2P+I+I+R3    14136.597    295 28863.194    29044.356    30379.160
Measuring multi-threading efficiency up to 8 CPU cores
Increase to 10 rounds for branch lengths
67 trees examined
Threads: 1 / Time: 8.116 sec / Speedup: 1.000 / Efficiency: 100% / LogL: -25914
Threads: 2 / Time: 5.250 sec / Speedup: 1.546 / Efficiency: 77% / LogL: -25914
Threads: 3 / Time: 6.839 sec / Speedup: 1.187 / Efficiency: 40% / LogL: -25914
Determining AUTO threadcount: done in 20.2054 secs using 190.8% CPU
BEST NUMBER OF THREADS: 2

444  F81+F+I+G4    14989.591    294 30567.183    30746.934    32078.009
Measuring multi-threading efficiency up to 8 CPU cores
Increase to 10 rounds for branch lengths
82 trees examined
Threads: 1 / Time: 8.020 sec / Speedup: 1.000 / Efficiency: 100% / LogL: -26137
Threads: 2 / Time: 5.505 sec / Speedup: 1.457 / Efficiency: 73% / LogL: -26137
Threads: 3 / Time: 4.766 sec / Speedup: 1.683 / Efficiency: 56% / LogL: -26137
Threads: 4 / Time: 4.332 sec / Speedup: 1.852 / Efficiency: 46% / LogL: -26137
Determining AUTO threadcount: done in 22.624 secs using 220.6% CPU
BEST NUMBER OF THREADS: 3

455  F81+F+I+I+R3  14978.468    297 30550.936    30734.940    32077.180
Measuring multi-threading efficiency up to 8 CPU cores
Increase to 10 rounds for branch lengths
66 trees examined
Threads: 1 / Time: 8.001 sec / Speedup: 1.000 / Efficiency: 100% / LogL: -25802
Threads: 2 / Time: 5.149 sec / Speedup: 1.554 / Efficiency: 78% / LogL: -25802
Threads: 3 / Time: 4.500 sec / Speedup: 1.778 / Efficiency: 59% / LogL: -25802
Threads: 4 / Time: 4.063 sec / Speedup: 1.969 / Efficiency: 49% / LogL: -25802
Determining AUTO threadcount: done in 21.7128 secs using 218.4% CPU
BEST NUMBER OF THREADS: 3

466  JC+I+G4       14950.362    291 30482.723    30658.285    31978.133
Measuring multi-threading efficiency up to 8 CPU cores
Increase to 10 rounds for branch lengths
82 trees examined
Threads: 1 / Time: 8.003 sec / Speedup: 1.000 / Efficiency: 100% / LogL: -26065
Threads: 2 / Time: 5.454 sec / Speedup: 1.467 / Efficiency: 73% / LogL: -26065
Threads: 3 / Time: 4.699 sec / Speedup: 1.703 / Efficiency: 57% / LogL: -26065
Threads: 4 / Time: 4.287 sec / Speedup: 1.867 / Efficiency: 47% / LogL: -26065
Determining AUTO threadcount: done in 22.4441 secs using 220.4% CPU
BEST NUMBER OF THREADS: 3

477  JC+I+I+R3     14940.934    294 30469.869    30649.620    31980.696
Akaike Information Criterion:           SYM+I+I+R3
Corrected Akaike Information Criterion: TVMe+I+I+R3
Bayesian Information Criterion:         K3P+I+I+R3
Best-fit model: K3P+I+I+R3 chosen according to BIC

All model information printed to /home/aglucaci/AOC-REV3L/results/mammalian_REV3L/mammalian_REV3L.14.codon.fas.model.gz
CPU time for ModelFinder: 2900.667 seconds (0h:48m:20s)
Wall-clock time for ModelFinder: 1288.590 seconds (0h:21m:28s)

NOTE: 6 MB RAM (0 GB) is required!
Measuring multi-threading efficiency up to 8 CPU cores
Increase to 10 rounds for branch lengths
83 trees examined
Threads: 1 / Time: 8.033 sec / Speedup: 1.000 / Efficiency: 100% / LogL: -25979
Threads: 2 / Time: 5.541 sec / Speedup: 1.450 / Efficiency: 72% / LogL: -25979
Threads: 3 / Time: 4.719 sec / Speedup: 1.702 / Efficiency: 57% / LogL: -25979
Threads: 4 / Time: 4.411 sec / Speedup: 1.821 / Efficiency: 46% / LogL: -25979
Determining AUTO threadcount: done in 22.7039 secs using 221.1% CPU
BEST NUMBER OF THREADS: 3

Estimate model parameters (epsilon = 0.100)
1. Initial log-likelihood: -14128.215
Optimal log-likelihood: -14128.209
Rate parameters:  A-C: 1.00000  A-G: 4.88968  A-T: 0.68570  C-G: 0.68570  C-T: 4.88968  G-T: 1.00000
Base frequencies:  A: 0.250  C: 0.250  G: 0.250  T: 0.250
Proportion of invariable sites: 0.372
Site proportion and rates:  (0.311,0.507) (0.260,2.109) (0.058,5.104)
Parameters optimization took 1 rounds (0.051 sec)
Wrote distance file to... 
Computing ML distances based on estimated model parameters...
Calculating distance matrix: done in 0.0334203 secs using 300.1% CPU
Computing ML distances took 0.033562 sec (of wall-clock time) 0.100687 sec (of CPU time)
WARNING: Some pairwise ML distances are too long (saturated)
Setting up auxiliary I and S matrices: done in 0.00189336 secs using 136.3% CPU
Constructing RapidNJ tree: done in 0.204328 secs using 46.33% CPU
Computing RapidNJ tree took 0.206262 sec (of wall-clock time) 0.097346 sec (of CPU time)
Log-likelihood of RapidNJ tree: -14142.638
--------------------------------------------------------------------
|             INITIALIZING CANDIDATE TREE SET                      |
--------------------------------------------------------------------
Generating 98 parsimony trees... 1.674 second
Computing log-likelihood of 98 initial trees ... 0.804 seconds
Current best score: -14122.489

Do NNI search on 20 best initial trees
Optimizing NNI: done in 0.211919 secs using 295.4% CPU
Estimate model parameters (epsilon = 0.100)
BETTER TREE FOUND at iteration 1: -14078.798
Optimizing NNI: done in 0.214975 secs using 295.9% CPU
Optimizing NNI: done in 0.0334154 secs using 291.2% CPU
Optimizing NNI: done in 0.217093 secs using 294.6% CPU
Estimate model parameters (epsilon = 0.100)
BETTER TREE FOUND at iteration 4: -14078.438
Optimizing NNI: done in 0.215505 secs using 294.1% CPU
Optimizing NNI: done in 0.209767 secs using 294.9% CPU
Optimizing NNI: done in 0.242836 secs using 297.7% CPU
Optimizing NNI: done in 0.217572 secs using 291% CPU
Optimizing NNI: done in 0.209401 secs using 293.9% CPU
Estimate model parameters (epsilon = 0.100)
BETTER TREE FOUND at iteration 9: -14076.466
Optimizing NNI: done in 0.217784 secs using 294.2% CPU
Iteration 10 / LogL: -14080.975 / Time: 0h:0m:27s
Optimizing NNI: done in 0.167042 secs using 294.8% CPU
Optimizing NNI: done in 0.16692 secs using 297.7% CPU
Estimate model parameters (epsilon = 0.100)
BETTER TREE FOUND at iteration 12: -14071.015
Optimizing NNI: done in 0.221714 secs using 295.6% CPU
Optimizing NNI: done in 0.204561 secs using 295.7% CPU
Optimizing NNI: done in 0.212076 secs using 296.8% CPU
Optimizing NNI: done in 0.186209 secs using 292.1% CPU
Optimizing NNI: done in 0.175535 secs using 293.3% CPU
Optimizing NNI: done in 0.169603 secs using 291.3% CPU
Optimizing NNI: done in 0.16964 secs using 292.5% CPU
Optimizing NNI: done in 0.180655 secs using 294% CPU
Iteration 20 / LogL: -14080.457 / Time: 0h:0m:29s
Finish initializing candidate tree set (20)
Current best tree score: -14071.015 / CPU time: 6.582
Number of iterations: 20
--------------------------------------------------------------------
|               OPTIMIZING CANDIDATE TREE SET                      |
--------------------------------------------------------------------
Optimizing NNI: done in 0.215968 secs using 295.5% CPU
Optimizing NNI: done in 0.187282 secs using 295.9% CPU
Optimizing NNI: done in 0.215336 secs using 294.1% CPU
Optimizing NNI: done in 0.205975 secs using 294.3% CPU
Optimizing NNI: done in 0.193641 secs using 297% CPU
Optimizing NNI: done in 0.214689 secs using 292.2% CPU
Optimizing NNI: done in 0.256723 secs using 295.1% CPU
Optimizing NNI: done in 0.203317 secs using 293.7% CPU
BETTER TREE FOUND at iteration 28: -14071.011
Optimizing NNI: done in 0.262103 secs using 296.3% CPU
Optimizing NNI: done in 0.221156 secs using 291.6% CPU
Iteration 30 / LogL: -14073.430 / Time: 0h:0m:31s (0h:1m:47s left)
Optimizing NNI: done in 0.214034 secs using 295% CPU
Optimizing NNI: done in 0.208501 secs using 293.4% CPU
Optimizing NNI: done in 0.160718 secs using 297% CPU
Optimizing NNI: done in 0.214538 secs using 294.1% CPU
Optimizing NNI: done in 0.200022 secs using 295.1% CPU
Optimizing NNI: done in 0.198487 secs using 293.1% CPU
Optimizing NNI: done in 0.218774 secs using 295.1% CPU
Optimizing NNI: done in 0.18343 secs using 292.5% CPU
Optimizing NNI: done in 0.204254 secs using 292.3% CPU
Optimizing NNI: done in 0.226451 secs using 297% CPU
Iteration 40 / LogL: -14075.368 / Time: 0h:0m:33s (0h:1m:16s left)
Optimizing NNI: done in 0.189276 secs using 294.9% CPU
Optimizing NNI: done in 0.205475 secs using 296.2% CPU
Optimizing NNI: done in 0.205643 secs using 295.3% CPU
Optimizing NNI: done in 0.247712 secs using 292.9% CPU
Optimizing NNI: done in 0.239675 secs using 292.2% CPU
Optimizing NNI: done in 0.1899 secs using 292.6% CPU
Optimizing NNI: done in 0.184619 secs using 294.7% CPU
Optimizing NNI: done in 0.225527 secs using 293.9% CPU
Optimizing NNI: done in 0.223677 secs using 291.6% CPU
Optimizing NNI: done in 0.19951 secs using 295.6% CPU
Iteration 50 / LogL: -14095.296 / Time: 0h:0m:36s (0h:0m:57s left)
Optimizing NNI: done in 0.1816 secs using 294.6% CPU
Optimizing NNI: done in 0.202978 secs using 295.7% CPU
Optimizing NNI: done in 0.192122 secs using 296% CPU
Optimizing NNI: done in 0.224495 secs using 295.2% CPU
Optimizing NNI: done in 0.210771 secs using 294.9% CPU
Optimizing NNI: done in 0.213403 secs using 293.1% CPU
Optimizing NNI: done in 0.247204 secs using 295.3% CPU
Optimizing NNI: done in 0.19701 secs using 294.1% CPU
Optimizing NNI: done in 0.210853 secs using 296.3% CPU
Optimizing NNI: done in 0.233055 secs using 294.1% CPU
Iteration 60 / LogL: -14071.020 / Time: 0h:0m:38s (0h:0m:44s left)
Optimizing NNI: done in 0.245759 secs using 295.3% CPU
Optimizing NNI: done in 0.219154 secs using 292.4% CPU
Optimizing NNI: done in 0.223604 secs using 293% CPU
Optimizing NNI: done in 0.202134 secs using 295.7% CPU
Optimizing NNI: done in 0.257388 secs using 294.3% CPU
Optimizing NNI: done in 0.225568 secs using 295.2% CPU
Optimizing NNI: done in 0.26188 secs using 296% CPU
Optimizing NNI: done in 0.201845 secs using 295.2% CPU
Optimizing NNI: done in 0.220666 secs using 291.1% CPU
Optimizing NNI: done in 0.209172 secs using 296.8% CPU
Iteration 70 / LogL: -14080.895 / Time: 0h:0m:40s (0h:0m:34s left)
Optimizing NNI: done in 0.202666 secs using 294.2% CPU
Optimizing NNI: done in 0.234064 secs using 295.4% CPU
Optimizing NNI: done in 0.191556 secs using 296.5% CPU
Optimizing NNI: done in 0.223981 secs using 294.8% CPU
Optimizing NNI: done in 0.199439 secs using 292.6% CPU
Optimizing NNI: done in 0.196863 secs using 297.1% CPU
Optimizing NNI: done in 0.218123 secs using 295.6% CPU
Optimizing NNI: done in 0.198849 secs using 294.6% CPU
Optimizing NNI: done in 0.187904 secs using 297% CPU
Optimizing NNI: done in 0.193651 secs using 296.5% CPU
Iteration 80 / LogL: -14073.294 / Time: 0h:0m:42s (0h:0m:25s left)
Optimizing NNI: done in 0.189335 secs using 294.3% CPU
Optimizing NNI: done in 0.186869 secs using 295.9% CPU
Optimizing NNI: done in 0.254184 secs using 291.1% CPU
Optimizing NNI: done in 0.191698 secs using 292.8% CPU
Optimizing NNI: done in 0.205777 secs using 292.9% CPU
Optimizing NNI: done in 0.179027 secs using 295.1% CPU
Optimizing NNI: done in 0.193397 secs using 296.5% CPU
Optimizing NNI: done in 0.189151 secs using 293.8% CPU
Optimizing NNI: done in 0.202154 secs using 297.2% CPU
Optimizing NNI: done in 0.206694 secs using 292.4% CPU
Iteration 90 / LogL: -14073.661 / Time: 0h:0m:44s (0h:0m:19s left)
Optimizing NNI: done in 0.237808 secs using 295.1% CPU
Optimizing NNI: done in 0.227131 secs using 290.9% CPU
Optimizing NNI: done in 0.182733 secs using 296.9% CPU
Optimizing NNI: done in 0.223774 secs using 292.5% CPU
Optimizing NNI: done in 0.191879 secs using 293.9% CPU
Optimizing NNI: done in 0.183977 secs using 293.6% CPU
Optimizing NNI: done in 0.183624 secs using 296.3% CPU
Optimizing NNI: done in 0.185018 secs using 289.9% CPU
Optimizing NNI: done in 0.198469 secs using 296.6% CPU
Optimizing NNI: done in 0.212092 secs using 294% CPU
Iteration 100 / LogL: -14071.018 / Time: 0h:0m:46s (0h:0m:13s left)
Optimizing NNI: done in 0.203771 secs using 294.8% CPU
Optimizing NNI: done in 0.224862 secs using 295.3% CPU
Optimizing NNI: done in 0.196745 secs using 297.1% CPU
Optimizing NNI: done in 0.210349 secs using 294.9% CPU
Optimizing NNI: done in 0.248722 secs using 296.1% CPU
Optimizing NNI: done in 0.227203 secs using 294.3% CPU
Optimizing NNI: done in 0.203539 secs using 291.8% CPU
Optimizing NNI: done in 0.301942 secs using 295.2% CPU
Optimizing NNI: done in 0.192664 secs using 294.4% CPU
Optimizing NNI: done in 0.156648 secs using 294.4% CPU
Iteration 110 / LogL: -14072.341 / Time: 0h:0m:49s (0h:0m:8s left)
Optimizing NNI: done in 0.219029 secs using 292.4% CPU
Optimizing NNI: done in 0.187838 secs using 295.9% CPU
Optimizing NNI: done in 0.1841 secs using 295.8% CPU
Optimizing NNI: done in 0.248646 secs using 294.5% CPU
Optimizing NNI: done in 0.183086 secs using 292.5% CPU
Optimizing NNI: done in 0.196757 secs using 293.5% CPU
Optimizing NNI: done in 0.191154 secs using 291.8% CPU
Optimizing NNI: done in 0.190906 secs using 294.4% CPU
Optimizing NNI: done in 0.206848 secs using 295.3% CPU
Optimizing NNI: done in 0.201545 secs using 297.2% CPU
Iteration 120 / LogL: -14073.742 / Time: 0h:0m:51s (0h:0m:3s left)
Optimizing NNI: done in 0.233872 secs using 295.4% CPU
Optimizing NNI: done in 0.165377 secs using 295.9% CPU
Optimizing NNI: done in 0.167929 secs using 292.4% CPU
Optimizing NNI: done in 0.174833 secs using 296.7% CPU
Optimizing NNI: done in 0.230779 secs using 294.5% CPU
Optimizing NNI: done in 0.172573 secs using 291.4% CPU
Optimizing NNI: done in 0.224262 secs using 296.1% CPU
Optimizing NNI: done in 0.231868 secs using 295% CPU
Optimizing NNI: done in 0.173263 secs using 295.5% CPU
TREE SEARCH COMPLETED AFTER 129 ITERATIONS / Time: 0h:0m:52s

--------------------------------------------------------------------
|                    FINALIZING TREE SEARCH                        |
--------------------------------------------------------------------
Performs final model parameters optimization
Estimate model parameters (epsilon = 0.010)
1. Initial log-likelihood: -14071.011
Optimal log-likelihood: -14071.008
Rate parameters:  A-C: 1.00000  A-G: 4.91134  A-T: 0.68513  C-G: 0.68513  C-T: 4.91134  G-T: 1.00000
Base frequencies:  A: 0.250  C: 0.250  G: 0.250  T: 0.250
Proportion of invariable sites: 0.368
Site proportion and rates:  (0.310,0.487) (0.262,2.084) (0.060,5.052)
Parameters optimization took 1 rounds (0.052 sec)
BEST SCORE FOUND : -14071.008
Total tree length: 23.471

Total number of iterations: 129
CPU time used for tree search: 84.589 sec (0h:1m:24s)
Wall-clock time used for tree search: 29.809 sec (0h:0m:29s)
Total CPU time used: 135.479 sec (0h:2m:15s)
Total wall-clock time used: 52.929 sec (0h:0m:52s)

Analysis results written to: 
  IQ-TREE report:                /home/aglucaci/AOC-REV3L/results/mammalian_REV3L/mammalian_REV3L.14.codon.fas.iqtree
  Maximum-likelihood tree:       /home/aglucaci/AOC-REV3L/results/mammalian_REV3L/mammalian_REV3L.14.codon.fas.treefile
  Likelihood distances:          /home/aglucaci/AOC-REV3L/results/mammalian_REV3L/mammalian_REV3L.14.codon.fas.mldist
  Screen log file:               /home/aglucaci/AOC-REV3L/results/mammalian_REV3L/mammalian_REV3L.14.codon.fas.log

ALISIM COMMAND
--------------
--alisim simulated_MSA -t /home/aglucaci/AOC-REV3L/results/mammalian_REV3L/mammalian_REV3L.14.codon.fas.treefile -m "K3P{4.91134,0.685131}+FQ+I{0.368159}+R3{0.309864,0.48735,0.262019,2.08412,0.0599579,5.05203}" --length 1260

Date and Time: Mon Sep 12 14:33:05 2022
