IQ-TREE multicore version 2.2.0.3 COVID-edition for Linux 64-bit built May 11 2022
Developed by Bui Quang Minh, James Barbetti, Nguyen Lam Tung,
Olga Chernomor, Heiko Schmidt, Dominik Schrempf, Michael Woodhams, Ly Trong Nhan.

Host:    n7 (AVX2, FMA3, 251 GB RAM)
Command: iqtree -s /home/aglucaci/AOC-REV3L/results/mammalian_REV3L/mammalian_REV3L.4.codon.fas -T AUTO --redo
Seed:    582023 (Using SPRNG - Scalable Parallel Random Number Generator)
Time:    Mon Sep 12 15:27:40 2022
Kernel:  AVX+FMA - auto-detect threads (8 CPU cores detected)

Reading alignment file /home/aglucaci/AOC-REV3L/results/mammalian_REV3L/mammalian_REV3L.4.codon.fas ... Fasta format detected
Reading fasta file: done in 0.00174076 secs using 84.27% CPU
Alignment most likely contains DNA/RNA sequences
Constructing alignment: done in 0.00122073 secs using 26.38% CPU
WARNING: 3 sites contain only gaps or ambiguous characters.
Alignment has 152 sequences with 618 columns, 545 distinct patterns
471 parsimony-informative, 38 singleton sites, 108 constant sites
                                                                                                                                                            Gap/Ambiguity  Composition  p-value
Analyzing sequences: done in 0.00015937 secs using 99.77% CPU
   1  NM_001372078_1_Homo_sapiens_REV3_like_DNA_directed_polymerase_zeta_catalytic_subunit_REV3L_transcript_variant_4_mRNA_1                                       16.50%    passed     95.85%
   2  NM_011264_3_Mus_musculus_REV3_like_DNA_directed_polymerase_zeta_catalytic_subunit_Rev3l_mRNA_1                                                               19.42%    passed     77.96%
   3  XM_006256524_2_PREDICTED_Rattus_norvegicus_REV3_like_DNA_directed_polymerase_zeta_catalytic_subunit_Rev3l_transcript_variant_X1_mRNA_1                       13.59%    failed      0.01%
   4  XM_028847034_1_PREDICTED_Macaca_mulatta_REV3_like_DNA_directed_polymerase_zeta_catalytic_subunit_REV3L_transcript_variant_X1_mRNA_1                          17.48%    passed     95.95%
   5  XM_024996589_1_PREDICTED_Bos_taurus_REV3_like_DNA_directed_polymerase_zeta_catalytic_subunit_REV3L_transcript_variant_X1_mRNA_1                              16.50%    passed     74.49%
   6  XM_014118216_3_PREDICTED_Canis_lupus_familiaris_REV3_like_DNA_directed_polymerase_zeta_catalytic_subunit_REV3L_transcript_variant_X1_mRNA_1                  14.56%    passed     61.84%
   7  XM_016956167_2_PREDICTED_Pan_troglodytes_REV3_like_DNA_directed_polymerase_zeta_catalytic_subunit_REV3L_transcript_variant_X1_mRNA_1                         16.50%    passed     97.56%
   8  XM_021091238_1_PREDICTED_Sus_scrofa_REV3_like_DNA_directed_polymerase_zeta_catalytic_subunit_REV3L_transcript_variant_X1_mRNA_1                              16.50%    passed     86.04%
   9  XM_040758199_1_PREDICTED_Mesocricetus_auratus_REV3_like_DNA_directed_polymerase_zeta_catalytic_subunit_Rev3l_transcript_variant_X1_mRNA_1                    16.99%    passed     91.85%
  10  XM_015448392_1_PREDICTED_Macaca_fascicularis_REV3_like_DNA_directed_polymerase_zeta_catalytic_subunit_REV3L_transcript_variant_X1_mRNA_1                     17.48%    passed     96.39%
  11  XM_004753515_2_PREDICTED_Mustela_putorius_furo_REV3_like_polymerase_DNA_directed_zeta_catalytic_subunit_REV3L_transcript_variant_X1_mRNA_1                   16.02%    passed     99.18%
  12  XM_034668992_1_PREDICTED_Ailuropoda_melanoleuca_REV3_like_DNA_directed_polymerase_zeta_catalytic_subunit_REV3L_transcript_variant_X1_mRNA_1                  16.50%    passed     94.62%
  13  XM_015600069_2_PREDICTED_Pteropus_alecto_REV3_like_DNA_directed_polymerase_zeta_catalytic_subunit_REV3L_transcript_variant_X1_mRNA_1                         16.99%    passed     91.74%
  14  XM_005883745_2_PREDICTED_Myotis_brandtii_REV3_like_polymerase_DNA_directed_zeta_catalytic_subunit_REV3L_transcript_variant_X1_mRNA_1                         16.50%    passed     98.55%
  15  XM_006157005_3_PREDICTED_Tupaia_chinensis_REV3_like_DNA_directed_polymerase_zeta_catalytic_subunit_REV3L_transcript_variant_X3_mRNA_1                        17.48%    passed     39.75%
  16  XM_027402162_2_PREDICTED_Cricetulus_griseus_REV3_like_DNA_directed_polymerase_zeta_catalytic_subunit_Rev3l_transcript_variant_X5_mRNA_1                      17.48%    passed     80.48%
  17  XM_013069186_2_PREDICTED_Heterocephalus_glaber_REV3_like_DNA_directed_polymerase_zeta_catalytic_subunit_Rev3l_transcript_variant_X1_mRNA_1                   17.48%    passed     89.23%
  18  XM_008852401_2_PREDICTED_Nannospalax_galili_REV3_like_DNA_directed_polymerase_zeta_catalytic_subunit_Rev3l_transcript_variant_X1_mRNA_1                      17.48%    passed     46.04%
  19  XM_023650934_1_PREDICTED_Equus_caballus_REV3_like_DNA_directed_polymerase_zeta_catalytic_subunit_REV3L_transcript_variant_X1_mRNA_1                          17.96%    passed     82.96%
  20  XM_035296530_1_PREDICTED_Callithrix_jacchus_REV3_like_DNA_directed_polymerase_zeta_catalytic_subunit_REV3L_transcript_variant_X1_mRNA_1                      17.48%    passed     98.66%
  21  XM_007484437_2_PREDICTED_Monodelphis_domestica_REV3_like_DNA_directed_polymerase_zeta_catalytic_subunit_REV3L_transcript_variant_X1_mRNA_1                   12.62%    passed     78.50%
  22  XM_031964400_1_PREDICTED_Sarcophilus_harrisii_REV3_like_DNA_directed_polymerase_zeta_catalytic_subunit_REV3L_transcript_variant_X1_mRNA_1                    13.11%    passed     70.61%
  23  XM_036766364_1_PREDICTED_Trichosurus_vulpecula_REV3_like_DNA_directed_polymerase_zeta_catalytic_subunit_REV3L_transcript_variant_X1_mRNA_1                   12.62%    passed     91.34%
  24  XM_027848601_1_PREDICTED_Vombatus_ursinus_REV3_like_DNA_directed_polymerase_zeta_catalytic_subunit_REV3L_transcript_variant_X1_mRNA_1                        12.62%    passed     83.24%
  25  XM_040983897_1_PREDICTED_Ochotona_curzoniae_REV3_like_DNA_directed_polymerase_zeta_catalytic_subunit_REV3L_transcript_variant_X1_mRNA_1                      17.96%    passed     55.26%
  26  XM_004580498_1_PREDICTED_Ochotona_princeps_REV3_like_DNA_directed_polymerase_zeta_catalytic_subunit_REV3L_mRNA_1                                             17.48%    passed     45.61%
  27  XM_008263376_2_PREDICTED_Oryctolagus_cuniculus_REV3_like_DNA_directed_polymerase_zeta_catalytic_subunit_REV3L_transcript_variant_X1_mRNA_1                   19.90%    passed     99.88%
  28  XM_029482641_1_PREDICTED_Mus_caroli_REV3_like_DNA_directed_polymerase_zeta_catalytic_subunit_Rev3l_mRNA_1                                                    16.50%    passed     65.18%
  29  XM_020168699_1_PREDICTED_Castor_canadensis_REV3_like_DNA_directed_polymerase_zeta_catalytic_subunit_Rev3l_mRNA_1                                             16.99%    passed     83.27%
  30  XM_013032823_1_PREDICTED_Dipodomys_ordii_REV3_like_polymerase_DNA_directed_zeta_catalytic_subunit_Rev3l_mRNA_1                                               20.87%    passed     27.52%
  31  XM_029542499_1_PREDICTED_Mus_pahari_REV3_like_DNA_directed_polymerase_zeta_catalytic_subunit_Rev3l_transcript_variant_X1_mRNA_1                              16.50%    passed     76.58%
  32  XM_016002785_1_PREDICTED_Peromyscus_maniculatus_bairdii_REV3_like_DNA_directed_polymerase_zeta_catalytic_subunit_Rev3l_transcript_variant_X1_mRNA_1          16.50%    passed     18.99%
  33  XM_004660637_2_PREDICTED_Jaculus_jaculus_REV3_like_polymerase_DNA_directed_zeta_catalytic_subunit_Rev3l_transcript_variant_X1_mRNA_1                         18.45%    passed     68.05%
  34  XM_032888520_1_PREDICTED_Rattus_rattus_REV3_like_DNA_directed_polymerase_zeta_catalytic_subunit_Rev3l_mRNA_1                                                 17.96%    failed      0.11%
  35  XM_028768990_1_PREDICTED_Grammomys_surdaster_REV3_like_DNA_directed_polymerase_zeta_catalytic_subunit_Rev3l_mRNA_1                                           16.50%    passed     12.22%
  36  XM_031347764_1_PREDICTED_Mastomys_coucha_REV3_like_DNA_directed_polymerase_zeta_catalytic_subunit_Rev3l_transcript_variant_X1_mRNA_1                         16.99%    passed     17.91%
  37  XM_034524021_1_PREDICTED_Arvicanthis_niloticus_REV3_like_DNA_directed_polymerase_zeta_catalytic_subunit_Rev3l_mRNA_1                                         16.50%    passed     44.87%
  38  XM_036169236_1_PREDICTED_Onychomys_torridus_REV3_like_DNA_directed_polymerase_zeta_catalytic_subunit_Rev3l_transcript_variant_X1_mRNA_1                      17.48%    passed      7.54%
  39  XM_041654071_1_PREDICTED_Microtus_oregoni_REV3_like_DNA_directed_polymerase_zeta_catalytic_subunit_Rev3l_transcript_variant_X1_mRNA_1                        16.99%    passed     97.22%
  40  XM_005363542_3_PREDICTED_Microtus_ochrogaster_REV3_like_DNA_directed_polymerase_zeta_catalytic_subunit_Rev3l_transcript_variant_X1_mRNA_1                    17.48%    passed     95.81%
  41  XM_005377901_2_PREDICTED_Chinchilla_lanigera_REV3_like_polymerase_DNA_directed_zeta_catalytic_subunit_Rev3l_transcript_variant_X1_mRNA_1                     17.48%    passed     90.30%
  42  XM_023722299_1_PREDICTED_Octodon_degus_REV3_like_DNA_directed_polymerase_zeta_catalytic_subunit_Rev3l_transcript_variant_X1_mRNA_1                           17.48%    passed     67.09%
  43  XM_010630829_3_PREDICTED_Fukomys_damarensis_REV3_like_DNA_directed_polymerase_zeta_catalytic_subunit_Rev3l_transcript_variant_X1_mRNA_1                      17.48%    passed     73.33%
  44  XM_015497401_1_PREDICTED_Marmota_marmota_marmota_REV3_like_DNA_directed_polymerase_zeta_catalytic_subunit_Rev3l_mRNA_1                                       16.99%    passed     94.55%
  45  XM_040283216_1_PREDICTED_Ictidomys_tridecemlineatus_REV3_like_DNA_directed_polymerase_zeta_catalytic_subunit_Rev3l_transcript_variant_X1_mRNA_1              18.45%    passed     95.86%
  46  XM_026395080_1_PREDICTED_Urocitellus_parryii_REV3_like_DNA_directed_polymerase_zeta_catalytic_subunit_Rev3l_mRNA_1                                           18.45%    passed     93.20%
  47  XM_027928308_2_PREDICTED_Marmota_flaviventris_REV3_like_DNA_directed_polymerase_zeta_catalytic_subunit_Rev3l_mRNA_1                                          16.99%    passed     96.59%
  48  XM_007078726_2_PREDICTED_Panthera_tigris_altaica_REV3_like_DNA_directed_polymerase_zeta_catalytic_subunit_REV3L_transcript_variant_X1_mRNA_1                 16.50%    passed     99.93%
  49  XM_027057077_1_PREDICTED_Acinonyx_jubatus_REV3_like_DNA_directed_polymerase_zeta_catalytic_subunit_REV3L_transcript_variant_X1_mRNA_1                        16.50%    passed     99.21%
  50  XM_030316171_1_PREDICTED_Lynx_canadensis_REV3_like_DNA_directed_polymerase_zeta_catalytic_subunit_REV3L_transcript_variant_X2_mRNA_1                         16.50%    passed     99.53%
  51  XM_040474393_1_PREDICTED_Puma_yagouaroundi_REV3_like_DNA_directed_polymerase_zeta_catalytic_subunit_REV3L_transcript_variant_X1_mRNA_1                       16.50%    passed     99.93%
  52  XM_025925204_1_PREDICTED_Puma_concolor_REV3_like_DNA_directed_polymerase_zeta_catalytic_subunit_REV3L_mRNA_1                                                 16.50%    passed     99.93%
  53  XM_023254263_1_PREDICTED_Felis_catus_REV3_like_DNA_directed_polymerase_zeta_catalytic_subunit_REV3L_transcript_variant_X1_mRNA_1                             16.50%    passed     99.77%
  54  XM_019443107_1_PREDICTED_Panthera_pardus_REV3_like_DNA_directed_polymerase_zeta_catalytic_subunit_REV3L_transcript_variant_X1_mRNA_1                         16.50%    passed     99.93%
  55  XM_025444797_2_PREDICTED_Canis_lupus_dingo_REV3_like_DNA_directed_polymerase_zeta_catalytic_subunit_REV3L_transcript_variant_X1_mRNA_1                       14.56%    passed     61.84%
  56  XM_026511625_1_PREDICTED_Ursus_arctos_horribilis_REV3_like_DNA_directed_polymerase_zeta_catalytic_subunit_REV3L_transcript_variant_X1_mRNA_1                 16.50%    passed     97.65%
  57  XM_032858328_1_PREDICTED_Lontra_canadensis_REV3_like_DNA_directed_polymerase_zeta_catalytic_subunit_REV3L_transcript_variant_X1_mRNA_1                       16.02%    passed     99.10%
  58  XM_032337983_1_PREDICTED_Mustela_erminea_REV3_like_DNA_directed_polymerase_zeta_catalytic_subunit_REV3L_transcript_variant_X1_mRNA_1                         16.02%    passed     98.29%
  59  XM_004406717_2_PREDICTED_Odobenus_rosmarus_divergens_REV3_like_polymerase_DNA_directed_zeta_catalytic_subunit_REV3L_mRNA_1                                   16.99%    passed     80.60%
  60  XM_039252205_1_PREDICTED_Hyaena_hyaena_REV3_like_DNA_directed_polymerase_zeta_catalytic_subunit_REV3L_mRNA_1                                                 14.56%    passed     85.21%
  61  XM_029945420_1_PREDICTED_Suricata_suricatta_REV3_like_DNA_directed_polymerase_zeta_catalytic_subunit_REV3L_transcript_variant_X1_mRNA_1                      16.50%    passed     94.25%
  62  XM_041738555_1_PREDICTED_Vulpes_lagopus_REV3_like_DNA_directed_polymerase_zeta_catalytic_subunit_REV3L_transcript_variant_X1_mRNA_1                          13.11%    passed     75.30%
  63  XM_026005811_1_PREDICTED_Vulpes_vulpes_REV3_like_DNA_directed_polymerase_zeta_catalytic_subunit_REV3L_transcript_variant_X1_mRNA_1                           13.59%    passed     57.49%
  64  XM_040627642_1_PREDICTED_Ursus_maritimus_REV3_like_DNA_directed_polymerase_zeta_catalytic_subunit_REV3L_mRNA_1                                               16.50%    passed     97.65%
  65  XM_025864219_1_PREDICTED_Callorhinus_ursinus_REV3_like_DNA_directed_polymerase_zeta_catalytic_subunit_REV3L_transcript_variant_X1_mRNA_1                     16.99%    passed     74.40%
  66  XM_028104162_1_PREDICTED_Eumetopias_jubatus_REV3_like_DNA_directed_polymerase_zeta_catalytic_subunit_REV3L_transcript_variant_X1_mRNA_1                      16.99%    passed     74.40%
  67  XM_027601333_2_PREDICTED_Zalophus_californianus_REV3_like_DNA_directed_polymerase_zeta_catalytic_subunit_REV3L_transcript_variant_X1_mRNA_1                  16.99%    passed     71.26%
  68  XM_021693690_1_PREDICTED_Neomonachus_schauinslandi_REV3_like_DNA_directed_polymerase_zeta_catalytic_subunit_REV3L_mRNA_1                                     16.50%    passed     97.91%
  69  XM_006735481_2_PREDICTED_Leptonychotes_weddellii_REV3_like_DNA_directed_polymerase_zeta_catalytic_subunit_REV3L_mRNA_1                                       16.50%    passed     96.72%
  70  XM_034991838_1_PREDICTED_Mirounga_leonina_REV3_like_DNA_directed_polymerase_zeta_catalytic_subunit_REV3L_transcript_variant_X1_mRNA_1                        16.50%    passed     94.32%
  71  XM_032408054_1_PREDICTED_Phoca_vitulina_REV3_like_DNA_directed_polymerase_zeta_catalytic_subunit_REV3L_transcript_variant_X5_mRNA_1                          16.50%    passed     95.32%
  72  XM_020890382_1_PREDICTED_Odocoileus_virginianus_texanus_REV3_like_DNA_directed_polymerase_zeta_catalytic_subunit_REV3L_transcript_variant_X1_mRNA_1          16.50%    passed     78.95%
  73  XM_010856597_1_PREDICTED_Bison_bison_bison_REV3_like_polymerase_DNA_directed_zeta_catalytic_subunit_REV3L_transcript_variant_X1_mRNA_1                       16.50%    passed     70.48%
  74  XM_027551194_1_PREDICTED_Bos_indicus_x_Bos_taurus_REV3_like_DNA_directed_polymerase_zeta_catalytic_subunit_REV3L_transcript_variant_X1_mRNA_1                16.50%    passed     74.49%
  75  XM_005890218_2_PREDICTED_Bos_mutus_REV3_like_polymerase_DNA_directed_zeta_catalytic_subunit_REV3L_mRNA_1                                                     16.50%    passed     70.63%
  76  XM_019967201_1_PREDICTED_Bos_indicus_REV3_like_DNA_directed_polymerase_zeta_catalytic_subunit_REV3L_transcript_variant_X1_mRNA_1                             17.48%    passed     73.54%
  77  XM_025295021_1_PREDICTED_Bubalus_bubalis_REV3_like_DNA_directed_polymerase_zeta_catalytic_subunit_REV3L_transcript_variant_X1_mRNA_1                         16.50%    passed     78.56%
  78  XM_040238480_1_PREDICTED_Oryx_dammah_REV3_like_DNA_directed_polymerase_zeta_catalytic_subunit_REV3L_transcript_variant_X1_mRNA_1                             16.50%    passed     71.48%
  79  XM_018053060_1_PREDICTED_Capra_hircus_REV3_like_DNA_directed_polymerase_zeta_catalytic_subunit_REV3L_transcript_variant_X1_mRNA_1                            16.50%    passed     81.85%
  80  XM_027972360_2_PREDICTED_Ovis_aries_REV3_like_DNA_directed_polymerase_zeta_catalytic_subunit_REV3L_transcript_variant_X1_mRNA_1                              16.50%    passed     92.59%
  81  XM_031680135_1_PREDICTED_Vicugna_pacos_REV3_like_DNA_directed_polymerase_zeta_catalytic_subunit_REV3L_transcript_variant_X1_mRNA_1                           16.02%    passed     86.61%
  82  XM_032484707_1_PREDICTED_Camelus_ferus_REV3_like_DNA_directed_polymerase_zeta_catalytic_subunit_REV3L_transcript_variant_X1_mRNA_1                           16.99%    passed     83.38%
  83  XM_010965426_1_PREDICTED_Camelus_bactrianus_REV3_like_polymerase_DNA_directed_zeta_catalytic_subunit_REV3L_mRNA_1                                            16.99%    passed     82.40%
  84  XM_031456165_1_PREDICTED_Camelus_dromedarius_REV3_like_DNA_directed_polymerase_zeta_catalytic_subunit_REV3L_transcript_variant_X1_mRNA_1                     16.99%    passed     83.38%
  85  XM_024740937_1_PREDICTED_Neophocaena_asiaeorientalis_asiaeorientalis_REV3_like_DNA_directed_polymerase_zeta_catalytic_subunit_REV3L_mRNA_1                   16.50%    passed     96.40%
  86  XM_007190708_2_PREDICTED_Balaenoptera_acutorostrata_scammoni_REV3_like_DNA_directed_polymerase_zeta_catalytic_subunit_REV3L_transcript_variant_X1_mRNA_1     16.50%    passed     96.67%
  87  XM_007451747_1_PREDICTED_Lipotes_vexillifer_REV3_like_polymerase_DNA_directed_zeta_catalytic_subunit_REV3L_transcript_variant_X1_mRNA_1                      16.50%    passed     96.74%
  88  XM_027088475_1_PREDICTED_Lagenorhynchus_obliquidens_REV3_like_DNA_directed_polymerase_zeta_catalytic_subunit_REV3L_transcript_variant_X1_mRNA_1              16.50%    passed     91.11%
  89  XM_030882819_1_PREDICTED_Globicephala_melas_REV3_like_DNA_directed_polymerase_zeta_catalytic_subunit_REV3L_transcript_variant_X1_mRNA_1                      16.50%    passed     96.60%
  90  XM_033418640_1_PREDICTED_Orcinus_orca_REV3_like_DNA_directed_polymerase_zeta_catalytic_subunit_REV3L_transcript_variant_X1_mRNA_1                            16.50%    passed     93.96%
  91  XM_019929582_1_PREDICTED_Tursiops_truncatus_REV3_like_DNA_directed_polymerase_zeta_catalytic_subunit_REV3L_transcript_variant_X1_mRNA_1                      16.50%    passed     96.60%
  92  XM_032650682_1_PREDICTED_Phocoena_sinus_REV3_like_DNA_directed_polymerase_zeta_catalytic_subunit_REV3L_transcript_variant_X1_mRNA_1                          16.50%    passed     97.25%
  93  XM_029223581_1_PREDICTED_Monodon_monoceros_REV3_like_DNA_directed_polymerase_zeta_catalytic_subunit_REV3L_transcript_variant_X1_mRNA_1                       16.50%    passed     90.29%
  94  XM_022554510_2_PREDICTED_Delphinapterus_leucas_REV3_like_DNA_directed_polymerase_zeta_catalytic_subunit_REV3L_transcript_variant_X1_mRNA_1                   16.50%    passed     95.84%
  95  XM_024115547_2_PREDICTED_Physeter_catodon_REV3_like_DNA_directed_polymerase_zeta_catalytic_subunit_REV3L_transcript_variant_X1_mRNA_1                        16.50%    passed     99.22%
  96  XM_036871281_1_PREDICTED_Balaenoptera_musculus_REV3_like_DNA_directed_polymerase_zeta_catalytic_subunit_REV3L_transcript_variant_X1_mRNA_1                   16.50%    passed     98.42%
  97  XM_007528140_2_PREDICTED_Erinaceus_europaeus_REV3_like_DNA_directed_polymerase_zeta_catalytic_subunit_REV3L_mRNA_1                                           15.05%    passed     98.00%
  98  XM_004605780_2_PREDICTED_Sorex_araneus_REV3_like_polymerase_DNA_directed_zeta_catalytic_subunit_REV3L_mRNA_1                                                 17.48%    passed     60.01%
  99  XM_012722936_1_PREDICTED_Condylura_cristata_REV3_like_polymerase_DNA_directed_zeta_catalytic_subunit_REV3L_transcript_variant_X1_mRNA_1                      16.99%    passed     17.01%
 100  XM_037520237_1_PREDICTED_Talpa_occidentalis_REV3_like_DNA_directed_polymerase_zeta_catalytic_subunit_REV3L_transcript_variant_X2_mRNA_1                      16.99%    passed     31.40%
 101  XM_011364805_2_PREDICTED_Pteropus_vampyrus_REV3_like_DNA_directed_polymerase_zeta_catalytic_subunit_REV3L_transcript_variant_X1_mRNA_1                       17.48%    passed     99.22%
 102  XM_016136994_2_PREDICTED_Rousettus_aegyptiacus_REV3_like_DNA_directed_polymerase_zeta_catalytic_subunit_REV3L_transcript_variant_X1_mRNA_1                   16.99%    passed     90.39%
 103  XM_033102881_1_PREDICTED_Rhinolophus_ferrumequinum_REV3_like_DNA_directed_polymerase_zeta_catalytic_subunit_REV3L_transcript_variant_X1_mRNA_1               16.50%    passed     98.59%
 104  XM_037065055_1_PREDICTED_Sturnira_hondurensis_REV3_like_DNA_directed_polymerase_zeta_catalytic_subunit_REV3L_transcript_variant_X1_mRNA_1                    17.96%    passed     99.61%
 105  XM_037159015_1_PREDICTED_Artibeus_jamaicensis_REV3_like_DNA_directed_polymerase_zeta_catalytic_subunit_REV3L_transcript_variant_X1_mRNA_1                    16.99%    passed     97.19%
 106  XM_024551816_1_PREDICTED_Desmodus_rotundus_REV3_like_DNA_directed_polymerase_zeta_catalytic_subunit_REV3L_mRNA_1                                             17.48%    passed     92.02%
 107  XM_036024572_1_PREDICTED_Phyllostomus_discolor_REV3_like_DNA_directed_polymerase_zeta_catalytic_subunit_REV3L_transcript_variant_X1_mRNA_1                   17.48%    passed     91.13%
 108  XM_016217489_1_PREDICTED_Miniopterus_natalensis_REV3_like_DNA_directed_polymerase_zeta_catalytic_subunit_REV3L_transcript_variant_X5_mRNA_1                  16.02%    passed     98.03%
 109  XM_019646344_1_PREDICTED_Hipposideros_armiger_REV3_like_DNA_directed_polymerase_zeta_catalytic_subunit_REV3L_mRNA_1                                          16.50%    passed     98.70%
 110  XM_036414528_1_PREDICTED_Pipistrellus_kuhlii_REV3_like_DNA_directed_polymerase_zeta_catalytic_subunit_REV3L_transcript_variant_X1_mRNA_1                     16.50%    passed     90.12%
 111  XM_028140115_1_PREDICTED_Eptesicus_fuscus_REV3_like_DNA_directed_polymerase_zeta_catalytic_subunit_REV3L_transcript_variant_X1_mRNA_1                        16.02%    passed     90.61%
 112  XM_015561632_1_PREDICTED_Myotis_davidii_REV3_like_DNA_directed_polymerase_zeta_catalytic_subunit_REV3L_transcript_variant_X1_mRNA_1                          16.50%    passed     96.72%
 113  XM_036318154_1_PREDICTED_Myotis_myotis_REV3_like_DNA_directed_polymerase_zeta_catalytic_subunit_REV3L_transcript_variant_X1_mRNA_1                           16.99%    passed     97.68%
 114  XM_023750109_1_PREDICTED_Myotis_lucifugus_REV3_like_DNA_directed_polymerase_zeta_catalytic_subunit_REV3L_transcript_variant_X1_mRNA_1                        17.48%    passed     97.31%
 115  XM_036247698_1_PREDICTED_Molossus_molossus_REV3_like_DNA_directed_polymerase_zeta_catalytic_subunit_REV3L_transcript_variant_X1_mRNA_1                       16.50%    passed     80.91%
 116  XM_014866179_1_PREDICTED_Equus_asinus_REV3_like_DNA_directed_polymerase_zeta_catalytic_subunit_REV3L_transcript_variant_X1_mRNA_1                            17.96%    passed     89.11%
 117  XM_036902980_1_PREDICTED_Manis_pentadactyla_REV3_like_DNA_directed_polymerase_zeta_catalytic_subunit_REV3L_transcript_variant_X1_mRNA_1                      16.50%    failed      0.06%
 118  XM_008584529_1_PREDICTED_Galeopterus_variegatus_REV3_like_polymerase_DNA_directed_zeta_catalytic_subunit_REV3L_mRNA_1                                        16.99%    passed     78.46%
 119  XM_037012273_1_PREDICTED_Manis_javanica_REV3_like_DNA_directed_polymerase_zeta_catalytic_subunit_REV3L_mRNA_1                                                16.50%    failed      0.10%
 120  XM_011935019_1_PREDICTED_Colobus_angolensis_palliatus_REV3_like_polymerase_DNA_directed_zeta_catalytic_subunit_REV3L_transcript_variant_X1_mRNA_1            17.48%    passed     88.89%
 121  XM_008007323_2_PREDICTED_Chlorocebus_sabaeus_REV3_like_DNA_directed_polymerase_zeta_catalytic_subunit_REV3L_transcript_variant_X1_mRNA_1                     17.48%    passed     95.12%
 122  XM_011758974_1_PREDICTED_Macaca_nemestrina_REV3_like_DNA_directed_polymerase_zeta_catalytic_subunit_REV3L_transcript_variant_X1_mRNA_1                       17.48%    passed     98.10%
 123  XM_031667490_1_PREDICTED_Papio_anubis_REV3_like_DNA_directed_polymerase_zeta_catalytic_subunit_REV3L_transcript_variant_X1_mRNA_1                            17.48%    passed     97.99%
 124  XM_025381340_1_PREDICTED_Theropithecus_gelada_REV3_like_DNA_directed_polymerase_zeta_catalytic_subunit_REV3L_transcript_variant_X1_mRNA_1                    17.48%    passed     97.41%
 125  XM_011970618_1_PREDICTED_Mandrillus_leucophaeus_REV3_like_polymerase_DNA_directed_zeta_catalytic_subunit_REV3L_transcript_variant_X1_mRNA_1                  17.48%    passed     93.91%
 126  XM_033234306_1_PREDICTED_Trachypithecus_francoisi_REV3_like_DNA_directed_polymerase_zeta_catalytic_subunit_REV3L_transcript_variant_X1_mRNA_1                17.48%    passed     96.44%
 127  XM_010371650_2_PREDICTED_Rhinopithecus_roxellana_REV3_like_DNA_directed_polymerase_zeta_catalytic_subunit_REV3L_transcript_variant_X1_mRNA_1                 17.48%    passed     89.96%
 128  XM_026456416_1_PREDICTED_Piliocolobus_tephrosceles_REV3_like_DNA_directed_polymerase_zeta_catalytic_subunit_REV3L_transcript_variant_X1_mRNA_1               17.48%    passed     93.71%
 129  XM_031011917_1_PREDICTED_Gorilla_gorilla_gorilla_REV3_like_DNA_directed_polymerase_zeta_catalytic_subunit_REV3L_transcript_variant_X2_mRNA_1                 16.50%    passed     97.41%
 130  XM_008975749_3_PREDICTED_Pan_paniscus_REV3_like_DNA_directed_polymerase_zeta_catalytic_subunit_REV3L_transcript_variant_X1_mRNA_1                            16.50%    passed     99.03%
 131  XM_024248979_1_PREDICTED_Pongo_abelii_REV3_like_DNA_directed_polymerase_zeta_catalytic_subunit_REV3L_transcript_variant_X1_mRNA_1                            16.50%    passed     98.35%
 132  XM_030809566_1_PREDICTED_Nomascus_leucogenys_REV3_like_DNA_directed_polymerase_zeta_catalytic_subunit_REV3L_transcript_variant_X1_mRNA_1                     16.50%    passed     96.70%
 133  XM_032156758_1_PREDICTED_Hylobates_moloch_REV3_like_DNA_directed_polymerase_zeta_catalytic_subunit_REV3L_transcript_variant_X1_mRNA_1                        16.50%    passed     86.01%
 134  XM_039464970_1_PREDICTED_Saimiri_boliviensis_boliviensis_REV3_like_DNA_directed_polymerase_zeta_catalytic_subunit_REV3L_mRNA_1                               17.48%    passed     91.80%
 135  XM_017509257_2_PREDICTED_Cebus_imitator_REV3_like_DNA_directed_polymerase_zeta_catalytic_subunit_REV3L_transcript_variant_X1_mRNA_1                          17.48%    passed     95.50%
 136  XM_032275008_1_PREDICTED_Sapajus_apella_REV3_like_DNA_directed_polymerase_zeta_catalytic_subunit_REV3L_transcript_variant_X1_mRNA_1                          17.48%    passed     97.74%
 137  XM_012438367_2_PREDICTED_Aotus_nancymaae_REV3_like_DNA_directed_polymerase_zeta_catalytic_subunit_REV3L_transcript_variant_X1_mRNA_1                         14.56%    passed     92.06%
 138  XM_008058987_1_PREDICTED_Carlito_syrichta_REV3_like_DNA_directed_polymerase_zeta_catalytic_subunit_REV3L_transcript_variant_X1_mRNA_1                        16.50%    passed     39.44%
 139  XM_012642842_1_PREDICTED_Propithecus_coquereli_REV3_like_polymerase_DNA_directed_zeta_catalytic_subunit_REV3L_mRNA_1                                         16.99%    passed     77.93%
 140  XM_012753062_2_PREDICTED_Microcebus_murinus_REV3_like_DNA_directed_polymerase_zeta_catalytic_subunit_REV3L_transcript_variant_X1_mRNA_1                      17.48%    passed     75.27%
 141  XM_023512479_1_PREDICTED_Otolemur_garnettii_REV3_like_DNA_directed_polymerase_zeta_catalytic_subunit_REV3L_mRNA_1                                            17.96%    passed     59.48%
 142  XM_007940793_1_PREDICTED_Orycteropus_afer_afer_REV3_like_DNA_directed_polymerase_zeta_catalytic_subunit_REV3L_mRNA_1                                         16.50%    passed     71.22%
 143  XM_004702008_2_PREDICTED_Echinops_telfairi_REV3_like_DNA_directed_polymerase_zeta_catalytic_subunit_REV3L_mRNA_1                                             18.45%    passed     87.90%
 144  XM_006839926_1_PREDICTED_Chrysochloris_asiatica_REV3_like_polymerase_DNA_directed_zeta_catalytic_subunit_REV3L_mRNA_1                                        16.99%    passed     59.81%
 145  XM_010598962_2_PREDICTED_Loxodonta_africana_REV3_like_DNA_directed_polymerase_zeta_catalytic_subunit_REV3L_transcript_variant_X1_mRNA_1                      15.53%    passed     87.08%
 146  XM_037843746_1_PREDICTED_Choloepus_didactylus_REV3_like_DNA_directed_polymerase_zeta_catalytic_subunit_REV3L_transcript_variant_X1_mRNA_1                    16.99%    passed     54.48%
 147  XM_023589592_1_PREDICTED_Dasypus_novemcinctus_REV3_like_DNA_directed_polymerase_zeta_catalytic_subunit_REV3L_mRNA_1                                          16.50%    passed     67.51%
 148  XM_029047173_2_PREDICTED_Ornithorhynchus_anatinus_REV3_like_DNA_directed_polymerase_zeta_catalytic_subunit_REV3L_transcript_variant_X1_mRNA_1                16.02%    passed     46.36%
 149  XM_038761479_1_PREDICTED_Tachyglossus_aculeatus_REV3_like_DNA_directed_polymerase_zeta_catalytic_subunit_REV3L_mRNA_1                                        10.68%    passed     60.51%
 150  XM_022520135_1_PREDICTED_Enhydra_lutris_kenyoni_REV3_like_DNA_directed_polymerase_zeta_catalytic_subunit_LOC111158218_transcript_variant_X1_mRNA_1           16.02%    passed     98.20%
 151  XM_014781164_1_PREDICTED_Ceratotherium_simum_simum_REV3_like_DNA_directed_polymerase_zeta_catalytic_subunit_LOC101399622_transcript_variant_X1_mRNA_1        16.50%    passed     93.66%
 152  XM_004372470_3_PREDICTED_Trichechus_manatus_latirostris_REV3_like_DNA_directed_polymerase_zeta_catalytic_subunit_LOC101361167_transcript_variant_X1_mRNA_1   16.50%    passed     85.55%
****  TOTAL                                                                                                                                                        16.67%  4 sequences failed composition chi2 test (p-value<5%; df=3)
NOTE: XM_027551194_1_PREDICTED_Bos_indicus_x_Bos_taurus_REV3_like_DNA_directed_polymerase_zeta_catalytic_subunit_REV3L_transcript_variant_X1_mRNA_1 is identical to XM_024996589_1_PREDICTED_Bos_taurus_REV3_like_DNA_directed_polymerase_zeta_catalytic_subunit_REV3L_transcript_variant_X1_mRNA_1 but kept for subsequent analysis
NOTE: XM_025444797_2_PREDICTED_Canis_lupus_dingo_REV3_like_DNA_directed_polymerase_zeta_catalytic_subunit_REV3L_transcript_variant_X1_mRNA_1 is identical to XM_014118216_3_PREDICTED_Canis_lupus_familiaris_REV3_like_DNA_directed_polymerase_zeta_catalytic_subunit_REV3L_transcript_variant_X1_mRNA_1 but kept for subsequent analysis
NOTE: XM_040474393_1_PREDICTED_Puma_yagouaroundi_REV3_like_DNA_directed_polymerase_zeta_catalytic_subunit_REV3L_transcript_variant_X1_mRNA_1 is identical to XM_007078726_2_PREDICTED_Panthera_tigris_altaica_REV3_like_DNA_directed_polymerase_zeta_catalytic_subunit_REV3L_transcript_variant_X1_mRNA_1 but kept for subsequent analysis
NOTE: XM_040627642_1_PREDICTED_Ursus_maritimus_REV3_like_DNA_directed_polymerase_zeta_catalytic_subunit_REV3L_mRNA_1 is identical to XM_026511625_1_PREDICTED_Ursus_arctos_horribilis_REV3_like_DNA_directed_polymerase_zeta_catalytic_subunit_REV3L_transcript_variant_X1_mRNA_1 but kept for subsequent analysis
NOTE: XM_031456165_1_PREDICTED_Camelus_dromedarius_REV3_like_DNA_directed_polymerase_zeta_catalytic_subunit_REV3L_transcript_variant_X1_mRNA_1 is identical to XM_032484707_1_PREDICTED_Camelus_ferus_REV3_like_DNA_directed_polymerase_zeta_catalytic_subunit_REV3L_transcript_variant_X1_mRNA_1 but kept for subsequent analysis
NOTE: XM_019929582_1_PREDICTED_Tursiops_truncatus_REV3_like_DNA_directed_polymerase_zeta_catalytic_subunit_REV3L_transcript_variant_X1_mRNA_1 is identical to XM_030882819_1_PREDICTED_Globicephala_melas_REV3_like_DNA_directed_polymerase_zeta_catalytic_subunit_REV3L_transcript_variant_X1_mRNA_1 but kept for subsequent analysis
Checking for duplicate sequences: done in 0.0004807 secs using 100.1% CPU
Identifying sites to remove: done in 0.00122859 secs using 76.84% CPU
NOTE: 2 identical sequences (see below) will be ignored for subsequent analysis
NOTE: XM_025925204_1_PREDICTED_Puma_concolor_REV3_like_DNA_directed_polymerase_zeta_catalytic_subunit_REV3L_mRNA_1 (identical to XM_007078726_2_PREDICTED_Panthera_tigris_altaica_REV3_like_DNA_directed_polymerase_zeta_catalytic_subunit_REV3L_transcript_variant_X1_mRNA_1) is ignored but added at the end
NOTE: XM_019443107_1_PREDICTED_Panthera_pardus_REV3_like_DNA_directed_polymerase_zeta_catalytic_subunit_REV3L_transcript_variant_X1_mRNA_1 (identical to XM_007078726_2_PREDICTED_Panthera_tigris_altaica_REV3_like_DNA_directed_polymerase_zeta_catalytic_subunit_REV3L_transcript_variant_X1_mRNA_1) is ignored but added at the end
Alignment was printed to /home/aglucaci/AOC-REV3L/results/mammalian_REV3L/mammalian_REV3L.4.codon.fas.uniqueseq.phy

For your convenience alignment with unique sequences printed to /home/aglucaci/AOC-REV3L/results/mammalian_REV3L/mammalian_REV3L.4.codon.fas.uniqueseq.phy


Create initial parsimony tree by phylogenetic likelihood library (PLL)... 0.016 seconds
Measuring multi-threading efficiency up to 8 CPU cores
Increase to 10 rounds for branch lengths
59 trees examined
Threads: 1 / Time: 8.026 sec / Speedup: 1.000 / Efficiency: 100% / LogL: -30275
Threads: 2 / Time: 5.331 sec / Speedup: 1.506 / Efficiency: 75% / LogL: -30275
Threads: 3 / Time: 6.559 sec / Speedup: 1.224 / Efficiency: 41% / LogL: -30275
Determining AUTO threadcount: done in 19.9155 secs using 189.6% CPU
BEST NUMBER OF THREADS: 2

Perform fast likelihood tree search using GTR+I+G model...
Estimate model parameters (epsilon = 5.000)
Perform nearest neighbor interchange...
Optimizing NNI: done in 0.12783 secs using 193% CPU
Estimate model parameters (epsilon = 1.000)
1. Initial log-likelihood: -14331.034
Optimal log-likelihood: -14330.988
Rate parameters:  A-C: 0.78159  A-G: 3.87742  A-T: 0.56030  C-G: 0.85858  C-T: 3.51210  G-T: 1.00000
Base frequencies:  A: 0.325  C: 0.240  G: 0.191  T: 0.243
Proportion of invariable sites: 0.044
Gamma shape alpha: 2.689
Parameters optimization took 1 rounds (0.056 sec)
Time for fast ML tree search: 0.436 seconds

NOTE: ModelFinder requires 26 MB RAM!
ModelFinder will test up to 484 DNA models (sample size: 618) ...
 No. Model         -LnL         df  AIC          AICc         BIC
Measuring multi-threading efficiency up to 8 CPU cores
Increase to 10 rounds for branch lengths
157 trees examined
Threads: 1 / Time: 8.045 sec / Speedup: 1.000 / Efficiency: 100% / LogL: -31024
Threads: 2 / Time: 5.816 sec / Speedup: 1.383 / Efficiency: 69% / LogL: -31024
Threads: 3 / Time: 8.903 sec / Speedup: 0.904 / Efficiency: 30% / LogL: -31024
Determining AUTO threadcount: done in 22.7632 secs using 199.3% CPU
BEST NUMBER OF THREADS: 2

  1  GTR+F         14557.643    305 29725.286    30323.555    31075.365
Measuring multi-threading efficiency up to 8 CPU cores
Increase to 10 rounds for branch lengths
155 trees examined
Threads: 1 / Time: 8.030 sec / Speedup: 1.000 / Efficiency: 100% / LogL: -30340
Threads: 2 / Time: 6.019 sec / Speedup: 1.334 / Efficiency: 67% / LogL: -30340
Threads: 3 / Time: 9.343 sec / Speedup: 0.859 / Efficiency: 29% / LogL: -30340
Determining AUTO threadcount: done in 23.3921 secs using 201.1% CPU
BEST NUMBER OF THREADS: 2

  2  GTR+F+I       14475.380    306 29562.760    30166.889    30917.266
Measuring multi-threading efficiency up to 8 CPU cores
Increase to 10 rounds for branch lengths
59 trees examined
Threads: 1 / Time: 8.045 sec / Speedup: 1.000 / Efficiency: 100% / LogL: -28322
Threads: 2 / Time: 5.377 sec / Speedup: 1.496 / Efficiency: 75% / LogL: -28322
Threads: 3 / Time: 6.598 sec / Speedup: 1.219 / Efficiency: 41% / LogL: -28322
Determining AUTO threadcount: done in 20.0192 secs using 190% CPU
BEST NUMBER OF THREADS: 2

  3  GTR+F+G4      14337.968    306 29287.936    29892.065    30642.442
Measuring multi-threading efficiency up to 8 CPU cores
Increase to 10 rounds for branch lengths
66 trees examined
Threads: 1 / Time: 8.007 sec / Speedup: 1.000 / Efficiency: 100% / LogL: -28793
Threads: 2 / Time: 5.392 sec / Speedup: 1.485 / Efficiency: 74% / LogL: -28793
Threads: 3 / Time: 6.858 sec / Speedup: 1.168 / Efficiency: 39% / LogL: -28793
Determining AUTO threadcount: done in 20.257 secs using 191.6% CPU
BEST NUMBER OF THREADS: 2

  4  GTR+F+I+G4    14330.969    307 29275.938    29885.977    30634.870
Measuring multi-threading efficiency up to 8 CPU cores
Increase to 10 rounds for branch lengths
93 trees examined
Threads: 1 / Time: 8.040 sec / Speedup: 1.000 / Efficiency: 100% / LogL: -28842
Threads: 2 / Time: 5.514 sec / Speedup: 1.458 / Efficiency: 73% / LogL: -28842
Threads: 3 / Time: 7.863 sec / Speedup: 1.023 / Efficiency: 34% / LogL: -28842
Determining AUTO threadcount: done in 21.4164 secs using 195.5% CPU
BEST NUMBER OF THREADS: 2

  5  GTR+F+R2      14363.703    307 29341.406    29951.445    30700.338
Measuring multi-threading efficiency up to 8 CPU cores
Increase to 10 rounds for branch lengths
72 trees examined
Threads: 1 / Time: 8.048 sec / Speedup: 1.000 / Efficiency: 100% / LogL: -28103
Threads: 2 / Time: 5.412 sec / Speedup: 1.487 / Efficiency: 74% / LogL: -28103
Threads: 3 / Time: 7.173 sec / Speedup: 1.122 / Efficiency: 37% / LogL: -28103
Determining AUTO threadcount: done in 20.6331 secs using 192.4% CPU
BEST NUMBER OF THREADS: 2

  6  GTR+F+R3      14326.163    309 29270.326    29892.339    30638.111
Measuring multi-threading efficiency up to 8 CPU cores
Increase to 10 rounds for branch lengths
59 trees examined
Threads: 1 / Time: 8.071 sec / Speedup: 1.000 / Efficiency: 100% / LogL: -28230
Threads: 2 / Time: 5.403 sec / Speedup: 1.494 / Efficiency: 75% / LogL: -28230
Threads: 3 / Time: 6.859 sec / Speedup: 1.177 / Efficiency: 39% / LogL: -28230
Determining AUTO threadcount: done in 20.3328 secs using 191.3% CPU
BEST NUMBER OF THREADS: 2

  7  GTR+F+R4      14323.676    311 29269.351    29903.547    30645.989
Measuring multi-threading efficiency up to 8 CPU cores
Increase to 10 rounds for branch lengths
96 trees examined
Threads: 1 / Time: 8.038 sec / Speedup: 1.000 / Efficiency: 100% / LogL: -28305
Threads: 2 / Time: 5.683 sec / Speedup: 1.414 / Efficiency: 71% / LogL: -28305
Threads: 3 / Time: 7.939 sec / Speedup: 1.013 / Efficiency: 34% / LogL: -28305
Determining AUTO threadcount: done in 21.6602 secs using 195.9% CPU
BEST NUMBER OF THREADS: 2

 14  GTR+F+I+I+R2  14338.679    308 29293.357    29909.357    30656.716
Measuring multi-threading efficiency up to 8 CPU cores
Increase to 10 rounds for branch lengths
72 trees examined
Threads: 1 / Time: 8.059 sec / Speedup: 1.000 / Efficiency: 100% / LogL: -28104
Threads: 2 / Time: 5.445 sec / Speedup: 1.480 / Efficiency: 74% / LogL: -28104
Threads: 3 / Time: 7.199 sec / Speedup: 1.119 / Efficiency: 37% / LogL: -28104
Determining AUTO threadcount: done in 20.7031 secs using 192.6% CPU
BEST NUMBER OF THREADS: 2

 15  GTR+F+I+I+R3  14322.306    310 29264.612    29892.690    30636.823
Measuring multi-threading efficiency up to 8 CPU cores
Increase to 10 rounds for branch lengths
59 trees examined
Threads: 1 / Time: 8.109 sec / Speedup: 1.000 / Efficiency: 100% / LogL: -28063
Threads: 2 / Time: 5.285 sec / Speedup: 1.534 / Efficiency: 77% / LogL: -28063
Threads: 3 / Time: 6.816 sec / Speedup: 1.190 / Efficiency: 40% / LogL: -28063
Determining AUTO threadcount: done in 20.21 secs using 191% CPU
BEST NUMBER OF THREADS: 2

 16  GTR+F+I+I+R4  14321.608    312 29267.216    29907.584    30648.281
Measuring multi-threading efficiency up to 8 CPU cores
Increase to 10 rounds for branch lengths
63 trees examined
Threads: 1 / Time: 8.125 sec / Speedup: 1.000 / Efficiency: 100% / LogL: -28541
Threads: 2 / Time: 5.422 sec / Speedup: 1.499 / Efficiency: 75% / LogL: -28541
Threads: 3 / Time: 6.672 sec / Speedup: 1.218 / Efficiency: 41% / LogL: -28541
Determining AUTO threadcount: done in 20.2189 secs using 190.1% CPU
BEST NUMBER OF THREADS: 2

 25  SYM+G4        14357.263    303 29320.526    29907.227    30661.752
Measuring multi-threading efficiency up to 8 CPU cores
Increase to 10 rounds for branch lengths
65 trees examined
Threads: 1 / Time: 8.031 sec / Speedup: 1.000 / Efficiency: 100% / LogL: -28466
Threads: 2 / Time: 5.402 sec / Speedup: 1.487 / Efficiency: 74% / LogL: -28466
Threads: 3 / Time: 6.800 sec / Speedup: 1.181 / Efficiency: 39% / LogL: -28466
Determining AUTO threadcount: done in 20.2326 secs using 191.1% CPU
BEST NUMBER OF THREADS: 2

 26  SYM+I+G4      14351.204    304 29310.409    29902.869    30656.061
Measuring multi-threading efficiency up to 8 CPU cores
Increase to 10 rounds for branch lengths
74 trees examined
Threads: 1 / Time: 8.045 sec / Speedup: 1.000 / Efficiency: 100% / LogL: -28480
Threads: 2 / Time: 5.412 sec / Speedup: 1.486 / Efficiency: 74% / LogL: -28480
Threads: 3 / Time: 7.207 sec / Speedup: 1.116 / Efficiency: 37% / LogL: -28480
Determining AUTO threadcount: done in 20.6643 secs using 192.7% CPU
BEST NUMBER OF THREADS: 2

 28  SYM+R3        14349.581    306 29311.162    29915.291    30665.668
Measuring multi-threading efficiency up to 8 CPU cores
Increase to 10 rounds for branch lengths
72 trees examined
Threads: 1 / Time: 8.023 sec / Speedup: 1.000 / Efficiency: 100% / LogL: -28296
Threads: 2 / Time: 5.364 sec / Speedup: 1.496 / Efficiency: 75% / LogL: -28296
Threads: 3 / Time: 7.006 sec / Speedup: 1.145 / Efficiency: 38% / LogL: -28296
Determining AUTO threadcount: done in 20.3932 secs using 191.9% CPU
BEST NUMBER OF THREADS: 2

 37  SYM+I+I+R3    14346.162    307 29306.324    29916.363    30665.256
Measuring multi-threading efficiency up to 8 CPU cores
Increase to 10 rounds for branch lengths
62 trees examined
Threads: 1 / Time: 8.001 sec / Speedup: 1.000 / Efficiency: 100% / LogL: -28541
Threads: 2 / Time: 5.273 sec / Speedup: 1.517 / Efficiency: 76% / LogL: -28541
Threads: 3 / Time: 6.634 sec / Speedup: 1.206 / Efficiency: 40% / LogL: -28541
Determining AUTO threadcount: done in 19.9072 secs using 190.6% CPU
BEST NUMBER OF THREADS: 2

 47  TVM+F+G4      14339.233    305 29288.466    29886.735    30638.545
Measuring multi-threading efficiency up to 8 CPU cores
Increase to 10 rounds for branch lengths
65 trees examined
Threads: 1 / Time: 8.052 sec / Speedup: 1.000 / Efficiency: 100% / LogL: -28577
Threads: 2 / Time: 5.474 sec / Speedup: 1.471 / Efficiency: 74% / LogL: -28577
Threads: 3 / Time: 7.008 sec / Speedup: 1.149 / Efficiency: 38% / LogL: -28577
Determining AUTO threadcount: done in 20.5349 secs using 192.3% CPU
BEST NUMBER OF THREADS: 2

 48  TVM+F+I+G4    14332.229    306 29276.457    29880.586    30630.963
Measuring multi-threading efficiency up to 8 CPU cores
Increase to 10 rounds for branch lengths
71 trees examined
Threads: 1 / Time: 8.055 sec / Speedup: 1.000 / Efficiency: 100% / LogL: -27852
Threads: 2 / Time: 5.630 sec / Speedup: 1.431 / Efficiency: 72% / LogL: -27852
Threads: 3 / Time: 7.331 sec / Speedup: 1.099 / Efficiency: 37% / LogL: -27852
Determining AUTO threadcount: done in 21.016 secs using 193.4% CPU
BEST NUMBER OF THREADS: 2

 50  TVM+F+R3      14328.457    308 29272.915    29888.915    30636.273
Measuring multi-threading efficiency up to 8 CPU cores
Increase to 10 rounds for branch lengths
72 trees examined
Threads: 1 / Time: 8.056 sec / Speedup: 1.000 / Efficiency: 100% / LogL: -28269
Threads: 2 / Time: 5.591 sec / Speedup: 1.441 / Efficiency: 72% / LogL: -28269
Threads: 3 / Time: 7.168 sec / Speedup: 1.124 / Efficiency: 37% / LogL: -28269
Determining AUTO threadcount: done in 20.8151 secs using 192.6% CPU
BEST NUMBER OF THREADS: 2

 59  TVM+F+I+I+R3  14324.264    309 29266.528    29888.541    30634.312
Measuring multi-threading efficiency up to 8 CPU cores
Increase to 10 rounds for branch lengths
63 trees examined
Threads: 1 / Time: 8.032 sec / Speedup: 1.000 / Efficiency: 100% / LogL: -28605
Threads: 2 / Time: 5.415 sec / Speedup: 1.483 / Efficiency: 74% / LogL: -28605
Threads: 3 / Time: 6.809 sec / Speedup: 1.180 / Efficiency: 39% / LogL: -28605
Determining AUTO threadcount: done in 20.2563 secs using 191.4% CPU
BEST NUMBER OF THREADS: 2

 69  TVMe+G4       14358.751    302 29321.501    29902.492    30658.301
Measuring multi-threading efficiency up to 8 CPU cores
Increase to 10 rounds for branch lengths
65 trees examined
Threads: 1 / Time: 8.057 sec / Speedup: 1.000 / Efficiency: 100% / LogL: -28593
Threads: 2 / Time: 5.475 sec / Speedup: 1.472 / Efficiency: 74% / LogL: -28593
Threads: 3 / Time: 6.738 sec / Speedup: 1.196 / Efficiency: 40% / LogL: -28593
Determining AUTO threadcount: done in 20.27 secs using 190.7% CPU
BEST NUMBER OF THREADS: 2

 70  TVMe+I+G4     14352.723    303 29311.445    29898.146    30652.671
Measuring multi-threading efficiency up to 8 CPU cores
Increase to 10 rounds for branch lengths
72 trees examined
Threads: 1 / Time: 8.029 sec / Speedup: 1.000 / Efficiency: 100% / LogL: -27910
Threads: 2 / Time: 5.478 sec / Speedup: 1.466 / Efficiency: 73% / LogL: -27910
Threads: 3 / Time: 7.234 sec / Speedup: 1.110 / Efficiency: 37% / LogL: -27910
Determining AUTO threadcount: done in 20.7411 secs using 193% CPU
BEST NUMBER OF THREADS: 2

 72  TVMe+R3       14351.272    305 29312.544    29910.813    30662.623
Measuring multi-threading efficiency up to 8 CPU cores
Increase to 10 rounds for branch lengths
73 trees examined
Threads: 1 / Time: 8.061 sec / Speedup: 1.000 / Efficiency: 100% / LogL: -28132
Threads: 2 / Time: 5.471 sec / Speedup: 1.474 / Efficiency: 74% / LogL: -28132
Threads: 3 / Time: 7.325 sec / Speedup: 1.101 / Efficiency: 37% / LogL: -28132
Determining AUTO threadcount: done in 20.8573 secs using 193.2% CPU
BEST NUMBER OF THREADS: 2

 81  TVMe+I+I+R3   14347.983    306 29307.966    29912.094    30662.471
Measuring multi-threading efficiency up to 8 CPU cores
Increase to 10 rounds for branch lengths
64 trees examined
Threads: 1 / Time: 8.116 sec / Speedup: 1.000 / Efficiency: 100% / LogL: -28246
Threads: 2 / Time: 5.460 sec / Speedup: 1.486 / Efficiency: 74% / LogL: -28246
Threads: 3 / Time: 6.829 sec / Speedup: 1.189 / Efficiency: 40% / LogL: -28246
Determining AUTO threadcount: done in 20.4056 secs using 191% CPU
BEST NUMBER OF THREADS: 2

 91  TIM3+F+G4     14350.069    304 29308.138    29900.598    30653.790
Measuring multi-threading efficiency up to 8 CPU cores
Increase to 10 rounds for branch lengths
64 trees examined
Threads: 1 / Time: 8.002 sec / Speedup: 1.000 / Efficiency: 100% / LogL: -28621
Threads: 2 / Time: 5.341 sec / Speedup: 1.498 / Efficiency: 75% / LogL: -28621
Threads: 3 / Time: 6.734 sec / Speedup: 1.188 / Efficiency: 40% / LogL: -28621
Determining AUTO threadcount: done in 20.0773 secs using 191% CPU
BEST NUMBER OF THREADS: 2

 92  TIM3+F+I+G4   14343.098    305 29296.196    29894.465    30646.275
Measuring multi-threading efficiency up to 8 CPU cores
Increase to 10 rounds for branch lengths
72 trees examined
Threads: 1 / Time: 8.067 sec / Speedup: 1.000 / Efficiency: 100% / LogL: -28351
Threads: 2 / Time: 5.546 sec / Speedup: 1.454 / Efficiency: 73% / LogL: -28351
Threads: 3 / Time: 7.399 sec / Speedup: 1.090 / Efficiency: 36% / LogL: -28351
Determining AUTO threadcount: done in 21.0128 secs using 193.8% CPU
BEST NUMBER OF THREADS: 2

 94  TIM3+F+R3     14339.134    307 29292.267    29902.306    30651.199
Measuring multi-threading efficiency up to 8 CPU cores
Increase to 10 rounds for branch lengths
71 trees examined
Threads: 1 / Time: 8.102 sec / Speedup: 1.000 / Efficiency: 100% / LogL: -28059
Threads: 2 / Time: 5.668 sec / Speedup: 1.429 / Efficiency: 71% / LogL: -28059
Threads: 3 / Time: 7.337 sec / Speedup: 1.104 / Efficiency: 37% / LogL: -28059
Determining AUTO threadcount: done in 21.1069 secs using 193.3% CPU
BEST NUMBER OF THREADS: 2

103  TIM3+F+I+I+R3 14335.026    308 29286.052    29902.052    30649.410
Measuring multi-threading efficiency up to 8 CPU cores
Increase to 10 rounds for branch lengths
62 trees examined
Threads: 1 / Time: 8.065 sec / Speedup: 1.000 / Efficiency: 100% / LogL: -28294
Threads: 2 / Time: 5.329 sec / Speedup: 1.514 / Efficiency: 76% / LogL: -28294
Threads: 3 / Time: 6.519 sec / Speedup: 1.237 / Efficiency: 41% / LogL: -28294
Determining AUTO threadcount: done in 19.9133 secs using 189.7% CPU
BEST NUMBER OF THREADS: 2

113  TIM3e+G4      14362.573    301 29327.146    29902.475    30659.519
Measuring multi-threading efficiency up to 8 CPU cores
Increase to 10 rounds for branch lengths
64 trees examined
Threads: 1 / Time: 8.013 sec / Speedup: 1.000 / Efficiency: 100% / LogL: -28503
Threads: 2 / Time: 5.346 sec / Speedup: 1.499 / Efficiency: 75% / LogL: -28503
Threads: 3 / Time: 6.498 sec / Speedup: 1.233 / Efficiency: 41% / LogL: -28503
Determining AUTO threadcount: done in 19.8574 secs using 190% CPU
BEST NUMBER OF THREADS: 2

114  TIM3e+I+G4    14356.377    302 29316.755    29897.745    30653.554
Measuring multi-threading efficiency up to 8 CPU cores
Increase to 10 rounds for branch lengths
73 trees examined
Threads: 1 / Time: 8.104 sec / Speedup: 1.000 / Efficiency: 100% / LogL: -28377
Threads: 2 / Time: 5.593 sec / Speedup: 1.449 / Efficiency: 72% / LogL: -28377
Threads: 3 / Time: 7.139 sec / Speedup: 1.135 / Efficiency: 38% / LogL: -28377
Determining AUTO threadcount: done in 20.8363 secs using 192.1% CPU
BEST NUMBER OF THREADS: 2

116  TIM3e+R3      14354.502    304 29317.004    29909.464    30662.656
Measuring multi-threading efficiency up to 8 CPU cores
Increase to 10 rounds for branch lengths
72 trees examined
Threads: 1 / Time: 8.096 sec / Speedup: 1.000 / Efficiency: 100% / LogL: -28036
Threads: 2 / Time: 5.484 sec / Speedup: 1.476 / Efficiency: 74% / LogL: -28036
Threads: 3 / Time: 7.010 sec / Speedup: 1.155 / Efficiency: 39% / LogL: -28036
Determining AUTO threadcount: done in 20.5899 secs using 191.7% CPU
BEST NUMBER OF THREADS: 2

125  TIM3e+I+I+R3  14350.803    305 29311.605    29909.874    30661.684
Measuring multi-threading efficiency up to 8 CPU cores
Increase to 10 rounds for branch lengths
63 trees examined
Threads: 1 / Time: 8.070 sec / Speedup: 1.000 / Efficiency: 100% / LogL: -28693
Threads: 2 / Time: 5.442 sec / Speedup: 1.483 / Efficiency: 74% / LogL: -28693
Threads: 3 / Time: 6.736 sec / Speedup: 1.198 / Efficiency: 40% / LogL: -28693
Determining AUTO threadcount: done in 20.2482 secs using 190.7% CPU
BEST NUMBER OF THREADS: 2

135  TIM2+F+G4     14342.926    304 29293.852    29886.313    30639.505
Measuring multi-threading efficiency up to 8 CPU cores
Increase to 10 rounds for branch lengths
64 trees examined
Threads: 1 / Time: 8.098 sec / Speedup: 1.000 / Efficiency: 100% / LogL: -28599
Threads: 2 / Time: 5.460 sec / Speedup: 1.483 / Efficiency: 74% / LogL: -28599
Threads: 3 / Time: 6.562 sec / Speedup: 1.234 / Efficiency: 41% / LogL: -28599
Determining AUTO threadcount: done in 20.1209 secs using 189.7% CPU
BEST NUMBER OF THREADS: 2

136  TIM2+F+I+G4   14336.166    305 29282.332    29880.601    30632.410
Measuring multi-threading efficiency up to 8 CPU cores
Increase to 10 rounds for branch lengths
71 trees examined
Threads: 1 / Time: 8.061 sec / Speedup: 1.000 / Efficiency: 100% / LogL: -28222
Threads: 2 / Time: 5.513 sec / Speedup: 1.462 / Efficiency: 73% / LogL: -28222
Threads: 3 / Time: 7.168 sec / Speedup: 1.125 / Efficiency: 37% / LogL: -28222
Determining AUTO threadcount: done in 20.7421 secs using 192.4% CPU
BEST NUMBER OF THREADS: 2

138  TIM2+F+R3     14330.848    307 29275.697    29885.736    30634.629
Measuring multi-threading efficiency up to 8 CPU cores
Increase to 10 rounds for branch lengths
72 trees examined
Threads: 1 / Time: 8.051 sec / Speedup: 1.000 / Efficiency: 100% / LogL: -28347
Threads: 2 / Time: 5.573 sec / Speedup: 1.445 / Efficiency: 72% / LogL: -28347
Threads: 3 / Time: 7.038 sec / Speedup: 1.144 / Efficiency: 38% / LogL: -28347
Determining AUTO threadcount: done in 20.6623 secs using 191.9% CPU
BEST NUMBER OF THREADS: 2

147  TIM2+F+I+I+R3 14327.112    308 29270.225    29886.225    30633.583
Measuring multi-threading efficiency up to 8 CPU cores
Increase to 10 rounds for branch lengths
63 trees examined
Threads: 1 / Time: 8.016 sec / Speedup: 1.000 / Efficiency: 100% / LogL: -28859
Threads: 2 / Time: 5.433 sec / Speedup: 1.476 / Efficiency: 74% / LogL: -28859
Threads: 3 / Time: 6.574 sec / Speedup: 1.219 / Efficiency: 41% / LogL: -28859
Determining AUTO threadcount: done in 20.0227 secs using 190% CPU
BEST NUMBER OF THREADS: 2

157  TIM2e+G4      14362.142    301 29326.283    29901.612    30658.656
Measuring multi-threading efficiency up to 8 CPU cores
Increase to 10 rounds for branch lengths
64 trees examined
Threads: 1 / Time: 8.123 sec / Speedup: 1.000 / Efficiency: 100% / LogL: -28520
Threads: 2 / Time: 5.433 sec / Speedup: 1.495 / Efficiency: 75% / LogL: -28520
Threads: 3 / Time: 6.722 sec / Speedup: 1.208 / Efficiency: 40% / LogL: -28520
Determining AUTO threadcount: done in 20.2772 secs using 190.4% CPU
BEST NUMBER OF THREADS: 2

158  TIM2e+I+G4    14356.243    302 29316.486    29897.476    30653.285
Measuring multi-threading efficiency up to 8 CPU cores
Increase to 10 rounds for branch lengths
72 trees examined
Threads: 1 / Time: 8.036 sec / Speedup: 1.000 / Efficiency: 100% / LogL: -28209
Threads: 2 / Time: 5.436 sec / Speedup: 1.478 / Efficiency: 74% / LogL: -28209
Threads: 3 / Time: 7.385 sec / Speedup: 1.088 / Efficiency: 36% / LogL: -28209
Determining AUTO threadcount: done in 20.8566 secs using 193.9% CPU
BEST NUMBER OF THREADS: 2

160  TIM2e+R3      14354.270    304 29316.541    29909.001    30662.193
Measuring multi-threading efficiency up to 8 CPU cores
Increase to 10 rounds for branch lengths
70 trees examined
Threads: 1 / Time: 8.002 sec / Speedup: 1.000 / Efficiency: 100% / LogL: -28095
Threads: 2 / Time: 5.350 sec / Speedup: 1.496 / Efficiency: 75% / LogL: -28095
Threads: 3 / Time: 7.234 sec / Speedup: 1.106 / Efficiency: 37% / LogL: -28095
Determining AUTO threadcount: done in 20.587 secs using 193.3% CPU
BEST NUMBER OF THREADS: 2

169  TIM2e+I+I+R3  14350.878    305 29311.756    29910.026    30661.835
Measuring multi-threading efficiency up to 8 CPU cores
Increase to 10 rounds for branch lengths
62 trees examined
Threads: 1 / Time: 8.104 sec / Speedup: 1.000 / Efficiency: 100% / LogL: -28593
Threads: 2 / Time: 5.377 sec / Speedup: 1.507 / Efficiency: 75% / LogL: -28593
Threads: 3 / Time: 6.561 sec / Speedup: 1.235 / Efficiency: 41% / LogL: -28593
Determining AUTO threadcount: done in 20.0425 secs using 189.5% CPU
BEST NUMBER OF THREADS: 2

179  TIM+F+G4      14346.498    304 29300.996    29893.456    30646.648
Measuring multi-threading efficiency up to 8 CPU cores
Increase to 10 rounds for branch lengths
64 trees examined
Threads: 1 / Time: 8.082 sec / Speedup: 1.000 / Efficiency: 100% / LogL: -28746
Threads: 2 / Time: 5.389 sec / Speedup: 1.500 / Efficiency: 75% / LogL: -28746
Threads: 3 / Time: 6.709 sec / Speedup: 1.205 / Efficiency: 40% / LogL: -28746
Determining AUTO threadcount: done in 20.1802 secs using 190.8% CPU
BEST NUMBER OF THREADS: 2

180  TIM+F+I+G4    14339.642    305 29289.284    29887.553    30639.363
Measuring multi-threading efficiency up to 8 CPU cores
Increase to 10 rounds for branch lengths
72 trees examined
Threads: 1 / Time: 8.043 sec / Speedup: 1.000 / Efficiency: 100% / LogL: -28425
Threads: 2 / Time: 5.488 sec / Speedup: 1.466 / Efficiency: 73% / LogL: -28425
Threads: 3 / Time: 7.074 sec / Speedup: 1.137 / Efficiency: 38% / LogL: -28425
Determining AUTO threadcount: done in 20.6046 secs using 192.2% CPU
BEST NUMBER OF THREADS: 2

182  TIM+F+R3      14335.589    307 29285.178    29895.216    30644.110
Measuring multi-threading efficiency up to 8 CPU cores
Increase to 10 rounds for branch lengths
71 trees examined
Threads: 1 / Time: 8.010 sec / Speedup: 1.000 / Efficiency: 100% / LogL: -28229
Threads: 2 / Time: 5.451 sec / Speedup: 1.470 / Efficiency: 73% / LogL: -28229
Threads: 3 / Time: 7.001 sec / Speedup: 1.144 / Efficiency: 38% / LogL: -28229
Determining AUTO threadcount: done in 20.4619 secs using 191.9% CPU
BEST NUMBER OF THREADS: 2

191  TIM+F+I+I+R3  14331.721    308 29279.443    29895.443    30642.801
Measuring multi-threading efficiency up to 8 CPU cores
Increase to 10 rounds for branch lengths
62 trees examined
Threads: 1 / Time: 8.032 sec / Speedup: 1.000 / Efficiency: 100% / LogL: -28846
Threads: 2 / Time: 5.371 sec / Speedup: 1.495 / Efficiency: 75% / LogL: -28846
Threads: 3 / Time: 6.542 sec / Speedup: 1.228 / Efficiency: 41% / LogL: -28846
Determining AUTO threadcount: done in 19.945 secs using 189.8% CPU
BEST NUMBER OF THREADS: 2

201  TIMe+G4       14358.802    301 29319.604    29894.933    30651.977
Measuring multi-threading efficiency up to 8 CPU cores
Increase to 10 rounds for branch lengths
62 trees examined
Threads: 1 / Time: 8.052 sec / Speedup: 1.000 / Efficiency: 100% / LogL: -28434
Threads: 2 / Time: 5.281 sec / Speedup: 1.525 / Efficiency: 76% / LogL: -28434
Threads: 3 / Time: 6.528 sec / Speedup: 1.233 / Efficiency: 41% / LogL: -28434
Determining AUTO threadcount: done in 19.8606 secs using 189.7% CPU
BEST NUMBER OF THREADS: 2

202  TIMe+I+G4     14352.812    302 29309.624    29890.615    30646.424
Measuring multi-threading efficiency up to 8 CPU cores
Increase to 10 rounds for branch lengths
71 trees examined
Threads: 1 / Time: 8.020 sec / Speedup: 1.000 / Efficiency: 100% / LogL: -28424
Threads: 2 / Time: 5.408 sec / Speedup: 1.483 / Efficiency: 74% / LogL: -28424
Threads: 3 / Time: 6.928 sec / Speedup: 1.158 / Efficiency: 39% / LogL: -28424
Determining AUTO threadcount: done in 20.3566 secs using 191.6% CPU
BEST NUMBER OF THREADS: 2

204  TIMe+R3       14350.773    304 29309.547    29902.007    30655.199
Measuring multi-threading efficiency up to 8 CPU cores
Increase to 10 rounds for branch lengths
71 trees examined
Threads: 1 / Time: 8.063 sec / Speedup: 1.000 / Efficiency: 100% / LogL: -28145
Threads: 2 / Time: 5.394 sec / Speedup: 1.495 / Efficiency: 75% / LogL: -28145
Threads: 3 / Time: 7.351 sec / Speedup: 1.097 / Efficiency: 37% / LogL: -28145
Determining AUTO threadcount: done in 20.808 secs using 193.4% CPU
BEST NUMBER OF THREADS: 2

213  TIMe+I+I+R3   14347.418    305 29304.837    29903.106    30654.916
Measuring multi-threading efficiency up to 8 CPU cores
Increase to 10 rounds for branch lengths
63 trees examined
Threads: 1 / Time: 8.130 sec / Speedup: 1.000 / Efficiency: 100% / LogL: -28329
Threads: 2 / Time: 5.363 sec / Speedup: 1.516 / Efficiency: 76% / LogL: -28329
Threads: 3 / Time: 6.823 sec / Speedup: 1.191 / Efficiency: 40% / LogL: -28329
Determining AUTO threadcount: done in 20.3164 secs using 190.8% CPU
BEST NUMBER OF THREADS: 2

223  TPM3u+F+G4    14351.150    303 29308.300    29895.001    30649.526
Measuring multi-threading efficiency up to 8 CPU cores
Increase to 10 rounds for branch lengths
64 trees examined
Threads: 1 / Time: 8.105 sec / Speedup: 1.000 / Efficiency: 100% / LogL: -28659
Threads: 2 / Time: 5.385 sec / Speedup: 1.505 / Efficiency: 75% / LogL: -28659
Threads: 3 / Time: 6.531 sec / Speedup: 1.241 / Efficiency: 41% / LogL: -28659
Determining AUTO threadcount: done in 20.02 secs using 189.4% CPU
BEST NUMBER OF THREADS: 2

224  TPM3u+F+I+G4  14344.196    304 29296.391    29888.851    30642.044
Measuring multi-threading efficiency up to 8 CPU cores
Increase to 10 rounds for branch lengths
73 trees examined
Threads: 1 / Time: 8.076 sec / Speedup: 1.000 / Efficiency: 100% / LogL: -28402
Threads: 2 / Time: 5.403 sec / Speedup: 1.495 / Efficiency: 75% / LogL: -28402
Threads: 3 / Time: 7.237 sec / Speedup: 1.116 / Efficiency: 37% / LogL: -28402
Determining AUTO threadcount: done in 20.7163 secs using 192.8% CPU
BEST NUMBER OF THREADS: 2

226  TPM3u+F+R3    14341.142    306 29294.284    29898.412    30648.789
Measuring multi-threading efficiency up to 8 CPU cores
Increase to 10 rounds for branch lengths
71 trees examined
Threads: 1 / Time: 8.013 sec / Speedup: 1.000 / Efficiency: 100% / LogL: -28281
Threads: 2 / Time: 5.364 sec / Speedup: 1.494 / Efficiency: 75% / LogL: -28281
Threads: 3 / Time: 7.387 sec / Speedup: 1.085 / Efficiency: 36% / LogL: -28281
Determining AUTO threadcount: done in 20.7642 secs using 193.8% CPU
BEST NUMBER OF THREADS: 2

235  TPM3u+F+I+I+R3 14336.928    307 29287.855    29897.894    30646.787
Measuring multi-threading efficiency up to 8 CPU cores
Increase to 10 rounds for branch lengths
63 trees examined
Threads: 1 / Time: 8.068 sec / Speedup: 1.000 / Efficiency: 100% / LogL: -28312
Threads: 2 / Time: 5.447 sec / Speedup: 1.481 / Efficiency: 74% / LogL: -28312
Threads: 3 / Time: 6.569 sec / Speedup: 1.228 / Efficiency: 41% / LogL: -28312
Determining AUTO threadcount: done in 20.084 secs using 189.7% CPU
BEST NUMBER OF THREADS: 2

245  TPM3+G4       14363.955    300 29327.910    29897.626    30655.856
Measuring multi-threading efficiency up to 8 CPU cores
Increase to 10 rounds for branch lengths
64 trees examined
Threads: 1 / Time: 8.114 sec / Speedup: 1.000 / Efficiency: 100% / LogL: -28613
Threads: 2 / Time: 5.408 sec / Speedup: 1.500 / Efficiency: 75% / LogL: -28613
Threads: 3 / Time: 6.685 sec / Speedup: 1.214 / Efficiency: 40% / LogL: -28613
Determining AUTO threadcount: done in 20.2075 secs using 190.2% CPU
BEST NUMBER OF THREADS: 2

246  TPM3+I+G4     14357.789    301 29317.579    29892.908    30649.952
Measuring multi-threading efficiency up to 8 CPU cores
Increase to 10 rounds for branch lengths
72 trees examined
Threads: 1 / Time: 8.038 sec / Speedup: 1.000 / Efficiency: 100% / LogL: -28503
Threads: 2 / Time: 5.387 sec / Speedup: 1.492 / Efficiency: 75% / LogL: -28503
Threads: 3 / Time: 7.273 sec / Speedup: 1.105 / Efficiency: 37% / LogL: -28503
Determining AUTO threadcount: done in 20.6973 secs using 193.3% CPU
BEST NUMBER OF THREADS: 2

248  TPM3+R3       14356.222    303 29318.445    29905.145    30659.671
Measuring multi-threading efficiency up to 8 CPU cores
Increase to 10 rounds for branch lengths
71 trees examined
Threads: 1 / Time: 8.046 sec / Speedup: 1.000 / Efficiency: 100% / LogL: -28161
Threads: 2 / Time: 5.375 sec / Speedup: 1.497 / Efficiency: 75% / LogL: -28161
Threads: 3 / Time: 7.286 sec / Speedup: 1.104 / Efficiency: 37% / LogL: -28161
Determining AUTO threadcount: done in 20.7077 secs using 193% CPU
BEST NUMBER OF THREADS: 2

257  TPM3+I+I+R3   14352.735    304 29313.470    29905.930    30659.123
Measuring multi-threading efficiency up to 8 CPU cores
Increase to 10 rounds for branch lengths
63 trees examined
Threads: 1 / Time: 8.119 sec / Speedup: 1.000 / Efficiency: 100% / LogL: -28546
Threads: 2 / Time: 5.416 sec / Speedup: 1.499 / Efficiency: 75% / LogL: -28546
Threads: 3 / Time: 6.713 sec / Speedup: 1.209 / Efficiency: 40% / LogL: -28546
Determining AUTO threadcount: done in 20.2478 secs using 190.4% CPU
BEST NUMBER OF THREADS: 2

267  TPM2u+F+G4    14344.137    303 29294.274    29880.975    30635.500
Measuring multi-threading efficiency up to 8 CPU cores
Increase to 10 rounds for branch lengths
63 trees examined
Threads: 1 / Time: 8.081 sec / Speedup: 1.000 / Efficiency: 100% / LogL: -28525
Threads: 2 / Time: 5.340 sec / Speedup: 1.513 / Efficiency: 76% / LogL: -28525
Threads: 3 / Time: 6.727 sec / Speedup: 1.201 / Efficiency: 40% / LogL: -28525
Determining AUTO threadcount: done in 20.1482 secs using 190.6% CPU
BEST NUMBER OF THREADS: 2

268  TPM2u+F+I+G4  14337.385    304 29282.770    29875.230    30628.423
Measuring multi-threading efficiency up to 8 CPU cores
Increase to 10 rounds for branch lengths
72 trees examined
Threads: 1 / Time: 8.084 sec / Speedup: 1.000 / Efficiency: 100% / LogL: -28388
Threads: 2 / Time: 5.417 sec / Speedup: 1.492 / Efficiency: 75% / LogL: -28388
Threads: 3 / Time: 7.323 sec / Speedup: 1.104 / Efficiency: 37% / LogL: -28388
Determining AUTO threadcount: done in 20.8241 secs using 193.4% CPU
BEST NUMBER OF THREADS: 2

270  TPM2u+F+R3    14333.156    306 29278.312    29882.441    30632.818
Measuring multi-threading efficiency up to 8 CPU cores
Increase to 10 rounds for branch lengths
71 trees examined
Threads: 1 / Time: 8.000 sec / Speedup: 1.000 / Efficiency: 100% / LogL: -28335
Threads: 2 / Time: 5.357 sec / Speedup: 1.493 / Efficiency: 75% / LogL: -28335
Threads: 3 / Time: 7.203 sec / Speedup: 1.111 / Efficiency: 37% / LogL: -28335
Determining AUTO threadcount: done in 20.5604 secs using 193% CPU
BEST NUMBER OF THREADS: 2

279  TPM2u+F+I+I+R3 14329.169    307 29272.337    29882.376    30631.269
Measuring multi-threading efficiency up to 8 CPU cores
Increase to 10 rounds for branch lengths
63 trees examined
Threads: 1 / Time: 8.058 sec / Speedup: 1.000 / Efficiency: 100% / LogL: -28556
Threads: 2 / Time: 5.363 sec / Speedup: 1.503 / Efficiency: 75% / LogL: -28556
Threads: 3 / Time: 6.648 sec / Speedup: 1.212 / Efficiency: 40% / LogL: -28556
Determining AUTO threadcount: done in 20.069 secs using 190.3% CPU
BEST NUMBER OF THREADS: 2

289  TPM2+G4       14363.588    300 29327.176    29896.892    30655.122
Measuring multi-threading efficiency up to 8 CPU cores
Increase to 10 rounds for branch lengths
63 trees examined
Threads: 1 / Time: 8.037 sec / Speedup: 1.000 / Efficiency: 100% / LogL: -28509
Threads: 2 / Time: 5.338 sec / Speedup: 1.506 / Efficiency: 75% / LogL: -28509
Threads: 3 / Time: 6.623 sec / Speedup: 1.214 / Efficiency: 40% / LogL: -28509
Determining AUTO threadcount: done in 19.9985 secs using 190.4% CPU
BEST NUMBER OF THREADS: 2

290  TPM2+I+G4     14357.724    301 29317.449    29892.778    30649.822
Measuring multi-threading efficiency up to 8 CPU cores
Increase to 10 rounds for branch lengths
72 trees examined
Threads: 1 / Time: 8.061 sec / Speedup: 1.000 / Efficiency: 100% / LogL: -28312
Threads: 2 / Time: 5.401 sec / Speedup: 1.493 / Efficiency: 75% / LogL: -28312
Threads: 3 / Time: 7.257 sec / Speedup: 1.111 / Efficiency: 37% / LogL: -28312
Determining AUTO threadcount: done in 20.7189 secs using 192.9% CPU
BEST NUMBER OF THREADS: 2

292  TPM2+R3       14355.947    303 29317.894    29904.595    30659.120
Measuring multi-threading efficiency up to 8 CPU cores
Increase to 10 rounds for branch lengths
71 trees examined
Threads: 1 / Time: 8.003 sec / Speedup: 1.000 / Efficiency: 100% / LogL: -28128
Threads: 2 / Time: 5.567 sec / Speedup: 1.438 / Efficiency: 72% / LogL: -28128
Threads: 3 / Time: 6.889 sec / Speedup: 1.162 / Efficiency: 39% / LogL: -28128
Determining AUTO threadcount: done in 20.4581 secs using 191.5% CPU
BEST NUMBER OF THREADS: 2

301  TPM2+I+I+R3   14352.701    304 29313.403    29905.863    30659.055
Measuring multi-threading efficiency up to 8 CPU cores
Increase to 10 rounds for branch lengths
61 trees examined
Threads: 1 / Time: 8.020 sec / Speedup: 1.000 / Efficiency: 100% / LogL: -28624
Threads: 2 / Time: 5.372 sec / Speedup: 1.493 / Efficiency: 75% / LogL: -28624
Threads: 3 / Time: 6.493 sec / Speedup: 1.235 / Efficiency: 41% / LogL: -28624
Determining AUTO threadcount: done in 19.8854 secs using 189.7% CPU
BEST NUMBER OF THREADS: 2

311  K3Pu+F+G4     14347.592    303 29301.184    29887.885    30642.410
Measuring multi-threading efficiency up to 8 CPU cores
Increase to 10 rounds for branch lengths
63 trees examined
Threads: 1 / Time: 8.075 sec / Speedup: 1.000 / Efficiency: 100% / LogL: -28501
Threads: 2 / Time: 5.374 sec / Speedup: 1.503 / Efficiency: 75% / LogL: -28501
Threads: 3 / Time: 6.857 sec / Speedup: 1.178 / Efficiency: 39% / LogL: -28501
Determining AUTO threadcount: done in 20.3054 secs using 191.3% CPU
BEST NUMBER OF THREADS: 2

312  K3Pu+F+I+G4   14340.755    304 29289.511    29881.971    30635.163
Measuring multi-threading efficiency up to 8 CPU cores
Increase to 10 rounds for branch lengths
72 trees examined
Threads: 1 / Time: 8.064 sec / Speedup: 1.000 / Efficiency: 100% / LogL: -28429
Threads: 2 / Time: 5.415 sec / Speedup: 1.489 / Efficiency: 74% / LogL: -28429
Threads: 3 / Time: 7.302 sec / Speedup: 1.104 / Efficiency: 37% / LogL: -28429
Determining AUTO threadcount: done in 20.7817 secs using 193.3% CPU
BEST NUMBER OF THREADS: 2

314  K3Pu+F+R3     14337.610    306 29287.221    29891.350    30641.726
Measuring multi-threading efficiency up to 8 CPU cores
Increase to 10 rounds for branch lengths
71 trees examined
Threads: 1 / Time: 8.045 sec / Speedup: 1.000 / Efficiency: 100% / LogL: -28167
Threads: 2 / Time: 5.362 sec / Speedup: 1.500 / Efficiency: 75% / LogL: -28167
Threads: 3 / Time: 6.749 sec / Speedup: 1.192 / Efficiency: 40% / LogL: -28167
Determining AUTO threadcount: done in 20.1558 secs using 190.3% CPU
BEST NUMBER OF THREADS: 2

323  K3Pu+F+I+I+R3 14333.558    307 29281.115    29891.154    30640.047
Measuring multi-threading efficiency up to 8 CPU cores
Increase to 10 rounds for branch lengths
61 trees examined
Threads: 1 / Time: 8.013 sec / Speedup: 1.000 / Efficiency: 100% / LogL: -28581
Threads: 2 / Time: 5.325 sec / Speedup: 1.505 / Efficiency: 75% / LogL: -28581
Threads: 3 / Time: 6.443 sec / Speedup: 1.244 / Efficiency: 41% / LogL: -28581
Determining AUTO threadcount: done in 19.7813 secs using 189.4% CPU
BEST NUMBER OF THREADS: 2

333  K3P+G4        14360.183    300 29320.366    29890.082    30648.313
Measuring multi-threading efficiency up to 8 CPU cores
Increase to 10 rounds for branch lengths
63 trees examined
Threads: 1 / Time: 8.025 sec / Speedup: 1.000 / Efficiency: 100% / LogL: -28374
Threads: 2 / Time: 5.983 sec / Speedup: 1.341 / Efficiency: 67% / LogL: -28374
Threads: 3 / Time: 6.460 sec / Speedup: 1.242 / Efficiency: 41% / LogL: -28374
Determining AUTO threadcount: done in 20.4682 secs using 189.8% CPU
BEST NUMBER OF THREADS: 2

334  K3P+I+G4      14354.229    301 29310.458    29885.788    30642.831
Measuring multi-threading efficiency up to 8 CPU cores
Increase to 10 rounds for branch lengths
74 trees examined
Threads: 1 / Time: 8.075 sec / Speedup: 1.000 / Efficiency: 100% / LogL: -28124
Threads: 2 / Time: 7.884 sec / Speedup: 1.024 / Efficiency: 51% / LogL: -28124
Threads: 3 / Time: 6.725 sec / Speedup: 1.201 / Efficiency: 40% / LogL: -28124
Determining AUTO threadcount: done in 22.6852 secs using 190.9% CPU
BEST NUMBER OF THREADS: 1

336  K3P+R3        14352.440    303 29310.881    29897.581    30652.107
Measuring multi-threading efficiency up to 8 CPU cores
Increase to 10 rounds for branch lengths
73 trees examined
Threads: 1 / Time: 8.097 sec / Speedup: 1.000 / Efficiency: 100% / LogL: -27854
Threads: 2 / Time: 7.814 sec / Speedup: 1.036 / Efficiency: 52% / LogL: -27854
Threads: 3 / Time: 6.698 sec / Speedup: 1.209 / Efficiency: 40% / LogL: -27854
Determining AUTO threadcount: done in 22.6099 secs using 190.6% CPU
BEST NUMBER OF THREADS: 1

345  K3P+I+I+R3    14349.222    304 29306.444    29898.904    30652.096
Measuring multi-threading efficiency up to 8 CPU cores
Increase to 10 rounds for branch lengths
62 trees examined
Threads: 1 / Time: 8.024 sec / Speedup: 1.000 / Efficiency: 100% / LogL: -28443
Threads: 2 / Time: 7.648 sec / Speedup: 1.049 / Efficiency: 52% / LogL: -28443
Threads: 3 / Time: 6.367 sec / Speedup: 1.260 / Efficiency: 42% / LogL: -28443
Determining AUTO threadcount: done in 22.0386 secs using 189.9% CPU
BEST NUMBER OF THREADS: 1

355  TN+F+G4       14351.016    303 29308.032    29894.733    30649.258
Measuring multi-threading efficiency up to 8 CPU cores
Increase to 10 rounds for branch lengths
64 trees examined
Threads: 1 / Time: 8.036 sec / Speedup: 1.000 / Efficiency: 100% / LogL: -28664
Threads: 2 / Time: 7.693 sec / Speedup: 1.045 / Efficiency: 52% / LogL: -28664
Threads: 3 / Time: 6.409 sec / Speedup: 1.254 / Efficiency: 42% / LogL: -28664
Determining AUTO threadcount: done in 22.1378 secs using 190.2% CPU
BEST NUMBER OF THREADS: 1

356  TN+F+I+G4     14344.293    304 29296.587    29889.047    30642.239
Measuring multi-threading efficiency up to 8 CPU cores
Increase to 10 rounds for branch lengths
73 trees examined
Threads: 1 / Time: 8.083 sec / Speedup: 1.000 / Efficiency: 100% / LogL: -28384
Threads: 2 / Time: 7.847 sec / Speedup: 1.030 / Efficiency: 52% / LogL: -28384
Threads: 3 / Time: 6.700 sec / Speedup: 1.206 / Efficiency: 40% / LogL: -28384
Determining AUTO threadcount: done in 22.6305 secs using 191% CPU
BEST NUMBER OF THREADS: 1

358  TN+F+R3       14339.941    306 29291.883    29896.011    30646.388
Measuring multi-threading efficiency up to 8 CPU cores
Increase to 10 rounds for branch lengths
73 trees examined
Threads: 1 / Time: 8.082 sec / Speedup: 1.000 / Efficiency: 100% / LogL: -28012
Threads: 2 / Time: 5.387 sec / Speedup: 1.500 / Efficiency: 75% / LogL: -28012
Threads: 3 / Time: 6.956 sec / Speedup: 1.162 / Efficiency: 39% / LogL: -28012
Determining AUTO threadcount: done in 20.4246 secs using 191.4% CPU
BEST NUMBER OF THREADS: 2

367  TN+F+I+I+R3   14336.109    307 29286.218    29896.256    30645.149
Measuring multi-threading efficiency up to 8 CPU cores
Increase to 10 rounds for branch lengths
64 trees examined
Threads: 1 / Time: 8.029 sec / Speedup: 1.000 / Efficiency: 100% / LogL: -28706
Threads: 2 / Time: 5.362 sec / Speedup: 1.498 / Efficiency: 75% / LogL: -28706
Threads: 3 / Time: 6.578 sec / Speedup: 1.221 / Efficiency: 41% / LogL: -28706
Determining AUTO threadcount: done in 19.9695 secs using 190% CPU
BEST NUMBER OF THREADS: 2

377  TNe+G4        14363.350    300 29326.700    29896.417    30654.647
Measuring multi-threading efficiency up to 8 CPU cores
Increase to 10 rounds for branch lengths
65 trees examined
Threads: 1 / Time: 8.093 sec / Speedup: 1.000 / Efficiency: 100% / LogL: -28426
Threads: 2 / Time: 5.408 sec / Speedup: 1.496 / Efficiency: 75% / LogL: -28426
Threads: 3 / Time: 6.724 sec / Speedup: 1.204 / Efficiency: 40% / LogL: -28426
Determining AUTO threadcount: done in 20.2247 secs using 190.4% CPU
BEST NUMBER OF THREADS: 2

378  TNe+I+G4      14357.358    301 29316.717    29892.046    30649.090
Measuring multi-threading efficiency up to 8 CPU cores
Increase to 10 rounds for branch lengths
74 trees examined
Threads: 1 / Time: 8.096 sec / Speedup: 1.000 / Efficiency: 100% / LogL: -28321
Threads: 2 / Time: 5.430 sec / Speedup: 1.491 / Efficiency: 75% / LogL: -28321
Threads: 3 / Time: 7.078 sec / Speedup: 1.144 / Efficiency: 38% / LogL: -28321
Determining AUTO threadcount: done in 20.6039 secs using 191.9% CPU
BEST NUMBER OF THREADS: 2

380  TNe+R3        14355.143    303 29316.286    29902.986    30657.512
Measuring multi-threading efficiency up to 8 CPU cores
Increase to 10 rounds for branch lengths
73 trees examined
Threads: 1 / Time: 8.061 sec / Speedup: 1.000 / Efficiency: 100% / LogL: -28320
Threads: 2 / Time: 5.408 sec / Speedup: 1.491 / Efficiency: 75% / LogL: -28320
Threads: 3 / Time: 6.884 sec / Speedup: 1.171 / Efficiency: 39% / LogL: -28320
Determining AUTO threadcount: done in 20.354 secs using 191.1% CPU
BEST NUMBER OF THREADS: 2

389  TNe+I+I+R3    14351.686    304 29311.372    29903.832    30657.024
Measuring multi-threading efficiency up to 8 CPU cores
Increase to 10 rounds for branch lengths
63 trees examined
Threads: 1 / Time: 8.042 sec / Speedup: 1.000 / Efficiency: 100% / LogL: -28618
Threads: 2 / Time: 6.108 sec / Speedup: 1.317 / Efficiency: 66% / LogL: -28618
Threads: 3 / Time: 6.548 sec / Speedup: 1.228 / Efficiency: 41% / LogL: -28618
Determining AUTO threadcount: done in 20.6993 secs using 190% CPU
BEST NUMBER OF THREADS: 2

399  HKY+F+G4      14352.074    302 29308.147    29889.138    30644.947
Measuring multi-threading efficiency up to 8 CPU cores
Increase to 10 rounds for branch lengths
64 trees examined
Threads: 1 / Time: 8.011 sec / Speedup: 1.000 / Efficiency: 100% / LogL: -28208
Threads: 2 / Time: 7.724 sec / Speedup: 1.037 / Efficiency: 52% / LogL: -28208
Threads: 3 / Time: 6.584 sec / Speedup: 1.217 / Efficiency: 41% / LogL: -28208
Determining AUTO threadcount: done in 22.3192 secs using 190.9% CPU
BEST NUMBER OF THREADS: 1

400  HKY+F+I+G4    14345.374    303 29296.748    29883.449    30637.974
Measuring multi-threading efficiency up to 8 CPU cores
Increase to 10 rounds for branch lengths
73 trees examined
Threads: 1 / Time: 8.021 sec / Speedup: 1.000 / Efficiency: 100% / LogL: -27882
Threads: 2 / Time: 7.811 sec / Speedup: 1.027 / Efficiency: 51% / LogL: -27882
Threads: 3 / Time: 7.066 sec / Speedup: 1.135 / Efficiency: 38% / LogL: -27882
Determining AUTO threadcount: done in 22.8978 secs using 192.5% CPU
BEST NUMBER OF THREADS: 1

402  HKY+F+R3      14341.963    305 29293.926    29892.195    30644.005
Measuring multi-threading efficiency up to 8 CPU cores
Increase to 10 rounds for branch lengths
73 trees examined
Threads: 1 / Time: 8.081 sec / Speedup: 1.000 / Efficiency: 100% / LogL: -28004
Threads: 2 / Time: 7.921 sec / Speedup: 1.020 / Efficiency: 51% / LogL: -28004
Threads: 3 / Time: 7.120 sec / Speedup: 1.135 / Efficiency: 38% / LogL: -28004
Determining AUTO threadcount: done in 23.1225 secs using 192.5% CPU
BEST NUMBER OF THREADS: 1

411  HKY+F+I+I+R3  14337.954    306 29287.909    29892.037    30642.414
Measuring multi-threading efficiency up to 8 CPU cores
Increase to 10 rounds for branch lengths
63 trees examined
Threads: 1 / Time: 8.113 sec / Speedup: 1.000 / Efficiency: 100% / LogL: -28594
Threads: 2 / Time: 7.738 sec / Speedup: 1.048 / Efficiency: 52% / LogL: -28594
Threads: 3 / Time: 6.683 sec / Speedup: 1.214 / Efficiency: 40% / LogL: -28594
Determining AUTO threadcount: done in 22.5348 secs using 191.1% CPU
BEST NUMBER OF THREADS: 1

421  K2P+G4        14364.705    299 29327.410    29891.561    30650.930
Measuring multi-threading efficiency up to 8 CPU cores
Increase to 10 rounds for branch lengths
64 trees examined
Threads: 1 / Time: 8.106 sec / Speedup: 1.000 / Efficiency: 100% / LogL: -28498
Threads: 2 / Time: 7.714 sec / Speedup: 1.051 / Efficiency: 53% / LogL: -28498
Threads: 3 / Time: 6.615 sec / Speedup: 1.225 / Efficiency: 41% / LogL: -28498
Determining AUTO threadcount: done in 22.4346 secs using 190.8% CPU
BEST NUMBER OF THREADS: 1

422  K2P+I+G4      14358.750    300 29317.499    29887.215    30645.446
Measuring multi-threading efficiency up to 8 CPU cores
Increase to 10 rounds for branch lengths
72 trees examined
Threads: 1 / Time: 8.058 sec / Speedup: 1.000 / Efficiency: 100% / LogL: -27657
Threads: 2 / Time: 7.742 sec / Speedup: 1.041 / Efficiency: 52% / LogL: -27657
Threads: 3 / Time: 7.010 sec / Speedup: 1.149 / Efficiency: 38% / LogL: -27657
Determining AUTO threadcount: done in 22.8097 secs using 192.2% CPU
BEST NUMBER OF THREADS: 1

424  K2P+R3        14356.860    302 29317.720    29898.711    30654.520
Measuring multi-threading efficiency up to 8 CPU cores
Increase to 10 rounds for branch lengths
69 trees examined
Threads: 1 / Time: 8.035 sec / Speedup: 1.000 / Efficiency: 100% / LogL: -28280
Threads: 2 / Time: 7.593 sec / Speedup: 1.058 / Efficiency: 53% / LogL: -28280
Threads: 3 / Time: 6.637 sec / Speedup: 1.211 / Efficiency: 40% / LogL: -28280
Determining AUTO threadcount: done in 22.2657 secs using 190.5% CPU
BEST NUMBER OF THREADS: 2

433  K2P+I+I+R3    14353.511    303 29313.022    29899.723    30654.248
Measuring multi-threading efficiency up to 8 CPU cores
Increase to 10 rounds for branch lengths
62 trees examined
Threads: 1 / Time: 8.085 sec / Speedup: 1.000 / Efficiency: 100% / LogL: -30802
Threads: 2 / Time: 7.788 sec / Speedup: 1.038 / Efficiency: 52% / LogL: -30802
Threads: 3 / Time: 6.542 sec / Speedup: 1.236 / Efficiency: 41% / LogL: -30802
Determining AUTO threadcount: done in 22.4154 secs using 190.5% CPU
BEST NUMBER OF THREADS: 1

443  F81+F+G4      15085.564    301 30773.128    31348.457    32105.501
Measuring multi-threading efficiency up to 8 CPU cores
Increase to 10 rounds for branch lengths
64 trees examined
Threads: 1 / Time: 8.104 sec / Speedup: 1.000 / Efficiency: 100% / LogL: -30758
Threads: 2 / Time: 7.803 sec / Speedup: 1.039 / Efficiency: 52% / LogL: -30758
Threads: 3 / Time: 6.559 sec / Speedup: 1.236 / Efficiency: 41% / LogL: -30758
Determining AUTO threadcount: done in 22.4657 secs using 190.4% CPU
BEST NUMBER OF THREADS: 1

444  F81+F+I+G4    15078.994    302 30761.988    31342.978    32098.787
Measuring multi-threading efficiency up to 8 CPU cores
Increase to 10 rounds for branch lengths
71 trees examined
Threads: 1 / Time: 8.039 sec / Speedup: 1.000 / Efficiency: 100% / LogL: -30350
Threads: 2 / Time: 8.213 sec / Speedup: 0.979 / Efficiency: 49% / LogL: -30350
Determining AUTO threadcount: done in 16.2526 secs using 148% CPU
BEST NUMBER OF THREADS: 1

446  F81+F+R3      15076.545    304 30761.090    31353.550    32106.743
Measuring multi-threading efficiency up to 8 CPU cores
Increase to 10 rounds for branch lengths
71 trees examined
Threads: 1 / Time: 8.041 sec / Speedup: 1.000 / Efficiency: 100% / LogL: -30266
Threads: 2 / Time: 8.157 sec / Speedup: 0.986 / Efficiency: 49% / LogL: -30266
Determining AUTO threadcount: done in 16.1973 secs using 147.6% CPU
BEST NUMBER OF THREADS: 1

455  F81+F+I+I+R3  15073.157    305 30756.313    31354.583    32106.392
Measuring multi-threading efficiency up to 8 CPU cores
Increase to 10 rounds for branch lengths
63 trees examined
Threads: 1 / Time: 8.064 sec / Speedup: 1.000 / Efficiency: 100% / LogL: -30235
Threads: 2 / Time: 8.030 sec / Speedup: 1.004 / Efficiency: 50% / LogL: -30235
Threads: 3 / Time: 6.675 sec / Speedup: 1.208 / Efficiency: 40% / LogL: -30235
Determining AUTO threadcount: done in 22.7695 secs using 191.4% CPU
BEST NUMBER OF THREADS: 1

465  JC+G4         15066.535    298 30729.069    31287.702    32048.163
Measuring multi-threading efficiency up to 8 CPU cores
Increase to 10 rounds for branch lengths
64 trees examined
Threads: 1 / Time: 8.002 sec / Speedup: 1.000 / Efficiency: 100% / LogL: -30667
Threads: 2 / Time: 8.009 sec / Speedup: 0.999 / Efficiency: 50% / LogL: -30667
Determining AUTO threadcount: done in 16.0112 secs using 148% CPU
BEST NUMBER OF THREADS: 1

466  JC+I+G4       15060.357    299 30718.714    31282.865    32042.234
Measuring multi-threading efficiency up to 8 CPU cores
Increase to 10 rounds for branch lengths
72 trees examined
Threads: 1 / Time: 8.032 sec / Speedup: 1.000 / Efficiency: 100% / LogL: -30204
Threads: 2 / Time: 8.307 sec / Speedup: 0.967 / Efficiency: 48% / LogL: -30204
Determining AUTO threadcount: done in 16.3386 secs using 148.5% CPU
BEST NUMBER OF THREADS: 1

468  JC+R3         15058.197    301 30718.394    31293.723    32050.767
Measuring multi-threading efficiency up to 8 CPU cores
Increase to 10 rounds for branch lengths
71 trees examined
Threads: 1 / Time: 8.009 sec / Speedup: 1.000 / Efficiency: 100% / LogL: -30424
Threads: 2 / Time: 8.179 sec / Speedup: 0.979 / Efficiency: 49% / LogL: -30424
Determining AUTO threadcount: done in 16.1879 secs using 148.3% CPU
BEST NUMBER OF THREADS: 1

477  JC+I+I+R3     15055.097    302 30714.193    31295.184    32050.993
Akaike Information Criterion:           GTR+F+I+I+R3
Corrected Akaike Information Criterion: TPM2u+F+I+G4
Bayesian Information Criterion:         TPM2u+F+I+G4
Best-fit model: TPM2u+F+I+G4 chosen according to BIC

All model information printed to /home/aglucaci/AOC-REV3L/results/mammalian_REV3L/mammalian_REV3L.4.codon.fas.model.gz
CPU time for ModelFinder: 3790.194 seconds (1h:3m:10s)
Wall-clock time for ModelFinder: 1999.528 seconds (0h:33m:19s)

NOTE: 10 MB RAM (0 GB) is required!
Measuring multi-threading efficiency up to 8 CPU cores
Increase to 10 rounds for branch lengths
57 trees examined
Threads: 1 / Time: 8.020 sec / Speedup: 1.000 / Efficiency: 100% / LogL: -30243
Threads: 2 / Time: 8.029 sec / Speedup: 0.999 / Efficiency: 50% / LogL: -30243
Determining AUTO threadcount: done in 16.0493 secs using 147.9% CPU
BEST NUMBER OF THREADS: 1

Estimate model parameters (epsilon = 0.100)
Thoroughly optimizing +I+G parameters from 10 start values...
Init pinv, alpha: 0.000, 2.654 / Estimate: 0.000, 2.053 / LogL: -14344.135
Init pinv, alpha: 0.020, 2.654 / Estimate: 0.039, 2.600 / LogL: -14337.424
Init pinv, alpha: 0.039, 2.654 / Estimate: 0.040, 2.624 / LogL: -14337.394
Init pinv, alpha: 0.059, 2.654 / Estimate: 0.045, 2.683 / LogL: -14337.407
Init pinv, alpha: 0.078, 2.654 / Estimate: 0.044, 2.680 / LogL: -14337.405
Init pinv, alpha: 0.098, 2.654 / Estimate: 0.045, 2.688 / LogL: -14337.415
Init pinv, alpha: 0.118, 2.654 / Estimate: 0.045, 2.694 / LogL: -14337.425
Init pinv, alpha: 0.137, 2.654 / Estimate: 0.044, 2.676 / LogL: -14337.402
Init pinv, alpha: 0.157, 2.654 / Estimate: 0.044, 2.679 / LogL: -14337.405
Init pinv, alpha: 0.176, 2.654 / Estimate: 0.044, 2.680 / LogL: -14337.407
Optimal pinv,alpha: 0.040, 2.624 / LogL: -14337.394

Parameters optimization took 2.532 sec
Wrote distance file to... 
Computing ML distances based on estimated model parameters...
Calculating distance matrix: done in 0.0693499 secs using 99.99% CPU
Computing ML distances took 0.069644 sec (of wall-clock time) 0.069637 sec (of CPU time)
Setting up auxiliary I and S matrices: done in 0.00100315 secs using 157.5% CPU
Constructing RapidNJ tree: done in 0.0017163 secs using 141.7% CPU
Computing RapidNJ tree took 0.002766 sec (of wall-clock time) 0.004096 sec (of CPU time)
Log-likelihood of RapidNJ tree: -14381.663
--------------------------------------------------------------------
|             INITIALIZING CANDIDATE TREE SET                      |
--------------------------------------------------------------------
Generating 98 parsimony trees... 1.660 second
Computing log-likelihood of 98 initial trees ... 1.696 seconds
Current best score: -14337.394

Do NNI search on 20 best initial trees
Optimizing NNI: done in 0.0890742 secs using 96.63% CPU
Estimate model parameters (epsilon = 0.100)
BETTER TREE FOUND at iteration 1: -14337.231
Optimizing NNI: done in 0.303769 secs using 97.37% CPU
BETTER TREE FOUND at iteration 2: -14337.230
Optimizing NNI: done in 0.261171 secs using 98.09% CPU
Optimizing NNI: done in 0.264541 secs using 99.62% CPU
BETTER TREE FOUND at iteration 4: -14337.228
Optimizing NNI: done in 0.272301 secs using 99.27% CPU
Optimizing NNI: done in 0.273282 secs using 98.17% CPU
Optimizing NNI: done in 0.273642 secs using 98.17% CPU
Optimizing NNI: done in 0.266121 secs using 98.49% CPU
Optimizing NNI: done in 0.266574 secs using 99.62% CPU
Optimizing NNI: done in 0.260628 secs using 99.61% CPU
Iteration 10 / LogL: -14337.283 / Time: 0h:0m:24s
Optimizing NNI: done in 0.271643 secs using 99.26% CPU
Optimizing NNI: done in 0.259405 secs using 98.46% CPU
Optimizing NNI: done in 0.264329 secs using 99.24% CPU
BETTER TREE FOUND at iteration 13: -14337.228
Optimizing NNI: done in 0.270573 secs using 98.52% CPU
Optimizing NNI: done in 0.253468 secs using 98.42% CPU
Optimizing NNI: done in 0.275915 secs using 98.55% CPU
Optimizing NNI: done in 0.261786 secs using 97.32% CPU
Optimizing NNI: done in 0.268795 secs using 99.25% CPU
Optimizing NNI: done in 0.267517 secs using 99.25% CPU
Optimizing NNI: done in 0.237692 secs using 98.32% CPU
Iteration 20 / LogL: -14346.156 / Time: 0h:0m:27s
Finish initializing candidate tree set (20)
Current best tree score: -14337.228 / CPU time: 8.648
Number of iterations: 20
--------------------------------------------------------------------
|               OPTIMIZING CANDIDATE TREE SET                      |
--------------------------------------------------------------------
Optimizing NNI: done in 0.395096 secs using 98.23% CPU
Optimizing NNI: done in 0.40663 secs using 99.75% CPU
Optimizing NNI: done in 0.386486 secs using 99.74% CPU
Optimizing NNI: done in 0.444452 secs using 98.65% CPU
Optimizing NNI: done in 0.45899 secs using 98.47% CPU
Optimizing NNI: done in 0.453122 secs using 98.9% CPU
Estimate model parameters (epsilon = 0.100)
BETTER TREE FOUND at iteration 26: -14336.540
Optimizing NNI: done in 0.372551 secs using 99.19% CPU
Optimizing NNI: done in 0.422129 secs using 99.05% CPU
Estimate model parameters (epsilon = 0.100)
BETTER TREE FOUND at iteration 28: -14336.488
Optimizing NNI: done in 0.45851 secs using 98.25% CPU
Optimizing NNI: done in 0.370466 secs using 99.46% CPU
Iteration 30 / LogL: -14336.570 / Time: 0h:0m:31s (0h:1m:47s left)
Optimizing NNI: done in 0.412667 secs using 98.79% CPU
Optimizing NNI: done in 0.427928 secs using 99.3% CPU
Optimizing NNI: done in 0.388626 secs using 99.48% CPU
Optimizing NNI: done in 0.437726 secs using 98.86% CPU
Optimizing NNI: done in 0.43476 secs using 98.85% CPU
Optimizing NNI: done in 0.428513 secs using 99.53% CPU
Estimate model parameters (epsilon = 0.100)
BETTER TREE FOUND at iteration 36: -14336.427
Optimizing NNI: done in 0.374136 secs using 99.2% CPU
BETTER TREE FOUND at iteration 37: -14336.427
Optimizing NNI: done in 0.371751 secs using 98.65% CPU
Optimizing NNI: done in 0.421362 secs using 99.29% CPU
Optimizing NNI: done in 0.489262 secs using 98.16% CPU
Iteration 40 / LogL: -14349.972 / Time: 0h:0m:36s (0h:1m:29s left)
Optimizing NNI: done in 0.422507 secs using 99.05% CPU
Optimizing NNI: done in 0.324335 secs using 98.76% CPU
Optimizing NNI: done in 0.385144 secs using 99.48% CPU
Optimizing NNI: done in 0.367837 secs using 99.18% CPU
Optimizing NNI: done in 0.513173 secs using 99.22% CPU
Optimizing NNI: done in 0.449254 secs using 98.89% CPU
Optimizing NNI: done in 0.360159 secs using 98.05% CPU
Optimizing NNI: done in 0.441055 secs using 99.54% CPU
Optimizing NNI: done in 0.389823 secs using 98.2% CPU
Optimizing NNI: done in 0.471071 secs using 98.72% CPU
Iteration 50 / LogL: -14350.070 / Time: 0h:0m:40s (0h:1m:11s left)
Optimizing NNI: done in 0.442964 secs using 98.87% CPU
Optimizing NNI: done in 0.392046 secs using 98.98% CPU
Optimizing NNI: done in 0.402888 secs using 99.5% CPU
Optimizing NNI: done in 0.412313 secs using 99.51% CPU
Optimizing NNI: done in 0.50173 secs using 98.8% CPU
Optimizing NNI: done in 0.472895 secs using 98.52% CPU
Optimizing NNI: done in 0.349783 secs using 99.43% CPU
Optimizing NNI: done in 0.428467 secs using 99.3% CPU
Optimizing NNI: done in 0.417445 secs using 99.28% CPU
Optimizing NNI: done in 0.441474 secs using 98.87% CPU
Iteration 60 / LogL: -14336.589 / Time: 0h:0m:44s (0h:0m:58s left)
Optimizing NNI: done in 0.411044 secs using 99.51% CPU
Optimizing NNI: done in 0.344648 secs using 99.13% CPU
Optimizing NNI: done in 0.468114 secs using 98.93% CPU
Optimizing NNI: done in 0.46959 secs using 99.79% CPU
Optimizing NNI: done in 0.415934 secs using 99.28% CPU
Optimizing NNI: done in 0.4144 secs using 99.03% CPU
Optimizing NNI: done in 0.416839 secs using 99.52% CPU
Optimizing NNI: done in 0.391168 secs using 98.21% CPU
Optimizing NNI: done in 0.46214 secs using 99.57% CPU
Optimizing NNI: done in 0.440424 secs using 98.86% CPU
Iteration 70 / LogL: -14338.864 / Time: 0h:0m:48s (0h:0m:47s left)
Optimizing NNI: done in 0.474368 secs using 98.52% CPU
Optimizing NNI: done in 0.446173 secs using 98.65% CPU
Optimizing NNI: done in 0.399133 secs using 98.75% CPU
Optimizing NNI: done in 0.387765 secs using 99.48% CPU
BETTER TREE FOUND at iteration 74: -14336.426
Optimizing NNI: done in 0.46546 secs using 99.14% CPU
Optimizing NNI: done in 0.432336 secs using 98.84% CPU
Optimizing NNI: done in 0.480118 secs using 98.33% CPU
Optimizing NNI: done in 0.407857 secs using 99.02% CPU
Optimizing NNI: done in 0.414577 secs using 98.55% CPU
Optimizing NNI: done in 0.395232 secs using 97.97% CPU
Iteration 80 / LogL: -14341.157 / Time: 0h:0m:53s (0h:1m:3s left)
Optimizing NNI: done in 0.384868 secs using 98.96% CPU
Optimizing NNI: done in 0.402225 secs using 99.75% CPU
Optimizing NNI: done in 0.490452 secs using 98.37% CPU
Optimizing NNI: done in 0.370222 secs using 99.19% CPU
Optimizing NNI: done in 0.483971 secs using 98.55% CPU
Optimizing NNI: done in 0.404492 secs using 98.27% CPU
Optimizing NNI: done in 0.486134 secs using 98.56% CPU
Optimizing NNI: done in 0.41857 secs using 98.09% CPU
Optimizing NNI: done in 0.40625 secs using 98.52% CPU
Optimizing NNI: done in 0.402796 secs using 98.51% CPU
Iteration 90 / LogL: -14336.510 / Time: 0h:0m:57s (0h:0m:54s left)
Optimizing NNI: done in 0.423922 secs using 97.4% CPU
Optimizing NNI: done in 0.393018 secs using 98.73% CPU
Optimizing NNI: done in 0.462027 secs using 98.91% CPU
Optimizing NNI: done in 0.379967 secs using 98.95% CPU
Optimizing NNI: done in 0.391802 secs using 99.49% CPU
Optimizing NNI: done in 0.40229 secs using 98.51% CPU
Optimizing NNI: done in 0.328449 secs using 99.39% CPU
Optimizing NNI: done in 0.471745 secs using 99.15% CPU
Optimizing NNI: done in 0.34299 secs using 99.71% CPU
Optimizing NNI: done in 0.415735 secs using 99.28% CPU
Iteration 100 / LogL: -14336.428 / Time: 0h:1m:1s (0h:0m:46s left)
Optimizing NNI: done in 0.342146 secs using 98.54% CPU
Optimizing NNI: done in 0.466693 secs using 98.71% CPU
Optimizing NNI: done in 0.424766 secs using 98.58% CPU
Optimizing NNI: done in 0.42429 secs using 98.58% CPU
Optimizing NNI: done in 0.357992 secs using 98.04% CPU
Optimizing NNI: done in 0.404479 secs using 99.26% CPU
Optimizing NNI: done in 0.463496 secs using 98.92% CPU
Optimizing NNI: done in 0.356459 secs using 98.03% CPU
Optimizing NNI: done in 0.43526 secs using 99.08% CPU
Optimizing NNI: done in 0.425146 secs using 98.82% CPU
Iteration 110 / LogL: -14341.392 / Time: 0h:1m:5s (0h:0m:38s left)
Optimizing NNI: done in 0.454252 secs using 98.24% CPU
Optimizing NNI: done in 0.5517 secs using 99.09% CPU
Optimizing NNI: done in 0.475447 secs using 98.53% CPU
Optimizing NNI: done in 0.393137 secs using 98.22% CPU
Optimizing NNI: done in 0.468525 secs using 98.72% CPU
Optimizing NNI: done in 0.398769 secs using 99.5% CPU
Optimizing NNI: done in 0.440033 secs using 98.63% CPU
Optimizing NNI: done in 0.462016 secs using 98.48% CPU
Optimizing NNI: done in 0.43297 secs using 97.46% CPU
Optimizing NNI: done in 0.407906 secs using 98.77% CPU
Iteration 120 / LogL: -14336.493 / Time: 0h:1m:10s (0h:0m:31s left)
Optimizing NNI: done in 0.425689 secs using 98.82% CPU
Optimizing NNI: done in 0.472385 secs using 98.94% CPU
Optimizing NNI: done in 0.372312 secs using 98.93% CPU
Optimizing NNI: done in 0.425725 secs using 98.36% CPU
Optimizing NNI: done in 0.386151 secs using 99.22% CPU
Optimizing NNI: done in 0.371334 secs using 99.19% CPU
Optimizing NNI: done in 0.398575 secs using 97.99% CPU
Optimizing NNI: done in 0.414559 secs using 98.31% CPU
Optimizing NNI: done in 0.396162 secs using 98.48% CPU
Optimizing NNI: done in 0.40138 secs using 97.76% CPU
Iteration 130 / LogL: -14336.428 / Time: 0h:1m:14s (0h:0m:25s left)
Optimizing NNI: done in 0.4276 secs using 99.06% CPU
Optimizing NNI: done in 0.580093 secs using 99.14% CPU
Optimizing NNI: done in 0.369354 secs using 98.92% CPU
Optimizing NNI: done in 0.364932 secs using 98.9% CPU
Optimizing NNI: done in 0.383404 secs using 98.69% CPU
Optimizing NNI: done in 0.442812 secs using 98.64% CPU
Optimizing NNI: done in 0.429684 secs using 99.77% CPU
Optimizing NNI: done in 0.472564 secs using 97.88% CPU
Optimizing NNI: done in 0.423032 secs using 99.29% CPU
Optimizing NNI: done in 0.424277 secs using 98.58% CPU
Iteration 140 / LogL: -14336.426 / Time: 0h:1m:18s (0h:0m:19s left)
Optimizing NNI: done in 0.404674 secs using 98.27% CPU
Optimizing NNI: done in 0.401754 secs using 99.25% CPU
Optimizing NNI: done in 0.380982 secs using 99.21% CPU
Optimizing NNI: done in 0.410294 secs using 99.02% CPU
Optimizing NNI: done in 0.579757 secs using 99.48% CPU
Optimizing NNI: done in 0.459997 secs using 98.26% CPU
Optimizing NNI: done in 0.337661 secs using 99.7% CPU
Optimizing NNI: done in 0.478393 secs using 99.37% CPU
Optimizing NNI: done in 0.440077 secs using 98.64% CPU
Optimizing NNI: done in 0.454567 secs using 98.46% CPU
Iteration 150 / LogL: -14336.429 / Time: 0h:1m:23s (0h:0m:13s left)
Optimizing NNI: done in 0.344633 secs using 99.13% CPU
Optimizing NNI: done in 0.445888 secs using 98.43% CPU
Optimizing NNI: done in 0.38681 secs using 98.45% CPU
Optimizing NNI: done in 0.396499 secs using 99.74% CPU
Optimizing NNI: done in 0.422771 secs using 99.29% CPU
Optimizing NNI: done in 0.424538 secs using 98.58% CPU
Optimizing NNI: done in 0.432446 secs using 100% CPU
Optimizing NNI: done in 0.458558 secs using 98.47% CPU
Optimizing NNI: done in 0.419169 secs using 98.09% CPU
Optimizing NNI: done in 0.378251 secs using 99.47% CPU
Iteration 160 / LogL: -14338.683 / Time: 0h:1m:27s (0h:0m:7s left)
Optimizing NNI: done in 0.367275 secs using 99.18% CPU
Optimizing NNI: done in 0.39934 secs using 99.25% CPU
Optimizing NNI: done in 0.457907 secs using 98.91% CPU
Optimizing NNI: done in 0.391511 secs using 98.72% CPU
Optimizing NNI: done in 0.367794 secs using 99.45% CPU
Optimizing NNI: done in 0.420416 secs using 98.1% CPU
Optimizing NNI: done in 0.405004 secs using 98.52% CPU
Optimizing NNI: done in 0.371156 secs using 99.46% CPU
Optimizing NNI: done in 0.43101 secs using 99.3% CPU
Optimizing NNI: done in 0.435071 secs using 98.85% CPU
Iteration 170 / LogL: -14338.180 / Time: 0h:1m:31s (0h:0m:2s left)
Optimizing NNI: done in 0.398672 secs using 98.74% CPU
Optimizing NNI: done in 0.461377 secs using 98.05% CPU
Optimizing NNI: done in 0.398106 secs using 99.25% CPU
Optimizing NNI: done in 0.41904 secs using 98.09% CPU
Optimizing NNI: done in 0.439885 secs using 98.41% CPU
TREE SEARCH COMPLETED AFTER 175 ITERATIONS / Time: 0h:1m:33s

--------------------------------------------------------------------
|                    FINALIZING TREE SEARCH                        |
--------------------------------------------------------------------
Performs final model parameters optimization
Estimate model parameters (epsilon = 0.010)
1. Initial log-likelihood: -14336.426
Optimal log-likelihood: -14336.426
Rate parameters:  A-C: 0.72781  A-G: 4.04270  A-T: 0.72781  C-G: 1.00000  C-T: 4.04270  G-T: 1.00000
Base frequencies:  A: 0.325  C: 0.240  G: 0.191  T: 0.243
Proportion of invariable sites: 0.042
Gamma shape alpha: 2.647
Parameters optimization took 1 rounds (0.051 sec)
BEST SCORE FOUND : -14336.426
Total tree length: 6.314

Total number of iterations: 175
CPU time used for tree search: 74.067 sec (0h:1m:14s)
Wall-clock time used for tree search: 74.922 sec (0h:1m:14s)
Total CPU time used: 100.586 sec (0h:1m:40s)
Total wall-clock time used: 93.752 sec (0h:1m:33s)

Analysis results written to: 
  IQ-TREE report:                /home/aglucaci/AOC-REV3L/results/mammalian_REV3L/mammalian_REV3L.4.codon.fas.iqtree
  Maximum-likelihood tree:       /home/aglucaci/AOC-REV3L/results/mammalian_REV3L/mammalian_REV3L.4.codon.fas.treefile
  Likelihood distances:          /home/aglucaci/AOC-REV3L/results/mammalian_REV3L/mammalian_REV3L.4.codon.fas.mldist
  Screen log file:               /home/aglucaci/AOC-REV3L/results/mammalian_REV3L/mammalian_REV3L.4.codon.fas.log

ALISIM COMMAND
--------------
--alisim simulated_MSA -t /home/aglucaci/AOC-REV3L/results/mammalian_REV3L/mammalian_REV3L.4.codon.fas.treefile -m "TPM2u{0.727815,4.0427}+F{0.325022,0.240252,0.191471,0.243255}+I{0.0420235}+G4{2.6471}" --length 618

Date and Time: Mon Sep 12 16:02:33 2022
