Building DAG of jobs...
Using shell: /bin/bash
Provided cores: 10
Rules claiming more threads will be scaled down.
Job stats:
job                 count
----------------  -------
BUSTEDS                 2
BUSTEDSMH               2
FEL                     1
all                     1
executiveSummary        2
tn93                    2
total                  10

Select jobs to execute...

[Thu Jun 13 12:51:51 2024]
rule BUSTEDSMH:
    input: /Users/alex/Documents/AnalysisOfOrthologousCollections/results/PrimateACE2/PrimateACE2.2.codon.fas, /Users/alex/Documents/AnalysisOfOrthologousCollections/results/PrimateACE2/PrimateACE2.2.codon.fas.tree.nwk
    output: /Users/alex/Documents/AnalysisOfOrthologousCollections/results/PrimateACE2/PrimateACE2.2.codon.fas.BUSTEDS-MH.json
    jobid: 18
    reason: Missing output files: /Users/alex/Documents/AnalysisOfOrthologousCollections/results/PrimateACE2/PrimateACE2.2.codon.fas.BUSTEDS-MH.json
    wildcards: sample=PrimateACE2.2.codon.fas
    resources: tmpdir=/var/folders/3l/76gtv9qd0v3_8hn3cb7hfbs40000gn/T


[Thu Jun 13 12:51:51 2024]
rule BUSTEDS:
    input: /Users/alex/Documents/AnalysisOfOrthologousCollections/results/PrimateACE2/PrimateACE2.1.codon.fas, /Users/alex/Documents/AnalysisOfOrthologousCollections/results/PrimateACE2/PrimateACE2.1.codon.fas.tree.nwk
    output: /Users/alex/Documents/AnalysisOfOrthologousCollections/results/PrimateACE2/PrimateACE2.1.codon.fas.BUSTEDS.json
    jobid: 7
    reason: Missing output files: /Users/alex/Documents/AnalysisOfOrthologousCollections/results/PrimateACE2/PrimateACE2.1.codon.fas.BUSTEDS.json
    wildcards: sample=PrimateACE2.1.codon.fas
    resources: tmpdir=/var/folders/3l/76gtv9qd0v3_8hn3cb7hfbs40000gn/T


[Thu Jun 13 12:51:51 2024]
rule FEL:
    input: /Users/alex/Documents/AnalysisOfOrthologousCollections/results/PrimateACE2/PrimateACE2.2.codon.fas, /Users/alex/Documents/AnalysisOfOrthologousCollections/results/PrimateACE2/PrimateACE2.2.codon.fas.tree.nwk
    output: /Users/alex/Documents/AnalysisOfOrthologousCollections/results/PrimateACE2/PrimateACE2.2.codon.fas.FEL.json
    jobid: 4
    reason: Missing output files: /Users/alex/Documents/AnalysisOfOrthologousCollections/results/PrimateACE2/PrimateACE2.2.codon.fas.FEL.json
    wildcards: sample=PrimateACE2.2.codon.fas
    resources: tmpdir=/var/folders/3l/76gtv9qd0v3_8hn3cb7hfbs40000gn/T


[Thu Jun 13 12:51:51 2024]
rule BUSTEDSMH:
    input: /Users/alex/Documents/AnalysisOfOrthologousCollections/results/PrimateACE2/PrimateACE2.1.codon.fas, /Users/alex/Documents/AnalysisOfOrthologousCollections/results/PrimateACE2/PrimateACE2.1.codon.fas.tree.nwk
    output: /Users/alex/Documents/AnalysisOfOrthologousCollections/results/PrimateACE2/PrimateACE2.1.codon.fas.BUSTEDS-MH.json
    jobid: 17
    reason: Missing output files: /Users/alex/Documents/AnalysisOfOrthologousCollections/results/PrimateACE2/PrimateACE2.1.codon.fas.BUSTEDS-MH.json
    wildcards: sample=PrimateACE2.1.codon.fas
    resources: tmpdir=/var/folders/3l/76gtv9qd0v3_8hn3cb7hfbs40000gn/T


[Thu Jun 13 12:51:51 2024]
rule tn93:
    input: /Users/alex/Documents/AnalysisOfOrthologousCollections/results/PrimateACE2/PrimateACE2.2.codon.fas
    output: /Users/alex/Documents/AnalysisOfOrthologousCollections/results/PrimateACE2/PrimateACE2.2.codon.fas.dst
    jobid: 2
    reason: Missing output files: /Users/alex/Documents/AnalysisOfOrthologousCollections/results/PrimateACE2/PrimateACE2.2.codon.fas.dst
    wildcards: sample=PrimateACE2.2.codon.fas
    resources: tmpdir=/var/folders/3l/76gtv9qd0v3_8hn3cb7hfbs40000gn/T


[Thu Jun 13 12:51:51 2024]
rule BUSTEDS:
    input: /Users/alex/Documents/AnalysisOfOrthologousCollections/results/PrimateACE2/PrimateACE2.2.codon.fas, /Users/alex/Documents/AnalysisOfOrthologousCollections/results/PrimateACE2/PrimateACE2.2.codon.fas.tree.nwk
    output: /Users/alex/Documents/AnalysisOfOrthologousCollections/results/PrimateACE2/PrimateACE2.2.codon.fas.BUSTEDS.json
    jobid: 8
    reason: Missing output files: /Users/alex/Documents/AnalysisOfOrthologousCollections/results/PrimateACE2/PrimateACE2.2.codon.fas.BUSTEDS.json
    wildcards: sample=PrimateACE2.2.codon.fas
    resources: tmpdir=/var/folders/3l/76gtv9qd0v3_8hn3cb7hfbs40000gn/T


[Thu Jun 13 12:51:51 2024]
rule tn93:
    input: /Users/alex/Documents/AnalysisOfOrthologousCollections/results/PrimateACE2/PrimateACE2.1.codon.fas
    output: /Users/alex/Documents/AnalysisOfOrthologousCollections/results/PrimateACE2/PrimateACE2.1.codon.fas.dst
    jobid: 1
    reason: Missing output files: /Users/alex/Documents/AnalysisOfOrthologousCollections/results/PrimateACE2/PrimateACE2.1.codon.fas.dst
    wildcards: sample=PrimateACE2.1.codon.fas
    resources: tmpdir=/var/folders/3l/76gtv9qd0v3_8hn3cb7hfbs40000gn/T

[Thu Jun 13 12:51:51 2024]
Error in rule tn93:
    jobid: 2
    input: /Users/alex/Documents/AnalysisOfOrthologousCollections/results/PrimateACE2/PrimateACE2.2.codon.fas
    output: /Users/alex/Documents/AnalysisOfOrthologousCollections/results/PrimateACE2/PrimateACE2.2.codon.fas.dst
    shell:
        tn93 -t 1 -o /Users/alex/Documents/AnalysisOfOrthologousCollections/results/PrimateACE2/PrimateACE2.2.codon.fas.dst /Users/alex/Documents/AnalysisOfOrthologousCollections/results/PrimateACE2/PrimateACE2.2.codon.fas
        (one of the commands exited with non-zero exit code; note that snakemake uses bash strict mode!)

[Thu Jun 13 12:51:51 2024]
Error in rule tn93:
    jobid: 1
    input: /Users/alex/Documents/AnalysisOfOrthologousCollections/results/PrimateACE2/PrimateACE2.1.codon.fas
    output: /Users/alex/Documents/AnalysisOfOrthologousCollections/results/PrimateACE2/PrimateACE2.1.codon.fas.dst
    shell:
        tn93 -t 1 -o /Users/alex/Documents/AnalysisOfOrthologousCollections/results/PrimateACE2/PrimateACE2.1.codon.fas.dst /Users/alex/Documents/AnalysisOfOrthologousCollections/results/PrimateACE2/PrimateACE2.1.codon.fas
        (one of the commands exited with non-zero exit code; note that snakemake uses bash strict mode!)

[Thu Jun 13 12:52:17 2024]
Error in rule BUSTEDS:
    jobid: 8
    input: /Users/alex/Documents/AnalysisOfOrthologousCollections/results/PrimateACE2/PrimateACE2.2.codon.fas, /Users/alex/Documents/AnalysisOfOrthologousCollections/results/PrimateACE2/PrimateACE2.2.codon.fas.tree.nwk
    output: /Users/alex/Documents/AnalysisOfOrthologousCollections/results/PrimateACE2/PrimateACE2.2.codon.fas.BUSTEDS.json
    shell:
        mpirun -np 2 HYPHYMPI BUSTED --alignment /Users/alex/Documents/AnalysisOfOrthologousCollections/results/PrimateACE2/PrimateACE2.2.codon.fas --tree /Users/alex/Documents/AnalysisOfOrthologousCollections/results/PrimateACE2/PrimateACE2.2.codon.fas.tree.nwk --output /Users/alex/Documents/AnalysisOfOrthologousCollections/results/PrimateACE2/PrimateACE2.2.codon.fas.BUSTEDS.json --srv Yes --starting-points 10
        (one of the commands exited with non-zero exit code; note that snakemake uses bash strict mode!)

Removing output files of failed job BUSTEDS since they might be corrupted:
/Users/alex/Documents/AnalysisOfOrthologousCollections/results/PrimateACE2/PrimateACE2.2.codon.fas.BUSTEDS.json
[Thu Jun 13 12:52:22 2024]
Error in rule BUSTEDS:
    jobid: 7
    input: /Users/alex/Documents/AnalysisOfOrthologousCollections/results/PrimateACE2/PrimateACE2.1.codon.fas, /Users/alex/Documents/AnalysisOfOrthologousCollections/results/PrimateACE2/PrimateACE2.1.codon.fas.tree.nwk
    output: /Users/alex/Documents/AnalysisOfOrthologousCollections/results/PrimateACE2/PrimateACE2.1.codon.fas.BUSTEDS.json
    shell:
        mpirun -np 2 HYPHYMPI BUSTED --alignment /Users/alex/Documents/AnalysisOfOrthologousCollections/results/PrimateACE2/PrimateACE2.1.codon.fas --tree /Users/alex/Documents/AnalysisOfOrthologousCollections/results/PrimateACE2/PrimateACE2.1.codon.fas.tree.nwk --output /Users/alex/Documents/AnalysisOfOrthologousCollections/results/PrimateACE2/PrimateACE2.1.codon.fas.BUSTEDS.json --srv Yes --starting-points 10
        (one of the commands exited with non-zero exit code; note that snakemake uses bash strict mode!)

Removing output files of failed job BUSTEDS since they might be corrupted:
/Users/alex/Documents/AnalysisOfOrthologousCollections/results/PrimateACE2/PrimateACE2.1.codon.fas.BUSTEDS.json
[Thu Jun 13 12:53:04 2024]
Error in rule BUSTEDSMH:
    jobid: 18
    input: /Users/alex/Documents/AnalysisOfOrthologousCollections/results/PrimateACE2/PrimateACE2.2.codon.fas, /Users/alex/Documents/AnalysisOfOrthologousCollections/results/PrimateACE2/PrimateACE2.2.codon.fas.tree.nwk
    output: /Users/alex/Documents/AnalysisOfOrthologousCollections/results/PrimateACE2/PrimateACE2.2.codon.fas.BUSTEDS-MH.json
    shell:
        mpirun -np 2 HYPHYMPI BUSTED --alignment /Users/alex/Documents/AnalysisOfOrthologousCollections/results/PrimateACE2/PrimateACE2.2.codon.fas --tree /Users/alex/Documents/AnalysisOfOrthologousCollections/results/PrimateACE2/PrimateACE2.2.codon.fas.tree.nwk --output /Users/alex/Documents/AnalysisOfOrthologousCollections/results/PrimateACE2/PrimateACE2.2.codon.fas.BUSTEDS-MH.json --srv Yes --multiple-hits Double+Triple --starting-points 10
        (one of the commands exited with non-zero exit code; note that snakemake uses bash strict mode!)

Removing output files of failed job BUSTEDSMH since they might be corrupted:
/Users/alex/Documents/AnalysisOfOrthologousCollections/results/PrimateACE2/PrimateACE2.2.codon.fas.BUSTEDS-MH.json
[Thu Jun 13 12:53:07 2024]
Error in rule BUSTEDSMH:
    jobid: 17
    input: /Users/alex/Documents/AnalysisOfOrthologousCollections/results/PrimateACE2/PrimateACE2.1.codon.fas, /Users/alex/Documents/AnalysisOfOrthologousCollections/results/PrimateACE2/PrimateACE2.1.codon.fas.tree.nwk
    output: /Users/alex/Documents/AnalysisOfOrthologousCollections/results/PrimateACE2/PrimateACE2.1.codon.fas.BUSTEDS-MH.json
    shell:
        mpirun -np 2 HYPHYMPI BUSTED --alignment /Users/alex/Documents/AnalysisOfOrthologousCollections/results/PrimateACE2/PrimateACE2.1.codon.fas --tree /Users/alex/Documents/AnalysisOfOrthologousCollections/results/PrimateACE2/PrimateACE2.1.codon.fas.tree.nwk --output /Users/alex/Documents/AnalysisOfOrthologousCollections/results/PrimateACE2/PrimateACE2.1.codon.fas.BUSTEDS-MH.json --srv Yes --multiple-hits Double+Triple --starting-points 10
        (one of the commands exited with non-zero exit code; note that snakemake uses bash strict mode!)

Removing output files of failed job BUSTEDSMH since they might be corrupted:
/Users/alex/Documents/AnalysisOfOrthologousCollections/results/PrimateACE2/PrimateACE2.1.codon.fas.BUSTEDS-MH.json
[Thu Jun 13 12:53:50 2024]
Finished job 4.
1 of 10 steps (10%) done
Exiting because a job execution failed. Look above for error message
Complete log: .snakemake/log/2024-06-13T125150.828014.snakemake.log
