Building DAG of jobs...
Using shell: /bin/bash
Provided cores: 10
Rules claiming more threads will be scaled down.
Job stats:
job                 count
----------------  -------
BUSTEDS                 2
all                     1
executiveSummary        2
total                   5

Select jobs to execute...

[Thu Jun 13 12:59:47 2024]
rule BUSTEDS:
    input: /Users/alex/Documents/AnalysisOfOrthologousCollections/results/PrimateACE2/PrimateACE2.2.codon.fas, /Users/alex/Documents/AnalysisOfOrthologousCollections/results/PrimateACE2/PrimateACE2.2.codon.fas.tree.nwk
    output: /Users/alex/Documents/AnalysisOfOrthologousCollections/results/PrimateACE2/PrimateACE2.2.codon.fas.BUSTEDS.json
    jobid: 6
    reason: Missing output files: /Users/alex/Documents/AnalysisOfOrthologousCollections/results/PrimateACE2/PrimateACE2.2.codon.fas.BUSTEDS.json
    wildcards: sample=PrimateACE2.2.codon.fas
    resources: tmpdir=/var/folders/3l/76gtv9qd0v3_8hn3cb7hfbs40000gn/T


[Thu Jun 13 12:59:47 2024]
rule BUSTEDS:
    input: /Users/alex/Documents/AnalysisOfOrthologousCollections/results/PrimateACE2/PrimateACE2.1.codon.fas, /Users/alex/Documents/AnalysisOfOrthologousCollections/results/PrimateACE2/PrimateACE2.1.codon.fas.tree.nwk
    output: /Users/alex/Documents/AnalysisOfOrthologousCollections/results/PrimateACE2/PrimateACE2.1.codon.fas.BUSTEDS.json
    jobid: 5
    reason: Missing output files: /Users/alex/Documents/AnalysisOfOrthologousCollections/results/PrimateACE2/PrimateACE2.1.codon.fas.BUSTEDS.json
    wildcards: sample=PrimateACE2.1.codon.fas
    resources: tmpdir=/var/folders/3l/76gtv9qd0v3_8hn3cb7hfbs40000gn/T

[Thu Jun 13 13:00:12 2024]
Error in rule BUSTEDS:
    jobid: 6
    input: /Users/alex/Documents/AnalysisOfOrthologousCollections/results/PrimateACE2/PrimateACE2.2.codon.fas, /Users/alex/Documents/AnalysisOfOrthologousCollections/results/PrimateACE2/PrimateACE2.2.codon.fas.tree.nwk
    output: /Users/alex/Documents/AnalysisOfOrthologousCollections/results/PrimateACE2/PrimateACE2.2.codon.fas.BUSTEDS.json
    shell:
        mpirun -np 2 HYPHYMPI BUSTED --alignment /Users/alex/Documents/AnalysisOfOrthologousCollections/results/PrimateACE2/PrimateACE2.2.codon.fas --tree /Users/alex/Documents/AnalysisOfOrthologousCollections/results/PrimateACE2/PrimateACE2.2.codon.fas.tree.nwk --output /Users/alex/Documents/AnalysisOfOrthologousCollections/results/PrimateACE2/PrimateACE2.2.codon.fas.BUSTEDS.json --srv Yes --starting-points 10
        (one of the commands exited with non-zero exit code; note that snakemake uses bash strict mode!)

Removing output files of failed job BUSTEDS since they might be corrupted:
/Users/alex/Documents/AnalysisOfOrthologousCollections/results/PrimateACE2/PrimateACE2.2.codon.fas.BUSTEDS.json
[Thu Jun 13 13:00:15 2024]
Error in rule BUSTEDS:
    jobid: 5
    input: /Users/alex/Documents/AnalysisOfOrthologousCollections/results/PrimateACE2/PrimateACE2.1.codon.fas, /Users/alex/Documents/AnalysisOfOrthologousCollections/results/PrimateACE2/PrimateACE2.1.codon.fas.tree.nwk
    output: /Users/alex/Documents/AnalysisOfOrthologousCollections/results/PrimateACE2/PrimateACE2.1.codon.fas.BUSTEDS.json
    shell:
        mpirun -np 2 HYPHYMPI BUSTED --alignment /Users/alex/Documents/AnalysisOfOrthologousCollections/results/PrimateACE2/PrimateACE2.1.codon.fas --tree /Users/alex/Documents/AnalysisOfOrthologousCollections/results/PrimateACE2/PrimateACE2.1.codon.fas.tree.nwk --output /Users/alex/Documents/AnalysisOfOrthologousCollections/results/PrimateACE2/PrimateACE2.1.codon.fas.BUSTEDS.json --srv Yes --starting-points 10
        (one of the commands exited with non-zero exit code; note that snakemake uses bash strict mode!)

Removing output files of failed job BUSTEDS since they might be corrupted:
/Users/alex/Documents/AnalysisOfOrthologousCollections/results/PrimateACE2/PrimateACE2.1.codon.fas.BUSTEDS.json
Exiting because a job execution failed. Look above for error message
Complete log: .snakemake/log/2024-06-13T125946.983479.snakemake.log
