Building DAG of jobs...
Using shell: /bin/bash
Provided cores: 10
Rules claiming more threads will be scaled down.
Job stats:
job               count
--------------  -------
GatherLineages        1
ParseNexus            1
all                   1
get_codons            1
iqtree                1
mafft                 1
post_msa              1
pre_msa               1
recombination         1
strike_ambigs         1
total                10

Select jobs to execute...

[Thu Jun 13 08:50:08 2024]
rule get_codons:
    output: /Users/alex/Documents/AnalysisOfOrthologousCollections/results/PrimateACE2/PrimateACE2
    jobid: 1
    reason: Missing output files: /Users/alex/Documents/AnalysisOfOrthologousCollections/results/PrimateACE2/PrimateACE2
    resources: tmpdir=/var/folders/3l/76gtv9qd0v3_8hn3cb7hfbs40000gn/T

[Thu Jun 13 08:50:10 2024]
Finished job 1.
1 of 10 steps (10%) done
Select jobs to execute...

[Thu Jun 13 08:50:10 2024]
rule pre_msa:
    input: /Users/alex/Documents/AnalysisOfOrthologousCollections/results/PrimateACE2/PrimateACE2
    output: /Users/alex/Documents/AnalysisOfOrthologousCollections/results/PrimateACE2/PrimateACE2_protein.fas, /Users/alex/Documents/AnalysisOfOrthologousCollections/results/PrimateACE2/PrimateACE2_nuc.fas
    jobid: 2
    reason: Missing output files: /Users/alex/Documents/AnalysisOfOrthologousCollections/results/PrimateACE2/PrimateACE2_protein.fas, /Users/alex/Documents/AnalysisOfOrthologousCollections/results/PrimateACE2/PrimateACE2_nuc.fas; Input files updated by another job: /Users/alex/Documents/AnalysisOfOrthologousCollections/results/PrimateACE2/PrimateACE2
    resources: tmpdir=/var/folders/3l/76gtv9qd0v3_8hn3cb7hfbs40000gn/T

[Thu Jun 13 08:50:18 2024]
Finished job 2.
2 of 10 steps (20%) done
Select jobs to execute...

[Thu Jun 13 08:50:18 2024]
rule mafft:
    input: /Users/alex/Documents/AnalysisOfOrthologousCollections/results/PrimateACE2/PrimateACE2_protein.fas
    output: /Users/alex/Documents/AnalysisOfOrthologousCollections/results/PrimateACE2/PrimateACE2_protein.aln
    jobid: 3
    reason: Missing output files: /Users/alex/Documents/AnalysisOfOrthologousCollections/results/PrimateACE2/PrimateACE2_protein.aln; Input files updated by another job: /Users/alex/Documents/AnalysisOfOrthologousCollections/results/PrimateACE2/PrimateACE2_protein.fas
    resources: tmpdir=/var/folders/3l/76gtv9qd0v3_8hn3cb7hfbs40000gn/T

[Thu Jun 13 08:50:30 2024]
Finished job 3.
3 of 10 steps (30%) done
Select jobs to execute...

[Thu Jun 13 08:50:30 2024]
rule post_msa:
    input: /Users/alex/Documents/AnalysisOfOrthologousCollections/results/PrimateACE2/PrimateACE2_protein.aln, /Users/alex/Documents/AnalysisOfOrthologousCollections/results/PrimateACE2/PrimateACE2_nuc.fas
    output: /Users/alex/Documents/AnalysisOfOrthologousCollections/results/PrimateACE2/PrimateACE2_codons.fasta, /Users/alex/Documents/AnalysisOfOrthologousCollections/results/PrimateACE2/PrimateACE2_codons_duplicates.json
    jobid: 4
    reason: Missing output files: /Users/alex/Documents/AnalysisOfOrthologousCollections/results/PrimateACE2/PrimateACE2_codons.fasta, /Users/alex/Documents/AnalysisOfOrthologousCollections/results/PrimateACE2/PrimateACE2_codons_duplicates.json; Input files updated by another job: /Users/alex/Documents/AnalysisOfOrthologousCollections/results/PrimateACE2/PrimateACE2_protein.aln, /Users/alex/Documents/AnalysisOfOrthologousCollections/results/PrimateACE2/PrimateACE2_nuc.fas
    resources: tmpdir=/var/folders/3l/76gtv9qd0v3_8hn3cb7hfbs40000gn/T

[Thu Jun 13 08:50:30 2024]
Finished job 4.
4 of 10 steps (40%) done
Select jobs to execute...

[Thu Jun 13 08:50:30 2024]
rule strike_ambigs:
    input: /Users/alex/Documents/AnalysisOfOrthologousCollections/results/PrimateACE2/PrimateACE2_codons.fasta
    output: /Users/alex/Documents/AnalysisOfOrthologousCollections/results/PrimateACE2/PrimateACE2_codons.SA.fasta
    jobid: 5
    reason: Missing output files: /Users/alex/Documents/AnalysisOfOrthologousCollections/results/PrimateACE2/PrimateACE2_codons.SA.fasta; Input files updated by another job: /Users/alex/Documents/AnalysisOfOrthologousCollections/results/PrimateACE2/PrimateACE2_codons.fasta
    resources: tmpdir=/var/folders/3l/76gtv9qd0v3_8hn3cb7hfbs40000gn/T

[Thu Jun 13 08:50:31 2024]
Finished job 5.
5 of 10 steps (50%) done
Select jobs to execute...

[Thu Jun 13 08:50:31 2024]
rule iqtree:
    input: /Users/alex/Documents/AnalysisOfOrthologousCollections/results/PrimateACE2/PrimateACE2_codons.SA.fasta
    output: /Users/alex/Documents/AnalysisOfOrthologousCollections/results/PrimateACE2/PrimateACE2_codons.SA.fasta.treefile
    jobid: 6
    reason: Missing output files: /Users/alex/Documents/AnalysisOfOrthologousCollections/results/PrimateACE2/PrimateACE2_codons.SA.fasta.treefile; Input files updated by another job: /Users/alex/Documents/AnalysisOfOrthologousCollections/results/PrimateACE2/PrimateACE2_codons.SA.fasta
    resources: tmpdir=/var/folders/3l/76gtv9qd0v3_8hn3cb7hfbs40000gn/T


[Thu Jun 13 08:50:31 2024]
rule recombination:
    input: /Users/alex/Documents/AnalysisOfOrthologousCollections/results/PrimateACE2/PrimateACE2_codons.SA.fasta
    output: /Users/alex/Documents/AnalysisOfOrthologousCollections/results/PrimateACE2/PrimateACE2_codons.SA.fasta.GARD.json, /Users/alex/Documents/AnalysisOfOrthologousCollections/results/PrimateACE2/PrimateACE2_codons.SA.fasta.best-gard
    jobid: 7
    reason: Missing output files: /Users/alex/Documents/AnalysisOfOrthologousCollections/results/PrimateACE2/PrimateACE2_codons.SA.fasta.GARD.json, /Users/alex/Documents/AnalysisOfOrthologousCollections/results/PrimateACE2/PrimateACE2_codons.SA.fasta.best-gard; Input files updated by another job: /Users/alex/Documents/AnalysisOfOrthologousCollections/results/PrimateACE2/PrimateACE2_codons.SA.fasta
    resources: tmpdir=/var/folders/3l/76gtv9qd0v3_8hn3cb7hfbs40000gn/T

[Thu Jun 13 08:51:05 2024]
Finished job 6.
6 of 10 steps (60%) done
Select jobs to execute...

[Thu Jun 13 08:51:05 2024]
rule GatherLineages:
    input: /Users/alex/Documents/AnalysisOfOrthologousCollections/data/PrimateACE2/ACE2_orthologs.csv, /Users/alex/Documents/AnalysisOfOrthologousCollections/results/PrimateACE2/PrimateACE2_codons.SA.fasta.treefile
    output: /Users/alex/Documents/AnalysisOfOrthologousCollections/results/PrimateACE2/PrimateACE2_Annotated.csv
    jobid: 9
    reason: Missing output files: /Users/alex/Documents/AnalysisOfOrthologousCollections/results/PrimateACE2/PrimateACE2_Annotated.csv; Input files updated by another job: /Users/alex/Documents/AnalysisOfOrthologousCollections/results/PrimateACE2/PrimateACE2_codons.SA.fasta.treefile
    resources: tmpdir=/var/folders/3l/76gtv9qd0v3_8hn3cb7hfbs40000gn/T

[Thu Jun 13 08:51:19 2024]
Finished job 9.
7 of 10 steps (70%) done
[Thu Jun 13 09:53:15 2024]
Finished job 7.
8 of 10 steps (80%) done
Select jobs to execute...

[Thu Jun 13 09:53:15 2024]
rule ParseNexus:
    input: /Users/alex/Documents/AnalysisOfOrthologousCollections/results/PrimateACE2/PrimateACE2_codons.SA.fasta.best-gard
    output: /Users/alex/Documents/AnalysisOfOrthologousCollections/results/PrimateACE2/PrimateACE2.1.codon.fas, /Users/alex/Documents/AnalysisOfOrthologousCollections/results/PrimateACE2/PrimateACE2.1.codon.fas.tree.nwk
    jobid: 8
    reason: Missing output files: /Users/alex/Documents/AnalysisOfOrthologousCollections/results/PrimateACE2/PrimateACE2.1.codon.fas, /Users/alex/Documents/AnalysisOfOrthologousCollections/results/PrimateACE2/PrimateACE2.1.codon.fas.tree.nwk; Input files updated by another job: /Users/alex/Documents/AnalysisOfOrthologousCollections/results/PrimateACE2/PrimateACE2_codons.SA.fasta.best-gard
    resources: tmpdir=/var/folders/3l/76gtv9qd0v3_8hn3cb7hfbs40000gn/T

[Thu Jun 13 09:53:17 2024]
Finished job 8.
9 of 10 steps (90%) done
Select jobs to execute...

[Thu Jun 13 09:53:17 2024]
localrule all:
    input: /Users/alex/Documents/AnalysisOfOrthologousCollections/results/PrimateACE2/PrimateACE2, /Users/alex/Documents/AnalysisOfOrthologousCollections/results/PrimateACE2/PrimateACE2_protein.fas, /Users/alex/Documents/AnalysisOfOrthologousCollections/results/PrimateACE2/PrimateACE2_nuc.fas, /Users/alex/Documents/AnalysisOfOrthologousCollections/results/PrimateACE2/PrimateACE2_protein.aln, /Users/alex/Documents/AnalysisOfOrthologousCollections/results/PrimateACE2/PrimateACE2_codons.fasta, /Users/alex/Documents/AnalysisOfOrthologousCollections/results/PrimateACE2/PrimateACE2_codons_duplicates.json, /Users/alex/Documents/AnalysisOfOrthologousCollections/results/PrimateACE2/PrimateACE2_codons.SA.fasta, /Users/alex/Documents/AnalysisOfOrthologousCollections/results/PrimateACE2/PrimateACE2_codons.SA.fasta.treefile, /Users/alex/Documents/AnalysisOfOrthologousCollections/results/PrimateACE2/PrimateACE2_codons.SA.fasta.GARD.json, /Users/alex/Documents/AnalysisOfOrthologousCollections/results/PrimateACE2/PrimateACE2_codons.SA.fasta.best-gard, /Users/alex/Documents/AnalysisOfOrthologousCollections/results/PrimateACE2/PrimateACE2.1.codon.fas, /Users/alex/Documents/AnalysisOfOrthologousCollections/results/PrimateACE2/PrimateACE2.1.codon.fas.tree.nwk, /Users/alex/Documents/AnalysisOfOrthologousCollections/results/PrimateACE2/PrimateACE2_Annotated.csv
    jobid: 0
    reason: Input files updated by another job: /Users/alex/Documents/AnalysisOfOrthologousCollections/results/PrimateACE2/PrimateACE2.1.codon.fas, /Users/alex/Documents/AnalysisOfOrthologousCollections/results/PrimateACE2/PrimateACE2, /Users/alex/Documents/AnalysisOfOrthologousCollections/results/PrimateACE2/PrimateACE2_codons.SA.fasta.GARD.json, /Users/alex/Documents/AnalysisOfOrthologousCollections/results/PrimateACE2/PrimateACE2_codons.SA.fasta.best-gard, /Users/alex/Documents/AnalysisOfOrthologousCollections/results/PrimateACE2/PrimateACE2.1.codon.fas.tree.nwk, /Users/alex/Documents/AnalysisOfOrthologousCollections/results/PrimateACE2/PrimateACE2_Annotated.csv, /Users/alex/Documents/AnalysisOfOrthologousCollections/results/PrimateACE2/PrimateACE2_protein.fas, /Users/alex/Documents/AnalysisOfOrthologousCollections/results/PrimateACE2/PrimateACE2_codons.fasta, /Users/alex/Documents/AnalysisOfOrthologousCollections/results/PrimateACE2/PrimateACE2_codons.SA.fasta.treefile, /Users/alex/Documents/AnalysisOfOrthologousCollections/results/PrimateACE2/PrimateACE2_nuc.fas, /Users/alex/Documents/AnalysisOfOrthologousCollections/results/PrimateACE2/PrimateACE2_codons_duplicates.json, /Users/alex/Documents/AnalysisOfOrthologousCollections/results/PrimateACE2/PrimateACE2_codons.SA.fasta, /Users/alex/Documents/AnalysisOfOrthologousCollections/results/PrimateACE2/PrimateACE2_protein.aln
    resources: tmpdir=/var/folders/3l/76gtv9qd0v3_8hn3cb7hfbs40000gn/T

[Thu Jun 13 09:53:17 2024]
Finished job 0.
10 of 10 steps (100%) done
Complete log: .snakemake/log/2024-06-13T085005.954719.snakemake.log
