IQ-TREE multicore version 2.1.2 COVID-edition for Mac OS X 64-bit built Mar 30 2021
Developed by Bui Quang Minh, James Barbetti, Nguyen Lam Tung,
Olga Chernomor, Heiko Schmidt, Dominik Schrempf, Michael Woodhams.

Host:    Alexs-MacBook-Pro-2.local (SSE4.2, 16 GB RAM)
Command: iqtree -s /Users/alex/Documents/AutomatedOrthologCharacterization/results/PrimateACE2/PrimateACE2.RD.SA.codons.cln.fa -T AUTO -B 1000 --redo-tree
Seed:    301045 (Using SPRNG - Scalable Parallel Random Number Generator)
Time:    Sat Mar  8 18:34:32 2025
Kernel:  SSE2 - auto-detect threads (10 CPU cores detected)

Reading alignment file /Users/alex/Documents/AutomatedOrthologCharacterization/results/PrimateACE2/PrimateACE2.RD.SA.codons.cln.fa ... Fasta format detected
Alignment most likely contains DNA/RNA sequences
Alignment has 31 sequences with 3003 columns, 576 distinct patterns
462 parsimony-informative, 329 singleton sites, 2212 constant sites
                                                                                                                          Gap/Ambiguity  Composition  p-value
   1  NM_001371415_1_Homo_sapiens_angiotensin_converting_enzyme_2_ACE2_transcript_variant_1_mRNA                                 19.58%    passed     99.70%
   2  XM_016942979_2_PREDICTED_Pan_troglodytes_angiotensin_converting_enzyme_2_ACE2_transcript_variant_X1_mRNA                   19.58%    passed     99.93%
   3  XM_008974180_2_PREDICTED_Pan_paniscus_angiotensin_I_converting_enzyme_2_ACE2_transcript_variant_X1_mRNA                    19.58%    passed     99.47%
   4  XM_019019204_1_PREDICTED_Gorilla_gorilla_gorilla_angiotensin_I_converting_enzyme_2_ACE2_mRNA                               19.58%    passed     99.96%
   5  NM_001131132_2_Pongo_abelii_angiotensin_converting_enzyme_2_ACE2_mRNA                                                      19.58%    passed     97.05%
   6  XM_054471966_1_PREDICTED_Pongo_pygmaeus_angiotensin_converting_enzyme_2_ACE2_transcript_variant_X1_mRNA                    19.58%    passed     95.54%
   7  XM_003261084_3_PREDICTED_Nomascus_leucogenys_angiotensin_I_converting_enzyme_2_ACE2_mRNA                                   19.58%    passed     99.78%
   8  XM_032756617_1_PREDICTED_Hylobates_moloch_angiotensin_I_converting_enzyme_2_ACE2_mRNA                                      19.58%    passed     99.98%
   9  NM_001135696_1_Macaca_mulatta_angiotensin_converting_enzyme_2_ACE2_mRNA                                                    19.58%    passed     99.40%
  10  XM_011735203_2_PREDICTED_Macaca_nemestrina_angiotensin_I_converting_enzyme_2_ACE2_transcript_variant_X1_mRNA               19.58%    passed     97.69%
  11  XM_050777627_1_PREDICTED_Macaca_thibetana_thibetana_angiotensin_converting_enzyme_2_ACE2_transcript_variant_X1_mRNA        19.58%    passed     97.39%
  12  XM_005593037_3_PREDICTED_Macaca_fascicularis_angiotensin_converting_enzyme_2_ACE2_mRNA                                     19.58%    passed     95.45%
  13  XM_021933040_1_PREDICTED_Papio_anubis_angiotensin_I_converting_enzyme_2_ACE2_transcript_variant_X1_mRNA                    19.58%    passed     99.60%
  14  XM_025372062_1_PREDICTED_Theropithecus_gelada_angiotensin_I_converting_enzyme_2_ACE2_mRNA                                  19.58%    passed     98.68%
  15  XM_011995533_1_PREDICTED_Mandrillus_leucophaeus_angiotensin_I_converting_enzyme_2_ACE2_mRNA                                19.58%    passed     98.99%
  16  XM_012035808_1_PREDICTED_Cercocebus_atys_angiotensin_I_converting_enzyme_2_ACE2_transcript_variant_X1_mRNA                 19.58%    passed     99.38%
  17  XM_007991113_2_PREDICTED_Chlorocebus_sabaeus_angiotensin_I_converting_enzyme_2_ACE2_transcript_variant_X1_mRNA             19.58%    passed     95.36%
  18  XM_023199053_2_PREDICTED_Piliocolobus_tephrosceles_angiotensin_I_converting_enzyme_2_ACE2_mRNA                             19.58%    passed     97.25%
  19  XM_010366065_2_PREDICTED_Rhinopithecus_roxellana_angiotensin_I_converting_enzyme_2_ACE2_mRNA                               19.58%    passed     95.36%
  20  XM_017888580_1_PREDICTED_Rhinopithecus_bieti_angiotensin_I_converting_enzyme_2_ACE2_transcript_variant_X1_mRNA             27.67%    passed     96.41%
  21  XM_008988993_4_PREDICTED_Callithrix_jacchus_angiotensin_converting_enzyme_2_ACE2_mRNA                                      19.58%    passed     85.32%
  22  XM_017512376_2_PREDICTED_Cebus_imitator_angiotensin_I_converting_enzyme_2_ACE2_transcript_variant_X1_mRNA                  19.68%    passed     96.07%
  23  XM_032285963_1_PREDICTED_Sapajus_apella_angiotensin_I_converting_enzyme_2_ACE2_transcript_variant_X1_mRNA                  19.58%    passed     95.21%
  24  XM_012434682_2_PREDICTED_Aotus_nancymaae_angiotensin_I_converting_enzyme_2_ACE2_mRNA                                       19.58%    passed     87.44%
  25  XM_010336623_2_PREDICTED_Saimiri_boliviensis_boliviensis_angiotensin_converting_enzyme_2_ACE2_transcript_variant_X1_mRNA   19.58%    passed     93.20%
  26  XM_020285237_1_PREDICTED_Microcebus_murinus_angiotensin_I_converting_enzyme_2_ACE2_mRNA                                    14.99%    passed     99.21%
  27  XM_012638731_1_PREDICTED_Propithecus_coquereli_angiotensin_I_converting_enzyme_2_ACE2_transcript_variant_X1_mRNA           17.48%    passed     55.40%
  28  XM_045538336_1_PREDICTED_Lemur_catta_angiotensin_converting_enzyme_2_ACE2_mRNA                                              2.00%    passed     90.14%
  29  XM_053580366_1_PREDICTED_Nycticebus_coucang_angiotensin_converting_enzyme_2_ACE2_mRNA                                      19.58%    passed     55.70%
  30  XM_003791864_2_PREDICTED_Otolemur_garnettii_angiotensin_I_converting_enzyme_2_ACE2_mRNA                                    19.58%    failed      3.29%
  31  XM_008064619_1_PREDICTED_Carlito_syrichta_angiotensin_I_converting_enzyme_2_ACE2_mRNA                                      19.58%    passed     87.68%
****  TOTAL                                                                                                                      19.06%  1 sequences failed composition chi2 test (p-value<5%; df=3)


Create initial parsimony tree by phylogenetic likelihood library (PLL)... 0.002 seconds
Measuring multi-threading efficiency up to 10 CPU cores
Increase to 10 rounds for branch lengths
305 trees examined
Threads: 1 / Time: 10.037 sec / Speedup: 1.000 / Efficiency: 100% / LogL: -15111
Threads: 2 / Time: 24.143 sec / Speedup: 0.416 / Efficiency: 21% / LogL: -15111
BEST NUMBER OF THREADS: 1

Perform fast likelihood tree search using GTR+I+G model...
Estimate model parameters (epsilon = 5.000)
Perform nearest neighbor interchange...
Estimate model parameters (epsilon = 1.000)
1. Initial log-likelihood: -10972.197
Optimal log-likelihood: -10972.181
Rate parameters:  A-C: 1.93824  A-G: 5.03571  A-T: 0.73577  C-G: 1.79912  C-T: 6.26670  G-T: 1.00000
Base frequencies:  A: 0.307  C: 0.202  G: 0.230  T: 0.261
Proportion of invariable sites: 0.360
Gamma shape alpha: 1.706
Parameters optimization took 1 rounds (0.020 sec)
Time for fast ML tree search: 0.201 seconds

NOTE: ModelFinder requires 8 MB RAM!
ModelFinder will test up to 286 DNA models (sample size: 3003) ...
 No. Model         -LnL         df  AIC          AICc         BIC
  1  GTR+F         11118.840    67  22371.679    22374.784    22774.173
  2  GTR+F+I       10981.545    68  22099.090    22102.288    22507.591
  3  GTR+F+G4      10971.691    68  22079.381    22082.580    22487.882
  4  GTR+F+I+G4    10972.169    69  22082.338    22085.632    22496.847
  5  GTR+F+R2      10971.736    69  22081.472    22084.766    22495.981
  6  GTR+F+R3      10971.728    71  22085.456    22088.944    22511.979
 16  SYM+G4        11012.619    65  22155.238    22158.160    22545.717
 17  SYM+I+G4      11012.890    66  22157.780    22160.792    22554.266
 18  SYM+R2        11012.584    66  22157.168    22160.181    22553.655
 29  TVM+F+G4      10975.151    67  22084.301    22087.406    22486.795
 30  TVM+F+I+G4    10975.627    68  22087.255    22090.453    22495.756
 31  TVM+F+R2      10975.126    68  22086.251    22089.450    22494.752
 42  TVMe+G4       11012.743    64  22153.486    22156.318    22537.957
 43  TVMe+I+G4     11013.017    65  22156.034    22158.956    22546.513
 44  TVMe+R2       11012.724    65  22155.448    22158.370    22545.927
 55  TIM3+F+G4     10973.034    66  22078.069    22081.081    22474.555
 56  TIM3+F+I+G4   10973.495    67  22080.991    22084.096    22483.484
 57  TIM3+F+R2     10973.095    67  22080.190    22083.294    22482.683
 68  TIM3e+G4      11014.468    63  22154.937    22157.681    22533.401
 69  TIM3e+I+G4    11014.745    64  22157.490    22160.322    22541.961
 70  TIM3e+R2      11014.468    64  22156.936    22159.768    22541.408
 81  TIM2+F+G4     10997.972    66  22127.944    22130.956    22524.430
 82  TIM2+F+I+G4   10998.284    67  22130.567    22133.672    22533.061
 83  TIM2+F+R2     10998.032    67  22130.065    22133.169    22532.558
 94  TIM2e+G4      11028.093    63  22182.187    22184.930    22560.651
 95  TIM2e+I+G4    11028.270    64  22184.541    22187.372    22569.012
 96  TIM2e+R2      11028.093    64  22184.185    22187.017    22568.656
107  TIM+F+G4      10995.084    66  22122.168    22125.180    22518.654
108  TIM+F+I+G4    10995.416    67  22124.832    22127.937    22527.326
109  TIM+F+R2      10995.134    67  22124.268    22127.373    22526.762
120  TIMe+G4       11026.493    63  22178.985    22181.729    22557.449
121  TIMe+I+G4     11026.701    64  22181.403    22184.235    22565.874
122  TIMe+R2       11026.472    64  22180.943    22183.775    22565.415
133  TPM3u+F+G4    10976.505    65  22083.010    22085.931    22473.489
134  TPM3u+F+I+G4  10976.968    66  22085.936    22088.948    22482.422
135  TPM3u+F+R2    10976.491    66  22084.982    22087.994    22481.468
146  TPM3+F+G4     10976.505    65  22083.010    22085.931    22473.489
147  TPM3+F+I+G4   10976.968    66  22085.936    22088.948    22482.422
148  TPM3+F+R2     10976.491    66  22084.982    22087.994    22481.468
159  TPM2u+F+G4    11001.166    65  22132.332    22135.253    22522.811
160  TPM2u+F+I+G4  11001.511    66  22135.023    22138.035    22531.509
161  TPM2u+F+R2    11001.148    66  22134.295    22137.307    22530.781
172  TPM2+F+G4     11001.166    65  22132.332    22135.253    22522.811
173  TPM2+F+I+G4   11001.511    66  22135.023    22138.035    22531.509
174  TPM2+F+R2     11001.148    66  22134.295    22137.307    22530.781
185  K3Pu+F+G4     10998.279    65  22126.559    22129.480    22517.038
186  K3Pu+F+I+G4   10998.642    66  22129.285    22132.297    22525.771
187  K3Pu+F+R2     10998.304    66  22128.607    22131.620    22525.094
198  K3P+G4        11026.669    62  22177.338    22179.995    22549.795
199  K3P+I+G4      11026.884    63  22179.768    22182.512    22558.232
200  K3P+R2        11026.638    63  22179.276    22182.020    22557.740
211  TN+F+G4       10998.147    65  22126.294    22129.215    22516.773
212  TN+F+I+G4     10998.452    66  22128.905    22131.917    22525.391
213  TN+F+R2       10998.210    66  22128.419    22131.431    22524.905
224  TNe+G4        11028.806    62  22181.613    22184.270    22554.070
225  TNe+I+G4      11028.994    63  22183.988    22186.731    22562.452
226  TNe+R2        11028.817    63  22183.635    22186.379    22562.099
237  HKY+F+G4      11001.351    64  22130.703    22133.535    22515.174
238  HKY+F+I+G4    11001.689    65  22133.378    22136.299    22523.857
239  HKY+F+R2      11001.392    65  22132.785    22135.706    22523.264
250  K2P+G4        11028.986    61  22179.972    22182.544    22546.421
251  K2P+I+G4      11029.185    62  22182.370    22185.027    22554.826
252  K2P+R2        11028.974    62  22181.948    22184.606    22554.405
263  F81+F+G4      11286.019    63  22698.038    22700.782    23076.502
264  F81+F+I+G4    11286.246    64  22700.492    22703.324    23084.964
265  F81+F+R2      11286.345    64  22700.690    22703.522    23085.162
276  JC+G4         11311.246    60  22742.493    22744.981    23102.935
277  JC+I+G4       11311.465    61  22744.931    22747.503    23111.380
278  JC+R2         11311.550    61  22745.099    22747.671    23111.549
Akaike Information Criterion:           TIM3+F+G4
Corrected Akaike Information Criterion: TIM3+F+G4
Bayesian Information Criterion:         TPM3+F+G4
Best-fit model: TPM3+F+G4 chosen according to BIC

All model information printed to /Users/alex/Documents/AutomatedOrthologCharacterization/results/PrimateACE2/PrimateACE2.RD.SA.codons.cln.fa.model.gz
CPU time for ModelFinder: 25.191 seconds (0h:0m:25s)
Wall-clock time for ModelFinder: 41.910 seconds (0h:0m:41s)
Generating 1000 samples for ultrafast bootstrap (seed: 301045)...

NOTE: 4 MB RAM (0 GB) is required!
Estimate model parameters (epsilon = 0.100)
1. Initial log-likelihood: -10976.505
Optimal log-likelihood: -10976.505
Rate parameters:  A-C: 2.21141  A-G: 6.56130  A-T: 1.00000  C-G: 2.21141  C-T: 6.56130  G-T: 1.00000
Base frequencies:  A: 0.307  C: 0.202  G: 0.230  T: 0.261
Gamma shape alpha: 0.504
Parameters optimization took 1 rounds (0.012 sec)
Computing ML distances based on estimated model parameters...
Computing ML distances took 0.009581 sec (of wall-clock time) 0.008445 sec(of CPU time)
Computing RapidNJ tree took 0.000105 sec (of wall-clock time) 0.000092 sec (of CPU time)
Log-likelihood of RapidNJ tree: -10995.904
--------------------------------------------------------------------
|             INITIALIZING CANDIDATE TREE SET                      |
--------------------------------------------------------------------
Generating 98 parsimony trees... 0.267 second
Computing log-likelihood of 98 initial trees ... 0.487 seconds
Current best score: -10973.035

Do NNI search on 20 best initial trees
Estimate model parameters (epsilon = 0.100)
BETTER TREE FOUND at iteration 1: -10971.909
UPDATE BEST LOG-LIKELIHOOD: -10971.909
UPDATE BEST LOG-LIKELIHOOD: -10971.909
Iteration 10 / LogL: -10971.909 / Time: 0h:0m:1s
UPDATE BEST LOG-LIKELIHOOD: -10971.909
Iteration 20 / LogL: -10976.508 / Time: 0h:0m:2s
Finish initializing candidate tree set (3)
Current best tree score: -10971.909 / CPU time: 2.009
Number of iterations: 20
--------------------------------------------------------------------
|               OPTIMIZING CANDIDATE TREE SET                      |
--------------------------------------------------------------------
Iteration 30 / LogL: -10971.909 / Time: 0h:0m:2s (0h:0m:7s left)
Iteration 40 / LogL: -10971.909 / Time: 0h:0m:3s (0h:0m:6s left)
Iteration 50 / LogL: -10971.909 / Time: 0h:0m:5s (0h:0m:5s left)
Log-likelihood cutoff on original alignment: -11020.574
Iteration 60 / LogL: -10971.911 / Time: 0h:0m:6s (0h:0m:4s left)
Iteration 70 / LogL: -10976.512 / Time: 0h:0m:6s (0h:0m:3s left)
Iteration 80 / LogL: -10971.909 / Time: 0h:0m:7s (0h:0m:2s left)
Iteration 90 / LogL: -10971.909 / Time: 0h:0m:8s (0h:0m:1s left)
Iteration 100 / LogL: -10971.909 / Time: 0h:0m:9s (0h:0m:0s left)
Log-likelihood cutoff on original alignment: -11020.574
NOTE: Bootstrap correlation coefficient of split occurrence frequencies: 0.999
TREE SEARCH COMPLETED AFTER 102 ITERATIONS / Time: 0h:0m:10s

--------------------------------------------------------------------
|                    FINALIZING TREE SEARCH                        |
--------------------------------------------------------------------
Performs final model parameters optimization
Estimate model parameters (epsilon = 0.010)
1. Initial log-likelihood: -10971.909
Optimal log-likelihood: -10971.908
Rate parameters:  A-C: 2.21035  A-G: 6.58408  A-T: 1.00000  C-G: 2.21035  C-T: 6.58408  G-T: 1.00000
Base frequencies:  A: 0.307  C: 0.202  G: 0.230  T: 0.261
Gamma shape alpha: 0.505
Parameters optimization took 1 rounds (0.012 sec)
BEST SCORE FOUND : -10971.908
Creating bootstrap support values...
Split supports printed to NEXUS file /Users/alex/Documents/AutomatedOrthologCharacterization/results/PrimateACE2/PrimateACE2.RD.SA.codons.cln.fa.splits.nex
Total tree length: 0.558

Total number of iterations: 102
CPU time used for tree search: 8.581 sec (0h:0m:8s)
Wall-clock time used for tree search: 10.093 sec (0h:0m:10s)
Total CPU time used: 8.759 sec (0h:0m:8s)
Total wall-clock time used: 10.292 sec (0h:0m:10s)

Computing bootstrap consensus tree...
Reading input file /Users/alex/Documents/AutomatedOrthologCharacterization/results/PrimateACE2/PrimateACE2.RD.SA.codons.cln.fa.splits.nex...
31 taxa and 122 splits.
Consensus tree written to /Users/alex/Documents/AutomatedOrthologCharacterization/results/PrimateACE2/PrimateACE2.RD.SA.codons.cln.fa.contree
Reading input trees file /Users/alex/Documents/AutomatedOrthologCharacterization/results/PrimateACE2/PrimateACE2.RD.SA.codons.cln.fa.contree
Log-likelihood of consensus tree: -10971.914

Analysis results written to: 
  IQ-TREE report:                /Users/alex/Documents/AutomatedOrthologCharacterization/results/PrimateACE2/PrimateACE2.RD.SA.codons.cln.fa.iqtree
  Maximum-likelihood tree:       /Users/alex/Documents/AutomatedOrthologCharacterization/results/PrimateACE2/PrimateACE2.RD.SA.codons.cln.fa.treefile
  Likelihood distances:          /Users/alex/Documents/AutomatedOrthologCharacterization/results/PrimateACE2/PrimateACE2.RD.SA.codons.cln.fa.mldist

Ultrafast bootstrap approximation results written to:
  Split support values:          /Users/alex/Documents/AutomatedOrthologCharacterization/results/PrimateACE2/PrimateACE2.RD.SA.codons.cln.fa.splits.nex
  Consensus tree:                /Users/alex/Documents/AutomatedOrthologCharacterization/results/PrimateACE2/PrimateACE2.RD.SA.codons.cln.fa.contree
  Screen log file:               /Users/alex/Documents/AutomatedOrthologCharacterization/results/PrimateACE2/PrimateACE2.RD.SA.codons.cln.fa.log

Date and Time: Sat Mar  8 18:35:24 2025
