IQ-TREE multicore version 2.2.2.3 COVID-edition for Mac OS X 64-bit built May 16 2023
Developed by Bui Quang Minh, James Barbetti, Nguyen Lam Tung,
Olga Chernomor, Heiko Schmidt, Dominik Schrempf, Michael Woodhams, Ly Trong Nhan.

Host:    Users-iMac.local (AVX2, FMA3, 32 GB RAM)
Command: iqtree -s /Users/user/Documents/AOC/results/PrimateACE2/PrimateACE2.1.codon.fas -T AUTO
Seed:    396412 (Using SPRNG - Scalable Parallel Random Number Generator)
Time:    Thu Jan  4 23:47:19 2024
Kernel:  AVX+FMA - auto-detect threads (8 CPU cores detected)

Reading alignment file /Users/user/Documents/AOC/results/PrimateACE2/PrimateACE2.1.codon.fas ... Fasta format detected
Reading fasta file: done in 0.00254011 secs using 94.09% CPU
Alignment most likely contains DNA/RNA sequences
Constructing alignment: done in 0.00293016 secs using 69.07% CPU
Alignment has 31 sequences with 2415 columns, 393 distinct patterns
313 parsimony-informative, 213 singleton sites, 1889 constant sites
                                                                                                                            Gap/Ambiguity  Composition  p-value
Analyzing sequences: done in 7.60555e-05 secs using 88.09% CPU
   1  XM_017512376_2_PREDICTED_Cebus_imitator_angiotensin_I_converting_enzyme_2_ACE2_transcript_variant_X1_mRNA_1                  21.99%    passed     93.73%
   2  XM_032285963_1_PREDICTED_Sapajus_apella_angiotensin_I_converting_enzyme_2_ACE2_transcript_variant_X1_mRNA_1                  21.86%    passed     92.64%
   3  XM_008988993_4_PREDICTED_Callithrix_jacchus_angiotensin_converting_enzyme_2_ACE2_mRNA_1                                      21.86%    passed     91.23%
   4  XM_012434682_2_PREDICTED_Aotus_nancymaae_angiotensin_I_converting_enzyme_2_ACE2_mRNA_1                                       21.86%    passed     93.38%
   5  XM_010336623_2_PREDICTED_Saimiri_boliviensis_boliviensis_angiotensin_converting_enzyme_2_ACE2_transcript_variant_X1_mRNA_1   21.86%    passed     94.77%
   6  XM_003791864_2_PREDICTED_Otolemur_garnettii_angiotensin_I_converting_enzyme_2_ACE2_mRNA_1                                    21.86%    passed     11.18%
   7  XM_053580366_1_PREDICTED_Nycticebus_coucang_angiotensin_converting_enzyme_2_ACE2_mRNA_1                                      21.86%    passed     75.49%
   8  XM_012638731_1_PREDICTED_Propithecus_coquereli_angiotensin_I_converting_enzyme_2_ACE2_transcript_variant_X1_mRNA_1           19.25%    passed     75.10%
   9  XM_020285237_1_PREDICTED_Microcebus_murinus_angiotensin_I_converting_enzyme_2_ACE2_mRNA_1                                    18.63%    passed     97.32%
  10  XM_045538336_1_PREDICTED_Lemur_catta_angiotensin_converting_enzyme_2_ACE2_mRNA_1                                              0.00%    passed     98.46%
  11  XM_008064619_1_PREDICTED_Carlito_syrichta_angiotensin_I_converting_enzyme_2_ACE2_mRNA_1                                      21.86%    passed     88.24%
  12  NM_001371415_1_Homo_sapiens_angiotensin_converting_enzyme_2_ACE2_transcript_variant_1_mRNA_1                                 21.86%    passed     99.97%
  13  XM_016942979_2_PREDICTED_Pan_troglodytes_angiotensin_converting_enzyme_2_ACE2_transcript_variant_X1_mRNA_1                   21.86%    passed     99.97%
  14  XM_008974180_2_PREDICTED_Pan_paniscus_angiotensin_I_converting_enzyme_2_ACE2_transcript_variant_X1_mRNA_1                    21.86%    passed     99.83%
  15  XM_019019204_1_PREDICTED_Gorilla_gorilla_gorilla_angiotensin_I_converting_enzyme_2_ACE2_mRNA_1                               21.86%    passed     99.94%
  16  XM_003261084_3_PREDICTED_Nomascus_leucogenys_angiotensin_I_converting_enzyme_2_ACE2_mRNA_1                                   21.86%    passed     99.48%
  17  XM_032756617_1_PREDICTED_Hylobates_moloch_angiotensin_I_converting_enzyme_2_ACE2_mRNA_1                                      21.86%    passed     99.00%
  18  NM_001131132_2_Pongo_abelii_angiotensin_converting_enzyme_2_ACE2_mRNA_1                                                      21.86%    passed     98.17%
  19  XM_054471966_1_PREDICTED_Pongo_pygmaeus_angiotensin_converting_enzyme_2_ACE2_transcript_variant_X1_mRNA_1                    21.86%    passed     96.99%
  20  XM_010366065_2_PREDICTED_Rhinopithecus_roxellana_angiotensin_I_converting_enzyme_2_ACE2_mRNA_1                               21.86%    passed     97.49%
  21  XM_017888580_1_PREDICTED_Rhinopithecus_bieti_angiotensin_I_converting_enzyme_2_ACE2_transcript_variant_X1_mRNA_1             31.93%    passed     93.03%
  22  XM_023199053_2_PREDICTED_Piliocolobus_tephrosceles_angiotensin_I_converting_enzyme_2_ACE2_mRNA_1                             21.86%    passed     99.63%
  23  XM_007991113_2_PREDICTED_Chlorocebus_sabaeus_angiotensin_I_converting_enzyme_2_ACE2_transcript_variant_X1_mRNA_1             21.86%    passed     98.63%
  24  XM_011995533_1_PREDICTED_Mandrillus_leucophaeus_angiotensin_I_converting_enzyme_2_ACE2_mRNA_1                                21.86%    passed     99.04%
  25  XM_012035808_1_PREDICTED_Cercocebus_atys_angiotensin_I_converting_enzyme_2_ACE2_transcript_variant_X1_mRNA_1                 21.86%    passed     99.34%
  26  XM_025372062_1_PREDICTED_Theropithecus_gelada_angiotensin_I_converting_enzyme_2_ACE2_mRNA_1                                  21.86%    passed     99.18%
  27  XM_021933040_1_PREDICTED_Papio_anubis_angiotensin_I_converting_enzyme_2_ACE2_transcript_variant_X1_mRNA_1                    21.86%    passed     99.41%
  28  NM_001135696_1_Macaca_mulatta_angiotensin_converting_enzyme_2_ACE2_mRNA_1                                                    21.86%    passed     99.54%
  29  XM_005593037_3_PREDICTED_Macaca_fascicularis_angiotensin_converting_enzyme_2_ACE2_mRNA_1                                     21.86%    passed     95.99%
  30  XM_011735203_2_PREDICTED_Macaca_nemestrina_angiotensin_I_converting_enzyme_2_ACE2_transcript_variant_X1_mRNA_1               21.86%    passed     98.31%
  31  XM_050777627_1_PREDICTED_Macaca_thibetana_thibetana_angiotensin_converting_enzyme_2_ACE2_transcript_variant_X1_mRNA_1        21.86%    passed     97.60%
****  TOTAL                                                                                                                        21.30%  0 sequences failed composition chi2 test (p-value<5%; df=3)
Checking for duplicate sequences: done in 9.91821e-05 secs using 78.64% CPU


Create initial parsimony tree by phylogenetic likelihood library (PLL)... 0.002 seconds
Measuring multi-threading efficiency up to 8 CPU cores
Increase to 10 rounds for branch lengths
231 trees examined
Threads: 1 / Time: 8.005 sec / Speedup: 1.000 / Efficiency: 100% / LogL: -10754
Threads: 2 / Time: 529.218 sec / Speedup: 0.015 / Efficiency: 1% / LogL: -10754
Determining AUTO threadcount: done in 537.224 secs using 5.57% CPU
BEST NUMBER OF THREADS: 1

Perform fast likelihood tree search using GTR+I+G model...
Estimate model parameters (epsilon = 5.000)
Perform nearest neighbor interchange...
Optimizing NNI: done in 0.0262601 secs using 98.83% CPU
Estimate model parameters (epsilon = 1.000)
1. Initial log-likelihood: -7750.534
Optimal log-likelihood: -7750.521
Rate parameters:  A-C: 1.87711  A-G: 5.23036  A-T: 0.56519  C-G: 1.33142  C-T: 7.07130  G-T: 1.00000
Base frequencies:  A: 0.309  C: 0.203  G: 0.231  T: 0.257
Proportion of invariable sites: 0.385
Gamma shape alpha: 1.327
Parameters optimization took 1 rounds (0.016 sec)
Time for fast ML tree search: 0.146 seconds

NOTE: ModelFinder requires 4 MB RAM!
ModelFinder will test up to 484 DNA models (sample size: 2415) ...
 No. Model         -LnL         df  AIC          AICc         BIC
  1  GTR+F         7856.911     67  15847.821    15851.704    16235.715
  2  GTR+F+I       7757.075     68  15650.150    15654.150    16043.833
  3  GTR+F+G4      7750.737     68  15637.474    15641.474    16031.157
  4  GTR+F+I+G4    7750.517     69  15639.035    15643.154    16038.507
  5  GTR+F+R2      7750.284     69  15638.568    15642.687    16038.040
  6  GTR+F+R3      7750.313     71  15642.625    15646.989    16053.676
 14  GTR+F+I+R2    7752.240     70  15644.480    15648.720    16049.742
 15  GTR+F+I+R3    7749.914     72  15643.827    15648.316    16060.668
 25  SYM+G4        7780.919     65  15691.838    15695.491    16068.152
 26  SYM+I+G4      7780.622     66  15693.243    15697.010    16075.347
 27  SYM+R2        7780.470     66  15692.940    15696.707    16075.044
 47  TVM+F+G4      7755.200     67  15644.400    15648.283    16032.294
 48  TVM+F+I+G4    7754.893     68  15645.786    15649.786    16039.469
 49  TVM+F+R2      7754.851     68  15645.702    15649.702    16039.385
 69  TVMe+G4       7781.756     64  15691.512    15695.052    16062.037
 70  TVMe+I+G4     7781.431     65  15692.862    15696.515    16069.177
 71  TVMe+R2       7781.328     65  15692.656    15696.309    16068.971
 91  TIM3+F+G4     7754.331     66  15640.662    15644.428    16022.766
 92  TIM3+F+I+G4   7754.104     67  15642.207    15646.090    16030.101
 93  TIM3+F+R2     7753.924     67  15641.848    15645.731    16029.742
113  TIM3e+G4      7785.561     63  15697.121    15700.551    16061.857
114  TIM3e+I+G4    7785.263     64  15698.526    15702.066    16069.051
115  TIM3e+R2      7785.177     64  15698.353    15701.894    16068.878
135  TIM2+F+G4     7767.859     66  15667.718    15671.485    16049.822
136  TIM2+F+I+G4   7767.587     67  15669.174    15673.056    16057.068
137  TIM2+F+R2     7767.492     67  15668.983    15672.866    16056.877
157  TIM2e+G4      7792.611     63  15711.222    15714.653    16075.958
158  TIM2e+I+G4    7792.285     64  15712.571    15716.111    16083.096
159  TIM2e+R2      7792.190     64  15712.381    15715.921    16082.906
179  TIM+F+G4      7761.530     66  15655.060    15658.827    16037.164
180  TIM+F+I+G4    7761.285     67  15656.570    15660.453    16044.464
181  TIM+F+R2      7761.096     67  15656.192    15660.074    16044.085
201  TIMe+G4       7787.966     63  15701.933    15705.363    16066.668
202  TIMe+I+G4     7787.674     64  15703.348    15706.889    16073.873
203  TIMe+R2       7787.516     64  15703.031    15706.572    16073.556
223  TPM3u+F+G4    7758.793     65  15647.586    15651.238    16023.900
224  TPM3u+F+I+G4  7758.480     66  15648.960    15652.726    16031.064
225  TPM3u+F+R2    7758.483     66  15648.967    15652.733    16031.071
245  TPM3+G4       7786.420     62  15696.840    15700.161    16055.786
246  TPM3+I+G4     7786.096     63  15698.192    15701.622    16062.928
247  TPM3+R2       7786.072     63  15698.145    15701.575    16062.880
267  TPM2u+F+G4    7772.118     65  15674.236    15677.889    16050.550
268  TPM2u+F+I+G4  7771.794     66  15675.588    15679.355    16057.692
269  TPM2u+F+R2    7771.840     66  15675.681    15679.447    16057.785
289  TPM2+G4       7793.465     62  15710.930    15714.252    16069.877
290  TPM2+I+G4     7793.125     63  15712.250    15715.680    16076.986
291  TPM2+R2       7793.090     63  15712.180    15715.610    16076.915
311  K3Pu+F+G4     7765.790     65  15661.581    15665.233    16037.895
312  K3Pu+F+I+G4   7765.485     66  15662.969    15666.736    16045.073
313  K3Pu+F+R2     7765.446     66  15662.892    15666.658    16044.996
333  K3P+G4        7788.863     62  15701.727    15705.048    16060.673
334  K3P+I+G4      7788.550     63  15703.100    15706.530    16067.836
335  K3P+R2        7788.448     63  15702.895    15706.325    16067.631
355  TN+F+G4       7767.859     65  15665.719    15669.371    16042.033
356  TN+F+I+G4     7767.587     66  15667.174    15670.941    16049.278
357  TN+F+R2       7767.490     66  15666.981    15670.747    16049.085
377  TNe+G4        7793.533     62  15711.066    15714.387    16070.012
378  TNe+I+G4      7793.222     63  15712.445    15715.875    16077.180
379  TNe+R2        7793.140     63  15712.280    15715.710    16077.016
399  HKY+F+G4      7772.118     64  15672.236    15675.776    16042.761
400  HKY+F+I+G4    7771.794     65  15673.588    15677.241    16049.903
401  HKY+F+R2      7771.836     65  15673.673    15677.325    16049.987
421  K2P+G4        7794.425     61  15710.850    15714.065    16064.007
422  K2P+I+G4      7794.095     62  15712.189    15715.510    16071.135
423  K2P+R2        7794.072     62  15712.144    15715.465    16071.090
443  F81+F+G4      8005.644     63  16137.287    16140.717    16502.023
444  F81+F+I+G4    8005.566     64  16139.131    16142.672    16509.656
445  F81+F+R2      8005.702     64  16139.404    16142.944    16509.929
465  JC+G4         8025.590     60  16171.181    16174.290    16518.548
466  JC+I+G4       8025.498     61  16172.996    16176.210    16526.152
467  JC+R2         8025.619     61  16173.238    16176.453    16526.395
Akaike Information Criterion:           GTR+F+G4
Corrected Akaike Information Criterion: GTR+F+G4
Bayesian Information Criterion:         TIM3+F+G4
Best-fit model: TIM3+F+G4 chosen according to BIC

All model information printed to /Users/user/Documents/AOC/results/PrimateACE2/PrimateACE2.1.codon.fas.model.gz
CPU time for ModelFinder: 37.761 seconds (0h:0m:37s)
Wall-clock time for ModelFinder: 546.825 seconds (0h:9m:6s)

NOTE: 1 MB RAM (0 GB) is required!
Estimate model parameters (epsilon = 0.100)
1. Initial log-likelihood: -7754.331
Optimal log-likelihood: -7754.331
Rate parameters:  A-C: 2.22316  A-G: 6.98847  A-T: 1.00000  C-G: 2.22316  C-T: 9.53990  G-T: 1.00000
Base frequencies:  A: 0.309  C: 0.203  G: 0.231  T: 0.257
Gamma shape alpha: 0.405
Parameters optimization took 1 rounds (0.025 sec)
Wrote distance file to... 
Computing ML distances based on estimated model parameters...
Calculating distance matrix: done in 0.00796199 secs using 95.63% CPU
Computing ML distances took 0.008164 sec (of wall-clock time) 0.007775 sec (of CPU time)
Setting up auxiliary I and S matrices: done in 5.91278e-05 secs using 77.8% CPU
Constructing RapidNJ tree: done in 0.000151873 secs using 92.84% CPU
Computing RapidNJ tree took 0.000284 sec (of wall-clock time) 0.000229 sec (of CPU time)
Log-likelihood of RapidNJ tree: -7759.203
--------------------------------------------------------------------
|             INITIALIZING CANDIDATE TREE SET                      |
--------------------------------------------------------------------
Generating 98 parsimony trees... 0.432 second
Computing log-likelihood of 98 initial trees ... 0.500 seconds
Current best score: -7754.331

Do NNI search on 20 best initial trees
Optimizing NNI: done in 0.0190799 secs using 70.91% CPU
Estimate model parameters (epsilon = 0.100)
BETTER TREE FOUND at iteration 1: -7754.331
Optimizing NNI: done in 0.049139 secs using 68.48% CPU
BETTER TREE FOUND at iteration 2: -7754.331
Optimizing NNI: done in 0.0405219 secs using 84.36% CPU
BETTER TREE FOUND at iteration 3: -7754.331
Optimizing NNI: done in 0.0512619 secs using 66.83% CPU
Optimizing NNI: done in 0.040869 secs using 81.7% CPU
BETTER TREE FOUND at iteration 5: -7754.331
Optimizing NNI: done in 0.0456851 secs using 75.52% CPU
Optimizing NNI: done in 0.042448 secs using 82.28% CPU
Optimizing NNI: done in 0.097805 secs using 36.99% CPU
Optimizing NNI: done in 0.061327 secs using 56.87% CPU
Optimizing NNI: done in 0.042084 secs using 83.81% CPU
Iteration 10 / LogL: -7754.331 / Time: 0h:0m:1s
Optimizing NNI: done in 0.042551 secs using 82.34% CPU
Optimizing NNI: done in 0.0404899 secs using 87.13% CPU
Optimizing NNI: done in 0.036761 secs using 92.74% CPU
Optimizing NNI: done in 0.0493748 secs using 69.74% CPU
BETTER TREE FOUND at iteration 14: -7754.331
Optimizing NNI: done in 0.034858 secs using 96.27% CPU
Optimizing NNI: done in 0.0379319 secs using 94.04% CPU
Optimizing NNI: done in 0.0368531 secs using 95.25% CPU
Optimizing NNI: done in 0.0404379 secs using 85.22% CPU
Optimizing NNI: done in 0.0495889 secs using 71.58% CPU
Optimizing NNI: done in 0.0436599 secs using 81.56% CPU
BETTER TREE FOUND at iteration 20: -7754.331
Iteration 20 / LogL: -7754.331 / Time: 0h:0m:1s
Finish initializing candidate tree set (11)
Current best tree score: -7754.331 / CPU time: 1.909
Number of iterations: 20
--------------------------------------------------------------------
|               OPTIMIZING CANDIDATE TREE SET                      |
--------------------------------------------------------------------
Optimizing NNI: done in 0.078656 secs using 86.46% CPU
Optimizing NNI: done in 0.099036 secs using 81.47% CPU
Optimizing NNI: done in 0.119844 secs using 83.49% CPU
Optimizing NNI: done in 0.056715 secs using 87.26% CPU
Optimizing NNI: done in 0.0994852 secs using 69.1% CPU
Optimizing NNI: done in 0.0834231 secs using 82.47% CPU
Optimizing NNI: done in 0.0920241 secs using 79.21% CPU
Optimizing NNI: done in 0.083446 secs using 81.95% CPU
Optimizing NNI: done in 0.0899918 secs using 85.22% CPU
Optimizing NNI: done in 0.0780149 secs using 80.22% CPU
Iteration 30 / LogL: -7754.334 / Time: 0h:0m:2s (0h:0m:8s left)
Optimizing NNI: done in 0.0774038 secs using 84.47% CPU
Optimizing NNI: done in 0.063755 secs using 84.69% CPU
Optimizing NNI: done in 0.0803471 secs using 82.36% CPU
UPDATE BEST LOG-LIKELIHOOD: -7754.331
Optimizing NNI: done in 0.092679 secs using 72.4% CPU
Optimizing NNI: done in 0.106034 secs using 78.74% CPU
Optimizing NNI: done in 0.129659 secs using 83.94% CPU
Optimizing NNI: done in 0.0977371 secs using 83.39% CPU
Optimizing NNI: done in 0.0643549 secs using 88.06% CPU
Optimizing NNI: done in 0.05968 secs using 74.49% CPU
Optimizing NNI: done in 0.064044 secs using 81.21% CPU
UPDATE BEST LOG-LIKELIHOOD: -7754.331
Iteration 40 / LogL: -7754.331 / Time: 0h:0m:3s (0h:0m:7s left)
Optimizing NNI: done in 0.0817468 secs using 66.9% CPU
Optimizing NNI: done in 0.100414 secs using 79.95% CPU
Optimizing NNI: done in 0.067982 secs using 81.88% CPU
Optimizing NNI: done in 0.0823882 secs using 93.1% CPU
Optimizing NNI: done in 0.0808599 secs using 89.48% CPU
Optimizing NNI: done in 0.0898249 secs using 81.4% CPU
Optimizing NNI: done in 0.07377 secs using 75.19% CPU
Optimizing NNI: done in 0.101573 secs using 85.51% CPU
Optimizing NNI: done in 0.0757689 secs using 75.53% CPU
Optimizing NNI: done in 0.0526509 secs using 87.43% CPU
Iteration 50 / LogL: -7754.331 / Time: 0h:0m:4s (0h:0m:6s left)
Optimizing NNI: done in 0.090441 secs using 83.01% CPU
Optimizing NNI: done in 0.0927529 secs using 73.13% CPU
Optimizing NNI: done in 0.071789 secs using 82.99% CPU
Optimizing NNI: done in 0.117236 secs using 79.06% CPU
Optimizing NNI: done in 0.0621281 secs using 88.3% CPU
Optimizing NNI: done in 0.112274 secs using 80.07% CPU
Optimizing NNI: done in 0.0895121 secs using 78.26% CPU
Optimizing NNI: done in 0.090883 secs using 80.48% CPU
Optimizing NNI: done in 0.0686259 secs using 81.36% CPU
Optimizing NNI: done in 0.065114 secs using 79.49% CPU
Iteration 60 / LogL: -7754.331 / Time: 0h:0m:5s (0h:0m:5s left)
Optimizing NNI: done in 0.0984018 secs using 78.87% CPU
Optimizing NNI: done in 0.10643 secs using 82.64% CPU
Optimizing NNI: done in 0.0993731 secs using 84.48% CPU
Optimizing NNI: done in 0.0776269 secs using 75.89% CPU
Optimizing NNI: done in 0.070487 secs using 81.9% CPU
Optimizing NNI: done in 0.077076 secs using 79.44% CPU
Optimizing NNI: done in 0.098331 secs using 82.23% CPU
Optimizing NNI: done in 0.082669 secs using 85.74% CPU
Optimizing NNI: done in 0.0851951 secs using 90.73% CPU
Optimizing NNI: done in 0.099627 secs using 88.96% CPU
Iteration 70 / LogL: -7754.713 / Time: 0h:0m:6s (0h:0m:4s left)
Optimizing NNI: done in 0.113394 secs using 83.95% CPU
Optimizing NNI: done in 0.0584121 secs using 80.55% CPU
Optimizing NNI: done in 0.13188 secs using 76.23% CPU
Optimizing NNI: done in 0.0998261 secs using 84.29% CPU
Optimizing NNI: done in 0.0642848 secs using 79.62% CPU
Optimizing NNI: done in 0.074219 secs using 85.34% CPU
Optimizing NNI: done in 0.0697339 secs using 82.1% CPU
Optimizing NNI: done in 0.0729301 secs using 86.22% CPU
Optimizing NNI: done in 0.093776 secs using 79.4% CPU
Optimizing NNI: done in 0.0937111 secs using 79.7% CPU
Iteration 80 / LogL: -7754.333 / Time: 0h:0m:7s (0h:0m:3s left)
Optimizing NNI: done in 0.097038 secs using 76.67% CPU
Optimizing NNI: done in 0.103674 secs using 83.94% CPU
Optimizing NNI: done in 0.0720232 secs using 83.6% CPU
Optimizing NNI: done in 0.106351 secs using 86.35% CPU
Optimizing NNI: done in 0.126866 secs using 81.79% CPU
Optimizing NNI: done in 0.0543051 secs using 78.68% CPU
Optimizing NNI: done in 0.100412 secs using 69.54% CPU
Optimizing NNI: done in 0.054522 secs using 97.05% CPU
Optimizing NNI: done in 0.087667 secs using 81.57% CPU
Optimizing NNI: done in 0.0444779 secs using 83.65% CPU
Iteration 90 / LogL: -7754.331 / Time: 0h:0m:8s (0h:0m:2s left)
Optimizing NNI: done in 0.083761 secs using 78.11% CPU
Optimizing NNI: done in 0.0883951 secs using 83.17% CPU
Optimizing NNI: done in 0.0733559 secs using 79.59% CPU
Optimizing NNI: done in 0.076297 secs using 81.87% CPU
Optimizing NNI: done in 0.0893369 secs using 85.75% CPU
Optimizing NNI: done in 0.0739999 secs using 80.97% CPU
Optimizing NNI: done in 0.0762949 secs using 70.76% CPU
Optimizing NNI: done in 0.0962169 secs using 81.91% CPU
Optimizing NNI: done in 0.0789549 secs using 83.87% CPU
Optimizing NNI: done in 0.0676219 secs using 90.48% CPU
Iteration 100 / LogL: -7754.333 / Time: 0h:0m:8s (0h:0m:1s left)
Optimizing NNI: done in 0.039969 secs using 71.04% CPU
Optimizing NNI: done in 0.0866489 secs using 82.61% CPU
Optimizing NNI: done in 0.064137 secs using 85.36% CPU
Optimizing NNI: done in 0.0837419 secs using 85.8% CPU
Optimizing NNI: done in 0.10052 secs using 71.93% CPU
Optimizing NNI: done in 0.068908 secs using 79.15% CPU
Optimizing NNI: done in 0.095032 secs using 79.08% CPU
Optimizing NNI: done in 0.0674891 secs using 83.98% CPU
Optimizing NNI: done in 0.0741189 secs using 76.93% CPU
Optimizing NNI: done in 0.117109 secs using 80.31% CPU
Iteration 110 / LogL: -7763.835 / Time: 0h:0m:9s (0h:0m:0s left)
Optimizing NNI: done in 0.0872378 secs using 91.98% CPU
Optimizing NNI: done in 0.0683351 secs using 82.3% CPU
Optimizing NNI: done in 0.102227 secs using 77.85% CPU
Optimizing NNI: done in 0.086813 secs using 84.92% CPU
Optimizing NNI: done in 0.0967259 secs using 81.12% CPU
Optimizing NNI: done in 0.112239 secs using 77.28% CPU
Optimizing NNI: done in 0.0686381 secs using 79.2% CPU
Optimizing NNI: done in 0.102863 secs using 79.83% CPU
Optimizing NNI: done in 0.112027 secs using 82.79% CPU
Optimizing NNI: done in 0.0707691 secs using 80.51% CPU
Iteration 120 / LogL: -7754.339 / Time: 0h:0m:10s (0h:0m:0s left)
Optimizing NNI: done in 0.094239 secs using 84.99% CPU
TREE SEARCH COMPLETED AFTER 121 ITERATIONS / Time: 0h:0m:10s

--------------------------------------------------------------------
|                    FINALIZING TREE SEARCH                        |
--------------------------------------------------------------------
Performs final model parameters optimization
Estimate model parameters (epsilon = 0.010)
1. Initial log-likelihood: -7754.331
Optimal log-likelihood: -7754.331
Rate parameters:  A-C: 2.22313  A-G: 6.98842  A-T: 1.00000  C-G: 2.22313  C-T: 9.53719  G-T: 1.00000
Base frequencies:  A: 0.309  C: 0.203  G: 0.231  T: 0.257
Gamma shape alpha: 0.405
Parameters optimization took 1 rounds (0.017 sec)
BEST SCORE FOUND : -7754.331
Total tree length: 0.462

Total number of iterations: 121
CPU time used for tree search: 8.697 sec (0h:0m:8s)
Wall-clock time used for tree search: 10.769 sec (0h:0m:10s)
Total CPU time used: 8.757 sec (0h:0m:8s)
Total wall-clock time used: 10.858 sec (0h:0m:10s)

Analysis results written to: 
  IQ-TREE report:                /Users/user/Documents/AOC/results/PrimateACE2/PrimateACE2.1.codon.fas.iqtree
  Maximum-likelihood tree:       /Users/user/Documents/AOC/results/PrimateACE2/PrimateACE2.1.codon.fas.treefile
  Likelihood distances:          /Users/user/Documents/AOC/results/PrimateACE2/PrimateACE2.1.codon.fas.mldist
  Screen log file:               /Users/user/Documents/AOC/results/PrimateACE2/PrimateACE2.1.codon.fas.log

Date and Time: Thu Jan  4 23:56:37 2024
