IQ-TREE multicore version 2.2.2.3 COVID-edition for Linux 64-bit built May 16 2023
Developed by Bui Quang Minh, James Barbetti, Nguyen Lam Tung,
Olga Chernomor, Heiko Schmidt, Dominik Schrempf, Michael Woodhams, Ly Trong Nhan.

Host:    DESKTOP-2D1G59I (AVX2, FMA3, 15 GB RAM)
Command: iqtree -s /mnt/e/AOC/results/PrimateACE2/PrimateACE2.2.codon.fas -T AUTO
Seed:    258624 (Using SPRNG - Scalable Parallel Random Number Generator)
Time:    Sun Oct  1 19:05:22 2023
Kernel:  AVX+FMA - auto-detect threads (8 CPU cores detected)

Reading alignment file /mnt/e/AOC/results/PrimateACE2/PrimateACE2.2.codon.fas ... Fasta format detected
Reading fasta file: done in 0.0006618 secs
Alignment most likely contains DNA/RNA sequences
Constructing alignment: done in 0.0013624 secs
Alignment has 31 sequences with 588 columns, 213 distinct patterns
147 parsimony-informative, 103 singleton sites, 338 constant sites
                                                                                                                            Gap/Ambiguity  Composition  p-value
Analyzing sequences: done in 3.36e-05 secs
   1  XM_017512376_2_PREDICTED_Cebus_imitator_angiotensin_I_converting_enzyme_2_ACE2_transcript_variant_X1_mRNA_1                  10.20%    passed     98.95%
   2  XM_032285963_1_PREDICTED_Sapajus_apella_angiotensin_I_converting_enzyme_2_ACE2_transcript_variant_X1_mRNA_1                  10.20%    passed     97.92%
   3  XM_008988993_4_PREDICTED_Callithrix_jacchus_angiotensin_converting_enzyme_2_ACE2_mRNA_1                                      10.20%    passed     95.52%
   4  XM_012434682_2_PREDICTED_Aotus_nancymaae_angiotensin_I_converting_enzyme_2_ACE2_mRNA_1                                       10.20%    passed     95.28%
   5  XM_010336623_2_PREDICTED_Saimiri_boliviensis_boliviensis_angiotensin_converting_enzyme_2_ACE2_transcript_variant_X1_mRNA_1   10.20%    passed     98.73%
   6  XM_003791864_2_PREDICTED_Otolemur_garnettii_angiotensin_I_converting_enzyme_2_ACE2_mRNA_1                                    10.20%    passed     34.66%
   7  XM_053580366_1_PREDICTED_Nycticebus_coucang_angiotensin_converting_enzyme_2_ACE2_mRNA_1                                      10.20%    passed     75.70%
   8  XM_012638731_1_PREDICTED_Propithecus_coquereli_angiotensin_I_converting_enzyme_2_ACE2_transcript_variant_X1_mRNA_1           10.20%    passed     62.02%
   9  XM_020285237_1_PREDICTED_Microcebus_murinus_angiotensin_I_converting_enzyme_2_ACE2_mRNA_1                                     0.51%    passed     77.90%
  10  XM_045538336_1_PREDICTED_Lemur_catta_angiotensin_converting_enzyme_2_ACE2_mRNA_1                                             10.20%    passed     70.86%
  11  XM_008064619_1_PREDICTED_Carlito_syrichta_angiotensin_I_converting_enzyme_2_ACE2_mRNA_1                                      10.20%    passed     94.61%
  12  NM_001371415_1_Homo_sapiens_angiotensin_converting_enzyme_2_ACE2_transcript_variant_1_mRNA_1                                 10.20%    passed     94.80%
  13  XM_016942979_2_PREDICTED_Pan_troglodytes_angiotensin_converting_enzyme_2_ACE2_transcript_variant_X1_mRNA_1                   10.20%    passed     98.32%
  14  XM_008974180_2_PREDICTED_Pan_paniscus_angiotensin_I_converting_enzyme_2_ACE2_transcript_variant_X1_mRNA_1                    10.20%    passed     97.02%
  15  XM_019019204_1_PREDICTED_Gorilla_gorilla_gorilla_angiotensin_I_converting_enzyme_2_ACE2_mRNA_1                               10.20%    passed     98.66%
  16  XM_003261084_3_PREDICTED_Nomascus_leucogenys_angiotensin_I_converting_enzyme_2_ACE2_mRNA_1                                   10.20%    passed     98.97%
  17  XM_032756617_1_PREDICTED_Hylobates_moloch_angiotensin_I_converting_enzyme_2_ACE2_mRNA_1                                      10.20%    passed     97.02%
  18  NM_001131132_2_Pongo_abelii_angiotensin_converting_enzyme_2_ACE2_mRNA_1                                                      10.20%    passed     90.92%
  19  XM_054471966_1_PREDICTED_Pongo_pygmaeus_angiotensin_converting_enzyme_2_ACE2_transcript_variant_X1_mRNA_1                    10.20%    passed     91.97%
  20  XM_010366065_2_PREDICTED_Rhinopithecus_roxellana_angiotensin_I_converting_enzyme_2_ACE2_mRNA_1                               10.20%    passed     97.59%
  21  XM_017888580_1_PREDICTED_Rhinopithecus_bieti_angiotensin_I_converting_enzyme_2_ACE2_transcript_variant_X1_mRNA_1             10.20%    passed     97.40%
  22  XM_023199053_2_PREDICTED_Piliocolobus_tephrosceles_angiotensin_I_converting_enzyme_2_ACE2_mRNA_1                             10.20%    passed     92.68%
  23  XM_007991113_2_PREDICTED_Chlorocebus_sabaeus_angiotensin_I_converting_enzyme_2_ACE2_transcript_variant_X1_mRNA_1             10.20%    passed     88.13%
  24  XM_011995533_1_PREDICTED_Mandrillus_leucophaeus_angiotensin_I_converting_enzyme_2_ACE2_mRNA_1                                10.20%    passed     96.37%
  25  XM_012035808_1_PREDICTED_Cercocebus_atys_angiotensin_I_converting_enzyme_2_ACE2_transcript_variant_X1_mRNA_1                 10.20%    passed     97.15%
  26  XM_025372062_1_PREDICTED_Theropithecus_gelada_angiotensin_I_converting_enzyme_2_ACE2_mRNA_1                                  10.20%    passed     99.03%
  27  XM_021933040_1_PREDICTED_Papio_anubis_angiotensin_I_converting_enzyme_2_ACE2_transcript_variant_X1_mRNA_1                    10.20%    passed     98.78%
  28  NM_001135696_1_Macaca_mulatta_angiotensin_converting_enzyme_2_ACE2_mRNA_1                                                    10.20%    passed     94.93%
  29  XM_005593037_3_PREDICTED_Macaca_fascicularis_angiotensin_converting_enzyme_2_ACE2_mRNA_1                                     10.20%    passed     97.81%
  30  XM_011735203_2_PREDICTED_Macaca_nemestrina_angiotensin_I_converting_enzyme_2_ACE2_transcript_variant_X1_mRNA_1               10.20%    passed     96.74%
  31  XM_050777627_1_PREDICTED_Macaca_thibetana_thibetana_angiotensin_converting_enzyme_2_ACE2_transcript_variant_X1_mRNA_1        10.20%    passed     96.74%
****  TOTAL                                                                                                                         9.89%  0 sequences failed composition chi2 test (p-value<5%; df=3)
NOTE: XM_050777627_1_PREDICTED_Macaca_thibetana_thibetana_angiotensin_converting_enzyme_2_ACE2_transcript_variant_X1_mRNA_1 is identical to XM_011735203_2_PREDICTED_Macaca_nemestrina_angiotensin_I_converting_enzyme_2_ACE2_transcript_variant_X1_mRNA_1 but kept for subsequent analysis
Checking for duplicate sequences: done in 0.0003351 secs


Create initial parsimony tree by phylogenetic likelihood library (PLL)... 0.002 seconds
Measuring multi-threading efficiency up to 8 CPU cores
Increase to 10 rounds for branch lengths
359 trees examined
Threads: 1 / Time: 8.005 sec / Speedup: 1.000 / Efficiency: 100% / LogL: -4362
Threads: 2 / Time: 9.084 sec / Speedup: 0.881 / Efficiency: 44% / LogL: -4362
Determining AUTO threadcount: done in 17.1146 secs using 120.1% CPU
BEST NUMBER OF THREADS: 1

Perform fast likelihood tree search using GTR+I+G model...
Estimate model parameters (epsilon = 5.000)
Perform nearest neighbor interchange...
Optimizing NNI: done in 0.031744 secs using 98.44% CPU
Estimate model parameters (epsilon = 1.000)
1. Initial log-likelihood: -3019.257
Optimal log-likelihood: -3019.142
Rate parameters:  A-C: 2.38564  A-G: 5.61287  A-T: 1.12295  C-G: 2.88110  C-T: 5.76306  G-T: 1.00000
Base frequencies:  A: 0.300  C: 0.197  G: 0.227  T: 0.276
Proportion of invariable sites: 0.257
Gamma shape alpha: 3.129
Parameters optimization took 1 rounds (0.020 sec)
Time for fast ML tree search: 0.144 seconds

NOTE: ModelFinder requires 2 MB RAM!
ModelFinder will test up to 484 DNA models (sample size: 588) ...
 No. Model         -LnL         df  AIC          AICc         BIC
  1  GTR+F         3046.367     67  6226.734     6244.257     6519.975
  2  GTR+F+I       3023.090     68  6182.179     6200.260     6479.796
  3  GTR+F+G4      3017.699     68  6171.399     6189.480     6469.016
  4  GTR+F+I+G4    3018.993     69  6175.987     6194.635     6477.981
  5  GTR+F+R2      3018.300     69  6174.601     6193.249     6476.595
  6  GTR+F+R3      3017.669     71  6177.338     6197.151     6488.085
 14  GTR+F+I+R2    3019.123     70  6178.246     6197.472     6484.617
 15  GTR+F+I+R3    3017.704     72  6179.408     6199.820     6494.533
 25  SYM+G4        3027.607     65  6185.215     6201.652     6469.702
 26  SYM+I+G4      3029.049     66  6190.099     6207.074     6478.963
 27  SYM+R2        3027.596     66  6187.193     6204.168     6476.057
 47  TVM+F+G4      3017.691     67  6169.383     6186.906     6462.623
 48  TVM+F+I+G4    3019.073     68  6174.145     6192.226     6471.762
 49  TVM+F+R2      3018.298     68  6172.596     6190.677     6470.213
 69  TVMe+G4       3028.221     64  6184.442     6200.350     6464.552
 70  TVMe+I+G4     3029.507     65  6189.015     6205.452     6473.502
 71  TVMe+R2       3028.633     65  6187.266     6203.703     6471.753
 91  TIM3+F+G4     3018.092     66  6168.183     6185.158     6457.047
 92  TIM3+F+I+G4   3019.394     67  6172.787     6190.311     6466.028
 93  TIM3+F+R2     3018.627     67  6171.254     6188.777     6464.494
113  TIM3e+G4      3028.120     63  6182.241     6197.630     6457.974
114  TIM3e+I+G4    3029.567     64  6187.133     6203.042     6467.244
115  TIM3e+R2      3028.202     64  6184.403     6200.311     6464.514
135  TIM2+F+G4     3030.661     66  6193.323     6210.298     6482.187
136  TIM2+F+I+G4   3031.971     67  6197.941     6215.465     6491.182
137  TIM2+F+R2     3031.144     67  6196.287     6213.810     6489.528
157  TIM2e+G4      3034.681     63  6195.363     6210.752     6471.096
158  TIM2e+I+G4    3036.075     64  6200.150     6216.058     6480.260
159  TIM2e+R2      3034.548     64  6197.096     6213.004     6477.206
179  TIM+F+G4      3030.728     66  6193.456     6210.431     6482.320
180  TIM+F+I+G4    3032.027     67  6198.053     6215.577     6491.294
181  TIM+F+R2      3031.227     67  6196.455     6213.978     6489.696
201  TIMe+G4       3034.760     63  6195.520     6210.909     6471.254
202  TIMe+I+G4     3036.144     64  6200.288     6216.197     6480.399
203  TIMe+R2       3034.731     64  6197.463     6213.371     6477.573
223  TPM3u+F+G4    3018.091     65  6166.182     6182.619     6450.669
224  TPM3u+F+I+G4  3019.475     66  6170.950     6187.926     6459.814
225  TPM3u+F+R2    3018.715     66  6169.430     6186.405     6458.294
245  TPM3+G4       3028.728     62  6181.455     6196.335     6452.812
246  TPM3+I+G4     3030.018     63  6186.036     6201.426     6461.770
247  TPM3+R2       3029.129     63  6184.259     6199.648     6459.992
267  TPM2u+F+G4    3030.665     65  6191.329     6207.766     6475.816
268  TPM2u+F+I+G4  3031.973     66  6195.945     6212.920     6484.809
269  TPM2u+F+R2    3031.153     66  6194.305     6211.280     6483.169
289  TPM2+G4       3035.251     62  6194.502     6209.382     6465.859
290  TPM2+I+G4     3036.494     63  6198.988     6214.377     6474.721
291  TPM2+R2       3035.463     63  6196.927     6212.316     6472.660
311  K3Pu+F+G4     3030.731     65  6191.463     6207.900     6475.950
312  K3Pu+F+I+G4   3032.029     66  6196.059     6213.034     6484.923
313  K3Pu+F+R2     3031.236     66  6194.472     6211.447     6483.336
333  K3P+G4        3035.313     62  6194.627     6209.507     6465.984
334  K3P+I+G4      3036.550     63  6199.099     6214.488     6474.833
335  K3P+R2        3035.617     63  6197.234     6212.623     6472.968
355  TN+F+G4       3030.766     65  6191.532     6207.969     6476.020
356  TN+F+I+G4     3032.068     66  6196.136     6213.111     6485.000
357  TN+F+R2       3031.265     66  6194.530     6211.505     6483.394
377  TNe+G4        3034.893     62  6193.786     6208.666     6465.143
378  TNe+I+G4      3036.284     63  6198.567     6213.957     6474.301
379  TNe+R2        3034.858     63  6195.715     6211.105     6471.449
399  HKY+F+G4      3030.769     64  6189.538     6205.446     6469.649
400  HKY+F+I+G4    3032.070     65  6194.141     6210.578     6478.628
401  HKY+F+R2      3031.274     65  6192.548     6208.985     6477.035
421  K2P+G4        3035.450     61  6192.901     6207.281     6459.881
422  K2P+I+G4      3036.691     62  6197.382     6212.262     6468.739
423  K2P+R2        3035.751     62  6195.501     6210.381     6466.858
443  F81+F+G4      3097.803     63  6321.606     6336.995     6597.340
444  F81+F+I+G4    3099.007     64  6326.013     6341.922     6606.124
445  F81+F+R2      3098.479     64  6324.957     6340.866     6605.068
465  JC+G4         3101.476     60  6322.952     6336.842     6585.556
466  JC+I+G4       3102.736     61  6327.472     6341.853     6594.453
467  JC+R2         3102.010     61  6326.020     6340.400     6593.000
Akaike Information Criterion:           TPM3u+F+G4
Corrected Akaike Information Criterion: TPM3u+F+G4
Bayesian Information Criterion:         TPM3u+F+G4
Best-fit model: TPM3u+F+G4 chosen according to BIC

All model information printed to /mnt/e/AOC/results/PrimateACE2/PrimateACE2.2.codon.fas.model.gz
CPU time for ModelFinder: 24.297 seconds (0h:0m:24s)
Wall-clock time for ModelFinder: 21.265 seconds (0h:0m:21s)

NOTE: 0 MB RAM (0 GB) is required!
Estimate model parameters (epsilon = 0.100)
1. Initial log-likelihood: -3018.091
Optimal log-likelihood: -3018.090
Rate parameters:  A-C: 2.42882  A-G: 5.29553  A-T: 1.00000  C-G: 2.42882  C-T: 5.29553  G-T: 1.00000
Base frequencies:  A: 0.300  C: 0.197  G: 0.227  T: 0.276
Gamma shape alpha: 1.026
Parameters optimization took 1 rounds (0.010 sec)
Wrote distance file to... 
Computing ML distances based on estimated model parameters...
Calculating distance matrix: done in 0.0064958 secs
Computing ML distances took 0.007003 sec (of wall-clock time) 0.000000 sec (of CPU time)
Setting up auxiliary I and S matrices: done in 0.0001563 secs
Constructing RapidNJ tree: done in 0.0005403 secs
Computing RapidNJ tree took 0.032804 sec (of wall-clock time) 0.000000 sec (of CPU time)
Log-likelihood of RapidNJ tree: -3029.799
--------------------------------------------------------------------
|             INITIALIZING CANDIDATE TREE SET                      |
--------------------------------------------------------------------
Generating 98 parsimony trees... 0.220 second
Computing log-likelihood of 98 initial trees ... 0.331 seconds
Current best score: -3018.090

Do NNI search on 20 best initial trees
Optimizing NNI: done in 0.0147367 secs using 106% CPU
Estimate model parameters (epsilon = 0.100)
BETTER TREE FOUND at iteration 1: -3018.090
Optimizing NNI: done in 0.0284847 secs using 109.7% CPU
BETTER TREE FOUND at iteration 2: -3018.090
Optimizing NNI: done in 0.0289792 secs using 107.8% CPU
UPDATE BEST LOG-LIKELIHOOD: -3018.090
Optimizing NNI: done in 0.0303005 secs
Optimizing NNI: done in 0.0317939 secs using 98.29% CPU
UPDATE BEST LOG-LIKELIHOOD: -3018.090
Optimizing NNI: done in 0.0279469 secs using 111.8% CPU
Optimizing NNI: done in 0.0307496 secs using 101.6% CPU
Optimizing NNI: done in 0.0289625 secs using 107.9% CPU
UPDATE BEST LOG-LIKELIHOOD: -3018.090
Optimizing NNI: done in 0.0301512 secs using 51.82% CPU
Optimizing NNI: done in 0.0267333 secs using 116.9% CPU
Iteration 10 / LogL: -3018.090 / Time: 0h:0m:1s
Optimizing NNI: done in 0.0292378 secs using 53.44% CPU
Optimizing NNI: done in 0.0270482 secs
Optimizing NNI: done in 0.0286233 secs using 109.2% CPU
Optimizing NNI: done in 0.026489 secs
Optimizing NNI: done in 0.0306315 secs using 102% CPU
Optimizing NNI: done in 0.0308639 secs using 101.3% CPU
Optimizing NNI: done in 0.0266093 secs using 117.4% CPU
Optimizing NNI: done in 0.0289643 secs using 107.9% CPU
UPDATE BEST LOG-LIKELIHOOD: -3018.090
Optimizing NNI: done in 0.0254588 secs using 122.7% CPU
Optimizing NNI: done in 0.0333508 secs using 140.6% CPU
Iteration 20 / LogL: -3018.090 / Time: 0h:0m:1s
Finish initializing candidate tree set (5)
Current best tree score: -3018.090 / CPU time: 1.234
Number of iterations: 20
--------------------------------------------------------------------
|               OPTIMIZING CANDIDATE TREE SET                      |
--------------------------------------------------------------------
Optimizing NNI: done in 0.0586041 secs using 106.6% CPU
Optimizing NNI: done in 0.0470571 secs using 99.61% CPU
Optimizing NNI: done in 0.0531057 secs using 88.27% CPU
Optimizing NNI: done in 0.061256 secs using 102% CPU
Optimizing NNI: done in 0.0488545 secs using 63.97% CPU
Optimizing NNI: done in 0.0581441 secs using 80.62% CPU
Optimizing NNI: done in 0.0743334 secs using 105.1% CPU
UPDATE BEST LOG-LIKELIHOOD: -3018.090
Optimizing NNI: done in 0.0523095 secs using 89.61% CPU
Optimizing NNI: done in 0.115267 secs using 67.78% CPU
Optimizing NNI: done in 0.0573789 secs using 108.9% CPU
Iteration 30 / LogL: -3060.420 / Time: 0h:0m:2s (0h:0m:4s left)
Optimizing NNI: done in 0.063139 secs using 49.49% CPU
Optimizing NNI: done in 0.0756242 secs using 103.3% CPU
Optimizing NNI: done in 0.0636794 secs using 73.61% CPU
Optimizing NNI: done in 0.0586453 secs using 79.93% CPU
Optimizing NNI: done in 0.0911592 secs using 68.56% CPU
Optimizing NNI: done in 0.0551275 secs using 113.4% CPU
Optimizing NNI: done in 0.0925586 secs using 67.52% CPU
Optimizing NNI: done in 0.0423752 secs using 110.6% CPU
Optimizing NNI: done in 0.0554443 secs using 84.54% CPU
Optimizing NNI: done in 0.0498113 secs using 125.5% CPU
Iteration 40 / LogL: -3018.091 / Time: 0h:0m:2s (0h:0m:4s left)
Optimizing NNI: done in 0.0693996 secs using 90.06% CPU
Optimizing NNI: done in 0.0618285 secs using 101.1% CPU
Optimizing NNI: done in 0.0466702 secs using 100.4% CPU
Optimizing NNI: done in 0.054206 secs using 57.65% CPU
Optimizing NNI: done in 0.0726004 secs using 107.6% CPU
Optimizing NNI: done in 0.0472858 secs using 66.09% CPU
Optimizing NNI: done in 0.0622988 secs using 100.3% CPU
Optimizing NNI: done in 0.0798525 secs using 97.84% CPU
Optimizing NNI: done in 0.0578866 secs using 80.98% CPU
Optimizing NNI: done in 0.0589309 secs using 79.54% CPU
Iteration 50 / LogL: -3018.090 / Time: 0h:0m:3s (0h:0m:3s left)
Optimizing NNI: done in 0.0728446 secs using 85.8% CPU
Optimizing NNI: done in 0.0706139 secs using 66.38% CPU
Optimizing NNI: done in 0.0500941 secs using 93.57% CPU
Optimizing NNI: done in 0.0634286 secs using 98.54% CPU
Optimizing NNI: done in 0.060281 secs using 77.76% CPU
Optimizing NNI: done in 0.0698755 secs using 89.44% CPU
Optimizing NNI: done in 0.047402 secs using 98.89% CPU
Optimizing NNI: done in 0.0733685 secs using 106.5% CPU
Optimizing NNI: done in 0.0589607 secs using 79.5% CPU
Optimizing NNI: done in 0.0679969 secs using 91.92% CPU
Iteration 60 / LogL: -3018.090 / Time: 0h:0m:3s (0h:0m:2s left)
Optimizing NNI: done in 0.0650239 secs using 96.12% CPU
Optimizing NNI: done in 0.0645343 secs using 72.64% CPU
Optimizing NNI: done in 0.0505621 secs using 30.9% CPU
Optimizing NNI: done in 0.0689245 secs using 90.68% CPU
Optimizing NNI: done in 0.0896356 secs using 104.6% CPU
Optimizing NNI: done in 0.0997334 secs using 94% CPU
Optimizing NNI: done in 0.0590103 secs using 105.9% CPU
Optimizing NNI: done in 0.076105 secs using 102.7% CPU
Optimizing NNI: done in 0.0568914 secs using 82.39% CPU
Optimizing NNI: done in 0.0431157 secs using 72.48% CPU
Iteration 70 / LogL: -3018.092 / Time: 0h:0m:4s (0h:0m:2s left)
Optimizing NNI: done in 0.0604746 secs using 51.67% CPU
Optimizing NNI: done in 0.0501849 secs using 124.5% CPU
Optimizing NNI: done in 0.0840596 secs using 55.76% CPU
Optimizing NNI: done in 0.0508491 secs using 92.18% CPU
Optimizing NNI: done in 0.0605511 secs using 77.41% CPU
Optimizing NNI: done in 0.0627238 secs using 74.73% CPU
Optimizing NNI: done in 0.0496755 secs using 94.36% CPU
UPDATE BEST LOG-LIKELIHOOD: -3018.090
Optimizing NNI: done in 0.0605823 secs using 77.37% CPU
UPDATE BEST LOG-LIKELIHOOD: -3018.090
Optimizing NNI: done in 0.077028 secs using 101.4% CPU
Optimizing NNI: done in 0.0656164 secs using 95.25% CPU
Iteration 80 / LogL: -3018.091 / Time: 0h:0m:5s (0h:0m:1s left)
Optimizing NNI: done in 0.10577 secs using 88.64% CPU
Optimizing NNI: done in 0.0601558 secs using 103.9% CPU
Optimizing NNI: done in 0.0719743 secs using 108.5% CPU
Optimizing NNI: done in 0.0674211 secs using 92.7% CPU
Optimizing NNI: done in 0.0483908 secs using 96.87% CPU
Optimizing NNI: done in 0.0539561 secs using 115.8% CPU
Optimizing NNI: done in 0.0631662 secs using 98.95% CPU
Optimizing NNI: done in 0.0626353 secs using 99.78% CPU
Optimizing NNI: done in 0.0719203 secs using 108.6% CPU
Optimizing NNI: done in 0.0785426 secs using 79.57% CPU
Iteration 90 / LogL: -3018.090 / Time: 0h:0m:6s (0h:0m:0s left)
Optimizing NNI: done in 0.0473765 secs using 98.94% CPU
Optimizing NNI: done in 0.0536717 secs using 58.22% CPU
Optimizing NNI: done in 0.0837209 secs using 74.65% CPU
Optimizing NNI: done in 0.0977431 secs using 95.91% CPU
Optimizing NNI: done in 0.05871 secs using 106.5% CPU
Optimizing NNI: done in 0.046709 secs using 100.4% CPU
Optimizing NNI: done in 0.064913 secs using 96.28% CPU
Optimizing NNI: done in 0.0905535 secs using 103.5% CPU
Optimizing NNI: done in 0.0621599 secs using 50.27% CPU
Optimizing NNI: done in 0.101447 secs using 46.21% CPU
Iteration 100 / LogL: -3018.090 / Time: 0h:0m:6s (0h:0m:0s left)
Optimizing NNI: done in 0.083278 secs using 93.81% CPU
Optimizing NNI: done in 0.069181 secs using 67.76% CPU
Optimizing NNI: done in 0.0495719 secs using 63.04% CPU
TREE SEARCH COMPLETED AFTER 103 ITERATIONS / Time: 0h:0m:7s

--------------------------------------------------------------------
|                    FINALIZING TREE SEARCH                        |
--------------------------------------------------------------------
Performs final model parameters optimization
Estimate model parameters (epsilon = 0.010)
1. Initial log-likelihood: -3018.090
Optimal log-likelihood: -3018.090
Rate parameters:  A-C: 2.42869  A-G: 5.29495  A-T: 1.00000  C-G: 2.42869  C-T: 5.29495  G-T: 1.00000
Base frequencies:  A: 0.300  C: 0.197  G: 0.227  T: 0.276
Gamma shape alpha: 1.026
Parameters optimization took 1 rounds (0.011 sec)
BEST SCORE FOUND : -3018.090
Total tree length: 0.876

Total number of iterations: 103
CPU time used for tree search: 5.953 sec (0h:0m:5s)
Wall-clock time used for tree search: 6.892 sec (0h:0m:6s)
Total CPU time used: 6.016 sec (0h:0m:6s)
Total wall-clock time used: 7.026 sec (0h:0m:7s)

Analysis results written to: 
  IQ-TREE report:                /mnt/e/AOC/results/PrimateACE2/PrimateACE2.2.codon.fas.iqtree
  Maximum-likelihood tree:       /mnt/e/AOC/results/PrimateACE2/PrimateACE2.2.codon.fas.treefile
  Likelihood distances:          /mnt/e/AOC/results/PrimateACE2/PrimateACE2.2.codon.fas.mldist
  Screen log file:               /mnt/e/AOC/results/PrimateACE2/PrimateACE2.2.codon.fas.log

Date and Time: Sun Oct  1 19:05:50 2023
