
# Average sequence length is (PROTEIN AA ungapped): 810.0625
# Average sequence length is (NUCLEOTIDE NUC): 2430.1875


# Processing: NP_001358344.1 angiotensin-converting enzyme 2 isoform 1 precursor [Homo sapiens]
# Species: Homo sapiens
# Match: NM_001371415.1 Homo sapiens angiotensin converting enzyme 2 (ACE2), transcript variant 1, mRNA 



# Processing: XP_016798468.1 angiotensin-converting enzyme 2 isoform X1 [Pan troglodytes]
# Species: Pan troglodytes
# Match: XM_016942979.2 PREDICTED: Pan troglodytes angiotensin converting enzyme 2 (ACE2), transcript variant X1, mRNA 



# Processing: NP_001129168.1 angiotensin-converting enzyme 2 precursor [Macaca mulatta]
# Species: Macaca mulatta
# Match: NM_001135696.1 Macaca mulatta angiotensin converting enzyme 2 (ACE2), mRNA 



# Processing: NP_001124604.1 angiotensin-converting enzyme 2 precursor [Pongo abelii]
# Species: Pongo abelii
# Match: NM_001131132.2 Pongo abelii angiotensin converting enzyme 2 (ACE2), mRNA 



# Processing: XP_008987241.1 angiotensin-converting enzyme 2 [Callithrix jacchus]
# Species: Callithrix jacchus
# Match: XM_008988993.4 PREDICTED: Callithrix jacchus angiotensin converting enzyme 2 (ACE2), mRNA 



# Processing: XP_003261132.2 angiotensin-converting enzyme 2 [Nomascus leucogenys]
# Species: Nomascus leucogenys
# Match: XM_003261084.3 PREDICTED: Nomascus leucogenys angiotensin I converting enzyme 2 (ACE2), mRNA 



# Processing: XP_003791912.1 angiotensin-converting enzyme 2 [Otolemur garnettii]
# Species: Otolemur garnettii
# Match: XM_003791864.2 PREDICTED: Otolemur garnettii angiotensin I converting enzyme 2 (ACE2), mRNA 



# Processing: XP_008972428.2 angiotensin-converting enzyme 2 isoform X1 [Pan paniscus]
# Species: Pan paniscus
# Match: XM_008974180.2 PREDICTED: Pan paniscus angiotensin I converting enzyme 2 (ACE2), transcript variant X1, mRNA 



# Processing: XP_021788732.1 angiotensin-converting enzyme 2 [Papio anubis]
# Species: Papio anubis
# Match: XM_021933040.1 PREDICTED: Papio anubis angiotensin I converting enzyme 2 (ACE2), transcript variant X1, mRNA 



# Processing: XP_010334925.2 angiotensin-converting enzyme 2 isoform X1 [Saimiri boliviensis boliviensis]
# Species: Saimiri boliviensis boliviensis
# Match: XM_010336623.2 PREDICTED: Saimiri boliviensis boliviensis angiotensin converting enzyme 2 (ACE2), transcript variant X1, mRNA 



# Processing: XP_018874749.1 angiotensin-converting enzyme 2 [Gorilla gorilla gorilla]
# Species: Gorilla gorilla gorilla
# Match: XM_019019204.1 PREDICTED: Gorilla gorilla gorilla angiotensin I converting enzyme 2 (ACE2), mRNA 



# Processing: XP_005593094.2 angiotensin-converting enzyme 2 [Macaca fascicularis]
# Species: Macaca fascicularis
# Match: XM_005593037.3 PREDICTED: Macaca fascicularis angiotensin converting enzyme 2 (ACE2), mRNA 



# Processing: XP_007989304.2 angiotensin-converting enzyme 2 [Chlorocebus sabaeus]
# Species: Chlorocebus sabaeus
# Match: XM_007991113.2 PREDICTED: Chlorocebus sabaeus angiotensin I converting enzyme 2 (ACE2), transcript variant X1, mRNA 



# Processing: XP_008062810.1 angiotensin-converting enzyme 2 [Carlito syrichta]
# Species: Carlito syrichta
# Match: XM_008064619.1 PREDICTED: Carlito syrichta angiotensin I converting enzyme 2 (ACE2), mRNA 



# Processing: XP_010364367.2 angiotensin-converting enzyme 2 [Rhinopithecus roxellana]
# Species: Rhinopithecus roxellana
# Match: XM_010366065.2 PREDICTED: Rhinopithecus roxellana angiotensin I converting enzyme 2 (ACE2), mRNA 



# Processing: XP_011733505.1 angiotensin-converting enzyme 2 [Macaca nemestrina]
# Species: Macaca nemestrina
# Match: XM_011735203.2 PREDICTED: Macaca nemestrina angiotensin I converting enzyme 2 (ACE2), transcript variant X1, mRNA 



# Processing: XP_011850923.1 PREDICTED: angiotensin-converting enzyme 2 [Mandrillus leucophaeus]
# Species: Mandrillus leucophaeus
# Match: XM_011995533.1 PREDICTED: Mandrillus leucophaeus angiotensin I converting enzyme 2 (ACE2), mRNA 



# Processing: XP_011891198.1 PREDICTED: angiotensin-converting enzyme 2 [Cercocebus atys]
# Species: Cercocebus atys
# Match: XM_012035808.1 PREDICTED: Cercocebus atys angiotensin I converting enzyme 2 (ACE2), transcript variant X1, mRNA 



# Processing: XP_012290105.1 angiotensin-converting enzyme 2 [Aotus nancymaae]
# Species: Aotus nancymaae
# Match: XM_012434682.2 PREDICTED: Aotus nancymaae angiotensin I converting enzyme 2 (ACE2), mRNA 



# Processing: XP_012494185.1 PREDICTED: angiotensin-converting enzyme 2 [Propithecus coquereli]
# Species: Propithecus coquereli
# Match: XM_012638731.1 PREDICTED: Propithecus coquereli angiotensin I converting enzyme 2 (ACE2), transcript variant X1, mRNA 



# Processing: XP_020140826.1 angiotensin-converting enzyme 2 [Microcebus murinus]
# Species: Microcebus murinus
# Match: XM_020285237.1 PREDICTED: Microcebus murinus angiotensin I converting enzyme 2 (ACE2), mRNA 



# Processing: XP_017367865.1 angiotensin-converting enzyme 2 [Cebus imitator]
# Species: Cebus imitator
# Match: XM_017512376.2 PREDICTED: Cebus imitator angiotensin I converting enzyme 2 (ACE2), transcript variant X1, mRNA 



# Processing: XP_017744069.1 PREDICTED: angiotensin-converting enzyme 2 [Rhinopithecus bieti]
# Species: Rhinopithecus bieti
# Match: XM_017888580.1 PREDICTED: Rhinopithecus bieti angiotensin I converting enzyme 2 (ACE2), transcript variant X1, mRNA 



# Processing: XP_023054821.1 angiotensin-converting enzyme 2 [Piliocolobus tephrosceles]
# Species: Piliocolobus tephrosceles
# Match: XM_023199053.2 PREDICTED: Piliocolobus tephrosceles angiotensin I converting enzyme 2 (ACE2), mRNA 



# Processing: XP_025227847.1 angiotensin-converting enzyme 2 [Theropithecus gelada]
# Species: Theropithecus gelada
# Match: XM_025372062.1 PREDICTED: Theropithecus gelada angiotensin I converting enzyme 2 (ACE2), mRNA 



# Processing: XP_032141854.1 angiotensin-converting enzyme 2 [Sapajus apella]
# Species: Sapajus apella
# Match: XM_032285963.1 PREDICTED: Sapajus apella angiotensin I converting enzyme 2 (ACE2), transcript variant X1, mRNA 



# Processing: XP_032612508.1 angiotensin-converting enzyme 2 [Hylobates moloch]
# Species: Hylobates moloch
# Match: XM_032756617.1 PREDICTED: Hylobates moloch angiotensin I converting enzyme 2 (ACE2), mRNA 



# Processing: XP_033056809.1 LOW QUALITY PROTEIN: angiotensin-converting enzyme 2 [Trachypithecus francoisi]
# Skipping this sequence due to quality issues XP_033056809.1 LOW QUALITY PROTEIN: angiotensin-converting enzyme 2 [Trachypithecus francoisi]


# Processing: XP_045394292.1 angiotensin-converting enzyme 2 [Lemur catta]
# Species: Lemur catta
# Match: XM_045538336.1 PREDICTED: Lemur catta angiotensin converting enzyme 2 (ACE2), mRNA 



# Processing: XP_050633584.1 angiotensin-converting enzyme 2 [Macaca thibetana thibetana]
# Species: Macaca thibetana thibetana
# Match: XM_050777627.1 PREDICTED: Macaca thibetana thibetana angiotensin converting enzyme 2 (ACE2), transcript variant X1, mRNA 



# Processing: XP_053436341.1 angiotensin-converting enzyme 2 [Nycticebus coucang]
# Species: Nycticebus coucang
# Match: XM_053580366.1 PREDICTED: Nycticebus coucang angiotensin converting enzyme 2 (ACE2), mRNA 



# Processing: XP_054327941.1 angiotensin-converting enzyme 2 isoform X1 [Pongo pygmaeus]
# Species: Pongo pygmaeus
# Match: XM_054471966.1 PREDICTED: Pongo pygmaeus angiotensin converting enzyme 2 (ACE2), transcript variant X1, mRNA 

# Writing data to: /Users/alex/Documents/AutomatedOrthologCharacterization/results/PrimateACE2/PrimateACE2
--- The following had no matches
