IQ-TREE multicore version 2.1.2 COVID-edition for Linux 64-bit built Mar 30 2021
Developed by Bui Quang Minh, James Barbetti, Nguyen Lam Tung,
Olga Chernomor, Heiko Schmidt, Dominik Schrempf, Michael Woodhams.

Host:    n7 (AVX2, FMA3, 125 GB RAM)
Command: iqtree -s results/BDNF/Recombinants/BDNF_codons_RDP_recombinationFree.fas -T AUTO
Seed:    737960 (Using SPRNG - Scalable Parallel Random Number Generator)
Time:    Tue Aug 31 16:53:26 2021
Kernel:  AVX+FMA - auto-detect threads (8 CPU cores detected)

Reading alignment file results/BDNF/Recombinants/BDNF_codons_RDP_recombinationFree.fas ... Fasta format detected
Alignment most likely contains DNA/RNA sequences
WARNING: 112 sites contain only gaps or ambiguous characters.
Alignment has 132 sequences with 1347 columns, 698 distinct patterns
484 parsimony-informative, 118 singleton sites, 745 constant sites
                                                    Gap/Ambiguity  Composition  p-value
   1  NM_001709_5_Homo_sapiens_brain_derived_neurotrophi   44.99%    passed     34.97%
   2  NM_001270630_1_Rattus_norvegicus_brain_derived_neu   28.95%    passed      9.83%
   3  NM_001048142_1_Mus_musculus_brain_derived_neurotro   44.54%    passed     87.08%
   4  XM_015114598_2_PREDICTED_Macaca_mulatta_brain_deri   32.29%    passed     94.08%
   5  XM_005654684_3_PREDICTED_Sus_scrofa_brain_derived_   42.09%    passed     96.14%
   6  NM_001009828_1_Felis_catus_brain_derived_neurotrop   44.99%    passed     98.32%
   7  XM_005216334_4_PREDICTED_Bos_taurus_brain_derived_   42.54%    passed     72.99%
   8  XM_038429434_1_PREDICTED_Canis_lupus_familiaris_br   43.21%    passed     92.63%
   9  XM_007653166_4_PREDICTED_Cricetulus_griseus_brain_   38.75%    passed     79.68%
  10  NM_001012441_1_Pan_troglodytes_brain_derived_neuro   44.99%    passed     47.54%
  11  XM_011226480_3_PREDICTED_Ailuropoda_melanoleuca_br   34.97%    passed     65.81%
  12  XM_007497196_2_PREDICTED_Monodelphis_domestica_bra   39.42%    passed     10.47%
  13  NM_001081787_1_Equus_caballus_brain_derived_neurot   44.99%    passed     77.25%
  14  XM_012096129_4_PREDICTED_Ovis_aries_brain_derived_   44.32%    passed     54.68%
  15  XM_029555090_1_PREDICTED_Nannospalax_galili_brain_   39.05%    passed     84.20%
  16  XM_009007854_3_PREDICTED_Callithrix_jacchus_brain_   89.38%    failed      4.34%
  17  XM_031944159_1_PREDICTED_Sarcophilus_harrisii_brai   43.43%    passed     99.71%
  18  XM_020977976_1_PREDICTED_Phascolarctos_cinereus_br   38.98%    passed     23.81%
  19  XM_036763631_1_PREDICTED_Trichosurus_vulpecula_bra   45.21%    passed     37.52%
  20  XM_027852578_1_PREDICTED_Vombatus_ursinus_brain_de   45.21%    passed     31.18%
  21  XM_040980297_1_PREDICTED_Ochotona_curzoniae_brain_   43.21%    passed     34.84%
  22  XM_004585440_1_PREDICTED_Ochotona_princeps_brain_d   43.21%    passed     22.19%
  23  XM_013019592_1_PREDICTED_Dipodomys_ordii_brain_der   71.42%    failed      0.27%
  24  XM_020177315_1_PREDICTED_Castor_canadensis_brain_d   27.69%    passed     30.53%
  25  XM_021151236_2_PREDICTED_Mus_caroli_brain_derived_   29.03%    passed     32.62%
  26  XM_021192829_2_PREDICTED_Mus_pahari_brain_derived_   29.03%    passed     53.70%
  27  XM_004660846_2_PREDICTED_Jaculus_jaculus_brain_der   43.21%    passed     88.89%
  28  XM_032903861_1_PREDICTED_Rattus_rattus_brain_deriv   28.95%    passed     13.13%
  29  XM_031371313_1_PREDICTED_Mastomys_coucha_brain_der   76.99%    failed      0.06%
  30  XM_037204438_1_PREDICTED_Peromyscus_leucopus_brain   53.16%    passed     58.52%
  31  XM_013147262_2_PREDICTED_Cavia_porcellus_brain_der   41.43%    failed      0.73%
  32  XM_005401751_2_PREDICTED_Chinchilla_lanigera_brain   42.76%    failed      3.93%
  33  XM_004644113_2_PREDICTED_Octodon_degus_brain_deriv   42.76%    failed      4.90%
  34  XM_004851581_3_PREDICTED_Heterocephalus_glaber_bra   41.87%    failed      3.10%
  35  XM_033764060_1_PREDICTED_Fukomys_damarensis_brain_   45.81%    failed      0.00%
  36  XM_015476449_1_PREDICTED_Marmota_marmota_marmota_b   35.19%    passed     22.27%
  37  XM_040284582_1_PREDICTED_Ictidomys_tridecemlineatu   42.32%    passed     74.84%
  38  XM_026412272_1_PREDICTED_Urocitellus_parryii_brain   38.60%    passed     73.71%
  39  XM_027936596_1_PREDICTED_Marmota_flaviventris_brai   42.98%    passed     84.44%
  40  XM_015544869_1_PREDICTED_Panthera_tigris_altaica_b   44.99%    passed     88.56%
  41  XM_030333208_1_PREDICTED_Lynx_canadensis_brain_der   42.17%    passed     73.33%
  42  XM_026512203_1_PREDICTED_Ursus_arctos_horribilis_b   44.99%    passed     95.84%
  43  XM_004408653_1_PREDICTED_Odobenus_rosmarus_diverge   43.21%    passed     78.24%
  44  XM_039217098_1_PREDICTED_Hyaena_hyaena_brain_deriv   44.99%    passed     61.69%
  45  XM_029957152_1_PREDICTED_Suricata_suricatta_brain_   43.21%    passed     90.73%
  46  XM_041730708_1_PREDICTED_Vulpes_lagopus_brain_deri   44.99%    passed     89.27%
  47  XM_026018600_1_PREDICTED_Vulpes_vulpes_brain_deriv   43.21%    passed     89.81%
  48  XM_025879326_1_PREDICTED_Callorhinus_ursinus_brain   44.99%    passed     77.80%
  49  XM_028117708_1_PREDICTED_Eumetopias_jubatus_brain_   44.99%    passed     74.50%
  50  XM_027577807_1_PREDICTED_Zalophus_californianus_br   43.21%    passed     66.71%
  51  XM_021685880_1_PREDICTED_Neomonachus_schauinslandi   44.99%    passed     81.22%
  52  XM_036109493_1_PREDICTED_Halichoerus_grypus_brain_   43.21%    passed     72.18%
  53  XM_031025064_1_PREDICTED_Leptonychotes_weddellii_b   43.21%    passed     70.64%
  54  XM_035012477_1_PREDICTED_Mirounga_leonina_brain_de   44.99%    passed     94.08%
  55  XM_032414183_1_PREDICTED_Phoca_vitulina_brain_deri   40.01%    passed     40.37%
  56  XM_020903256_1_PREDICTED_Odocoileus_virginianus_te   42.54%    passed     41.11%
  57  XM_010831788_1_PREDICTED_Bison_bison_bison_brain_d   44.32%    passed     62.28%
  58  XM_005890667_2_PREDICTED_Bos_mutus_brain_derived_n   42.54%    passed     70.88%
  59  XM_019974522_1_PREDICTED_Bos_indicus_brain_derived   54.86%    passed     65.86%
  60  XM_006068006_2_PREDICTED_Bubalus_bubalis_brain_der   44.32%    passed     74.26%
  61  XM_040258919_1_PREDICTED_Oryx_dammah_brain_derived   44.32%    passed     49.48%
  62  XM_005690025_2_PREDICTED_Capra_hircus_brain_derive   42.54%    passed     68.36%
  63  XM_031681074_1_PREDICTED_Vicugna_pacos_brain_deriv   45.58%    passed     33.10%
  64  XM_006195083_3_PREDICTED_Camelus_ferus_brain_deriv   45.58%    passed     35.42%
  65  XM_010964743_1_PREDICTED_Camelus_bactrianus_brain_   43.21%    passed     42.60%
  66  XM_031459858_1_PREDICTED_Camelus_dromedarius_brain   27.02%    passed     65.11%
  67  XM_024764694_1_PREDICTED_Neophocaena_asiaeoriental   44.77%    passed     67.31%
  68  XM_007180991_1_PREDICTED_Balaenoptera_acutorostrat   42.98%    passed     79.83%
  69  XM_007461679_1_PREDICTED_Lipotes_vexillifer_brain_   42.98%    passed     88.23%
  70  XM_027115138_1_PREDICTED_Lagenorhynchus_obliquiden   42.98%    passed     75.09%
  71  XM_032641481_1_PREDICTED_Phocoena_sinus_brain_deri   46.33%    passed     52.10%
  72  XM_029207934_1_PREDICTED_Monodon_monoceros_brain_d   44.99%    passed     70.55%
  73  XM_022583733_1_PREDICTED_Delphinapterus_leucas_bra   32.22%    passed     90.36%
  74  XM_028501134_1_PREDICTED_Physeter_catodon_brain_de   47.59%    passed     64.96%
  75  XM_036862552_1_PREDICTED_Balaenoptera_musculus_bra   42.98%    passed     78.00%
  76  XM_016194241_1_PREDICTED_Erinaceus_europaeus_brain   45.21%    passed     50.41%
  77  XM_004682964_2_PREDICTED_Condylura_cristata_brain_   43.43%    passed     98.67%
  78  XM_037522538_1_PREDICTED_Talpa_occidentalis_brain_   43.43%    passed     95.64%
  79  XM_011362565_2_PREDICTED_Pteropus_vampyrus_brain_d   43.21%    passed     96.71%
  80  XM_039866065_1_PREDICTED_Pteropus_giganteus_brain_   46.84%    passed     92.11%
  81  XM_006907988_2_PREDICTED_Pteropus_alecto_brain_der   43.21%    passed     94.01%
  82  XM_033118944_1_PREDICTED_Rhinolophus_ferrumequinum   37.64%    passed     45.72%
  83  XM_037040421_1_PREDICTED_Sturnira_hondurensis_brai   44.99%    passed     90.27%
  84  XM_037146035_1_PREDICTED_Artibeus_jamaicensis_brai   44.99%    passed     95.10%
  85  XM_024558903_1_PREDICTED_Desmodus_rotundus_brain_d   43.21%    passed     77.07%
  86  XM_028517638_2_PREDICTED_Phyllostomus_discolor_bra   44.99%    passed     85.30%
  87  XM_016206154_1_PREDICTED_Miniopterus_natalensis_br   41.87%    failed      3.22%
  88  XM_019650718_1_PREDICTED_Hipposideros_armiger_brai   41.65%    passed     89.21%
  89  XM_036427676_1_PREDICTED_Pipistrellus_kuhlii_brain   30.51%    passed     44.15%
  90  XM_008148947_2_PREDICTED_Eptesicus_fuscus_brain_de   42.54%    passed     31.55%
  91  XM_014545223_1_PREDICTED_Myotis_brandtii_brain_der   35.12%    passed     92.74%
  92  XM_006753948_2_PREDICTED_Myotis_davidii_brain_deri   43.21%    passed     78.52%
  93  XM_036325692_1_PREDICTED_Myotis_myotis_brain_deriv   42.54%    passed     81.00%
  94  XM_023756374_1_PREDICTED_Myotis_lucifugus_brain_de   43.21%    passed     81.97%
  95  XM_036258707_1_PREDICTED_Molossus_molossus_brain_d   35.19%    passed     65.53%
  96  XM_014831462_1_PREDICTED_Equus_asinus_brain_derive   44.99%    passed     73.90%
  97  XM_036879079_1_PREDICTED_Manis_pentadactyla_brain_   43.21%    passed     93.34%
  98  XM_017667612_2_PREDICTED_Manis_javanica_brain_deri   43.21%    passed     88.55%
  99  XM_008584165_1_PREDICTED_Galeopterus_variegatus_br   34.82%    passed     90.08%
 100  XM_014591303_2_PREDICTED_Tupaia_chinensis_brain_de   44.99%    passed     93.78%
 101  XM_011936307_1_PREDICTED_Colobus_angolensis_pallia   32.29%    passed     95.19%
 102  XM_008003703_2_PREDICTED_Chlorocebus_sabaeus_brain   32.29%    passed     94.21%
 103  XM_012031697_1_PREDICTED_Cercocebus_atys_brain_der   32.29%    passed     91.14%
 104  XM_017948537_3_PREDICTED_Papio_anubis_brain_derive   32.29%    passed     94.31%
 105  XM_011964715_1_PREDICTED_Mandrillus_leucophaeus_br   32.29%    passed     92.09%
 106  XM_033205475_1_PREDICTED_Trachypithecus_francoisi_   32.29%    passed     90.78%
 107  XM_017858805_1_PREDICTED_Rhinopithecus_bieti_brain   32.29%    passed     93.41%
 108  XM_010374529_2_PREDICTED_Rhinopithecus_roxellana_b   32.29%    passed     94.48%
 109  XM_023230347_2_PREDICTED_Piliocolobus_tephrosceles   45.58%    passed     46.49%
 110  XM_004050851_2_PREDICTED_Gorilla_gorilla_gorilla_b   45.58%    passed     50.75%
 111  XM_034932318_1_PREDICTED_Pan_paniscus_brain_derive   40.68%    passed     36.29%
 112  XM_002821931_2_PREDICTED_Pongo_abelii_brain_derive   32.29%    passed     93.53%
 113  XM_003254347_2_PREDICTED_Nomascus_leucogenys_brain   32.29%    passed     94.16%
 114  XM_032166370_1_PREDICTED_Hylobates_moloch_brain_de   32.29%    passed     92.51%
 115  XM_003919940_3_PREDICTED_Saimiri_boliviensis_boliv   42.98%    passed     61.51%
 116  XM_032283691_1_PREDICTED_Sapajus_apella_brain_deri   32.07%    passed     93.72%
 117  XM_017538722_1_PREDICTED_Cebus_imitator_brain_deri   32.07%    passed     91.71%
 118  XM_012452238_1_PREDICTED_Aotus_nancymaae_brain_der   37.64%    passed     88.33%
 119  XM_008050727_1_PREDICTED_Carlito_syrichta_brain_de   44.99%    passed     99.47%
 120  XM_012649556_1_PREDICTED_Propithecus_coquereli_bra   26.95%    passed     22.99%
 121  XM_020286534_1_PREDICTED_Microcebus_murinus_brain_   46.84%    passed     75.67%
 122  XM_012814047_1_PREDICTED_Otolemur_garnettii_brain_   26.73%    passed      9.85%
 123  XM_007951952_1_PREDICTED_Orycteropus_afer_afer_bra   43.21%    passed     41.66%
 124  XM_006883713_1_PREDICTED_Elephantulus_edwardii_bra   43.21%    passed     51.15%
 125  XM_004708253_2_PREDICTED_Echinops_telfairi_brain_d   42.98%    passed     96.07%
 126  XM_006864851_1_PREDICTED_Chrysochloris_asiatica_br   43.21%    passed     20.94%
 127  XM_037839114_1_PREDICTED_Choloepus_didactylus_brai   19.82%    passed      7.13%
 128  XM_012523604_2_PREDICTED_Dasypus_novemcinctus_brai   44.99%    passed     65.09%
 129  XM_029059317_2_PREDICTED_Ornithorhynchus_anatinus_   43.43%    passed     96.78%
 130  XM_038764545_1_PREDICTED_Tachyglossus_aculeatus_br   43.43%    passed     87.23%
 131  XM_004418542_2_PREDICTED_Ceratotherium_simum_simum   43.21%    passed     93.44%
 132  XM_004369733_1_PREDICTED_Trichechus_manatus_latiro   43.21%    passed     33.76%
WARNING: 5 sequences contain more than 50% gaps/ambiguity
****  TOTAL                                                41.62%  9 sequences failed composition chi2 test (p-value<5%; df=3)


Create initial parsimony tree by phylogenetic likelihood library (PLL)... 0.060 seconds
Measuring multi-threading efficiency up to 8 CPU cores
Increase to 10 rounds for branch lengths
18 trees examined
Threads: 1 / Time: 8.385 sec / Speedup: 1.000 / Efficiency: 100% / LogL: -23503
Threads: 2 / Time: 16.308 sec / Speedup: 0.514 / Efficiency: 26% / LogL: -23503
BEST NUMBER OF THREADS: 1

Perform fast likelihood tree search using GTR+I+G model...
Estimate model parameters (epsilon = 5.000)
Perform nearest neighbor interchange...
Estimate model parameters (epsilon = 1.000)
1. Initial log-likelihood: -13333.735
2. Current log-likelihood: -13331.384
3. Current log-likelihood: -13329.907
4. Current log-likelihood: -13328.848
Optimal log-likelihood: -13328.018
Rate parameters:  A-C: 1.16021  A-G: 2.68831  A-T: 0.44621  C-G: 0.90815  C-T: 4.10954  G-T: 1.00000
Base frequencies:  A: 0.260  C: 0.246  G: 0.290  T: 0.203
Proportion of invariable sites: 0.353
Gamma shape alpha: 0.637
Parameters optimization took 4 rounds (1.933 sec)
Time for fast ML tree search: 7.070 seconds

NOTE: ModelFinder requires 30 MB RAM!
ModelFinder will test up to 286 DNA models (sample size: 1347) ...
 No. Model         -LnL         df  AIC          AICc         BIC
  1  GTR+F         15244.477    269 31026.954    31161.828    32427.270
  2  GTR+F+I       13910.964    270 28361.928    28497.932    29767.449
  3  GTR+F+G4      13377.229    270 27294.458    27430.461    28699.979
  4  GTR+F+I+G4    13327.131    271 27196.262    27333.400    28606.989
  5  GTR+F+R2      13684.591    271 27911.182    28048.321    29321.910
  6  GTR+F+R3      13488.487    273 27522.974    27662.400    28944.112
  7  GTR+F+R4      13410.955    275 27371.909    27513.646    28803.459
  8  GTR+F+R5      13379.881    277 27313.762    27457.833    28755.723
  9  GTR+F+R6      13353.225    279 27264.449    27410.879    28716.822
 10  GTR+F+R7      13336.993    281 27235.986    27384.797    28698.770
 11  GTR+F+R8      13330.655    283 27227.310    27378.528    28700.505
 17  SYM+I+G4      13350.451    268 27236.902    27370.653    28632.012
 30  TVM+F+I+G4    13342.605    270 27225.210    27361.214    28630.732
 43  TVMe+I+G4     13351.593    267 27237.186    27369.820    28627.090
 56  TIM3+F+I+G4   13342.110    269 27222.221    27357.095    28622.537
 69  TIM3e+I+G4    13367.534    266 27267.067    27398.590    28651.766
 82  TIM2+F+I+G4   13347.654    269 27233.308    27368.183    28633.624
 95  TIM2e+I+G4    13381.012    266 27294.023    27425.546    28678.722
108  TIM+F+I+G4    13338.538    269 27215.076    27349.951    28615.392
121  TIMe+I+G4     13375.348    266 27282.695    27414.218    28667.394
134  TPM3u+F+I+G4  13357.319    268 27250.639    27384.390    28645.749
147  TPM3+F+I+G4   13357.319    268 27250.639    27384.390    28645.749
160  TPM2u+F+I+G4  13363.483    268 27262.966    27396.717    28658.076
173  TPM2+F+I+G4   13363.483    268 27262.966    27396.717    28658.076
186  K3Pu+F+I+G4   13354.194    268 27244.388    27378.140    28639.498
199  K3P+I+G4      13376.374    265 27282.748    27413.164    28662.241
212  TN+F+I+G4     13349.098    268 27234.196    27367.947    28629.306
225  TNe+I+G4      13385.003    265 27300.007    27430.423    28679.500
238  HKY+F+I+G4    13364.701    267 27263.402    27396.036    28653.307
251  K2P+I+G4      13386.010    264 27300.020    27429.336    28674.307
264  F81+F+I+G4    13778.332    266 28088.664    28220.186    29473.363
277  JC+I+G4       13797.880    263 28121.760    28249.982    29490.842
Akaike Information Criterion:           GTR+F+I+G4
Corrected Akaike Information Criterion: GTR+F+I+G4
Bayesian Information Criterion:         GTR+F+I+G4
Best-fit model: GTR+F+I+G4 chosen according to BIC

All model information printed to results/BDNF/Recombinants/BDNF_codons_RDP_recombinationFree.fas.model.gz
CPU time for ModelFinder: 120.764 seconds (0h:2m:0s)
Wall-clock time for ModelFinder: 136.659 seconds (0h:2m:16s)

NOTE: 12 MB RAM (0 GB) is required!
Estimate model parameters (epsilon = 0.100)
Thoroughly optimizing +I+G parameters from 10 start values...
Init pinv, alpha: 0.000, 0.692 / Estimate: 0.000, 0.292 / LogL: -13377.227
Init pinv, alpha: 0.061, 0.692 / Estimate: 0.374, 0.689 / LogL: -13327.137
Init pinv, alpha: 0.123, 0.692 / Estimate: 0.374, 0.690 / LogL: -13327.137
Init pinv, alpha: 0.184, 0.692 / Estimate: 0.375, 0.690 / LogL: -13327.136
Init pinv, alpha: 0.246, 0.692 / Estimate: 0.373, 0.687 / LogL: -13327.161
Init pinv, alpha: 0.307, 0.692 / Estimate: 0.374, 0.687 / LogL: -13327.151
Init pinv, alpha: 0.369, 0.692 / Estimate: 0.373, 0.686 / LogL: -13327.170
Init pinv, alpha: 0.430, 0.692 / Estimate: 0.387, 0.722 / LogL: -13327.142
Init pinv, alpha: 0.492, 0.692 / Estimate: 0.387, 0.724 / LogL: -13327.149
Init pinv, alpha: 0.553, 0.692 / Estimate: 0.386, 0.720 / LogL: -13327.129
Optimal pinv,alpha: 0.386, 0.720 / LogL: -13327.129

Parameters optimization took 51.155 sec
Computing ML distances based on estimated model parameters...
Computing ML distances took 0.581196 sec (of wall-clock time) 0.411796 sec(of CPU time)
WARNING: Some pairwise ML distances are too long (saturated)
Computing RapidNJ tree took 0.002891 sec (of wall-clock time) 0.002897 sec (of CPU time)
Log-likelihood of RapidNJ tree: -13534.723
--------------------------------------------------------------------
|             INITIALIZING CANDIDATE TREE SET                      |
--------------------------------------------------------------------
Generating 98 parsimony trees... 6.629 second
Computing log-likelihood of 98 initial trees ... 6.682 seconds
Current best score: -13327.129

Do NNI search on 20 best initial trees
Estimate model parameters (epsilon = 0.100)
BETTER TREE FOUND at iteration 1: -13326.564
Estimate model parameters (epsilon = 0.100)
BETTER TREE FOUND at iteration 2: -13301.197
Estimate model parameters (epsilon = 0.100)
BETTER TREE FOUND at iteration 8: -13292.216
Iteration 10 / LogL: -13299.745 / Time: 0h:1m:33s
Estimate model parameters (epsilon = 0.100)
BETTER TREE FOUND at iteration 15: -13288.006
Iteration 20 / LogL: -13319.446 / Time: 0h:2m:6s
Finish initializing candidate tree set (20)
Current best tree score: -13288.006 / CPU time: 73.999
Number of iterations: 20
--------------------------------------------------------------------
|               OPTIMIZING CANDIDATE TREE SET                      |
--------------------------------------------------------------------
Estimate model parameters (epsilon = 0.100)
BETTER TREE FOUND at iteration 21: -13285.536
Estimate model parameters (epsilon = 0.100)
BETTER TREE FOUND at iteration 30: -13285.138
Iteration 30 / LogL: -13285.138 / Time: 0h:2m:41s (0h:9m:17s left)
Estimate model parameters (epsilon = 0.100)
BETTER TREE FOUND at iteration 31: -13283.681
BETTER TREE FOUND at iteration 34: -13283.681
Estimate model parameters (epsilon = 0.100)
BETTER TREE FOUND at iteration 35: -13281.421
Estimate model parameters (epsilon = 0.100)
BETTER TREE FOUND at iteration 37: -13279.967
Iteration 40 / LogL: -13309.987 / Time: 0h:3m:23s (0h:8m:25s left)
Estimate model parameters (epsilon = 0.100)
BETTER TREE FOUND at iteration 43: -13279.945
Iteration 50 / LogL: -13279.989 / Time: 0h:3m:57s (0h:7m:29s left)
Iteration 60 / LogL: -13279.977 / Time: 0h:4m:36s (0h:6m:29s left)
Iteration 70 / LogL: -13279.946 / Time: 0h:5m:7s (0h:5m:24s left)
Iteration 80 / LogL: -13279.964 / Time: 0h:5m:48s (0h:4m:37s left)
Iteration 90 / LogL: -13290.536 / Time: 0h:6m:27s (0h:3m:50s left)
Iteration 100 / LogL: -13280.229 / Time: 0h:7m:3s (0h:3m:3s left)
Iteration 110 / LogL: -13280.058 / Time: 0h:7m:36s (0h:2m:18s left)
Iteration 120 / LogL: -13280.187 / Time: 0h:8m:14s (0h:1m:35s left)
Iteration 130 / LogL: -13279.961 / Time: 0h:8m:46s (0h:0m:53s left)
Iteration 140 / LogL: -13286.987 / Time: 0h:9m:23s (0h:0m:12s left)
TREE SEARCH COMPLETED AFTER 144 ITERATIONS / Time: 0h:9m:36s

--------------------------------------------------------------------
|                    FINALIZING TREE SEARCH                        |
--------------------------------------------------------------------
Performs final model parameters optimization
Estimate model parameters (epsilon = 0.010)
1. Initial log-likelihood: -13279.945
Optimal log-likelihood: -13279.942
Rate parameters:  A-C: 1.17554  A-G: 2.65636  A-T: 0.45751  C-G: 0.96977  C-T: 4.13474  G-T: 1.00000
Base frequencies:  A: 0.260  C: 0.246  G: 0.290  T: 0.203
Proportion of invariable sites: 0.378
Gamma shape alpha: 0.711
Parameters optimization took 1 rounds (0.525 sec)
BEST SCORE FOUND : -13279.942
Total tree length: 7.592

Total number of iterations: 144
CPU time used for tree search: 313.779 sec (0h:5m:13s)
Wall-clock time used for tree search: 523.828 sec (0h:8m:43s)
Total CPU time used: 355.468 sec (0h:5m:55s)
Total wall-clock time used: 576.979 sec (0h:9m:36s)

Analysis results written to: 
  IQ-TREE report:                results/BDNF/Recombinants/BDNF_codons_RDP_recombinationFree.fas.iqtree
  Maximum-likelihood tree:       results/BDNF/Recombinants/BDNF_codons_RDP_recombinationFree.fas.treefile
  Likelihood distances:          results/BDNF/Recombinants/BDNF_codons_RDP_recombinationFree.fas.mldist
  Screen log file:               results/BDNF/Recombinants/BDNF_codons_RDP_recombinationFree.fas.log

Date and Time: Tue Aug 31 17:05:20 2021
